Log file open, 03/13/18 09:37:13
LogWindows: Failed to load 'aqProf.dll' (GetLastError=126)
LogWindows: File 'aqProf.dll' does not exist
LogWindows: Failed to load 'VtuneApi.dll' (GetLastError=126)
LogWindows: File 'VtuneApi.dll' does not exist
LogWindows: Failed to load 'VtuneApi32e.dll' (GetLastError=126)
LogWindows: File 'VtuneApi32e.dll' does not exist
LogInit: Display: Running engine for game: Adventure
LogPlatformFile: Not using cached read wrapper
LogInit: Display: RandInit(1135229917) SRandInit(1135229917).
LogInit: Read version file with build ID '3709383'
LogInit: Overriding engine version to CL 3832480, compatible CL 3709383
LogInit: Registered custom module enumerator with build ID '3709383'
LogTaskGraph: Started task graph with 5 named threads and 14 total threads with 3 sets of task threads.
LogStats: Stats thread started at 0.226752
LogD3D11RHI: Aftermath initialized
LogModuleManager: Display: Found up-to-date module file ../../../Engine/Plugins/2D/Paper2D/Binaries/Win64/UE4Editor-Paper2D.dll (API version 3709383).
LogModuleManager: Display: Found up-to-date module file ../../../Engine/Plugins/2D/Paper2D/Binaries/Win64/UE4Editor-Paper2DEditor.dll (API version 3709383).
LogModuleManager: Display: Found up-to-date module file ../../../Engine/Plugins/2D/Paper2D/Binaries/Win64/UE4Editor-PaperSpriteSheetImporter.dll (API version 3709383).
LogModuleManager: Display: Found up-to-date module file ../../../Engine/Plugins/2D/Paper2D/Binaries/Win64/UE4Editor-PaperTiledImporter.dll (API version 3709383).
LogModuleManager: Display: Found up-to-date module file ../../../Engine/Plugins/2D/Paper2D/Binaries/Win64/UE4Editor-SmartSnapping.dll (API version 3709383).
LogModuleManager: Display: Found up-to-date module file ../../../Engine/Plugins/Blendables/LightPropagationVolume/Binaries/Win64/UE4Editor-LightPropagationVolumeRuntime.dll (API version 3709383).
LogModuleManager: Display: Found up-to-date module file ../../../Engine/Plugins/Blendables/LightPropagationVolume/Binaries/Win64/UE4Editor-LightPropagationVolumeEditor.dll (API version 3709383).
LogModuleManager: Display: Found up-to-date module file ../../../Engine/Plugins/Developer/GitSourceControl/Binaries/Win64/UE4Editor-GitSourceControl.dll (API version 3709383).
LogModuleManager: Display: Found up-to-date module file ../../../Engine/Plugins/Developer/PerforceSourceControl/Binaries/Win64/UE4Editor-PerforceSourceControl.dll (API version 3709383).
LogModuleManager: Display: Found up-to-date module file ../../../Engine/Plugins/Developer/SubversionSourceControl/Binaries/Win64/UE4Editor-SubversionSourceControl.dll (API version 3709383).
LogModuleManager: Display: Found up-to-date module file ../../../Engine/Plugins/Developer/UObjectPlugin/Binaries/Win64/UE4Editor-UObjectPlugin.dll (API version 3709383).
LogModuleManager: Display: Found up-to-date module file ../../../Engine/Plugins/Developer/VisualStudioCodeSourceCodeAccess/Binaries/Win64/UE4Editor-VisualStudioCodeSourceCodeAccess.dll (API version 3709383).
LogModuleManager: Display: Found up-to-date module file ../../../Engine/Plugins/Developer/VisualStudioSourceCodeAccess/Binaries/Win64/UE4Editor-VisualStudioSourceCodeAccess.dll (API version 3709383).
LogModuleManager: Display: Found up-to-date module file ../../../Engine/Plugins/Editor/AssetManagerEditor/Binaries/Win64/UE4Editor-AssetManagerEditor.dll (API version 3709383).
LogModuleManager: Display: Found up-to-date module file ../../../Engine/Plugins/Editor/AudioCapture/Binaries/Win64/UE4Editor-AudioCapture.dll (API version 3709383).
LogModuleManager: Display: Found up-to-date module file ../../../Engine/Plugins/Editor/FacialAnimation/Binaries/Win64/UE4Editor-FacialAnimation.dll (API version 3709383).
LogModuleManager: Display: Found up-to-date module file ../../../Engine/Plugins/Editor/FacialAnimation/Binaries/Win64/UE4Editor-FacialAnimationEditor.dll (API version 3709383).
LogModuleManager: Display: Found up-to-date module file ../../../Engine/Plugins/Editor/GameplayTagsEditor/Binaries/Win64/UE4Editor-GameplayTagsEditor.dll (API version 3709383).
LogModuleManager: Display: Found up-to-date module file ../../../Engine/Plugins/Editor/MobileLauncherProfileWizard/Binaries/Win64/UE4Editor-MobileLauncherProfileWizard.dll (API version 3709383).
LogModuleManager: Display: Found up-to-date module file ../../../Engine/Plugins/Editor/PluginBrowser/Binaries/Win64/UE4Editor-PluginBrowser.dll (API version 3709383).
LogModuleManager: Display: Found up-to-date module file ../../../Engine/Plugins/Editor/SpeedTreeImporter/Binaries/Win64/UE4Editor-SpeedTreeImporter.dll (API version 3709383).
LogModuleManager: Display: Found up-to-date module file ../../../Engine/Plugins/Experimental/AlembicImporter/Binaries/Win64/UE4Editor-AlembicImporter.dll (API version 3709383).
LogModuleManager: Display: Found up-to-date module file ../../../Engine/Plugins/Experimental/AlembicImporter/Binaries/Win64/UE4Editor-AlembicLibrary.dll (API version 3709383).
LogModuleManager: Display: Found up-to-date module file ../../../Engine/Plugins/Experimental/CharacterAI/Binaries/Win64/UE4Editor-CharacterAI.dll (API version 3709383).
LogModuleManager: Display: Found up-to-date module file ../../../Engine/Plugins/Experimental/HTML5Networking/Binaries/Win64/UE4Editor-HTML5Networking.dll (API version 3709383).
LogModuleManager: Display: Found up-to-date module file ../../../Engine/Plugins/Media/AndroidMedia/Binaries/Win64/UE4Editor-AndroidMediaEditor.dll (API version 3709383).
LogModuleManager: Display: Found up-to-date module file ../../../Engine/Plugins/Media/AndroidMedia/Binaries/Win64/UE4Editor-AndroidMediaFactory.dll (API version 3709383).
LogModuleManager: Display: Found up-to-date module file ../../../Engine/Plugins/Media/AvfMedia/Binaries/Win64/UE4Editor-AvfMediaEditor.dll (API version 3709383).
LogModuleManager: Display: Found up-to-date module file ../../../Engine/Plugins/Media/AvfMedia/Binaries/Win64/UE4Editor-AvfMediaFactory.dll (API version 3709383).
LogModuleManager: Display: Found up-to-date module file ../../../Engine/Plugins/Media/AvfMedia/Binaries/Win64/UE4Editor-AvfMediaFactory.dll (API version 3709383).
LogModuleManager: Display: Found up-to-date module file ../../../Engine/Plugins/Media/ImgMedia/Binaries/Win64/UE4Editor-ImgMedia.dll (API version 3709383).
LogModuleManager: Display: Found up-to-date module file ../../../Engine/Plugins/Media/ImgMedia/Binaries/Win64/UE4Editor-ImgMediaEditor.dll (API version 3709383).
LogModuleManager: Display: Found up-to-date module file ../../../Engine/Plugins/Media/ImgMedia/Binaries/Win64/UE4Editor-ImgMediaFactory.dll (API version 3709383).
LogModuleManager: Display: Found up-to-date module file ../../../Engine/Plugins/Media/ImgMedia/Binaries/Win64/UE4Editor-ImgMediaFactory.dll (API version 3709383).
LogModuleManager: Display: Found up-to-date module file ../../../Engine/Plugins/Media/ImgMedia/Binaries/Win64/UE4Editor-OpenExrWrapper.dll (API version 3709383).
LogModuleManager: Display: Found up-to-date module file ../../../Engine/Plugins/Media/MediaCompositing/Binaries/Win64/UE4Editor-MediaCompositing.dll (API version 3709383).
LogModuleManager: Display: Found up-to-date module file ../../../Engine/Plugins/Media/MediaCompositing/Binaries/Win64/UE4Editor-MediaCompositingEditor.dll (API version 3709383).
LogModuleManager: Display: Found up-to-date module file ../../../Engine/Plugins/Media/MediaPlayerEditor/Binaries/Win64/UE4Editor-MediaPlayerEditor.dll (API version 3709383).
LogModuleManager: Display: Found up-to-date module file ../../../Engine/Plugins/Media/WmfMedia/Binaries/Win64/UE4Editor-WmfMedia.dll (API version 3709383).
LogModuleManager: Display: Found up-to-date module file ../../../Engine/Plugins/Media/WmfMedia/Binaries/Win64/UE4Editor-WmfMediaEditor.dll (API version 3709383).
LogModuleManager: Display: Found up-to-date module file ../../../Engine/Plugins/Media/WmfMedia/Binaries/Win64/UE4Editor-WmfMediaFactory.dll (API version 3709383).
LogModuleManager: Display: Found up-to-date module file ../../../Engine/Plugins/Media/WmfMedia/Binaries/Win64/UE4Editor-WmfMediaFactory.dll (API version 3709383).
LogModuleManager: Display: Found up-to-date module file ../../../Engine/Plugins/Messaging/TcpMessaging/Binaries/Win64/UE4Editor-TcpMessaging.dll (API version 3709383).
LogModuleManager: Display: Found up-to-date module file ../../../Engine/Plugins/Messaging/UdpMessaging/Binaries/Win64/UE4Editor-UdpMessaging.dll (API version 3709383).
LogModuleManager: Display: Found up-to-date module file ../../../Engine/Plugins/MovieScene/ActorSequence/Binaries/Win64/UE4Editor-ActorSequence.dll (API version 3709383).
LogModuleManager: Display: Found up-to-date module file ../../../Engine/Plugins/MovieScene/LevelSequenceEditor/Binaries/Win64/UE4Editor-LevelSequenceEditor.dll (API version 3709383).
LogModuleManager: Display: Found up-to-date module file ../../../Engine/Plugins/MovieScene/MatineeToLevelSequence/Binaries/Win64/UE4Editor-MatineeToLevelSequence.dll (API version 3709383).
LogModuleManager: Display: Found up-to-date module file ../../../Engine/Plugins/Online/OnlineSubsystem/Binaries/Win64/UE4Editor-OnlineSubsystem.dll (API version 3709383).
LogModuleManager: Display: Found up-to-date module file ../../../Engine/Plugins/Runtime/AndroidPermission/Binaries/Win64/UE4Editor-AndroidPermission.dll (API version 3709383).
LogModuleManager: Display: Found up-to-date module file ../../../Engine/Plugins/Online/OnlineSubsystemNull/Binaries/Win64/UE4Editor-OnlineSubsystemNull.dll (API version 3709383).
LogModuleManager: Display: Found up-to-date module file ../../../Engine/Plugins/Online/OnlineSubsystemUtils/Binaries/Win64/UE4Editor-OnlineSubsystemUtils.dll (API version 3709383).
LogModuleManager: Display: Found up-to-date module file ../../../Engine/Plugins/Online/OnlineSubsystemUtils/Binaries/Win64/UE4Editor-OnlineBlueprintSupport.dll (API version 3709383).
LogModuleManager: Display: Found up-to-date module file ../../../Engine/Plugins/Runtime/AndroidDeviceProfileSelector/Binaries/Win64/UE4Editor-AndroidDeviceProfileSelector.dll (API version 3709383).
LogModuleManager: Display: Found up-to-date module file ../../../Engine/Plugins/Runtime/AppleARKit/Binaries/Win64/UE4Editor-AppleARKit.dll (API version 3709383).
LogModuleManager: Display: Found up-to-date module file ../../../Engine/Plugins/Runtime/ArchVisCharacter/Binaries/Win64/UE4Editor-ArchVisCharacter.dll (API version 3709383).
LogModuleManager: Display: Found up-to-date module file ../../../Engine/Plugins/Runtime/CableComponent/Binaries/Win64/UE4Editor-CableComponent.dll (API version 3709383).
LogModuleManager: Display: Found up-to-date module file ../../../Engine/Plugins/Runtime/CustomMeshComponent/Binaries/Win64/UE4Editor-CustomMeshComponent.dll (API version 3709383).
LogModuleManager: Display: Found up-to-date module file ../../../Engine/Plugins/Runtime/ExampleDeviceProfileSelector/Binaries/Win64/UE4Editor-ExampleDeviceProfileSelector.dll (API version 3709383).
LogModuleManager: Display: Found up-to-date module file ../../../Engine/Plugins/Runtime/ImmediatePhysics/Binaries/Win64/UE4Editor-ImmediatePhysics.dll (API version 3709383).
LogModuleManager: Display: Found up-to-date module file ../../../Engine/Plugins/Runtime/ImmediatePhysics/Binaries/Win64/UE4Editor-ImmediatePhysicsEditor.dll (API version 3709383).
LogModuleManager: Display: Found up-to-date module file ../../../Engine/Plugins/Runtime/LocationServicesBPLibrary/Binaries/Win64/UE4Editor-LocationServicesBPLibrary.dll (API version 3709383).
LogModuleManager: Display: Found up-to-date module file ../../../Engine/Plugins/Runtime/MobilePatchingUtils/Binaries/Win64/UE4Editor-MobilePatchingUtils.dll (API version 3709383).
LogModuleManager: Display: Found up-to-date module file ../../../Engine/Plugins/Runtime/Oculus/OculusVR/Binaries/Win64/UE4Editor-OculusHMD.dll (API version 3709383).
LogModuleManager: Display: Found up-to-date module file ../../../Engine/Plugins/Runtime/Oculus/OculusVR/Binaries/Win64/UE4Editor-OculusInput.dll (API version 3709383).
LogModuleManager: Display: Found up-to-date module file ../../../Engine/Plugins/Runtime/Oculus/OculusVR/Binaries/Win64/UE4Editor-OculusEditor.dll (API version 3709383).
LogModuleManager: Display: Found up-to-date module file ../../../Engine/Plugins/Runtime/PhysXVehicles/Binaries/Win64/UE4Editor-PhysXVehicles.dll (API version 3709383).
LogModuleManager: Display: Found up-to-date module file ../../../Engine/Plugins/Runtime/PhysXVehicles/Binaries/Win64/UE4Editor-PhysXVehiclesEditor.dll (API version 3709383).
LogModuleManager: Display: Found up-to-date module file ../../../Engine/Plugins/Runtime/ProceduralMeshComponent/Binaries/Win64/UE4Editor-ProceduralMeshComponent.dll (API version 3709383).
LogModuleManager: Display: Found up-to-date module file ../../../Engine/Plugins/Runtime/ProceduralMeshComponent/Binaries/Win64/UE4Editor-ProceduralMeshComponentEditor.dll (API version 3709383).
LogModuleManager: Display: Found up-to-date module file ../../../Engine/Plugins/Runtime/RuntimePhysXCooking/Binaries/Win64/UE4Editor-RuntimePhysXCooking.dll (API version 3709383).
LogModuleManager: Display: Found up-to-date module file ../../../Engine/Plugins/Runtime/Steam/SteamVR/Binaries/Win64/UE4Editor-SteamVR.dll (API version 3709383).
LogModuleManager: Display: Found up-to-date module file ../../../Engine/Plugins/Runtime/Steam/SteamVR/Binaries/Win64/UE4Editor-SteamVRController.dll (API version 3709383).
LogModuleManager: Display: Found up-to-date module file ../../../Engine/Plugins/Runtime/WindowsMoviePlayer/Binaries/Win64/UE4Editor-WindowsMoviePlayer.dll (API version 3709383).
LogPluginManager: Mounting plugin Paper2D
LogPluginManager: Mounting plugin LightPropagationVolume
LogPluginManager: Mounting plugin CodeLiteSourceCodeAccess
LogPluginManager: Mounting plugin GitSourceControl
LogPluginManager: Mounting plugin KDevelopSourceCodeAccess
LogPluginManager: Mounting plugin NullSourceCodeAccess
LogPluginManager: Mounting plugin PerforceSourceControl
LogPluginManager: Mounting plugin SubversionSourceControl
LogPluginManager: Mounting plugin UObjectPlugin
LogPluginManager: Mounting plugin VisualStudioCodeSourceCodeAccess
LogPluginManager: Mounting plugin VisualStudioSourceCodeAccess
LogPluginManager: Mounting plugin XCodeSourceCodeAccess
LogPluginManager: Mounting plugin AssetManagerEditor
LogPluginManager: Mounting plugin AudioCapture
LogPluginManager: Mounting plugin FacialAnimation
LogPluginManager: Mounting plugin GameplayTagsEditor
LogPluginManager: Mounting plugin MobileLauncherProfileWizard
LogPluginManager: Mounting plugin PluginBrowser
LogPluginManager: Mounting plugin SpeedTreeImporter
LogPluginManager: Mounting plugin AlembicImporter
LogPluginManager: Mounting plugin CharacterAI
LogPluginManager: Mounting plugin HTML5Networking
LogPluginManager: Mounting plugin AndroidMedia
LogPluginManager: Mounting plugin AvfMedia
LogPluginManager: Mounting plugin ImgMedia
LogPluginManager: Mounting plugin MediaCompositing
LogPluginManager: Mounting plugin MediaPlayerEditor
LogPluginManager: Mounting plugin WmfMedia
LogPluginManager: Mounting plugin TcpMessaging
LogPluginManager: Mounting plugin UdpMessaging
LogPluginManager: Mounting plugin ActorSequence
LogPluginManager: Mounting plugin LevelSequenceEditor
LogPluginManager: Mounting plugin MatineeToLevelSequence
LogPluginManager: Mounting plugin OnlineSubsystemGooglePlay
LogPluginManager: Mounting plugin OnlineSubsystemIOS
LogPluginManager: Mounting plugin OnlineSubsystem
LogPluginManager: Mounting plugin OnlineSubsystemNull
LogPluginManager: Mounting plugin OnlineSubsystemUtils
LogPluginManager: Mounting plugin AndroidDeviceProfileSelector
LogPluginManager: Mounting plugin AndroidMoviePlayer
LogPluginManager: Mounting plugin AndroidPermission
LogPluginManager: Mounting plugin AppleARKit
LogPluginManager: Mounting plugin AppleMoviePlayer
LogPluginManager: Mounting plugin ArchVisCharacter
LogPluginManager: Mounting plugin CableComponent
LogPluginManager: Mounting plugin CustomMeshComponent
LogPluginManager: Mounting plugin ExampleDeviceProfileSelector
LogPluginManager: Mounting plugin GoogleCloudMessaging
LogPluginManager: Mounting plugin ImmediatePhysics
LogPluginManager: Mounting plugin IOSDeviceProfileSelector
LogPluginManager: Mounting plugin LinuxDeviceProfileSelector
LogPluginManager: Mounting plugin LocationServicesBPLibrary
LogPluginManager: Mounting plugin MobilePatchingUtils
LogPluginManager: Mounting plugin OculusVR
LogPluginManager: Plugin shader directory ../../../Engine/Plugins/Runtime/Oculus/OculusVR/Shaders found
LogPluginManager: Mapping shader source directory ../../../Engine/Plugins/Runtime/Oculus/OculusVR/Shaders to virtual directory /Plugin/OculusVR
LogPluginManager: Mounting plugin PhysXVehicles
LogPluginManager: Mounting plugin ProceduralMeshComponent
LogPluginManager: Mounting plugin RuntimePhysXCooking
LogPluginManager: Mounting plugin SteamVR
LogPluginManager: Mounting plugin WindowsMoviePlayer
LogInit: Using libcurl 7.47.1
LogInit:  - built for x86_64-pc-win32
LogInit:  - supports SSL with OpenSSL/1.0.2g
LogInit:  - supports HTTP deflate (compression) using libz 1.2.8
LogInit:  - other features:
LogInit:      CURL_VERSION_SSL
LogInit:      CURL_VERSION_LIBZ
LogInit:      CURL_VERSION_IPV6
LogInit:      CURL_VERSION_ASYNCHDNS
LogInit:      CURL_VERSION_LARGEFILE
LogInit:      CURL_VERSION_IDN
LogInit:  CurlRequestOptions (configurable via config and command line):
LogInit:  - bVerifyPeer = false  - Libcurl will NOT verify peer certificate
LogInit:  - bUseHttpProxy = false  - Libcurl will NOT use HTTP proxy
LogInit:  - bDontReuseConnections = false  - Libcurl will reuse connections
LogInit:  - CertBundlePath = nullptr  - Libcurl will use whatever was configured at build time.
LogInit: Build: ++UE4+Release-4.18-CL-3832480
LogInit: Engine Version: 4.18.3-3832480+++UE4+Release-4.18
LogInit: Compatible Engine Version: 4.18.0-3709383+++UE4+Release-4.18
LogInit: Net CL: 3709383
LogDevObjectVersion: Number of dev versions registered: 16
LogDevObjectVersion:   Dev-Blueprints (B0D832E4-1F89-4F0D-ACCF-7EB736FD4AA2): 10
LogDevObjectVersion:   Dev-Build (E1C64328-A22C-4D53-A36C-8E866417BD8C): 0
LogDevObjectVersion:   Dev-Core (375EC13C-06E4-48FB-B500-84F0262A717E): 2
LogDevObjectVersion:   Dev-Editor (E4B068ED-F494-42E9-A231-DA0B2E46BB41): 20
LogDevObjectVersion:   Dev-Framework (CFFC743F-43B0-4480-9391-14DF171D2073): 30
LogDevObjectVersion:   Dev-Mobile (B02B49B5-BB20-44E9-A304-32B752E40360): 0
LogDevObjectVersion:   Dev-Networking (A4E4105C-59A1-49B5-A7C5-40C4547EDFEE): 0
LogDevObjectVersion:   Dev-Online (39C831C9-5AE6-47DC-9A44-9C173E1C8E7C): 0
LogDevObjectVersion:   Dev-Physics (78F01B33-EBEA-4F98-B9B4-84EACCB95AA2): 0
LogDevObjectVersion:   Dev-Platform (6631380F-2D4D-43E0-8009-CF276956A95A): 0
LogDevObjectVersion:   Dev-Rendering (12F88B9F-8875-4AFC-A67C-D90C383ABD29): 20
LogDevObjectVersion:   Dev-Sequencer (7B5AE74C-D270-4C10-A958-57980B212A5A): 4
LogDevObjectVersion:   Dev-VR (D7296918-1DD6-4BDD-9DE2-64A83CC13884): 0
LogDevObjectVersion:   Dev-LoadTimes (C2A15278-BFE7-4AFE-6C17-90FF531DF755): 1
LogDevObjectVersion:   Private-Geometry (6EACA3D4-40EC-4CC1-B786-8BED09428FC5): 1
LogDevObjectVersion:   Dev-AnimPhys (29E575DD-E0A3-4627-9D10-D276232CDCEA): 12
LogInit: Compiled (64-bit): Jan 12 2018 02:04:55
LogInit: Compiled with Visual C++: 19.00.24215.01
LogInit: Build Configuration: Development
LogInit: Branch Name: ++UE4+Release-4.18
LogInit: Command line: -EpicPortal 
LogInit: Base directory: F:/Unreal 4.18/UE_4.18/Engine/Binaries/Win64/
LogInit: Installed Engine Build: 1
LogInit: Presizing for max 8388607 objects, including 0 objects not considered by GC, pre-allocating 0 bytes for permanent pool.
LogInit: Object subsystem initialized
[2018.03.13-08.37.15:151][  0]LogInit: Selected Device Profile: [Windows]
[2018.03.13-08.37.15:151][  0]LogInit: Applying CVar settings loaded from the selected device profile: [Windows]
[2018.03.13-08.37.15:184][  0]LogInit: Computer: MR_E-DATOR
[2018.03.13-08.37.15:184][  0]LogInit: User: MrE
[2018.03.13-08.37.15:184][  0]LogInit: CPU Page size=4096, Cores=4
[2018.03.13-08.37.15:184][  0]LogInit: High frequency timer resolution =3.233217 MHz
[2018.03.13-08.37.15:185][  0]LogMemory: Memory total: Physical=8.0GB (8GB approx)
[2018.03.13-08.37.15:185][  0]LogMemory: Platform Memory Stats for Windows
[2018.03.13-08.37.15:185][  0]LogMemory: Process Physical Memory: 274.69 MB used, 274.69 MB peak
[2018.03.13-08.37.15:185][  0]LogMemory: Process Virtual Memory: 269.76 MB used, 269.76 MB peak
[2018.03.13-08.37.15:185][  0]LogMemory: Physical Memory: 4286.32 MB used,  3872.82 MB free, 8159.14 MB total
[2018.03.13-08.37.15:185][  0]LogMemory: Virtual Memory: 677.33 MB used,  3872.82 MB free, 134217728.00 MB total
[2018.03.13-08.37.15:324][  0]LogInit: Using OS detected language (sv-SE).
[2018.03.13-08.37.15:325][  0]LogInit: Using OS detected locale (sv-SE).
[2018.03.13-08.37.15:328][  0]LogTextLocalizationManager: No localization for 'sv-SE' exists, so 'en' will be used for the language.
[2018.03.13-08.37.15:328][  0]LogTextLocalizationManager: No localization for 'sv-SE' exists, so 'en' will be used for the locale.
[2018.03.13-08.37.15:781][  0]LogInit: Setting process to per monitor DPI aware
[2018.03.13-08.37.16:068][  0]LogD3D11RHI: D3D11 adapters:
[2018.03.13-08.37.16:142][  0]LogD3D11RHI:    0. 'NVIDIA GeForce GTX 1070' (Feature Level 11_0)
[2018.03.13-08.37.16:142][  0]LogD3D11RHI:       8096/0/4079 MB DedicatedVideo/DedicatedSystem/SharedSystem, Outputs:2, VendorId:0x10de
[2018.03.13-08.37.16:145][  0]LogD3D11RHI:    1. 'Microsoft Basic Render Driver' (Feature Level 11_0)
[2018.03.13-08.37.16:145][  0]LogD3D11RHI:       0/0/4079 MB DedicatedVideo/DedicatedSystem/SharedSystem, Outputs:0, VendorId:0x1414
[2018.03.13-08.37.16:145][  0]LogD3D11RHI: Chosen D3D11 Adapter: 0
[2018.03.13-08.37.16:151][  0]LogD3D11RHI: Creating new Direct3DDevice
[2018.03.13-08.37.16:151][  0]LogD3D11RHI:     GPU DeviceId: 0x1b81 (for the marketing name, search the web for "GPU Device Id")
[2018.03.13-08.37.16:151][  0]LogWindows: EnumDisplayDevices:
[2018.03.13-08.37.16:151][  0]LogWindows:    0. 'NVIDIA GeForce GTX 1070' (P:1 D:1)
[2018.03.13-08.37.16:151][  0]LogWindows:    1. 'NVIDIA GeForce GTX 1070' (P:0 D:1)
[2018.03.13-08.37.16:152][  0]LogWindows:    2. 'NVIDIA GeForce GTX 1070' (P:0 D:0)
[2018.03.13-08.37.16:152][  0]LogWindows:    3. 'NVIDIA GeForce GTX 1070' (P:0 D:0)
[2018.03.13-08.37.16:152][  0]LogWindows: DebugString: GetVideoDriverDetailsInvalid PrimaryIsNotTheChoosenAdapter GetVideoDriverDetailsInvalid PrimaryIsNotTheChoosenAdapter GetVideoDriverDetailsInvalid PrimaryIsNotTheChoosenAdapter GetVideoDriverDetailsInvalid PrimaryIsNotTheChoosenAdapter FoundDriverCount:0 
[2018.03.13-08.37.16:152][  0]LogD3D11RHI:     Adapter Name: NVIDIA GeForce GTX 1070
[2018.03.13-08.37.16:152][  0]LogD3D11RHI:   Driver Version: Unknown (internal:Unknown, unified:Unknown)
[2018.03.13-08.37.16:152][  0]LogD3D11RHI:      Driver Date: Unknown
[2018.03.13-08.37.16:152][  0]LogRHI: Texture pool is 5667 MB (70% of 8096 MB)
[2018.03.13-08.37.16:181][  0]LogD3D11RHI: Async texture creation enabled
[2018.03.13-08.37.16:193][  0]LogD3D11RHI: GPU Timing Frequency: 1000.000000 (Debug: 2 1)
[2018.03.13-08.37.16:243][  0]LogShaderCompilers: Guid format shader working directory is -20 characters bigger than the processId version (../../../../../Projects/AdventureP/AdventureUE4Project/Adventure/Intermediate/Shaders/WorkingDirectory/11144/).
[2018.03.13-08.37.16:243][  0]LogShaderCompilers: Cleaned the shader compiler working directory 'C:/Users/Mr_E/AppData/Local/Temp/UnrealShaderWorkingDir/2B890BD7474A942847F8EBA302D3A2B5/'.
[2018.03.13-08.37.16:243][  0]LogShaderCompilers: Display: Using Local Shader Compiler.
[2018.03.13-08.37.17:419][  0]LogTemp: Display: Loaded TP AllDesktopTargetPlatform
[2018.03.13-08.37.17:471][  0]LogTemp: Display: Loaded TP MacClientTargetPlatform
[2018.03.13-08.37.17:523][  0]LogTemp: Display: Loaded TP MacNoEditorTargetPlatform
[2018.03.13-08.37.17:574][  0]LogTemp: Display: Loaded TP MacServerTargetPlatform
[2018.03.13-08.37.17:626][  0]LogTemp: Display: Loaded TP MacTargetPlatform
[2018.03.13-08.37.17:676][  0]LogTemp: Display: Loaded TP WindowsClientTargetPlatform
[2018.03.13-08.37.17:727][  0]LogTemp: Display: Loaded TP WindowsNoEditorTargetPlatform
[2018.03.13-08.37.17:778][  0]LogTemp: Display: Loaded TP WindowsServerTargetPlatform
[2018.03.13-08.37.17:821][  0]LogTemp: Display: Loaded TP WindowsTargetPlatform
[2018.03.13-08.37.17:872][  0]LogTemp: Display: Loaded TP Android_ASTCTargetPlatform
[2018.03.13-08.37.17:922][  0]LogTemp: Display: Loaded TP Android_ATCTargetPlatform
[2018.03.13-08.37.17:974][  0]LogTemp: Display: Loaded TP Android_DXTTargetPlatform
[2018.03.13-08.37.18:025][  0]LogTemp: Display: Loaded TP Android_ETC1TargetPlatform
[2018.03.13-08.37.18:077][  0]LogTemp: Display: Loaded TP Android_ETC2TargetPlatform
[2018.03.13-08.37.18:181][  0]LogTemp: Display: Loaded TP Android_MultiTargetPlatform
[2018.03.13-08.37.18:181][  0]LogTemp: Display: Loaded TP Android_PVRTCTargetPlatform
[2018.03.13-08.37.18:235][  0]LogTemp: Display: Loaded TP AndroidTargetPlatform
[2018.03.13-08.37.18:274][  0]LogTemp: Display: Loaded TP HTML5TargetPlatform
[2018.03.13-08.37.18:365][  0]LogTemp: Display: Loaded TP IOSTargetPlatform
[2018.03.13-08.37.18:394][  0]LogTemp: Display: Loaded TP TVOSTargetPlatform
[2018.03.13-08.37.18:445][  0]LogTemp: Display: Loaded TP LinuxClientTargetPlatform
[2018.03.13-08.37.18:495][  0]LogTemp: Display: Loaded TP LinuxNoEditorTargetPlatform
[2018.03.13-08.37.18:544][  0]LogTemp: Display: Loaded TP LinuxServerTargetPlatform
[2018.03.13-08.37.18:595][  0]LogTemp: Display: Loaded TP LinuxTargetPlatform
[2018.03.13-08.37.18:595][  0]LogTargetPlatformManager: Display: Building Assets For Windows
[2018.03.13-08.37.19:019][  0]LogDerivedDataCache: Display: Max Cache Size: 512 MB
[2018.03.13-08.37.19:111][  0]LogDerivedDataCache: Loaded boot cache 0.09s 79MB C:/Users/Mr_E/AppData/Local/UnrealEngine/4.18/DerivedDataCache/Boot.ddc.
[2018.03.13-08.37.19:111][  0]LogDerivedDataCache: Display: Loaded Boot cache: C:/Users/Mr_E/AppData/Local/UnrealEngine/4.18/DerivedDataCache/Boot.ddc
[2018.03.13-08.37.19:111][  0]LogDerivedDataCache: FDerivedDataBackendGraph:  Pak pak cache file ../../../../../Projects/AdventureP/AdventureUE4Project/Adventure/DerivedDataCache/DDC.ddp not found, will not use a pak cache.
[2018.03.13-08.37.19:111][  0]LogDerivedDataCache: Unable to find inner node Pak for hierarchical cache Hierarchy.
[2018.03.13-08.37.19:111][  0]LogDerivedDataCache: FDerivedDataBackendGraph:  CompressedPak pak cache file ../../../../../Projects/AdventureP/AdventureUE4Project/Adventure/DerivedDataCache/Compressed.ddp not found, will not use a pak cache.
[2018.03.13-08.37.19:111][  0]LogDerivedDataCache: Unable to find inner node CompressedPak for hierarchical cache Hierarchy.
[2018.03.13-08.37.19:130][  0]LogDerivedDataCache: Display: Pak cache opened for reading ../../../Engine/DerivedDataCache/Compressed.ddp.
[2018.03.13-08.37.19:144][  0]LogDerivedDataCache: Using Local data cache path C:/Users/Mr_E/AppData/Local/UnrealEngine/Common/DerivedDataCache: Writable
[2018.03.13-08.37.19:157][  0]LogMaterial: Verifying Global Shaders for PCD3D_SM5
[2018.03.13-08.37.19:157][  0]LogSlate: Using Freetype 2.6.0
[2018.03.13-08.37.19:158][  0]LogSlate: SlateFontCache - WITH_FREETYPE: 1, WITH_HARFBUZZ: 1
[2018.03.13-08.37.19:158][  0]LogSlate: SlateFontCache - WITH_FREETYPE: 1, WITH_HARFBUZZ: 1
[2018.03.13-08.37.19:634][  0]LogInit: Selected Device Profile: [Windows]
[2018.03.13-08.37.19:966][  0]LogSimplygon: Simplygon DLL not present - disabling.
[2018.03.13-08.37.20:004][  0]LogMeshReduction: Using SimplygonSwarm for distributed automatic mesh merging
[2018.03.13-08.37.20:004][  0]LogMeshReduction: Using QuadricMeshReduction for automatic static mesh reduction
[2018.03.13-08.37.20:004][  0]LogMeshReduction: No automatic skeletal mesh reduction module available
[2018.03.13-08.37.20:004][  0]LogMeshReduction: No automatic mesh merging module available
[2018.03.13-08.37.20:004][  0]LogMeshMerging: No automatic mesh merging module available
[2018.03.13-08.37.20:037][  0]LogNetVersion: Adventure , NetCL: 3709383, EngineNetVer: 2, GameNetVer: 0 (Checksum: 1750621016)
[2018.03.13-08.37.20:205][  0]LogAssetRegistry: FAssetRegistry took 0.0268 seconds to start up
[2018.03.13-08.37.20:728][  0]LogPackageLocalizationCache: Processed 7 localized package path(s) for 1 prioritized culture(s) in 0.051422 seconds
[2018.03.13-08.37.20:734][  0]LogUObjectArray: 35870 objects as part of root set at end of initial load.
[2018.03.13-08.37.20:734][  0]LogUObjectAllocator: 7363696 out of 0 bytes used by permanent object pool.
[2018.03.13-08.37.20:734][  0]LogUObjectArray: CloseDisregardForGC: 0/0 objects in disregard for GC pool
[2018.03.13-08.37.20:780][  0]LogInit: WinSock: version 1.1 (2.2), MaxSocks=32767, MaxUdp=65467
[2018.03.13-08.37.24:214][  0]LogTcpMessaging: Initializing TcpMessaging bridge
[2018.03.13-08.37.24:260][  0]LogUdpMessaging: Initializing bridge on interface 0.0.0.0:0 to multicast group 230.0.0.1:6666.
[2018.03.13-08.37.25:288][  0]LogMaterial: Uniform references updated for custom material expression Custom.
[2018.03.13-08.37.25:729][  0]SourceControl: Source control is disabled
[2018.03.13-08.37.25:729][  0]SourceControl: Source control is disabled
[2018.03.13-08.37.25:780][  0]SourceControl: Source control is disabled
[2018.03.13-08.37.25:832][  0]SourceControl: Source control is disabled
[2018.03.13-08.37.26:812][  0]LogAndroidPermission: UAndroidPermissionCallbackProxy::GetInstance
[2018.03.13-08.37.27:114][  0]LogOcInput: OculusInput pre-init called
[2018.03.13-08.37.27:554][  0]LogEngine: Initializing Engine...
[2018.03.13-08.37.27:567][  0]LogHMD: Failed to initialize OpenVR with code 105
[2018.03.13-08.37.27:876][  0]LogStats: UGameplayTagsManager::ConstructGameplayTagTree: Construct from data asset -  0.000 s
[2018.03.13-08.37.27:876][  0]LogStats: UGameplayTagsManager::ConstructGameplayTagTree: GameplayTagTreeChangedEvent.Broadcast -  0.000 s
[2018.03.13-08.37.28:007][  0]LogAIModule: Creating AISystem for world Untitled
[2018.03.13-08.37.28:042][  0]LogInit: XAudio2 using 'Hörlurar på headset (2- SteelSeries Arctis 7 Chat)' : 1 channels at 48 kHz using 16 bits per sample (channel mask 0x0)
[2018.03.13-08.37.28:067][  0]LogInit: FAudioDevice initialized.
[2018.03.13-08.37.28:176][  0]LogDerivedDataCache: Saved boot cache 0.11s 79MB C:/Users/Mr_E/AppData/Local/UnrealEngine/4.18/DerivedDataCache/Boot.ddc.
[2018.03.13-08.37.28:190][  0]LogInit: Texture streaming: Enabled
[2018.03.13-08.37.28:281][  0]LogEngineSessionManager: EngineSessionManager initialized
[2018.03.13-08.37.28:406][  0]LogInit: Transaction tracking system initialized
[2018.03.13-08.37.28:694][  0]BlueprintLog: New page: Editor Load
[2018.03.13-08.37.29:524][  0]LocalizationService: Localization service is disabled
[2018.03.13-08.37.30:246][  0]LogConsoleResponse: Display: 
[2018.03.13-08.37.30:439][  0]LogCook: Display: Max memory allowance for cook 16384mb min free memory 0mb
[2018.03.13-08.37.30:439][  0]LogCook: Display: Mobile HDR setting 1
[2018.03.13-08.37.30:440][  0]LogGameplayTags: Display: UGameplayTagsManager::DoneAddingNativeTags. DelegateIsBound: 0
[2018.03.13-08.37.31:091][  0]LogFileCache: Scanning file cache for directory 'F:/Projects/AdventureP/AdventureUE4Project/Adventure/Content/' took 0.03s
[2018.03.13-08.37.31:608][  0]SourceControl: Source control is disabled
[2018.03.13-08.37.31:608][  0]Cmd: MAP LOAD FILE="../../../../../Projects/AdventureP/AdventureUE4Project/Adventure/Content/FirstPersonBP/Maps/FirstPersonExampleMap.umap" TEMPLATE=0 SHOWPROGRESS=1 FEATURELEVEL=3
[2018.03.13-08.37.31:640][  0]LightingResults: New page: Lighting Build
[2018.03.13-08.37.31:677][  0]MapCheck: New page: Map Check
[2018.03.13-08.37.31:677][  0]LightingResults: New page: Lighting Build
[2018.03.13-08.37.33:511][  0]LogLinker: Warning: Can't find file '/Game/Meshes/Door'
[2018.03.13-08.37.33:511][  0]LogLinker: Warning: Can't find file for asset '/Game/Meshes/Door' while loading ../../../../../Projects/AdventureP/AdventureUE4Project/Adventure/Content/FirstPersonBP/Maps/FirstPersonExampleMap.umap.
[2018.03.13-08.37.33:511][  0]LoadErrors: Error: /Game/FirstPersonBP/Maps/FirstPersonExampleMap : Can't find file for asset. /Game/Meshes/Door
[2018.03.13-08.37.33:511][  0]LogLinker: Warning: Can't find file '/Game/Meshes/Player_scale'
[2018.03.13-08.37.33:511][  0]LogLinker: Warning: Can't find file for asset '/Game/Meshes/Player_scale' while loading ../../../../../Projects/AdventureP/AdventureUE4Project/Adventure/Content/FirstPersonBP/Maps/FirstPersonExampleMap.umap.
[2018.03.13-08.37.33:511][  0]LoadErrors: Error: /Game/FirstPersonBP/Maps/FirstPersonExampleMap : Can't find file for asset. /Game/Meshes/Player_scale
[2018.03.13-08.37.34:903][  0]LogLinker: Warning: Can't find file '/Game/Meshes/Door'
[2018.03.13-08.37.34:904][  0]LogLinker: Warning: Can't find file for asset '/Game/Meshes/Door' while loading ../../../../../Projects/AdventureP/AdventureUE4Project/Adventure/Content/FirstPersonBP/Maps/FirstPersonExampleMap.umap.
[2018.03.13-08.37.34:904][  0]LoadErrors: Error: /Game/FirstPersonBP/Maps/FirstPersonExampleMap : Can't find file for asset. /Game/Meshes/Door
[2018.03.13-08.37.34:904][  0]LogLinker: Warning: Can't find file '/Game/Meshes/Player_scale'
[2018.03.13-08.37.34:904][  0]LogLinker: Warning: Can't find file for asset '/Game/Meshes/Player_scale' while loading ../../../../../Projects/AdventureP/AdventureUE4Project/Adventure/Content/FirstPersonBP/Maps/FirstPersonExampleMap.umap.
[2018.03.13-08.37.34:904][  0]LoadErrors: Error: /Game/FirstPersonBP/Maps/FirstPersonExampleMap : Can't find file for asset. /Game/Meshes/Player_scale
[2018.03.13-08.37.34:936][  0]LogLinker: Warning: Can't find file '/Game/Meshes/Door'
[2018.03.13-08.37.34:936][  0]LogLinker: Warning: Can't find file for asset '/Game/Meshes/Door' while loading NULL.
[2018.03.13-08.37.34:936][  0]LogLinker: Warning: Can't find file '/Game/Meshes/Player_scale'
[2018.03.13-08.37.34:936][  0]LogLinker: Warning: Can't find file for asset '/Game/Meshes/Player_scale' while loading NULL.
[2018.03.13-08.37.34:936][  0]LogLinker: Warning: Can't find file '/Game/Meshes/Door'
[2018.03.13-08.37.34:936][  0]LogLinker: Warning: Can't find file for asset '/Game/Meshes/Door' while loading NULL.
[2018.03.13-08.37.34:936][  0]LogLinker: Warning: Can't find file '/Game/Meshes/Player_scale'
[2018.03.13-08.37.34:936][  0]LogLinker: Warning: Can't find file for asset '/Game/Meshes/Player_scale' while loading NULL.
[2018.03.13-08.37.35:679][  0]LogLinker: Warning: Can't find file '/Game/Meshes/Player_scale'
[2018.03.13-08.37.35:679][  0]LoadErrors: Failed to load /Game/Meshes/Player_scale.Player_scale Referenced by StaticMeshComponent0
[2018.03.13-08.37.35:679][  0]LogLinker: Warning: Can't find file for asset '/Game/Meshes/Player_scale' while loading NULL.
[2018.03.13-08.37.35:679][  0]LoadErrors: Failed to load /Game/Meshes/Player_scale.Player_scale Referenced by StaticMeshComponent0
[2018.03.13-08.37.35:679][  0]LogLinker: Warning: Can't find file '/Game/Meshes/Door'
[2018.03.13-08.37.35:679][  0]LoadErrors: Failed to load /Game/Meshes/Door.Door Referenced by StaticMeshComponent0
[2018.03.13-08.37.35:679][  0]LogLinker: Warning: Can't find file for asset '/Game/Meshes/Door' while loading NULL.
[2018.03.13-08.37.35:679][  0]LoadErrors: Failed to load /Game/Meshes/Door.Door Referenced by StaticMeshComponent0
[2018.03.13-08.37.36:903][  0]LogAIModule: Creating AISystem for world FirstPersonExampleMap
[2018.03.13-08.37.37:926][  0]LogEditorServer: Finished looking for orphan Actors (0.000 secs)
[2018.03.13-08.37.37:945][  0]Cmd: MAP CHECKDEP NOCLEARLOG
[2018.03.13-08.37.38:025][  0]MapCheck: Map check complete: 0 Error(s), 0 Warning(s), took 80.055ms to complete.
[2018.03.13-08.37.38:025][  0]LogFileHelpers: Loading map 'FirstPersonExampleMap' took 6.417
[2018.03.13-08.37.38:273][  0]LogCollectionManager: Loaded 0 collections in 0.001061 seconds
[2018.03.13-08.37.38:354][  0]LogFileCache: Scanning file cache for directory 'F:/Projects/AdventureP/AdventureUE4Project/Adventure/Saved/Collections/' took 0.01s
[2018.03.13-08.37.38:354][  0]LogFileCache: Scanning file cache for directory 'F:/Projects/AdventureP/AdventureUE4Project/Adventure/Content/Developers/MrE/Collections/' took 0.01s
[2018.03.13-08.37.38:354][  0]LogFileCache: Scanning file cache for directory 'F:/Projects/AdventureP/AdventureUE4Project/Adventure/Content/Collections/' took 0.01s
[2018.03.13-08.37.38:354][  0]LogCollectionManager: Rebuilt the GUID cache for 0 collections in 0.000000 seconds
[2018.03.13-08.37.38:365][  0]LogContentBrowser: Native class hierarchy populated in 0.0104 seconds. Added 2363 classes and 519 folders.
[2018.03.13-08.37.38:426][  0]LogContentBrowser: Native class hierarchy updated for 'WidgetCarousel' in 0.0003 seconds. Added 0 classes and 0 folders.
[2018.03.13-08.37.39:179][  0]LogContentBrowser: Native class hierarchy updated for 'AddContentDialog' in 0.0003 seconds. Added 0 classes and 0 folders.
[2018.03.13-08.37.39:257][  0]LogContentBrowser: Native class hierarchy updated for 'SceneOutliner' in 0.0003 seconds. Added 1 classes and 2 folders.
[2018.03.13-08.37.39:431][  0]LogSlate: Took 0.000262 seconds to synchronously load lazily loaded font '../../../Engine/Content/Slate/Fonts/Roboto-Regular.ttf' (155K)
[2018.03.13-08.37.39:434][  0]LogSlate: Took 0.000268 seconds to synchronously load lazily loaded font '../../../Engine/Content/Slate/Fonts/Roboto-Bold.ttf' (160K)
[2018.03.13-08.37.39:457][  0]LogSlate: Took 0.010746 seconds to synchronously load lazily loaded font '../../../Engine/Content/Editor/Slate/Fonts/FontAwesome.ttf' (139K)
[2018.03.13-08.37.39:747][  0]LogRenderer: Reallocating scene render targets to support 1180x616 Format 10 NumSamples 1 (Frame:1).
[2018.03.13-08.37.39:991][  0]LogContentBrowser: Native class hierarchy updated for 'HierarchicalLODOutliner' in 0.0003 seconds. Added 1 classes and 2 folders.
[2018.03.13-08.37.39:991][  0]LogLoad: (Engine Initialization) Total time: 27.76 seconds
[2018.03.13-08.37.39:991][  0]LogLoad: (Engine Initialization) Total Blueprint compile time: 0.00 seconds
[2018.03.13-08.37.39:991][  0]LogExternalProfiler: Found external profiler: VSPerf
[2018.03.13-08.37.39:991][  0]LogExternalProfiler: Using external profiler: VSPerf
[2018.03.13-08.37.40:353][  0]LogContentStreaming: Texture pool size now 1000 MB
[2018.03.13-08.37.41:008][  2]LogAssetRegistry: Asset discovery search completed in 20.8251 seconds
[2018.03.13-08.37.41:011][  2]LogCollectionManager: Rebuilt the object cache for 0 collections in 0.000000 seconds (found 0 objects)
[2018.03.13-08.37.41:011][  2]LogCollectionManager: Fixed up redirectors for 0 collections in 0.000051 seconds (updated 0 objects)
[2018.03.13-08.37.41:363][  3]LogSlate: Took 0.012288 seconds to synchronously load lazily loaded font '../../../Engine/Content/Slate/Fonts/Roboto-Light.ttf' (159K)
[2018.03.13-08.37.44:700][ 13]LogSlate: Took 0.000226 seconds to synchronously load lazily loaded font '../../../Engine/Content/Slate/Fonts/Roboto-Light.ttf' (159K)
[2018.03.13-08.41.25:488][ 97]LogSlate: Took 0.000261 seconds to synchronously load lazily loaded font '../../../Engine/Content/Slate/Fonts/Roboto-Light.ttf' (159K)
[2018.03.13-08.41.26:331][ 97]LogSlate: Took 0.000229 seconds to synchronously load lazily loaded font '../../../Engine/Content/Slate/Fonts/Roboto-Regular.ttf' (155K)
[2018.03.13-08.41.26:899][ 97]LogAIModule: Creating AISystem for world roadSideScene
[2018.03.13-08.41.26:952][ 97]Cmd: MAP LOAD FILE="../../../../../Projects/AdventureP/AdventureUE4Project/Adventure/Content/Scenes/roadSideScene.umap" TEMPLATE=0 SHOWPROGRESS=1 FEATURELEVEL=3
[2018.03.13-08.41.26:952][ 97]LightingResults: New page: Lighting Build
[2018.03.13-08.41.26:953][ 97]LoadErrors: New page: Loading map: roadSideScene.umap
[2018.03.13-08.41.26:956][ 97]MapCheck: New page: Map Check
[2018.03.13-08.41.26:956][ 97]LightingResults: New page: Lighting Build
[2018.03.13-08.41.27:305][ 97]LogEditorServer: Finished looking for orphan Actors (0.000 secs)
[2018.03.13-08.41.27:352][ 97]Cmd: MAP CHECKDEP NOCLEARLOG
[2018.03.13-08.41.27:436][ 97]MapCheck: Map check complete: 0 Error(s), 0 Warning(s), took 83.559ms to complete.
[2018.03.13-08.41.27:437][ 97]LogFileHelpers: Loading map 'roadSideScene' took 0.486
[2018.03.13-08.41.27:515][ 99]LogStaticMesh: Allocated 507x176x64 distance field atlas = 10.9Mb, with 63 objects containing 5.6Mb backing data
[2018.03.13-08.41.44:207][ 52]LogTemp: Repeating last play command: Selected Viewport
[2018.03.13-08.41.44:826][ 52]LogPlayLevel: PlayLevel: No blueprints needed recompiling
[2018.03.13-08.41.44:827][ 52]PIE: New page: PIE session: roadSideScene (Mar 13, 2018, 10:41:44 AM)
[2018.03.13-08.41.44:842][ 52]LogPlayLevel: Creating play world package: /Game/Scenes/UEDPIE_0_roadSideScene
[2018.03.13-08.41.44:870][ 52]LogPlayLevel: PIE: StaticDuplicateObject took: (0.028293s)
[2018.03.13-08.41.44:871][ 52]LogAIModule: Creating AISystem for world roadSideScene
[2018.03.13-08.41.44:871][ 52]LogPlayLevel: PIE: World Init took: (0.000927s)
[2018.03.13-08.41.44:871][ 52]LogPlayLevel: PIE: Created PIE world by copying editor world from /Game/Scenes/roadSideScene.roadSideScene to /Game/Scenes/UEDPIE_0_roadSideScene.roadSideScene (0.029628s)
[2018.03.13-08.41.44:944][ 52]LogInit: XAudio2 using 'Hörlurar på headset (2- SteelSeries Arctis 7 Chat)' : 1 channels at 48 kHz using 16 bits per sample (channel mask 0x0)
[2018.03.13-08.41.44:956][ 52]LogInit: FAudioDevice initialized.
[2018.03.13-08.41.45:025][ 52]LogLoad: Game class is 'FirstPersonGameMode_C'
[2018.03.13-08.41.45:058][ 52]LogWorld: Bringing World /Game/Scenes/UEDPIE_0_roadSideScene.roadSideScene up for play (max tick rate 0) at 2018.03.13-09.41.45
[2018.03.13-08.41.45:077][ 52]LogWorld: Bringing up level for play took: 0.028983
[2018.03.13-08.41.45:157][ 52]LogContentBrowser: Native class hierarchy updated for 'MovieSceneCapture' in 0.0003 seconds. Added 11 classes and 0 folders.
[2018.03.13-08.41.45:160][ 52]PIE: Play in editor start time for /Game/Scenes/UEDPIE_0_roadSideScene 0.299
[2018.03.13-08.42.14:140][445]LogAIModule: Creating AISystem for world RedCabin
[2018.03.13-08.42.14:160][445]Cmd: MAP LOAD FILE="../../../../../Projects/AdventureP/AdventureUE4Project/Adventure/Content/Scenes/RedCabin.umap" TEMPLATE=0 SHOWPROGRESS=1 FEATURELEVEL=3
[2018.03.13-08.42.14:160][445]LightingResults: New page: Lighting Build
[2018.03.13-08.42.14:161][445]LoadErrors: New page: Loading map: RedCabin.umap
[2018.03.13-08.42.14:162][445]MapCheck: New page: Map Check
[2018.03.13-08.42.14:162][445]LightingResults: New page: Lighting Build
[2018.03.13-08.42.14:458][445]LogEditorServer: Finished looking for orphan Actors (0.000 secs)
[2018.03.13-08.42.14:506][445]Cmd: MAP CHECKDEP NOCLEARLOG
[2018.03.13-08.42.14:589][445]MapCheck: Map check complete: 0 Error(s), 0 Warning(s), took 83.235ms to complete.
[2018.03.13-08.42.14:590][445]LogFileHelpers: Loading map 'RedCabin' took 0.432
[2018.03.13-08.42.29:111][164]LogEditorViewport: Clicking on Actor (LMB): Landscape (Landscape)
[2018.03.13-08.42.39:685][256]LogContentBrowser: Native class hierarchy updated for 'MaterialEditor' in 0.0003 seconds. Added 1 classes and 0 folders.
[2018.03.13-08.42.39:690][256]LogMaterial: Missing cached shader map for material M_Rock, compiling. 
[2018.03.13-08.42.40:524][256]LogMaterial: Missing cached shader map for material FMatExpressionPreview MaterialExpressionTextureSample_2, compiling. 
[2018.03.13-08.42.40:529][256]LogMaterial: Missing cached shader map for material FMatExpressionPreview MaterialExpressionTextureSample_1, compiling. 
[2018.03.13-08.42.40:534][256]LogMaterial: Missing cached shader map for material FMatExpressionPreview MaterialExpressionTextureSample_0, compiling. 
[2018.03.13-08.42.40:540][256]LogMaterial: Missing cached shader map for material FMatExpressionPreview MaterialExpressionTextureSample_5, compiling. 
[2018.03.13-08.42.40:548][256]LogMaterial: Missing cached shader map for material M_Rock, compiling. 
[2018.03.13-08.42.40:573][256]LogMaterial: Missing cached shader map for material M_Rock, compiling. 
[2018.03.13-08.42.40:622][256]LogMaterial: Missing cached shader map for material FMatExpressionPreview MaterialExpressionTextureSample_2, compiling. 
[2018.03.13-08.42.40:628][256]LogMaterial: Missing cached shader map for material FMatExpressionPreview MaterialExpressionTextureSample_1, compiling. 
[2018.03.13-08.42.40:634][256]LogMaterial: Missing cached shader map for material FMatExpressionPreview MaterialExpressionTextureSample_0, compiling. 
[2018.03.13-08.42.40:640][256]LogMaterial: Missing cached shader map for material FMatExpressionPreview MaterialExpressionTextureSample_5, compiling. 
[2018.03.13-08.42.40:736][256]LogContentBrowser: Native class hierarchy updated for 'TextureEditor' in 0.0003 seconds. Added 1 classes and 2 folders.
[2018.03.13-08.42.47:707][761]MaterialEditorStats: Base pass shader: 121 instructions
[2018.03.13-08.42.47:707][761]MaterialEditorStats: Base pass shader with Surface Lightmap: 142 instructions
[2018.03.13-08.42.47:707][761]MaterialEditorStats: Base pass shader with Volumetric Lightmap: 198 instructions
[2018.03.13-08.42.47:707][761]MaterialEditorStats: Vertex shader: 31 instructions
[2018.03.13-08.42.47:708][761]MaterialEditorStats: Texture samplers: 7/16
[2018.03.13-08.42.47:708][761]MaterialEditorStats: User interpolators: 2/4 Scalars (1/4 Vectors) (TexCoords: 2, Custom: 0)
[2018.03.13-08.42.52:522][137]LogSlate: Took 0.016485 seconds to synchronously load lazily loaded font '../../../Engine/Content/Editor/Slate/Fonts/Roboto-BoldCondensed.ttf' (158K)
[2018.03.13-08.42.54:136][228]LogSlate: Took 0.005154 seconds to synchronously load lazily loaded font '../../../Engine/Content/Editor/Slate/Fonts/Roboto-Italic.ttf' (157K)
[2018.03.13-08.42.59:726][646]LogEditorViewport: Clicking on Actor (LMB): Landscape (Landscape)
[2018.03.13-08.43.01:287][741]LogTexture: Display: Building textures: Texture2D_3 (G8, 128X128)
[2018.03.13-08.43.04:281][ 50]LogEditorViewport: Clicking on Actor (LMB): Landscape (Landscape)
[2018.03.13-08.43.06:407][253]LogRenderer: Reallocating scene render targets to support 1180x764 Format 10 NumSamples 1 (Frame:1).
[2018.03.13-08.43.08:730][440]LogRenderer: Reallocating scene render targets to support 1180x768 Format 10 NumSamples 1 (Frame:4).
[2018.03.13-08.43.08:864][443]LogRenderer: Reallocating scene render targets to support 1392x924 Format 10 NumSamples 1 (Frame:8).
