Log file open, 03/21/18 18:36:02
LogWindows: Failed to load 'aqProf.dll' (GetLastError=126)
LogWindows: File 'aqProf.dll' does not exist
LogWindows: Failed to load 'VtuneApi.dll' (GetLastError=126)
LogWindows: File 'VtuneApi.dll' does not exist
LogWindows: Failed to load 'VtuneApi32e.dll' (GetLastError=126)
LogWindows: File 'VtuneApi32e.dll' does not exist
LogInit: Display: Running engine for game: Adventure
LogPlatformFile: Not using cached read wrapper
LogInit: Display: RandInit(-777282637) SRandInit(-777282637).
LogInit: Read version file with build ID '3709383'
LogInit: Overriding engine version to CL 3832480, compatible CL 3709383
LogInit: Registered custom module enumerator with build ID '3709383'
LogTaskGraph: Started task graph with 5 named threads and 14 total threads with 3 sets of task threads.
LogStats: Stats thread started at 0.178091
LogD3D11RHI: Aftermath initialized
LogModuleManager: Display: Found up-to-date module file ../../../Engine/Plugins/2D/Paper2D/Binaries/Win64/UE4Editor-Paper2D.dll (API version 3709383).
LogModuleManager: Display: Found up-to-date module file ../../../Engine/Plugins/2D/Paper2D/Binaries/Win64/UE4Editor-Paper2DEditor.dll (API version 3709383).
LogModuleManager: Display: Found up-to-date module file ../../../Engine/Plugins/2D/Paper2D/Binaries/Win64/UE4Editor-PaperSpriteSheetImporter.dll (API version 3709383).
LogModuleManager: Display: Found up-to-date module file ../../../Engine/Plugins/2D/Paper2D/Binaries/Win64/UE4Editor-PaperTiledImporter.dll (API version 3709383).
LogModuleManager: Display: Found up-to-date module file ../../../Engine/Plugins/2D/Paper2D/Binaries/Win64/UE4Editor-SmartSnapping.dll (API version 3709383).
LogModuleManager: Display: Found up-to-date module file ../../../Engine/Plugins/Blendables/LightPropagationVolume/Binaries/Win64/UE4Editor-LightPropagationVolumeRuntime.dll (API version 3709383).
LogModuleManager: Display: Found up-to-date module file ../../../Engine/Plugins/Blendables/LightPropagationVolume/Binaries/Win64/UE4Editor-LightPropagationVolumeEditor.dll (API version 3709383).
LogModuleManager: Display: Found up-to-date module file ../../../Engine/Plugins/Developer/GitSourceControl/Binaries/Win64/UE4Editor-GitSourceControl.dll (API version 3709383).
LogModuleManager: Display: Found up-to-date module file ../../../Engine/Plugins/Developer/PerforceSourceControl/Binaries/Win64/UE4Editor-PerforceSourceControl.dll (API version 3709383).
LogModuleManager: Display: Found up-to-date module file ../../../Engine/Plugins/Developer/SubversionSourceControl/Binaries/Win64/UE4Editor-SubversionSourceControl.dll (API version 3709383).
LogModuleManager: Display: Found up-to-date module file ../../../Engine/Plugins/Developer/UObjectPlugin/Binaries/Win64/UE4Editor-UObjectPlugin.dll (API version 3709383).
LogModuleManager: Display: Found up-to-date module file ../../../Engine/Plugins/Developer/VisualStudioCodeSourceCodeAccess/Binaries/Win64/UE4Editor-VisualStudioCodeSourceCodeAccess.dll (API version 3709383).
LogModuleManager: Display: Found up-to-date module file ../../../Engine/Plugins/Developer/VisualStudioSourceCodeAccess/Binaries/Win64/UE4Editor-VisualStudioSourceCodeAccess.dll (API version 3709383).
LogModuleManager: Display: Found up-to-date module file ../../../Engine/Plugins/Editor/AssetManagerEditor/Binaries/Win64/UE4Editor-AssetManagerEditor.dll (API version 3709383).
LogModuleManager: Display: Found up-to-date module file ../../../Engine/Plugins/Editor/AudioCapture/Binaries/Win64/UE4Editor-AudioCapture.dll (API version 3709383).
LogModuleManager: Display: Found up-to-date module file ../../../Engine/Plugins/Editor/FacialAnimation/Binaries/Win64/UE4Editor-FacialAnimation.dll (API version 3709383).
LogModuleManager: Display: Found up-to-date module file ../../../Engine/Plugins/Editor/FacialAnimation/Binaries/Win64/UE4Editor-FacialAnimationEditor.dll (API version 3709383).
LogModuleManager: Display: Found up-to-date module file ../../../Engine/Plugins/Editor/GameplayTagsEditor/Binaries/Win64/UE4Editor-GameplayTagsEditor.dll (API version 3709383).
LogModuleManager: Display: Found up-to-date module file ../../../Engine/Plugins/Editor/MobileLauncherProfileWizard/Binaries/Win64/UE4Editor-MobileLauncherProfileWizard.dll (API version 3709383).
LogModuleManager: Display: Found up-to-date module file ../../../Engine/Plugins/Editor/PluginBrowser/Binaries/Win64/UE4Editor-PluginBrowser.dll (API version 3709383).
LogModuleManager: Display: Found up-to-date module file ../../../Engine/Plugins/Editor/SpeedTreeImporter/Binaries/Win64/UE4Editor-SpeedTreeImporter.dll (API version 3709383).
LogModuleManager: Display: Found up-to-date module file ../../../Engine/Plugins/Experimental/AlembicImporter/Binaries/Win64/UE4Editor-AlembicImporter.dll (API version 3709383).
LogModuleManager: Display: Found up-to-date module file ../../../Engine/Plugins/Experimental/AlembicImporter/Binaries/Win64/UE4Editor-AlembicLibrary.dll (API version 3709383).
LogModuleManager: Display: Found up-to-date module file ../../../Engine/Plugins/Experimental/CharacterAI/Binaries/Win64/UE4Editor-CharacterAI.dll (API version 3709383).
LogModuleManager: Display: Found up-to-date module file ../../../Engine/Plugins/Experimental/HTML5Networking/Binaries/Win64/UE4Editor-HTML5Networking.dll (API version 3709383).
LogModuleManager: Display: Found up-to-date module file ../../../Engine/Plugins/Media/AndroidMedia/Binaries/Win64/UE4Editor-AndroidMediaEditor.dll (API version 3709383).
LogModuleManager: Display: Found up-to-date module file ../../../Engine/Plugins/Media/AndroidMedia/Binaries/Win64/UE4Editor-AndroidMediaFactory.dll (API version 3709383).
LogModuleManager: Display: Found up-to-date module file ../../../Engine/Plugins/Media/AvfMedia/Binaries/Win64/UE4Editor-AvfMediaEditor.dll (API version 3709383).
LogModuleManager: Display: Found up-to-date module file ../../../Engine/Plugins/Media/AvfMedia/Binaries/Win64/UE4Editor-AvfMediaFactory.dll (API version 3709383).
LogModuleManager: Display: Found up-to-date module file ../../../Engine/Plugins/Media/AvfMedia/Binaries/Win64/UE4Editor-AvfMediaFactory.dll (API version 3709383).
LogModuleManager: Display: Found up-to-date module file ../../../Engine/Plugins/Media/ImgMedia/Binaries/Win64/UE4Editor-ImgMedia.dll (API version 3709383).
LogModuleManager: Display: Found up-to-date module file ../../../Engine/Plugins/Media/ImgMedia/Binaries/Win64/UE4Editor-ImgMediaEditor.dll (API version 3709383).
LogModuleManager: Display: Found up-to-date module file ../../../Engine/Plugins/Media/ImgMedia/Binaries/Win64/UE4Editor-ImgMediaFactory.dll (API version 3709383).
LogModuleManager: Display: Found up-to-date module file ../../../Engine/Plugins/Media/ImgMedia/Binaries/Win64/UE4Editor-ImgMediaFactory.dll (API version 3709383).
LogModuleManager: Display: Found up-to-date module file ../../../Engine/Plugins/Media/ImgMedia/Binaries/Win64/UE4Editor-OpenExrWrapper.dll (API version 3709383).
LogModuleManager: Display: Found up-to-date module file ../../../Engine/Plugins/Media/MediaCompositing/Binaries/Win64/UE4Editor-MediaCompositing.dll (API version 3709383).
LogModuleManager: Display: Found up-to-date module file ../../../Engine/Plugins/Media/MediaCompositing/Binaries/Win64/UE4Editor-MediaCompositingEditor.dll (API version 3709383).
LogModuleManager: Display: Found up-to-date module file ../../../Engine/Plugins/Media/MediaPlayerEditor/Binaries/Win64/UE4Editor-MediaPlayerEditor.dll (API version 3709383).
LogModuleManager: Display: Found up-to-date module file ../../../Engine/Plugins/Media/WmfMedia/Binaries/Win64/UE4Editor-WmfMedia.dll (API version 3709383).
LogModuleManager: Display: Found up-to-date module file ../../../Engine/Plugins/Media/WmfMedia/Binaries/Win64/UE4Editor-WmfMediaEditor.dll (API version 3709383).
LogModuleManager: Display: Found up-to-date module file ../../../Engine/Plugins/Media/WmfMedia/Binaries/Win64/UE4Editor-WmfMediaFactory.dll (API version 3709383).
LogModuleManager: Display: Found up-to-date module file ../../../Engine/Plugins/Media/WmfMedia/Binaries/Win64/UE4Editor-WmfMediaFactory.dll (API version 3709383).
LogModuleManager: Display: Found up-to-date module file ../../../Engine/Plugins/Messaging/TcpMessaging/Binaries/Win64/UE4Editor-TcpMessaging.dll (API version 3709383).
LogModuleManager: Display: Found up-to-date module file ../../../Engine/Plugins/Messaging/UdpMessaging/Binaries/Win64/UE4Editor-UdpMessaging.dll (API version 3709383).
LogModuleManager: Display: Found up-to-date module file ../../../Engine/Plugins/MovieScene/ActorSequence/Binaries/Win64/UE4Editor-ActorSequence.dll (API version 3709383).
LogModuleManager: Display: Found up-to-date module file ../../../Engine/Plugins/MovieScene/LevelSequenceEditor/Binaries/Win64/UE4Editor-LevelSequenceEditor.dll (API version 3709383).
LogModuleManager: Display: Found up-to-date module file ../../../Engine/Plugins/MovieScene/MatineeToLevelSequence/Binaries/Win64/UE4Editor-MatineeToLevelSequence.dll (API version 3709383).
LogModuleManager: Display: Found up-to-date module file ../../../Engine/Plugins/Online/OnlineSubsystem/Binaries/Win64/UE4Editor-OnlineSubsystem.dll (API version 3709383).
LogModuleManager: Display: Found up-to-date module file ../../../Engine/Plugins/Runtime/AndroidPermission/Binaries/Win64/UE4Editor-AndroidPermission.dll (API version 3709383).
LogModuleManager: Display: Found up-to-date module file ../../../Engine/Plugins/Online/OnlineSubsystemNull/Binaries/Win64/UE4Editor-OnlineSubsystemNull.dll (API version 3709383).
LogModuleManager: Display: Found up-to-date module file ../../../Engine/Plugins/Online/OnlineSubsystemUtils/Binaries/Win64/UE4Editor-OnlineSubsystemUtils.dll (API version 3709383).
LogModuleManager: Display: Found up-to-date module file ../../../Engine/Plugins/Online/OnlineSubsystemUtils/Binaries/Win64/UE4Editor-OnlineBlueprintSupport.dll (API version 3709383).
LogModuleManager: Display: Found up-to-date module file ../../../Engine/Plugins/Runtime/AndroidDeviceProfileSelector/Binaries/Win64/UE4Editor-AndroidDeviceProfileSelector.dll (API version 3709383).
LogModuleManager: Display: Found up-to-date module file ../../../Engine/Plugins/Runtime/AppleARKit/Binaries/Win64/UE4Editor-AppleARKit.dll (API version 3709383).
LogModuleManager: Display: Found up-to-date module file ../../../Engine/Plugins/Runtime/ArchVisCharacter/Binaries/Win64/UE4Editor-ArchVisCharacter.dll (API version 3709383).
LogModuleManager: Display: Found up-to-date module file ../../../Engine/Plugins/Runtime/CableComponent/Binaries/Win64/UE4Editor-CableComponent.dll (API version 3709383).
LogModuleManager: Display: Found up-to-date module file ../../../Engine/Plugins/Runtime/CustomMeshComponent/Binaries/Win64/UE4Editor-CustomMeshComponent.dll (API version 3709383).
LogModuleManager: Display: Found up-to-date module file ../../../Engine/Plugins/Runtime/ExampleDeviceProfileSelector/Binaries/Win64/UE4Editor-ExampleDeviceProfileSelector.dll (API version 3709383).
LogModuleManager: Display: Found up-to-date module file ../../../Engine/Plugins/Runtime/ImmediatePhysics/Binaries/Win64/UE4Editor-ImmediatePhysics.dll (API version 3709383).
LogModuleManager: Display: Found up-to-date module file ../../../Engine/Plugins/Runtime/ImmediatePhysics/Binaries/Win64/UE4Editor-ImmediatePhysicsEditor.dll (API version 3709383).
LogModuleManager: Display: Found up-to-date module file ../../../Engine/Plugins/Runtime/LocationServicesBPLibrary/Binaries/Win64/UE4Editor-LocationServicesBPLibrary.dll (API version 3709383).
LogModuleManager: Display: Found up-to-date module file ../../../Engine/Plugins/Runtime/MobilePatchingUtils/Binaries/Win64/UE4Editor-MobilePatchingUtils.dll (API version 3709383).
LogModuleManager: Display: Found up-to-date module file ../../../Engine/Plugins/Runtime/Oculus/OculusVR/Binaries/Win64/UE4Editor-OculusHMD.dll (API version 3709383).
LogModuleManager: Display: Found up-to-date module file ../../../Engine/Plugins/Runtime/Oculus/OculusVR/Binaries/Win64/UE4Editor-OculusInput.dll (API version 3709383).
LogModuleManager: Display: Found up-to-date module file ../../../Engine/Plugins/Runtime/Oculus/OculusVR/Binaries/Win64/UE4Editor-OculusEditor.dll (API version 3709383).
LogModuleManager: Display: Found up-to-date module file ../../../Engine/Plugins/Runtime/PhysXVehicles/Binaries/Win64/UE4Editor-PhysXVehicles.dll (API version 3709383).
LogModuleManager: Display: Found up-to-date module file ../../../Engine/Plugins/Runtime/PhysXVehicles/Binaries/Win64/UE4Editor-PhysXVehiclesEditor.dll (API version 3709383).
LogModuleManager: Display: Found up-to-date module file ../../../Engine/Plugins/Runtime/ProceduralMeshComponent/Binaries/Win64/UE4Editor-ProceduralMeshComponent.dll (API version 3709383).
LogModuleManager: Display: Found up-to-date module file ../../../Engine/Plugins/Runtime/ProceduralMeshComponent/Binaries/Win64/UE4Editor-ProceduralMeshComponentEditor.dll (API version 3709383).
LogModuleManager: Display: Found up-to-date module file ../../../Engine/Plugins/Runtime/RuntimePhysXCooking/Binaries/Win64/UE4Editor-RuntimePhysXCooking.dll (API version 3709383).
LogModuleManager: Display: Found up-to-date module file ../../../Engine/Plugins/Runtime/Steam/SteamVR/Binaries/Win64/UE4Editor-SteamVR.dll (API version 3709383).
LogModuleManager: Display: Found up-to-date module file ../../../Engine/Plugins/Runtime/Steam/SteamVR/Binaries/Win64/UE4Editor-SteamVRController.dll (API version 3709383).
LogModuleManager: Display: Found up-to-date module file ../../../Engine/Plugins/Runtime/WindowsMoviePlayer/Binaries/Win64/UE4Editor-WindowsMoviePlayer.dll (API version 3709383).
LogPluginManager: Mounting plugin Paper2D
LogPluginManager: Mounting plugin LightPropagationVolume
LogPluginManager: Mounting plugin CodeLiteSourceCodeAccess
LogPluginManager: Mounting plugin GitSourceControl
LogPluginManager: Mounting plugin KDevelopSourceCodeAccess
LogPluginManager: Mounting plugin NullSourceCodeAccess
LogPluginManager: Mounting plugin PerforceSourceControl
LogPluginManager: Mounting plugin SubversionSourceControl
LogPluginManager: Mounting plugin UObjectPlugin
LogPluginManager: Mounting plugin VisualStudioCodeSourceCodeAccess
LogPluginManager: Mounting plugin VisualStudioSourceCodeAccess
LogPluginManager: Mounting plugin XCodeSourceCodeAccess
LogPluginManager: Mounting plugin AssetManagerEditor
LogPluginManager: Mounting plugin AudioCapture
LogPluginManager: Mounting plugin FacialAnimation
LogPluginManager: Mounting plugin GameplayTagsEditor
LogPluginManager: Mounting plugin MobileLauncherProfileWizard
LogPluginManager: Mounting plugin PluginBrowser
LogPluginManager: Mounting plugin SpeedTreeImporter
LogPluginManager: Mounting plugin AlembicImporter
LogPluginManager: Mounting plugin CharacterAI
LogPluginManager: Mounting plugin HTML5Networking
LogPluginManager: Mounting plugin AndroidMedia
LogPluginManager: Mounting plugin AvfMedia
LogPluginManager: Mounting plugin ImgMedia
LogPluginManager: Mounting plugin MediaCompositing
LogPluginManager: Mounting plugin MediaPlayerEditor
LogPluginManager: Mounting plugin WmfMedia
LogPluginManager: Mounting plugin TcpMessaging
LogPluginManager: Mounting plugin UdpMessaging
LogPluginManager: Mounting plugin ActorSequence
LogPluginManager: Mounting plugin LevelSequenceEditor
LogPluginManager: Mounting plugin MatineeToLevelSequence
LogPluginManager: Mounting plugin OnlineSubsystemGooglePlay
LogPluginManager: Mounting plugin OnlineSubsystemIOS
LogPluginManager: Mounting plugin OnlineSubsystem
LogPluginManager: Mounting plugin OnlineSubsystemNull
LogPluginManager: Mounting plugin OnlineSubsystemUtils
LogPluginManager: Mounting plugin AndroidDeviceProfileSelector
LogPluginManager: Mounting plugin AndroidMoviePlayer
LogPluginManager: Mounting plugin AndroidPermission
LogPluginManager: Mounting plugin AppleARKit
LogPluginManager: Mounting plugin AppleMoviePlayer
LogPluginManager: Mounting plugin ArchVisCharacter
LogPluginManager: Mounting plugin CableComponent
LogPluginManager: Mounting plugin CustomMeshComponent
LogPluginManager: Mounting plugin ExampleDeviceProfileSelector
LogPluginManager: Mounting plugin GoogleCloudMessaging
LogPluginManager: Mounting plugin ImmediatePhysics
LogPluginManager: Mounting plugin IOSDeviceProfileSelector
LogPluginManager: Mounting plugin LinuxDeviceProfileSelector
LogPluginManager: Mounting plugin LocationServicesBPLibrary
LogPluginManager: Mounting plugin MobilePatchingUtils
LogPluginManager: Mounting plugin OculusVR
LogPluginManager: Plugin shader directory ../../../Engine/Plugins/Runtime/Oculus/OculusVR/Shaders found
LogPluginManager: Mapping shader source directory ../../../Engine/Plugins/Runtime/Oculus/OculusVR/Shaders to virtual directory /Plugin/OculusVR
LogPluginManager: Mounting plugin PhysXVehicles
LogPluginManager: Mounting plugin ProceduralMeshComponent
LogPluginManager: Mounting plugin RuntimePhysXCooking
LogPluginManager: Mounting plugin SteamVR
LogPluginManager: Mounting plugin WindowsMoviePlayer
LogInit: Using libcurl 7.47.1
LogInit:  - built for x86_64-pc-win32
LogInit:  - supports SSL with OpenSSL/1.0.2g
LogInit:  - supports HTTP deflate (compression) using libz 1.2.8
LogInit:  - other features:
LogInit:      CURL_VERSION_SSL
LogInit:      CURL_VERSION_LIBZ
LogInit:      CURL_VERSION_IPV6
LogInit:      CURL_VERSION_ASYNCHDNS
LogInit:      CURL_VERSION_LARGEFILE
LogInit:      CURL_VERSION_IDN
LogInit:  CurlRequestOptions (configurable via config and command line):
LogInit:  - bVerifyPeer = false  - Libcurl will NOT verify peer certificate
LogInit:  - bUseHttpProxy = false  - Libcurl will NOT use HTTP proxy
LogInit:  - bDontReuseConnections = false  - Libcurl will reuse connections
LogInit:  - CertBundlePath = nullptr  - Libcurl will use whatever was configured at build time.
LogInit: Build: ++UE4+Release-4.18-CL-3832480
LogInit: Engine Version: 4.18.3-3832480+++UE4+Release-4.18
LogInit: Compatible Engine Version: 4.18.0-3709383+++UE4+Release-4.18
LogInit: Net CL: 3709383
LogDevObjectVersion: Number of dev versions registered: 16
LogDevObjectVersion:   Dev-Blueprints (B0D832E4-1F89-4F0D-ACCF-7EB736FD4AA2): 10
LogDevObjectVersion:   Dev-Build (E1C64328-A22C-4D53-A36C-8E866417BD8C): 0
LogDevObjectVersion:   Dev-Core (375EC13C-06E4-48FB-B500-84F0262A717E): 2
LogDevObjectVersion:   Dev-Editor (E4B068ED-F494-42E9-A231-DA0B2E46BB41): 20
LogDevObjectVersion:   Dev-Framework (CFFC743F-43B0-4480-9391-14DF171D2073): 30
LogDevObjectVersion:   Dev-Mobile (B02B49B5-BB20-44E9-A304-32B752E40360): 0
LogDevObjectVersion:   Dev-Networking (A4E4105C-59A1-49B5-A7C5-40C4547EDFEE): 0
LogDevObjectVersion:   Dev-Online (39C831C9-5AE6-47DC-9A44-9C173E1C8E7C): 0
LogDevObjectVersion:   Dev-Physics (78F01B33-EBEA-4F98-B9B4-84EACCB95AA2): 0
LogDevObjectVersion:   Dev-Platform (6631380F-2D4D-43E0-8009-CF276956A95A): 0
LogDevObjectVersion:   Dev-Rendering (12F88B9F-8875-4AFC-A67C-D90C383ABD29): 20
LogDevObjectVersion:   Dev-Sequencer (7B5AE74C-D270-4C10-A958-57980B212A5A): 4
LogDevObjectVersion:   Dev-VR (D7296918-1DD6-4BDD-9DE2-64A83CC13884): 0
LogDevObjectVersion:   Dev-LoadTimes (C2A15278-BFE7-4AFE-6C17-90FF531DF755): 1
LogDevObjectVersion:   Private-Geometry (6EACA3D4-40EC-4CC1-B786-8BED09428FC5): 1
LogDevObjectVersion:   Dev-AnimPhys (29E575DD-E0A3-4627-9D10-D276232CDCEA): 12
LogInit: Compiled (64-bit): Jan 12 2018 02:04:55
LogInit: Compiled with Visual C++: 19.00.24215.01
LogInit: Build Configuration: Development
LogInit: Branch Name: ++UE4+Release-4.18
LogInit: Command line: -EpicPortal 
LogInit: Base directory: F:/Unreal 4.18/UE_4.18/Engine/Binaries/Win64/
LogInit: Installed Engine Build: 1
LogInit: Presizing for max 8388607 objects, including 0 objects not considered by GC, pre-allocating 0 bytes for permanent pool.
LogInit: Object subsystem initialized
[2018.03.21-17.36.03:999][  0]LogInit: Selected Device Profile: [Windows]
[2018.03.21-17.36.03:999][  0]LogInit: Applying CVar settings loaded from the selected device profile: [Windows]
[2018.03.21-17.36.04:035][  0]LogInit: Computer: MR_E-DATOR
[2018.03.21-17.36.04:035][  0]LogInit: User: MrE
[2018.03.21-17.36.04:035][  0]LogInit: CPU Page size=4096, Cores=4
[2018.03.21-17.36.04:035][  0]LogInit: High frequency timer resolution =3.233220 MHz
[2018.03.21-17.36.04:035][  0]LogMemory: Memory total: Physical=8.0GB (8GB approx)
[2018.03.21-17.36.04:035][  0]LogMemory: Platform Memory Stats for Windows
[2018.03.21-17.36.04:035][  0]LogMemory: Process Physical Memory: 275.47 MB used, 275.47 MB peak
[2018.03.21-17.36.04:035][  0]LogMemory: Process Virtual Memory: 271.80 MB used, 271.80 MB peak
[2018.03.21-17.36.04:035][  0]LogMemory: Physical Memory: 5359.87 MB used,  2799.27 MB free, 8159.14 MB total
[2018.03.21-17.36.04:035][  0]LogMemory: Virtual Memory: 679.39 MB used,  2799.27 MB free, 134217728.00 MB total
[2018.03.21-17.36.04:186][  0]LogInit: Using OS detected language (sv-SE).
[2018.03.21-17.36.04:186][  0]LogInit: Using OS detected locale (sv-SE).
[2018.03.21-17.36.04:190][  0]LogTextLocalizationManager: No localization for 'sv-SE' exists, so 'en' will be used for the language.
[2018.03.21-17.36.04:190][  0]LogTextLocalizationManager: No localization for 'sv-SE' exists, so 'en' will be used for the locale.
[2018.03.21-17.36.04:691][  0]LogInit: Setting process to per monitor DPI aware
[2018.03.21-17.36.04:959][  0]LogD3D11RHI: D3D11 adapters:
[2018.03.21-17.36.05:030][  0]LogD3D11RHI:    0. 'NVIDIA GeForce GTX 1070' (Feature Level 11_0)
[2018.03.21-17.36.05:030][  0]LogD3D11RHI:       8088/0/4079 MB DedicatedVideo/DedicatedSystem/SharedSystem, Outputs:2, VendorId:0x10de
[2018.03.21-17.36.05:032][  0]LogD3D11RHI:    1. 'Microsoft Basic Render Driver' (Feature Level 11_0)
[2018.03.21-17.36.05:032][  0]LogD3D11RHI:       0/0/4079 MB DedicatedVideo/DedicatedSystem/SharedSystem, Outputs:0, VendorId:0x1414
[2018.03.21-17.36.05:032][  0]LogD3D11RHI: Chosen D3D11 Adapter: 0
[2018.03.21-17.36.05:039][  0]LogD3D11RHI: Creating new Direct3DDevice
[2018.03.21-17.36.05:039][  0]LogD3D11RHI:     GPU DeviceId: 0x1b81 (for the marketing name, search the web for "GPU Device Id")
[2018.03.21-17.36.05:039][  0]LogWindows: EnumDisplayDevices:
[2018.03.21-17.36.05:039][  0]LogWindows:    0. 'NVIDIA GeForce GTX 1070' (P:1 D:1)
[2018.03.21-17.36.05:039][  0]LogWindows:    1. 'NVIDIA GeForce GTX 1070' (P:0 D:1)
[2018.03.21-17.36.05:039][  0]LogWindows:    2. 'NVIDIA GeForce GTX 1070' (P:0 D:0)
[2018.03.21-17.36.05:039][  0]LogWindows:    3. 'NVIDIA GeForce GTX 1070' (P:0 D:0)
[2018.03.21-17.36.05:039][  0]LogWindows: DebugString: GetVideoDriverDetailsInvalid PrimaryIsNotTheChoosenAdapter GetVideoDriverDetailsInvalid PrimaryIsNotTheChoosenAdapter GetVideoDriverDetailsInvalid PrimaryIsNotTheChoosenAdapter GetVideoDriverDetailsInvalid PrimaryIsNotTheChoosenAdapter FoundDriverCount:0 
[2018.03.21-17.36.05:039][  0]LogD3D11RHI:     Adapter Name: NVIDIA GeForce GTX 1070
[2018.03.21-17.36.05:039][  0]LogD3D11RHI:   Driver Version: Unknown (internal:Unknown, unified:Unknown)
[2018.03.21-17.36.05:039][  0]LogD3D11RHI:      Driver Date: Unknown
[2018.03.21-17.36.05:039][  0]LogRHI: Texture pool is 5661 MB (70% of 8088 MB)
[2018.03.21-17.36.05:081][  0]LogD3D11RHI: Async texture creation enabled
[2018.03.21-17.36.05:109][  0]LogD3D11RHI: GPU Timing Frequency: 1000.000000 (Debug: 2 2)
[2018.03.21-17.36.05:158][  0]LogShaderCompilers: Guid format shader working directory is -20 characters bigger than the processId version (../../../../../Projects/AdventureP/AdventureUE4Project/Adventure/Intermediate/Shaders/WorkingDirectory/10388/).
[2018.03.21-17.36.05:158][  0]LogShaderCompilers: Cleaned the shader compiler working directory 'C:/Users/Mr_E/AppData/Local/Temp/UnrealShaderWorkingDir/1BA19F854C532BD2A57BF7B1775233B2/'.
[2018.03.21-17.36.05:158][  0]LogShaderCompilers: Display: Using Local Shader Compiler.
[2018.03.21-17.36.06:523][  0]LogTemp: Display: Loaded TP AllDesktopTargetPlatform
[2018.03.21-17.36.06:573][  0]LogTemp: Display: Loaded TP MacClientTargetPlatform
[2018.03.21-17.36.06:626][  0]LogTemp: Display: Loaded TP MacNoEditorTargetPlatform
[2018.03.21-17.36.06:684][  0]LogTemp: Display: Loaded TP MacServerTargetPlatform
[2018.03.21-17.36.06:744][  0]LogTemp: Display: Loaded TP MacTargetPlatform
[2018.03.21-17.36.06:795][  0]LogTemp: Display: Loaded TP WindowsClientTargetPlatform
[2018.03.21-17.36.06:848][  0]LogTemp: Display: Loaded TP WindowsNoEditorTargetPlatform
[2018.03.21-17.36.06:899][  0]LogTemp: Display: Loaded TP WindowsServerTargetPlatform
[2018.03.21-17.36.06:946][  0]LogTemp: Display: Loaded TP WindowsTargetPlatform
[2018.03.21-17.36.07:006][  0]LogTemp: Display: Loaded TP Android_ASTCTargetPlatform
[2018.03.21-17.36.07:057][  0]LogTemp: Display: Loaded TP Android_ATCTargetPlatform
[2018.03.21-17.36.07:108][  0]LogTemp: Display: Loaded TP Android_DXTTargetPlatform
[2018.03.21-17.36.07:158][  0]LogTemp: Display: Loaded TP Android_ETC1TargetPlatform
[2018.03.21-17.36.07:209][  0]LogTemp: Display: Loaded TP Android_ETC2TargetPlatform
[2018.03.21-17.36.07:340][  0]LogTemp: Display: Loaded TP Android_MultiTargetPlatform
[2018.03.21-17.36.07:340][  0]LogTemp: Display: Loaded TP Android_PVRTCTargetPlatform
[2018.03.21-17.36.07:424][  0]LogTemp: Display: Loaded TP AndroidTargetPlatform
[2018.03.21-17.36.07:480][  0]LogTemp: Display: Loaded TP HTML5TargetPlatform
[2018.03.21-17.36.07:635][  0]LogTemp: Display: Loaded TP IOSTargetPlatform
[2018.03.21-17.36.07:665][  0]LogTemp: Display: Loaded TP TVOSTargetPlatform
[2018.03.21-17.36.07:768][  0]LogTemp: Display: Loaded TP LinuxClientTargetPlatform
[2018.03.21-17.36.07:851][  0]LogTemp: Display: Loaded TP LinuxNoEditorTargetPlatform
[2018.03.21-17.36.07:901][  0]LogTemp: Display: Loaded TP LinuxServerTargetPlatform
[2018.03.21-17.36.07:959][  0]LogTemp: Display: Loaded TP LinuxTargetPlatform
[2018.03.21-17.36.07:959][  0]LogTargetPlatformManager: Display: Building Assets For Windows
[2018.03.21-17.36.08:383][  0]LogDerivedDataCache: Display: Max Cache Size: 512 MB
[2018.03.21-17.36.08:472][  0]LogDerivedDataCache: Loaded boot cache 0.09s 79MB C:/Users/Mr_E/AppData/Local/UnrealEngine/4.18/DerivedDataCache/Boot.ddc.
[2018.03.21-17.36.08:473][  0]LogDerivedDataCache: Display: Loaded Boot cache: C:/Users/Mr_E/AppData/Local/UnrealEngine/4.18/DerivedDataCache/Boot.ddc
[2018.03.21-17.36.08:473][  0]LogDerivedDataCache: FDerivedDataBackendGraph:  Pak pak cache file ../../../../../Projects/AdventureP/AdventureUE4Project/Adventure/DerivedDataCache/DDC.ddp not found, will not use a pak cache.
[2018.03.21-17.36.08:473][  0]LogDerivedDataCache: Unable to find inner node Pak for hierarchical cache Hierarchy.
[2018.03.21-17.36.08:473][  0]LogDerivedDataCache: FDerivedDataBackendGraph:  CompressedPak pak cache file ../../../../../Projects/AdventureP/AdventureUE4Project/Adventure/DerivedDataCache/Compressed.ddp not found, will not use a pak cache.
[2018.03.21-17.36.08:473][  0]LogDerivedDataCache: Unable to find inner node CompressedPak for hierarchical cache Hierarchy.
[2018.03.21-17.36.08:492][  0]LogDerivedDataCache: Display: Pak cache opened for reading ../../../Engine/DerivedDataCache/Compressed.ddp.
[2018.03.21-17.36.08:504][  0]LogDerivedDataCache: Using Local data cache path C:/Users/Mr_E/AppData/Local/UnrealEngine/Common/DerivedDataCache: Writable
[2018.03.21-17.36.08:518][  0]LogMaterial: Verifying Global Shaders for PCD3D_SM5
[2018.03.21-17.36.08:518][  0]LogSlate: Using Freetype 2.6.0
[2018.03.21-17.36.08:518][  0]LogSlate: SlateFontCache - WITH_FREETYPE: 1, WITH_HARFBUZZ: 1
[2018.03.21-17.36.08:518][  0]LogSlate: SlateFontCache - WITH_FREETYPE: 1, WITH_HARFBUZZ: 1
[2018.03.21-17.36.08:987][  0]LogInit: Selected Device Profile: [Windows]
[2018.03.21-17.36.09:647][  0]LogSimplygon: Simplygon DLL not present - disabling.
[2018.03.21-17.36.09:757][  0]LogMeshReduction: Using SimplygonSwarm for distributed automatic mesh merging
[2018.03.21-17.36.09:757][  0]LogMeshReduction: Using QuadricMeshReduction for automatic static mesh reduction
[2018.03.21-17.36.09:757][  0]LogMeshReduction: No automatic skeletal mesh reduction module available
[2018.03.21-17.36.09:757][  0]LogMeshReduction: No automatic mesh merging module available
[2018.03.21-17.36.09:757][  0]LogMeshMerging: No automatic mesh merging module available
[2018.03.21-17.36.09:789][  0]LogNetVersion: Adventure , NetCL: 3709383, EngineNetVer: 2, GameNetVer: 0 (Checksum: 1750621016)
[2018.03.21-17.36.09:992][  0]LogAssetRegistry: FAssetRegistry took 0.0274 seconds to start up
[2018.03.21-17.36.10:578][  0]LogPackageLocalizationCache: Processed 7 localized package path(s) for 1 prioritized culture(s) in 0.033425 seconds
[2018.03.21-17.36.10:584][  0]LogUObjectArray: 35870 objects as part of root set at end of initial load.
[2018.03.21-17.36.10:584][  0]LogUObjectAllocator: 7363704 out of 0 bytes used by permanent object pool.
[2018.03.21-17.36.10:584][  0]LogUObjectArray: CloseDisregardForGC: 0/0 objects in disregard for GC pool
[2018.03.21-17.36.10:633][  0]LogInit: WinSock: version 1.1 (2.2), MaxSocks=32767, MaxUdp=65467
[2018.03.21-17.36.13:485][  0]LogTcpMessaging: Initializing TcpMessaging bridge
[2018.03.21-17.36.13:526][  0]LogUdpMessaging: Initializing bridge on interface 0.0.0.0:0 to multicast group 230.0.0.1:6666.
[2018.03.21-17.36.14:166][  0]LogMaterial: Uniform references updated for custom material expression Custom.
[2018.03.21-17.36.14:582][  0]SourceControl: Source control is disabled
[2018.03.21-17.36.15:480][  0]LogAndroidPermission: UAndroidPermissionCallbackProxy::GetInstance
[2018.03.21-17.36.15:738][  0]LogOcInput: OculusInput pre-init called
[2018.03.21-17.36.16:021][  0]LogEngine: Initializing Engine...
[2018.03.21-17.36.16:027][  0]LogHMD: Failed to initialize OpenVR with code 105
[2018.03.21-17.36.16:281][  0]LogStats: UGameplayTagsManager::ConstructGameplayTagTree: Construct from data asset -  0.000 s
[2018.03.21-17.36.16:281][  0]LogStats: UGameplayTagsManager::ConstructGameplayTagTree: GameplayTagTreeChangedEvent.Broadcast -  0.000 s
[2018.03.21-17.36.16:405][  0]LogAIModule: Creating AISystem for world Untitled
[2018.03.21-17.36.16:423][  0]LogInit: XAudio2 using 'Hörlurar (SteelSeries Arctis 7 Game)' : 2 channels at 44.1 kHz using 16 bits per sample (channel mask 0x3)
[2018.03.21-17.36.16:451][  0]LogInit: FAudioDevice initialized.
[2018.03.21-17.36.16:560][  0]LogDerivedDataCache: Saved boot cache 0.11s 79MB C:/Users/Mr_E/AppData/Local/UnrealEngine/4.18/DerivedDataCache/Boot.ddc.
[2018.03.21-17.36.16:581][  0]LogInit: Texture streaming: Enabled
[2018.03.21-17.36.16:669][  0]LogEngineSessionManager: EngineSessionManager initialized
[2018.03.21-17.36.16:825][  0]LogInit: Transaction tracking system initialized
[2018.03.21-17.36.17:120][  0]BlueprintLog: New page: Editor Load
[2018.03.21-17.36.17:961][  0]LocalizationService: Localization service is disabled
[2018.03.21-17.36.18:690][  0]LogConsoleResponse: Display: 
[2018.03.21-17.36.18:877][  0]LogCook: Display: Max memory allowance for cook 16384mb min free memory 0mb
[2018.03.21-17.36.18:878][  0]LogCook: Display: Mobile HDR setting 1
[2018.03.21-17.36.18:878][  0]LogGameplayTags: Display: UGameplayTagsManager::DoneAddingNativeTags. DelegateIsBound: 0
[2018.03.21-17.36.19:129][  0]LogFileCache: Scanning file cache for directory 'F:/Projects/AdventureP/AdventureUE4Project/Adventure/Content/' took 0.04s
[2018.03.21-17.36.20:090][  0]Cmd: MAP LOAD FILE="../../../../../Projects/AdventureP/AdventureUE4Project/Adventure/Content/FirstPersonBP/Maps/FirstPersonExampleMap.umap" TEMPLATE=0 SHOWPROGRESS=1 FEATURELEVEL=3
[2018.03.21-17.36.20:121][  0]LightingResults: New page: Lighting Build
[2018.03.21-17.36.20:163][  0]MapCheck: New page: Map Check
[2018.03.21-17.36.20:163][  0]LightingResults: New page: Lighting Build
[2018.03.21-17.36.29:789][  0]LogAIModule: Creating AISystem for world FirstPersonExampleMap
[2018.03.21-17.36.31:216][  0]LogEditorServer: Finished looking for orphan Actors (0.000 secs)
[2018.03.21-17.36.31:232][  0]Cmd: MAP CHECKDEP NOCLEARLOG
[2018.03.21-17.36.31:306][  0]MapCheck: Map check complete: 0 Error(s), 0 Warning(s), took 73.705ms to complete.
[2018.03.21-17.36.31:306][  0]LogFileHelpers: Loading map 'FirstPersonExampleMap' took 11.216
[2018.03.21-17.36.31:369][  0]LogWindowsTextInputMethodSystem: Display: IME system now deactivated.
[2018.03.21-17.36.31:862][  0]LogCollectionManager: Loaded 0 collections in 0.003888 seconds
[2018.03.21-17.36.32:009][  0]LogFileCache: Scanning file cache for directory 'F:/Projects/AdventureP/AdventureUE4Project/Adventure/Saved/Collections/' took 0.01s
[2018.03.21-17.36.32:009][  0]LogFileCache: Scanning file cache for directory 'F:/Projects/AdventureP/AdventureUE4Project/Adventure/Content/Developers/MrE/Collections/' took 0.01s
[2018.03.21-17.36.32:009][  0]LogFileCache: Scanning file cache for directory 'F:/Projects/AdventureP/AdventureUE4Project/Adventure/Content/Collections/' took 0.00s
[2018.03.21-17.36.32:009][  0]LogCollectionManager: Rebuilt the GUID cache for 0 collections in 0.000000 seconds
[2018.03.21-17.36.32:024][  0]LogContentBrowser: Native class hierarchy populated in 0.0137 seconds. Added 2363 classes and 519 folders.
[2018.03.21-17.36.32:151][  0]LogContentBrowser: Native class hierarchy updated for 'WidgetCarousel' in 0.0003 seconds. Added 0 classes and 0 folders.
[2018.03.21-17.36.33:316][  0]LogContentBrowser: Native class hierarchy updated for 'AddContentDialog' in 0.0003 seconds. Added 0 classes and 0 folders.
[2018.03.21-17.36.33:436][  0]LogContentBrowser: Native class hierarchy updated for 'SceneOutliner' in 0.0003 seconds. Added 1 classes and 2 folders.
[2018.03.21-17.36.33:901][  0]LogSlate: Took 0.000260 seconds to synchronously load lazily loaded font '../../../Engine/Content/Slate/Fonts/Roboto-Regular.ttf' (155K)
[2018.03.21-17.36.33:904][  0]LogSlate: Took 0.000218 seconds to synchronously load lazily loaded font '../../../Engine/Content/Slate/Fonts/Roboto-Bold.ttf' (160K)
[2018.03.21-17.36.33:938][  0]LogSlate: Took 0.014014 seconds to synchronously load lazily loaded font '../../../Engine/Content/Editor/Slate/Fonts/FontAwesome.ttf' (139K)
[2018.03.21-17.36.34:184][  0]LogRenderer: Reallocating scene render targets to support 1180x664 Format 10 NumSamples 1 (Frame:1).
[2018.03.21-17.36.34:517][  0]LogContentBrowser: Native class hierarchy updated for 'HierarchicalLODOutliner' in 0.0003 seconds. Added 1 classes and 2 folders.
[2018.03.21-17.36.34:517][  0]LogLoad: (Engine Initialization) Total time: 33.45 seconds
[2018.03.21-17.36.34:517][  0]LogLoad: (Engine Initialization) Total Blueprint compile time: 0.00 seconds
[2018.03.21-17.36.34:517][  0]LogExternalProfiler: Found external profiler: VSPerf
[2018.03.21-17.36.34:517][  0]LogExternalProfiler: Using external profiler: VSPerf
[2018.03.21-17.36.34:560][  0]LogContentStreaming: Texture pool size now 1000 MB
[2018.03.21-17.36.34:684][  0]LogSlate: Took 0.012634 seconds to synchronously load lazily loaded font '../../../Engine/Content/Slate/Fonts/Roboto-Light.ttf' (159K)
[2018.03.21-17.36.34:784][  2]LogAssetRegistry: Asset discovery search completed in 24.8155 seconds
[2018.03.21-17.36.34:788][  2]LogCollectionManager: Rebuilt the object cache for 0 collections in 0.000000 seconds (found 0 objects)
[2018.03.21-17.36.34:788][  2]LogCollectionManager: Fixed up redirectors for 0 collections in 0.000084 seconds (updated 0 objects)
[2018.03.21-17.36.37:552][245]LogSlate: Took 0.000245 seconds to synchronously load lazily loaded font '../../../Engine/Content/Slate/Fonts/Roboto-Light.ttf' (159K)
[2018.03.21-17.36.39:703][436]LogFileCache: Retrieving MD5 hashes for directory 'F:/Projects/AdventureP/AdventureUE4Project/Adventure/Content/' took 5.16s
[2018.03.21-17.36.48:073][319]LogSlate: Took 0.000186 seconds to synchronously load lazily loaded font '../../../Engine/Content/Slate/Fonts/Roboto-Light.ttf' (159K)
[2018.03.21-17.36.48:179][319]LogLinker: Warning: Can't find file '/Game/Scenes/roadSideScene_sharedassets/Mat_01_LayerInfo'
[2018.03.21-17.36.48:179][319]LogLinker: Warning: Can't find file for asset '/Game/Scenes/roadSideScene_sharedassets/Mat_01_LayerInfo' while loading ../../../../../Projects/AdventureP/AdventureUE4Project/Adventure/Content/Scenes/roadSideScene.umap.
[2018.03.21-17.36.48:179][319]LoadErrors: Error: /Game/Scenes/roadSideScene : Can't find file for asset. /Game/Scenes/roadSideScene_sharedassets/Mat_01_LayerInfo
[2018.03.21-17.36.48:180][319]LogLinker: Warning: Can't find file '/Game/Scenes/roadSideScene_sharedassets/Mat_01_LayerInfo_terrain3'
[2018.03.21-17.36.48:180][319]LogLinker: Warning: Can't find file for asset '/Game/Scenes/roadSideScene_sharedassets/Mat_01_LayerInfo_terrain3' while loading ../../../../../Projects/AdventureP/AdventureUE4Project/Adventure/Content/Scenes/roadSideScene.umap.
[2018.03.21-17.36.48:180][319]LoadErrors: Error: /Game/Scenes/roadSideScene : Can't find file for asset. /Game/Scenes/roadSideScene_sharedassets/Mat_01_LayerInfo_terrain3
[2018.03.21-17.36.48:180][319]LogLinker: Warning: Can't find file '/Game/Scenes/roadSideScene_sharedassets/Mat_02_LayerInfo'
[2018.03.21-17.36.48:180][319]LogLinker: Warning: Can't find file for asset '/Game/Scenes/roadSideScene_sharedassets/Mat_02_LayerInfo' while loading ../../../../../Projects/AdventureP/AdventureUE4Project/Adventure/Content/Scenes/roadSideScene.umap.
[2018.03.21-17.36.48:180][319]LoadErrors: Error: /Game/Scenes/roadSideScene : Can't find file for asset. /Game/Scenes/roadSideScene_sharedassets/Mat_02_LayerInfo
[2018.03.21-17.36.48:180][319]LogLinker: Warning: Can't find file '/Game/Scenes/roadSideScene_sharedassets/Mat_03_LayerInfo'
[2018.03.21-17.36.48:180][319]LogLinker: Warning: Can't find file for asset '/Game/Scenes/roadSideScene_sharedassets/Mat_03_LayerInfo' while loading ../../../../../Projects/AdventureP/AdventureUE4Project/Adventure/Content/Scenes/roadSideScene.umap.
[2018.03.21-17.36.48:181][319]LoadErrors: Error: /Game/Scenes/roadSideScene : Can't find file for asset. /Game/Scenes/roadSideScene_sharedassets/Mat_03_LayerInfo
[2018.03.21-17.36.48:181][319]LogLinker: Warning: Can't find file '/Game/Scenes/roadSideScene_sharedassets/Mat_03_LayerInfo_terrain3'
[2018.03.21-17.36.48:181][319]LogLinker: Warning: Can't find file for asset '/Game/Scenes/roadSideScene_sharedassets/Mat_03_LayerInfo_terrain3' while loading ../../../../../Projects/AdventureP/AdventureUE4Project/Adventure/Content/Scenes/roadSideScene.umap.
[2018.03.21-17.36.48:181][319]LoadErrors: Error: /Game/Scenes/roadSideScene : Can't find file for asset. /Game/Scenes/roadSideScene_sharedassets/Mat_03_LayerInfo_terrain3
[2018.03.21-17.36.48:181][319]LogLinker: Warning: Can't find file '/Game/Scenes/roadSideScene_sharedassets/Mat_04_LayerInfo'
[2018.03.21-17.36.48:181][319]LogLinker: Warning: Can't find file for asset '/Game/Scenes/roadSideScene_sharedassets/Mat_04_LayerInfo' while loading ../../../../../Projects/AdventureP/AdventureUE4Project/Adventure/Content/Scenes/roadSideScene.umap.
[2018.03.21-17.36.48:181][319]LoadErrors: Error: /Game/Scenes/roadSideScene : Can't find file for asset. /Game/Scenes/roadSideScene_sharedassets/Mat_04_LayerInfo
[2018.03.21-17.36.48:930][319]LogSlate: Took 0.000179 seconds to synchronously load lazily loaded font '../../../Engine/Content/Slate/Fonts/Roboto-Regular.ttf' (155K)
[2018.03.21-17.36.49:450][319]LogLinker: Warning: Can't find file '/Game/Scenes/roadSideScene_sharedassets/Mat_01_LayerInfo'
[2018.03.21-17.36.49:450][319]LogLinker: Warning: Can't find file for asset '/Game/Scenes/roadSideScene_sharedassets/Mat_01_LayerInfo' while loading ../../../../../Projects/AdventureP/AdventureUE4Project/Adventure/Content/Scenes/roadSideScene.umap.
[2018.03.21-17.36.49:450][319]LogLinker: Warning: Can't find file '/Game/Scenes/roadSideScene_sharedassets/Mat_01_LayerInfo_terrain3'
[2018.03.21-17.36.49:450][319]LogLinker: Warning: Can't find file for asset '/Game/Scenes/roadSideScene_sharedassets/Mat_01_LayerInfo_terrain3' while loading ../../../../../Projects/AdventureP/AdventureUE4Project/Adventure/Content/Scenes/roadSideScene.umap.
[2018.03.21-17.36.49:450][319]LogLinker: Warning: Can't find file '/Game/Scenes/roadSideScene_sharedassets/Mat_02_LayerInfo'
[2018.03.21-17.36.49:450][319]LogLinker: Warning: Can't find file for asset '/Game/Scenes/roadSideScene_sharedassets/Mat_02_LayerInfo' while loading ../../../../../Projects/AdventureP/AdventureUE4Project/Adventure/Content/Scenes/roadSideScene.umap.
[2018.03.21-17.36.49:450][319]LogLinker: Warning: Can't find file '/Game/Scenes/roadSideScene_sharedassets/Mat_03_LayerInfo'
[2018.03.21-17.36.49:451][319]LogLinker: Warning: Can't find file for asset '/Game/Scenes/roadSideScene_sharedassets/Mat_03_LayerInfo' while loading ../../../../../Projects/AdventureP/AdventureUE4Project/Adventure/Content/Scenes/roadSideScene.umap.
[2018.03.21-17.36.49:451][319]LogLinker: Warning: Can't find file '/Game/Scenes/roadSideScene_sharedassets/Mat_03_LayerInfo_terrain3'
[2018.03.21-17.36.49:451][319]LogLinker: Warning: Can't find file for asset '/Game/Scenes/roadSideScene_sharedassets/Mat_03_LayerInfo_terrain3' while loading ../../../../../Projects/AdventureP/AdventureUE4Project/Adventure/Content/Scenes/roadSideScene.umap.
[2018.03.21-17.36.49:451][319]LogLinker: Warning: Can't find file '/Game/Scenes/roadSideScene_sharedassets/Mat_04_LayerInfo'
[2018.03.21-17.36.49:451][319]LogLinker: Warning: Can't find file for asset '/Game/Scenes/roadSideScene_sharedassets/Mat_04_LayerInfo' while loading ../../../../../Projects/AdventureP/AdventureUE4Project/Adventure/Content/Scenes/roadSideScene.umap.
[2018.03.21-17.36.49:679][319]LogLinker: Warning: Can't find file '/Game/Scenes/roadSideScene_sharedassets/Mat_01_LayerInfo'
[2018.03.21-17.36.49:680][319]LoadErrors: Failed to load /Game/Scenes/roadSideScene_sharedassets/Mat_01_LayerInfo.Mat_01_LayerInfo Referenced by Landscape_0
[2018.03.21-17.36.49:680][319]LogLinker: Warning: Can't find file for asset '/Game/Scenes/roadSideScene_sharedassets/Mat_01_LayerInfo' while loading NULL.
[2018.03.21-17.36.49:680][319]LogLinker: Warning: Can't find file '/Game/Scenes/roadSideScene_sharedassets/Mat_02_LayerInfo'
[2018.03.21-17.36.49:680][319]LoadErrors: Failed to load /Game/Scenes/roadSideScene_sharedassets/Mat_02_LayerInfo.Mat_02_LayerInfo Referenced by Landscape_0
[2018.03.21-17.36.49:680][319]LogLinker: Warning: Can't find file for asset '/Game/Scenes/roadSideScene_sharedassets/Mat_02_LayerInfo' while loading NULL.
[2018.03.21-17.36.49:680][319]LogLinker: Warning: Can't find file '/Game/Scenes/roadSideScene_sharedassets/Mat_03_LayerInfo'
[2018.03.21-17.36.49:680][319]LoadErrors: Failed to load /Game/Scenes/roadSideScene_sharedassets/Mat_03_LayerInfo.Mat_03_LayerInfo Referenced by Landscape_0
[2018.03.21-17.36.49:681][319]LogLinker: Warning: Can't find file for asset '/Game/Scenes/roadSideScene_sharedassets/Mat_03_LayerInfo' while loading NULL.
[2018.03.21-17.36.49:681][319]LogLinker: Warning: Can't find file '/Game/Scenes/roadSideScene_sharedassets/Mat_04_LayerInfo'
[2018.03.21-17.36.49:681][319]LoadErrors: Failed to load /Game/Scenes/roadSideScene_sharedassets/Mat_04_LayerInfo.Mat_04_LayerInfo Referenced by Landscape_0
[2018.03.21-17.36.49:681][319]LogLinker: Warning: Can't find file for asset '/Game/Scenes/roadSideScene_sharedassets/Mat_04_LayerInfo' while loading NULL.
[2018.03.21-17.36.49:681][319]LogLinker: Warning: Can't find file '/Game/Scenes/roadSideScene_sharedassets/Mat_01_LayerInfo'
[2018.03.21-17.36.49:681][319]LogLinker: Warning: Can't find file for asset '/Game/Scenes/roadSideScene_sharedassets/Mat_01_LayerInfo' while loading NULL.
[2018.03.21-17.36.49:682][319]LogLinker: Warning: Can't find file '/Game/Scenes/roadSideScene_sharedassets/Mat_01_LayerInfo'
[2018.03.21-17.36.49:682][319]LogLinker: Warning: Can't find file for asset '/Game/Scenes/roadSideScene_sharedassets/Mat_01_LayerInfo' while loading NULL.
[2018.03.21-17.36.49:682][319]LogLinker: Warning: Can't find file '/Game/Scenes/roadSideScene_sharedassets/Mat_01_LayerInfo'
[2018.03.21-17.36.49:682][319]LogLinker: Warning: Can't find file for asset '/Game/Scenes/roadSideScene_sharedassets/Mat_01_LayerInfo' while loading NULL.
[2018.03.21-17.36.49:682][319]LogLinker: Warning: Can't find file '/Game/Scenes/roadSideScene_sharedassets/Mat_01_LayerInfo'
[2018.03.21-17.36.49:683][319]LogLinker: Warning: Can't find file for asset '/Game/Scenes/roadSideScene_sharedassets/Mat_01_LayerInfo' while loading NULL.
[2018.03.21-17.36.49:683][319]LogLinker: Warning: Can't find file '/Game/Scenes/roadSideScene_sharedassets/Mat_01_LayerInfo'
[2018.03.21-17.36.49:683][319]LogLinker: Warning: Can't find file for asset '/Game/Scenes/roadSideScene_sharedassets/Mat_01_LayerInfo' while loading NULL.
[2018.03.21-17.36.49:683][319]LogLinker: Warning: Can't find file '/Game/Scenes/roadSideScene_sharedassets/Mat_04_LayerInfo'
[2018.03.21-17.36.49:683][319]LogLinker: Warning: Can't find file for asset '/Game/Scenes/roadSideScene_sharedassets/Mat_04_LayerInfo' while loading NULL.
[2018.03.21-17.36.49:683][319]LogLinker: Warning: Can't find file '/Game/Scenes/roadSideScene_sharedassets/Mat_03_LayerInfo'
[2018.03.21-17.36.49:684][319]LogLinker: Warning: Can't find file for asset '/Game/Scenes/roadSideScene_sharedassets/Mat_03_LayerInfo' while loading NULL.
[2018.03.21-17.36.49:684][319]LogLinker: Warning: Can't find file '/Game/Scenes/roadSideScene_sharedassets/Mat_02_LayerInfo'
[2018.03.21-17.36.49:684][319]LogLinker: Warning: Can't find file for asset '/Game/Scenes/roadSideScene_sharedassets/Mat_02_LayerInfo' while loading NULL.
[2018.03.21-17.36.49:684][319]LogLinker: Warning: Can't find file '/Game/Scenes/roadSideScene_sharedassets/Mat_01_LayerInfo'
[2018.03.21-17.36.49:684][319]LogLinker: Warning: Can't find file for asset '/Game/Scenes/roadSideScene_sharedassets/Mat_01_LayerInfo' while loading NULL.
[2018.03.21-17.36.49:685][319]LogLinker: Warning: Can't find file '/Game/Scenes/roadSideScene_sharedassets/Mat_04_LayerInfo'
[2018.03.21-17.36.49:685][319]LogLinker: Warning: Can't find file for asset '/Game/Scenes/roadSideScene_sharedassets/Mat_04_LayerInfo' while loading NULL.
[2018.03.21-17.36.49:685][319]LogLinker: Warning: Can't find file '/Game/Scenes/roadSideScene_sharedassets/Mat_03_LayerInfo'
[2018.03.21-17.36.49:685][319]LogLinker: Warning: Can't find file for asset '/Game/Scenes/roadSideScene_sharedassets/Mat_03_LayerInfo' while loading NULL.
[2018.03.21-17.36.49:685][319]LogLinker: Warning: Can't find file '/Game/Scenes/roadSideScene_sharedassets/Mat_02_LayerInfo'
[2018.03.21-17.36.49:686][319]LogLinker: Warning: Can't find file for asset '/Game/Scenes/roadSideScene_sharedassets/Mat_02_LayerInfo' while loading NULL.
[2018.03.21-17.36.49:686][319]LogLinker: Warning: Can't find file '/Game/Scenes/roadSideScene_sharedassets/Mat_01_LayerInfo'
[2018.03.21-17.36.49:686][319]LogLinker: Warning: Can't find file for asset '/Game/Scenes/roadSideScene_sharedassets/Mat_01_LayerInfo' while loading NULL.
[2018.03.21-17.36.49:686][319]LogLinker: Warning: Can't find file '/Game/Scenes/roadSideScene_sharedassets/Mat_01_LayerInfo'
[2018.03.21-17.36.49:686][319]LogLinker: Warning: Can't find file for asset '/Game/Scenes/roadSideScene_sharedassets/Mat_01_LayerInfo' while loading NULL.
[2018.03.21-17.36.49:686][319]LogLinker: Warning: Can't find file '/Game/Scenes/roadSideScene_sharedassets/Mat_01_LayerInfo'
[2018.03.21-17.36.49:687][319]LogLinker: Warning: Can't find file for asset '/Game/Scenes/roadSideScene_sharedassets/Mat_01_LayerInfo' while loading NULL.
[2018.03.21-17.36.49:687][319]LogLinker: Warning: Can't find file '/Game/Scenes/roadSideScene_sharedassets/Mat_02_LayerInfo'
[2018.03.21-17.36.49:687][319]LogLinker: Warning: Can't find file for asset '/Game/Scenes/roadSideScene_sharedassets/Mat_02_LayerInfo' while loading NULL.
[2018.03.21-17.36.49:687][319]LogLinker: Warning: Can't find file '/Game/Scenes/roadSideScene_sharedassets/Mat_04_LayerInfo'
[2018.03.21-17.36.49:687][319]LogLinker: Warning: Can't find file for asset '/Game/Scenes/roadSideScene_sharedassets/Mat_04_LayerInfo' while loading NULL.
[2018.03.21-17.36.49:688][319]LogLinker: Warning: Can't find file '/Game/Scenes/roadSideScene_sharedassets/Mat_03_LayerInfo'
[2018.03.21-17.36.49:688][319]LogLinker: Warning: Can't find file for asset '/Game/Scenes/roadSideScene_sharedassets/Mat_03_LayerInfo' while loading NULL.
[2018.03.21-17.36.49:688][319]LogLinker: Warning: Can't find file '/Game/Scenes/roadSideScene_sharedassets/Mat_01_LayerInfo'
[2018.03.21-17.36.49:688][319]LogLinker: Warning: Can't find file for asset '/Game/Scenes/roadSideScene_sharedassets/Mat_01_LayerInfo' while loading NULL.
[2018.03.21-17.36.49:688][319]LogLinker: Warning: Can't find file '/Game/Scenes/roadSideScene_sharedassets/Mat_01_LayerInfo'
[2018.03.21-17.36.49:688][319]LogLinker: Warning: Can't find file for asset '/Game/Scenes/roadSideScene_sharedassets/Mat_01_LayerInfo' while loading NULL.
[2018.03.21-17.36.49:689][319]LogLinker: Warning: Can't find file '/Game/Scenes/roadSideScene_sharedassets/Mat_04_LayerInfo'
[2018.03.21-17.36.49:689][319]LogLinker: Warning: Can't find file for asset '/Game/Scenes/roadSideScene_sharedassets/Mat_04_LayerInfo' while loading NULL.
[2018.03.21-17.36.49:689][319]LogLinker: Warning: Can't find file '/Game/Scenes/roadSideScene_sharedassets/Mat_01_LayerInfo'
[2018.03.21-17.36.49:689][319]LogLinker: Warning: Can't find file for asset '/Game/Scenes/roadSideScene_sharedassets/Mat_01_LayerInfo' while loading NULL.
[2018.03.21-17.36.49:689][319]LogLinker: Warning: Can't find file '/Game/Scenes/roadSideScene_sharedassets/Mat_04_LayerInfo'
[2018.03.21-17.36.49:690][319]LogLinker: Warning: Can't find file for asset '/Game/Scenes/roadSideScene_sharedassets/Mat_04_LayerInfo' while loading NULL.
[2018.03.21-17.36.49:690][319]LogLinker: Warning: Can't find file '/Game/Scenes/roadSideScene_sharedassets/Mat_01_LayerInfo'
[2018.03.21-17.36.49:690][319]LogLinker: Warning: Can't find file for asset '/Game/Scenes/roadSideScene_sharedassets/Mat_01_LayerInfo' while loading NULL.
[2018.03.21-17.36.49:690][319]LogLinker: Warning: Can't find file '/Game/Scenes/roadSideScene_sharedassets/Mat_03_LayerInfo'
[2018.03.21-17.36.49:690][319]LogLinker: Warning: Can't find file for asset '/Game/Scenes/roadSideScene_sharedassets/Mat_03_LayerInfo' while loading NULL.
[2018.03.21-17.36.49:690][319]LogLinker: Warning: Can't find file '/Game/Scenes/roadSideScene_sharedassets/Mat_01_LayerInfo'
[2018.03.21-17.36.49:691][319]LogLinker: Warning: Can't find file for asset '/Game/Scenes/roadSideScene_sharedassets/Mat_01_LayerInfo' while loading NULL.
[2018.03.21-17.36.49:691][319]LogLinker: Warning: Can't find file '/Game/Scenes/roadSideScene_sharedassets/Mat_03_LayerInfo'
[2018.03.21-17.36.49:691][319]LogLinker: Warning: Can't find file for asset '/Game/Scenes/roadSideScene_sharedassets/Mat_03_LayerInfo' while loading NULL.
[2018.03.21-17.36.49:691][319]LogLinker: Warning: Can't find file '/Game/Scenes/roadSideScene_sharedassets/Mat_01_LayerInfo'
[2018.03.21-17.36.49:691][319]LogLinker: Warning: Can't find file for asset '/Game/Scenes/roadSideScene_sharedassets/Mat_01_LayerInfo' while loading NULL.
[2018.03.21-17.36.49:692][319]LogLinker: Warning: Can't find file '/Game/Scenes/roadSideScene_sharedassets/Mat_03_LayerInfo'
[2018.03.21-17.36.49:692][319]LogLinker: Warning: Can't find file for asset '/Game/Scenes/roadSideScene_sharedassets/Mat_03_LayerInfo' while loading NULL.
[2018.03.21-17.36.49:692][319]LogLinker: Warning: Can't find file '/Game/Scenes/roadSideScene_sharedassets/Mat_01_LayerInfo'
[2018.03.21-17.36.49:692][319]LogLinker: Warning: Can't find file for asset '/Game/Scenes/roadSideScene_sharedassets/Mat_01_LayerInfo' while loading NULL.
[2018.03.21-17.36.49:693][319]LogLinker: Warning: Can't find file '/Game/Scenes/roadSideScene_sharedassets/Mat_03_LayerInfo'
[2018.03.21-17.36.49:693][319]LogLinker: Warning: Can't find file for asset '/Game/Scenes/roadSideScene_sharedassets/Mat_03_LayerInfo' while loading NULL.
[2018.03.21-17.36.49:693][319]LogLinker: Warning: Can't find file '/Game/Scenes/roadSideScene_sharedassets/Mat_01_LayerInfo'
[2018.03.21-17.36.49:693][319]LogLinker: Warning: Can't find file for asset '/Game/Scenes/roadSideScene_sharedassets/Mat_01_LayerInfo' while loading NULL.
[2018.03.21-17.36.49:693][319]LogLinker: Warning: Can't find file '/Game/Scenes/roadSideScene_sharedassets/Mat_04_LayerInfo'
[2018.03.21-17.36.49:694][319]LogLinker: Warning: Can't find file for asset '/Game/Scenes/roadSideScene_sharedassets/Mat_04_LayerInfo' while loading NULL.
[2018.03.21-17.36.49:694][319]LogLinker: Warning: Can't find file '/Game/Scenes/roadSideScene_sharedassets/Mat_03_LayerInfo'
[2018.03.21-17.36.49:694][319]LogLinker: Warning: Can't find file for asset '/Game/Scenes/roadSideScene_sharedassets/Mat_03_LayerInfo' while loading NULL.
[2018.03.21-17.36.49:694][319]LogLinker: Warning: Can't find file '/Game/Scenes/roadSideScene_sharedassets/Mat_02_LayerInfo'
[2018.03.21-17.36.49:694][319]LogLinker: Warning: Can't find file for asset '/Game/Scenes/roadSideScene_sharedassets/Mat_02_LayerInfo' while loading NULL.
[2018.03.21-17.36.49:695][319]LogLinker: Warning: Can't find file '/Game/Scenes/roadSideScene_sharedassets/Mat_01_LayerInfo'
[2018.03.21-17.36.49:695][319]LogLinker: Warning: Can't find file for asset '/Game/Scenes/roadSideScene_sharedassets/Mat_01_LayerInfo' while loading NULL.
[2018.03.21-17.36.49:695][319]LogLinker: Warning: Can't find file '/Game/Scenes/roadSideScene_sharedassets/Mat_04_LayerInfo'
[2018.03.21-17.36.49:696][319]LogLinker: Warning: Can't find file for asset '/Game/Scenes/roadSideScene_sharedassets/Mat_04_LayerInfo' while loading NULL.
[2018.03.21-17.36.49:696][319]LogLinker: Warning: Can't find file '/Game/Scenes/roadSideScene_sharedassets/Mat_03_LayerInfo'
[2018.03.21-17.36.49:696][319]LogTexture: Display: Building textures: HQ_Lightmap0_10 (AutoDXT, 1024X1024)
[2018.03.21-17.36.49:696][319]LogLinker: Warning: Can't find file for asset '/Game/Scenes/roadSideScene_sharedassets/Mat_03_LayerInfo' while loading NULL.
[2018.03.21-17.36.49:696][319]LogLinker: Warning: Can't find file '/Game/Scenes/roadSideScene_sharedassets/Mat_02_LayerInfo'
[2018.03.21-17.36.49:696][319]LogLinker: Warning: Can't find file for asset '/Game/Scenes/roadSideScene_sharedassets/Mat_02_LayerInfo' while loading NULL.
[2018.03.21-17.36.49:701][319]LogLinker: Warning: Can't find file '/Game/Scenes/roadSideScene_sharedassets/Mat_01_LayerInfo_terrain3'
[2018.03.21-17.36.49:701][319]LoadErrors: Failed to load /Game/Scenes/roadSideScene_sharedassets/Mat_01_LayerInfo_terrain3.Mat_01_LayerInfo_terrain3 Referenced by Landscape_7
[2018.03.21-17.36.49:701][319]LogLinker: Warning: Can't find file for asset '/Game/Scenes/roadSideScene_sharedassets/Mat_01_LayerInfo_terrain3' while loading NULL.
[2018.03.21-17.36.49:701][319]LogLinker: Warning: Can't find file '/Game/Scenes/roadSideScene_sharedassets/Mat_03_LayerInfo_terrain3'
[2018.03.21-17.36.49:701][319]LoadErrors: Failed to load /Game/Scenes/roadSideScene_sharedassets/Mat_03_LayerInfo_terrain3.Mat_03_LayerInfo_terrain3 Referenced by Landscape_7
[2018.03.21-17.36.49:701][319]LogLinker: Warning: Can't find file for asset '/Game/Scenes/roadSideScene_sharedassets/Mat_03_LayerInfo_terrain3' while loading NULL.
[2018.03.21-17.36.49:702][319]LogLinker: Warning: Can't find file '/Game/Scenes/roadSideScene_sharedassets/Mat_01_LayerInfo_terrain3'
[2018.03.21-17.36.49:702][319]LogLinker: Warning: Can't find file for asset '/Game/Scenes/roadSideScene_sharedassets/Mat_01_LayerInfo_terrain3' while loading NULL.
[2018.03.21-17.36.49:702][319]LogLinker: Warning: Can't find file '/Game/Scenes/roadSideScene_sharedassets/Mat_03_LayerInfo_terrain3'
[2018.03.21-17.36.49:702][319]LogLinker: Warning: Can't find file for asset '/Game/Scenes/roadSideScene_sharedassets/Mat_03_LayerInfo_terrain3' while loading NULL.
[2018.03.21-17.36.49:703][319]LogLinker: Warning: Can't find file '/Game/Scenes/roadSideScene_sharedassets/Mat_01_LayerInfo_terrain3'
[2018.03.21-17.36.49:703][319]LogLinker: Warning: Can't find file for asset '/Game/Scenes/roadSideScene_sharedassets/Mat_01_LayerInfo_terrain3' while loading NULL.
[2018.03.21-17.36.49:703][319]LogLinker: Warning: Can't find file '/Game/Scenes/roadSideScene_sharedassets/Mat_03_LayerInfo_terrain3'
[2018.03.21-17.36.49:703][319]LogLinker: Warning: Can't find file for asset '/Game/Scenes/roadSideScene_sharedassets/Mat_03_LayerInfo_terrain3' while loading NULL.
[2018.03.21-17.36.49:703][319]LogLinker: Warning: Can't find file '/Game/Scenes/roadSideScene_sharedassets/Mat_01_LayerInfo_terrain3'
[2018.03.21-17.36.49:704][319]LogLinker: Warning: Can't find file for asset '/Game/Scenes/roadSideScene_sharedassets/Mat_01_LayerInfo_terrain3' while loading NULL.
[2018.03.21-17.36.49:704][319]LogLinker: Warning: Can't find file '/Game/Scenes/roadSideScene_sharedassets/Mat_03_LayerInfo_terrain3'
[2018.03.21-17.36.49:704][319]LogLinker: Warning: Can't find file for asset '/Game/Scenes/roadSideScene_sharedassets/Mat_03_LayerInfo_terrain3' while loading NULL.
[2018.03.21-17.36.49:709][319]LogTexture: Display: Building textures: HQ_Lightmap0_12 (AutoDXT, 1024X1024)
[2018.03.21-17.36.49:709][319]LogLinker: Warning: Can't find file '/Game/Scenes/roadSideScene_sharedassets/Mat_01_LayerInfo'
[2018.03.21-17.36.49:710][319]LogLinker: Warning: Can't find file for asset '/Game/Scenes/roadSideScene_sharedassets/Mat_01_LayerInfo' while loading NULL.
[2018.03.21-17.36.49:710][319]LogLinker: Warning: Can't find file '/Game/Scenes/roadSideScene_sharedassets/Mat_01_LayerInfo'
[2018.03.21-17.36.49:710][319]LogLinker: Warning: Can't find file for asset '/Game/Scenes/roadSideScene_sharedassets/Mat_01_LayerInfo' while loading NULL.
[2018.03.21-17.36.49:710][319]LogLinker: Warning: Can't find file '/Game/Scenes/roadSideScene_sharedassets/Mat_01_LayerInfo'
[2018.03.21-17.36.49:710][319]LogLinker: Warning: Can't find file for asset '/Game/Scenes/roadSideScene_sharedassets/Mat_01_LayerInfo' while loading NULL.
[2018.03.21-17.36.49:711][319]LogLinker: Warning: Can't find file '/Game/Scenes/roadSideScene_sharedassets/Mat_03_LayerInfo'
[2018.03.21-17.36.49:711][319]LogLinker: Warning: Can't find file for asset '/Game/Scenes/roadSideScene_sharedassets/Mat_03_LayerInfo' while loading NULL.
[2018.03.21-17.36.49:711][319]LogLinker: Warning: Can't find file '/Game/Scenes/roadSideScene_sharedassets/Mat_01_LayerInfo'
[2018.03.21-17.36.49:711][319]LogLinker: Warning: Can't find file for asset '/Game/Scenes/roadSideScene_sharedassets/Mat_01_LayerInfo' while loading NULL.
[2018.03.21-17.36.49:711][319]LogLinker: Warning: Can't find file '/Game/Scenes/roadSideScene_sharedassets/Mat_03_LayerInfo'
[2018.03.21-17.36.49:711][319]LogLinker: Warning: Can't find file for asset '/Game/Scenes/roadSideScene_sharedassets/Mat_03_LayerInfo' while loading NULL.
[2018.03.21-17.36.49:712][319]LogLinker: Warning: Can't find file '/Game/Scenes/roadSideScene_sharedassets/Mat_01_LayerInfo'
[2018.03.21-17.36.49:712][319]LogLinker: Warning: Can't find file for asset '/Game/Scenes/roadSideScene_sharedassets/Mat_01_LayerInfo' while loading NULL.
[2018.03.21-17.36.49:712][319]LogLinker: Warning: Can't find file '/Game/Scenes/roadSideScene_sharedassets/Mat_04_LayerInfo'
[2018.03.21-17.36.49:712][319]LogLinker: Warning: Can't find file for asset '/Game/Scenes/roadSideScene_sharedassets/Mat_04_LayerInfo' while loading NULL.
[2018.03.21-17.36.49:712][319]LogLinker: Warning: Can't find file '/Game/Scenes/roadSideScene_sharedassets/Mat_03_LayerInfo'
[2018.03.21-17.36.49:713][319]LogLinker: Warning: Can't find file for asset '/Game/Scenes/roadSideScene_sharedassets/Mat_03_LayerInfo' while loading NULL.
[2018.03.21-17.36.49:713][319]LogLinker: Warning: Can't find file '/Game/Scenes/roadSideScene_sharedassets/Mat_02_LayerInfo'
[2018.03.21-17.36.49:713][319]LogLinker: Warning: Can't find file for asset '/Game/Scenes/roadSideScene_sharedassets/Mat_02_LayerInfo' while loading NULL.
[2018.03.21-17.36.49:713][319]LogLinker: Warning: Can't find file '/Game/Scenes/roadSideScene_sharedassets/Mat_01_LayerInfo'
[2018.03.21-17.36.49:713][319]LogLinker: Warning: Can't find file for asset '/Game/Scenes/roadSideScene_sharedassets/Mat_01_LayerInfo' while loading NULL.
[2018.03.21-17.36.49:713][319]LogLinker: Warning: Can't find file '/Game/Scenes/roadSideScene_sharedassets/Mat_04_LayerInfo'
[2018.03.21-17.36.49:714][319]LogLinker: Warning: Can't find file for asset '/Game/Scenes/roadSideScene_sharedassets/Mat_04_LayerInfo' while loading NULL.
[2018.03.21-17.36.49:714][319]LogLinker: Warning: Can't find file '/Game/Scenes/roadSideScene_sharedassets/Mat_03_LayerInfo'
[2018.03.21-17.36.49:714][319]LogLinker: Warning: Can't find file for asset '/Game/Scenes/roadSideScene_sharedassets/Mat_03_LayerInfo' while loading NULL.
[2018.03.21-17.36.49:714][319]LogLinker: Warning: Can't find file '/Game/Scenes/roadSideScene_sharedassets/Mat_02_LayerInfo'
[2018.03.21-17.36.49:714][319]LogLinker: Warning: Can't find file for asset '/Game/Scenes/roadSideScene_sharedassets/Mat_02_LayerInfo' while loading NULL.
[2018.03.21-17.36.49:715][319]LogLinker: Warning: Can't find file '/Game/Scenes/roadSideScene_sharedassets/Mat_01_LayerInfo'
[2018.03.21-17.36.49:715][319]LogLinker: Warning: Can't find file for asset '/Game/Scenes/roadSideScene_sharedassets/Mat_01_LayerInfo' while loading NULL.
[2018.03.21-17.36.49:715][319]LogLinker: Warning: Can't find file '/Game/Scenes/roadSideScene_sharedassets/Mat_01_LayerInfo'
[2018.03.21-17.36.49:715][319]LogLinker: Warning: Can't find file for asset '/Game/Scenes/roadSideScene_sharedassets/Mat_01_LayerInfo' while loading NULL.
[2018.03.21-17.36.49:715][319]LogLinker: Warning: Can't find file '/Game/Scenes/roadSideScene_sharedassets/Mat_02_LayerInfo'
[2018.03.21-17.36.49:716][319]LogLinker: Warning: Can't find file for asset '/Game/Scenes/roadSideScene_sharedassets/Mat_02_LayerInfo' while loading NULL.
[2018.03.21-17.36.49:716][319]LogLinker: Warning: Can't find file '/Game/Scenes/roadSideScene_sharedassets/Mat_04_LayerInfo'
[2018.03.21-17.36.49:716][319]LogLinker: Warning: Can't find file for asset '/Game/Scenes/roadSideScene_sharedassets/Mat_04_LayerInfo' while loading NULL.
[2018.03.21-17.36.49:716][319]LogLinker: Warning: Can't find file '/Game/Scenes/roadSideScene_sharedassets/Mat_03_LayerInfo'
[2018.03.21-17.36.49:716][319]LogLinker: Warning: Can't find file for asset '/Game/Scenes/roadSideScene_sharedassets/Mat_03_LayerInfo' while loading NULL.
[2018.03.21-17.36.49:717][319]LogLinker: Warning: Can't find file '/Game/Scenes/roadSideScene_sharedassets/Mat_01_LayerInfo'
[2018.03.21-17.36.49:717][319]LogLinker: Warning: Can't find file for asset '/Game/Scenes/roadSideScene_sharedassets/Mat_01_LayerInfo' while loading NULL.
[2018.03.21-17.36.49:717][319]LogLinker: Warning: Can't find file '/Game/Scenes/roadSideScene_sharedassets/Mat_04_LayerInfo'
[2018.03.21-17.36.49:717][319]LogLinker: Warning: Can't find file for asset '/Game/Scenes/roadSideScene_sharedassets/Mat_04_LayerInfo' while loading NULL.
[2018.03.21-17.36.49:720][319]LogLinker: Warning: Can't find file '/Game/Scenes/roadSideScene_sharedassets/Mat_01_LayerInfo_terrain3'
[2018.03.21-17.36.49:721][319]LogLinker: Warning: Can't find file for asset '/Game/Scenes/roadSideScene_sharedassets/Mat_01_LayerInfo_terrain3' while loading NULL.
[2018.03.21-17.36.49:721][319]LogLinker: Warning: Can't find file '/Game/Scenes/roadSideScene_sharedassets/Mat_03_LayerInfo_terrain3'
[2018.03.21-17.36.49:721][319]LogLinker: Warning: Can't find file for asset '/Game/Scenes/roadSideScene_sharedassets/Mat_03_LayerInfo_terrain3' while loading NULL.
[2018.03.21-17.36.49:721][319]LogLinker: Warning: Can't find file '/Game/Scenes/roadSideScene_sharedassets/Mat_01_LayerInfo_terrain3'
[2018.03.21-17.36.49:721][319]LogLinker: Warning: Can't find file for asset '/Game/Scenes/roadSideScene_sharedassets/Mat_01_LayerInfo_terrain3' while loading NULL.
[2018.03.21-17.36.49:722][319]LogLinker: Warning: Can't find file '/Game/Scenes/roadSideScene_sharedassets/Mat_03_LayerInfo_terrain3'
[2018.03.21-17.36.49:722][319]LogLinker: Warning: Can't find file for asset '/Game/Scenes/roadSideScene_sharedassets/Mat_03_LayerInfo_terrain3' while loading NULL.
[2018.03.21-17.36.49:722][319]LogLinker: Warning: Can't find file '/Game/Scenes/roadSideScene_sharedassets/Mat_01_LayerInfo_terrain3'
[2018.03.21-17.36.49:722][319]LogLinker: Warning: Can't find file for asset '/Game/Scenes/roadSideScene_sharedassets/Mat_01_LayerInfo_terrain3' while loading NULL.
[2018.03.21-17.36.49:722][319]LogLinker: Warning: Can't find file '/Game/Scenes/roadSideScene_sharedassets/Mat_03_LayerInfo_terrain3'
[2018.03.21-17.36.49:722][319]LogLinker: Warning: Can't find file for asset '/Game/Scenes/roadSideScene_sharedassets/Mat_03_LayerInfo_terrain3' while loading NULL.
[2018.03.21-17.36.49:723][319]LogLinker: Warning: Can't find file '/Game/Scenes/roadSideScene_sharedassets/Mat_01_LayerInfo_terrain3'
[2018.03.21-17.36.49:723][319]LogLinker: Warning: Can't find file for asset '/Game/Scenes/roadSideScene_sharedassets/Mat_01_LayerInfo_terrain3' while loading NULL.
[2018.03.21-17.36.49:723][319]LogLinker: Warning: Can't find file '/Game/Scenes/roadSideScene_sharedassets/Mat_03_LayerInfo_terrain3'
[2018.03.21-17.36.49:723][319]LogLinker: Warning: Can't find file for asset '/Game/Scenes/roadSideScene_sharedassets/Mat_03_LayerInfo_terrain3' while loading NULL.
[2018.03.21-17.36.51:383][319]LogTexture: Display: Building textures: HQ_Lightmap0_17 (AutoDXT, 128X128)
[2018.03.21-17.36.51:383][319]LogTexture: Display: Building textures: HQ_Lightmap0_13 (AutoDXT, 1024X1024)
[2018.03.21-17.36.51:383][319]LogTexture: Display: Building textures: HQ_Lightmap0_3 (AutoDXT, 1024X1024)
[2018.03.21-17.36.51:384][319]LogTexture: Display: Building textures: HQ_Lightmap0_4 (AutoDXT, 1024X1024)
[2018.03.21-17.36.51:761][319]LogTexture: Display: Building textures: HQ_Lightmap0_7 (AutoDXT, 512X512)
[2018.03.21-17.36.51:761][319]LogTexture: Display: Building textures: HQ_Lightmap0_95 (AutoDXT, 128X128)
[2018.03.21-17.36.58:782][319]LogTexture: Display: Building textures: HQ_Lightmap1_11 (AutoDXT, 1024X1024)
[2018.03.21-17.36.58:782][319]LogTexture: Display: Building textures: HQ_Lightmap1_1 (AutoDXT, 2048X2048)
[2018.03.21-17.36.58:782][319]LogTexture: Display: Building textures: HQ_Lightmap1_14 (AutoDXT, 1024X1024)
[2018.03.21-17.36.58:782][319]LogTexture: Display: Building textures: HQ_Lightmap1_15 (AutoDXT, 1024X1024)
[2018.03.21-17.36.58:782][319]LogTexture: Display: Building textures: HQ_Lightmap1_16 (AutoDXT, 256X256)
[2018.03.21-17.36.58:782][319]LogTexture: Display: Building textures: HQ_Lightmap1_18 (AutoDXT, 128X128)
[2018.03.21-17.36.58:782][319]LogTexture: Display: Building textures: HQ_Lightmap1_19 (AutoDXT, 128X128)
[2018.03.21-17.36.58:782][319]LogTexture: Display: Building textures: HQ_Lightmap1_2 (AutoDXT, 2048X2048)
[2018.03.21-17.37.00:831][319]LogTexture: Display: Building textures: HQ_Lightmap1_20 (AutoDXT, 128X128)
[2018.03.21-17.37.00:831][319]LogTexture: Display: Building textures: HQ_Lightmap1_21 (AutoDXT, 128X128)
[2018.03.21-17.37.00:831][319]LogTexture: Display: Building textures: HQ_Lightmap1_22 (AutoDXT, 128X128)
[2018.03.21-17.37.00:831][319]LogTexture: Display: Building textures: HQ_Lightmap1_23 (AutoDXT, 128X128)
[2018.03.21-17.37.00:831][319]LogTexture: Display: Building textures: HQ_Lightmap1_24 (AutoDXT, 128X128)
[2018.03.21-17.37.00:831][319]LogTexture: Display: Building textures: HQ_Lightmap1_25 (AutoDXT, 128X128)
[2018.03.21-17.37.00:831][319]LogTexture: Display: Building textures: HQ_Lightmap1_26 (AutoDXT, 128X128)
[2018.03.21-17.37.00:831][319]LogTexture: Display: Building textures: HQ_Lightmap1_27 (AutoDXT, 128X128)
[2018.03.21-17.37.00:831][319]LogTexture: Display: Building textures: HQ_Lightmap1_28 (AutoDXT, 128X128)
[2018.03.21-17.37.00:831][319]LogTexture: Display: Building textures: HQ_Lightmap1_29 (AutoDXT, 128X128)
[2018.03.21-17.37.00:831][319]LogTexture: Display: Building textures: HQ_Lightmap1_30 (AutoDXT, 128X128)
[2018.03.21-17.37.00:831][319]LogTexture: Display: Building textures: HQ_Lightmap1_31 (AutoDXT, 128X128)
[2018.03.21-17.37.00:831][319]LogTexture: Display: Building textures: HQ_Lightmap1_32 (AutoDXT, 128X128)
[2018.03.21-17.37.00:831][319]LogTexture: Display: Building textures: HQ_Lightmap1_33 (AutoDXT, 128X128)
[2018.03.21-17.37.00:831][319]LogTexture: Display: Building textures: HQ_Lightmap1_34 (AutoDXT, 128X128)
[2018.03.21-17.37.00:831][319]LogTexture: Display: Building textures: HQ_Lightmap1_35 (AutoDXT, 128X128)
[2018.03.21-17.37.00:831][319]LogTexture: Display: Building textures: HQ_Lightmap1_36 (AutoDXT, 128X128)
[2018.03.21-17.37.00:831][319]LogTexture: Display: Building textures: HQ_Lightmap1_37 (AutoDXT, 128X128)
[2018.03.21-17.37.00:831][319]LogTexture: Display: Building textures: HQ_Lightmap1_38 (AutoDXT, 128X128)
[2018.03.21-17.37.00:831][319]LogTexture: Display: Building textures: HQ_Lightmap1_39 (AutoDXT, 128X128)
[2018.03.21-17.37.00:831][319]LogTexture: Display: Building textures: HQ_Lightmap1_40 (AutoDXT, 128X128)
[2018.03.21-17.37.00:831][319]LogTexture: Display: Building textures: HQ_Lightmap1_41 (AutoDXT, 128X128)
[2018.03.21-17.37.00:831][319]LogTexture: Display: Building textures: HQ_Lightmap1_42 (AutoDXT, 128X128)
[2018.03.21-17.37.00:831][319]LogTexture: Display: Building textures: HQ_Lightmap1_43 (AutoDXT, 128X128)
[2018.03.21-17.37.00:831][319]LogTexture: Display: Building textures: HQ_Lightmap1_44 (AutoDXT, 128X128)
[2018.03.21-17.37.00:831][319]LogTexture: Display: Building textures: HQ_Lightmap1_45 (AutoDXT, 128X128)
[2018.03.21-17.37.00:831][319]LogTexture: Display: Building textures: HQ_Lightmap1_46 (AutoDXT, 128X128)
[2018.03.21-17.37.00:831][319]LogTexture: Display: Building textures: HQ_Lightmap1_47 (AutoDXT, 128X128)
[2018.03.21-17.37.00:831][319]LogTexture: Display: Building textures: HQ_Lightmap1_48 (AutoDXT, 128X128)
[2018.03.21-17.37.00:831][319]LogTexture: Display: Building textures: HQ_Lightmap1_49 (AutoDXT, 256X256)
[2018.03.21-17.37.00:831][319]LogTexture: Display: Building textures: HQ_Lightmap1_5 (AutoDXT, 1024X1024)
[2018.03.21-17.37.00:832][319]LogTexture: Display: Building textures: HQ_Lightmap1_50 (AutoDXT, 128X128)
[2018.03.21-17.37.00:832][319]LogTexture: Display: Building textures: HQ_Lightmap1_51 (AutoDXT, 128X128)
[2018.03.21-17.37.00:832][319]LogTexture: Display: Building textures: HQ_Lightmap1_52 (AutoDXT, 128X128)
[2018.03.21-17.37.00:832][319]LogTexture: Display: Building textures: HQ_Lightmap1_53 (AutoDXT, 128X128)
[2018.03.21-17.37.00:832][319]LogTexture: Display: Building textures: HQ_Lightmap1_54 (AutoDXT, 128X128)
[2018.03.21-17.37.00:832][319]LogTexture: Display: Building textures: HQ_Lightmap1_55 (AutoDXT, 128X128)
[2018.03.21-17.37.00:832][319]LogTexture: Display: Building textures: HQ_Lightmap1_56 (AutoDXT, 128X128)
[2018.03.21-17.37.00:832][319]LogTexture: Display: Building textures: HQ_Lightmap1_57 (AutoDXT, 128X128)
[2018.03.21-17.37.00:832][319]LogTexture: Display: Building textures: HQ_Lightmap1_58 (AutoDXT, 128X128)
[2018.03.21-17.37.00:832][319]LogTexture: Display: Building textures: HQ_Lightmap1_59 (AutoDXT, 128X128)
[2018.03.21-17.37.00:832][319]LogTexture: Display: Building textures: HQ_Lightmap1_6 (AutoDXT, 512X512)
[2018.03.21-17.37.00:837][319]LogTexture: Display: Building textures: HQ_Lightmap1_60 (AutoDXT, 128X128)
[2018.03.21-17.37.01:041][319]LogTexture: Display: Building textures: HQ_Lightmap1_61 (AutoDXT, 128X128)
[2018.03.21-17.37.01:041][319]LogTexture: Display: Building textures: HQ_Lightmap1_62 (AutoDXT, 128X128)
[2018.03.21-17.37.01:041][319]LogTexture: Display: Building textures: HQ_Lightmap1_63 (AutoDXT, 128X128)
[2018.03.21-17.37.01:041][319]LogTexture: Display: Building textures: HQ_Lightmap1_64 (AutoDXT, 128X128)
[2018.03.21-17.37.01:041][319]LogTexture: Display: Building textures: HQ_Lightmap1_65 (AutoDXT, 128X128)
[2018.03.21-17.37.01:041][319]LogTexture: Display: Building textures: HQ_Lightmap1_66 (AutoDXT, 128X128)
[2018.03.21-17.37.01:041][319]LogTexture: Display: Building textures: HQ_Lightmap1_67 (AutoDXT, 128X128)
[2018.03.21-17.37.01:041][319]LogTexture: Display: Building textures: HQ_Lightmap1_68 (AutoDXT, 128X128)
[2018.03.21-17.37.01:041][319]LogTexture: Display: Building textures: HQ_Lightmap1_69 (AutoDXT, 128X128)
[2018.03.21-17.37.01:041][319]LogTexture: Display: Building textures: HQ_Lightmap1_70 (AutoDXT, 128X128)
[2018.03.21-17.37.01:041][319]LogTexture: Display: Building textures: HQ_Lightmap1_71 (AutoDXT, 128X128)
[2018.03.21-17.37.01:041][319]LogTexture: Display: Building textures: HQ_Lightmap1_72 (AutoDXT, 128X128)
[2018.03.21-17.37.01:041][319]LogTexture: Display: Building textures: HQ_Lightmap1_73 (AutoDXT, 128X128)
[2018.03.21-17.37.01:042][319]LogTexture: Display: Building textures: HQ_Lightmap1_74 (AutoDXT, 128X128)
[2018.03.21-17.37.01:436][319]LogTexture: Display: Building textures: HQ_Lightmap1_75 (AutoDXT, 128X128)
[2018.03.21-17.37.01:436][319]LogTexture: Display: Building textures: HQ_Lightmap1_76 (AutoDXT, 128X128)
[2018.03.21-17.37.01:436][319]LogTexture: Display: Building textures: HQ_Lightmap1_77 (AutoDXT, 128X128)
[2018.03.21-17.37.01:436][319]LogTexture: Display: Building textures: HQ_Lightmap1_78 (AutoDXT, 128X128)
[2018.03.21-17.37.01:436][319]LogTexture: Display: Building textures: HQ_Lightmap1_79 (AutoDXT, 128X128)
[2018.03.21-17.37.01:436][319]LogTexture: Display: Building textures: HQ_Lightmap1_80 (AutoDXT, 128X128)
[2018.03.21-17.37.01:436][319]LogTexture: Display: Building textures: HQ_Lightmap1_8 (AutoDXT, 512X512)
[2018.03.21-17.37.01:436][319]LogTexture: Display: Building textures: HQ_Lightmap1_81 (AutoDXT, 128X128)
[2018.03.21-17.37.01:436][319]LogTexture: Display: Building textures: HQ_Lightmap1_82 (AutoDXT, 128X128)
[2018.03.21-17.37.01:436][319]LogTexture: Display: Building textures: HQ_Lightmap1_83 (AutoDXT, 128X128)
[2018.03.21-17.37.01:436][319]LogTexture: Display: Building textures: HQ_Lightmap1_84 (AutoDXT, 128X128)
[2018.03.21-17.37.01:436][319]LogTexture: Display: Building textures: HQ_Lightmap1_85 (AutoDXT, 128X128)
[2018.03.21-17.37.01:436][319]LogTexture: Display: Building textures: HQ_Lightmap1_86 (AutoDXT, 128X128)
[2018.03.21-17.37.01:436][319]LogTexture: Display: Building textures: HQ_Lightmap1_87 (AutoDXT, 128X128)
[2018.03.21-17.37.01:436][319]LogTexture: Display: Building textures: HQ_Lightmap1_88 (AutoDXT, 128X128)
[2018.03.21-17.37.01:436][319]LogTexture: Display: Building textures: HQ_Lightmap1_89 (AutoDXT, 128X128)
[2018.03.21-17.37.01:436][319]LogTexture: Display: Building textures: HQ_Lightmap1_9 (AutoDXT, 1024X1024)
[2018.03.21-17.37.02:403][319]LogTexture: Display: Building textures: HQ_Lightmap1_90 (AutoDXT, 128X128)
[2018.03.21-17.37.02:403][319]LogTexture: Display: Building textures: HQ_Lightmap1_91 (AutoDXT, 128X128)
[2018.03.21-17.37.02:403][319]LogTexture: Display: Building textures: HQ_Lightmap1_92 (AutoDXT, 128X128)
[2018.03.21-17.37.02:403][319]LogTexture: Display: Building textures: HQ_Lightmap1_93 (AutoDXT, 128X128)
[2018.03.21-17.37.02:403][319]LogTexture: Display: Building textures: HQ_Lightmap1_94 (AutoDXT, 128X128)
[2018.03.21-17.37.02:403][319]LogTexture: Display: Building textures: HQ_Lightmap1_96 (AutoDXT, 128X128)
[2018.03.21-17.37.02:403][319]LogTexture: Display: Building textures: HQ_Lightmap1_97 (AutoDXT, 128X128)
[2018.03.21-17.37.02:403][319]LogTexture: Display: Building textures: HQ_Lightmap1_98 (AutoDXT, 64X64)
[2018.03.21-17.37.02:403][319]LogTexture: Display: Building textures: LQ_Lightmap_0_10 (DXT1, 1024X1024)
[2018.03.21-17.37.02:403][319]LogTexture: Display: Building textures: LQ_Lightmap_0_12 (DXT1, 1024X1024)
[2018.03.21-17.37.02:800][319]LogTexture: Display: Building textures: LQ_Lightmap_0_13 (DXT1, 1024X1024)
[2018.03.21-17.37.03:535][319]LogTexture: Display: Building textures: LQ_Lightmap_0_17 (DXT1, 128X128)
[2018.03.21-17.37.03:535][319]LogTexture: Display: Building textures: LQ_Lightmap_0_3 (DXT1, 1024X1024)
[2018.03.21-17.37.03:535][319]LogTexture: Display: Building textures: LQ_Lightmap_0_4 (DXT1, 1024X1024)
[2018.03.21-17.37.03:535][319]LogTexture: Display: Building textures: LQ_Lightmap_0_7 (DXT1, 512X512)
[2018.03.21-17.37.03:535][319]LogTexture: Display: Building textures: LQ_Lightmap_0_95 (DXT1, 128X128)
[2018.03.21-17.37.03:535][319]LogTexture: Display: Building textures: LQ_Lightmap_1_1 (DXT1, 2048X2048)
[2018.03.21-17.37.07:737][319]LogTexture: Display: Building textures: LQ_Lightmap_1_11 (DXT1, 1024X1024)
[2018.03.21-17.37.07:737][319]LogTexture: Display: Building textures: LQ_Lightmap_1_14 (DXT1, 1024X1024)
[2018.03.21-17.37.07:737][319]LogTexture: Display: Building textures: LQ_Lightmap_1_15 (DXT1, 1024X1024)
[2018.03.21-17.37.07:737][319]LogTexture: Display: Building textures: LQ_Lightmap_1_16 (DXT1, 256X256)
[2018.03.21-17.37.07:737][319]LogTexture: Display: Building textures: LQ_Lightmap_1_18 (DXT1, 128X128)
[2018.03.21-17.37.07:737][319]LogTexture: Display: Building textures: LQ_Lightmap_1_19 (DXT1, 128X128)
[2018.03.21-17.37.07:737][319]LogTexture: Display: Building textures: LQ_Lightmap_1_2 (DXT1, 2048X2048)
[2018.03.21-17.37.10:166][319]LogTexture: Display: Building textures: LQ_Lightmap_1_20 (DXT1, 128X128)
[2018.03.21-17.37.10:166][319]LogTexture: Display: Building textures: LQ_Lightmap_1_21 (DXT1, 128X128)
[2018.03.21-17.37.10:166][319]LogTexture: Display: Building textures: LQ_Lightmap_1_22 (DXT1, 128X128)
[2018.03.21-17.37.10:166][319]LogTexture: Display: Building textures: LQ_Lightmap_1_23 (DXT1, 128X128)
[2018.03.21-17.37.10:166][319]LogTexture: Display: Building textures: LQ_Lightmap_1_24 (DXT1, 128X128)
[2018.03.21-17.37.10:166][319]LogTexture: Display: Building textures: LQ_Lightmap_1_25 (DXT1, 128X128)
[2018.03.21-17.37.10:166][319]LogTexture: Display: Building textures: LQ_Lightmap_1_26 (DXT1, 128X128)
[2018.03.21-17.37.10:166][319]LogTexture: Display: Building textures: LQ_Lightmap_1_27 (DXT1, 128X128)
[2018.03.21-17.37.10:166][319]LogTexture: Display: Building textures: LQ_Lightmap_1_28 (DXT1, 128X128)
[2018.03.21-17.37.10:166][319]LogTexture: Display: Building textures: LQ_Lightmap_1_29 (DXT1, 128X128)
[2018.03.21-17.37.10:166][319]LogTexture: Display: Building textures: LQ_Lightmap_1_30 (DXT1, 128X128)
[2018.03.21-17.37.10:166][319]LogTexture: Display: Building textures: LQ_Lightmap_1_31 (DXT1, 128X128)
[2018.03.21-17.37.10:166][319]LogTexture: Display: Building textures: LQ_Lightmap_1_32 (DXT1, 128X128)
[2018.03.21-17.37.10:166][319]LogTexture: Display: Building textures: LQ_Lightmap_1_33 (DXT1, 128X128)
[2018.03.21-17.37.10:166][319]LogTexture: Display: Building textures: LQ_Lightmap_1_34 (DXT1, 128X128)
[2018.03.21-17.37.10:166][319]LogTexture: Display: Building textures: LQ_Lightmap_1_35 (DXT1, 128X128)
[2018.03.21-17.37.10:166][319]LogTexture: Display: Building textures: LQ_Lightmap_1_36 (DXT1, 128X128)
[2018.03.21-17.37.10:166][319]LogTexture: Display: Building textures: LQ_Lightmap_1_37 (DXT1, 128X128)
[2018.03.21-17.37.10:166][319]LogTexture: Display: Building textures: LQ_Lightmap_1_38 (DXT1, 128X128)
[2018.03.21-17.37.10:166][319]LogTexture: Display: Building textures: LQ_Lightmap_1_39 (DXT1, 128X128)
[2018.03.21-17.37.10:166][319]LogTexture: Display: Building textures: LQ_Lightmap_1_40 (DXT1, 128X128)
[2018.03.21-17.37.10:166][319]LogTexture: Display: Building textures: LQ_Lightmap_1_41 (DXT1, 128X128)
[2018.03.21-17.37.10:166][319]LogTexture: Display: Building textures: LQ_Lightmap_1_42 (DXT1, 128X128)
[2018.03.21-17.37.10:166][319]LogTexture: Display: Building textures: LQ_Lightmap_1_43 (DXT1, 128X128)
[2018.03.21-17.37.10:166][319]LogTexture: Display: Building textures: LQ_Lightmap_1_44 (DXT1, 128X128)
[2018.03.21-17.37.10:166][319]LogTexture: Display: Building textures: LQ_Lightmap_1_45 (DXT1, 128X128)
[2018.03.21-17.37.10:166][319]LogTexture: Display: Building textures: LQ_Lightmap_1_46 (DXT1, 128X128)
[2018.03.21-17.37.10:166][319]LogTexture: Display: Building textures: LQ_Lightmap_1_47 (DXT1, 128X128)
[2018.03.21-17.37.10:166][319]LogTexture: Display: Building textures: LQ_Lightmap_1_48 (DXT1, 128X128)
[2018.03.21-17.37.10:166][319]LogTexture: Display: Building textures: LQ_Lightmap_1_49 (DXT1, 256X256)
[2018.03.21-17.37.10:166][319]LogTexture: Display: Building textures: LQ_Lightmap_1_5 (DXT1, 1024X1024)
[2018.03.21-17.37.10:166][319]LogTexture: Display: Building textures: LQ_Lightmap_1_50 (DXT1, 128X128)
[2018.03.21-17.37.10:166][319]LogTexture: Display: Building textures: LQ_Lightmap_1_51 (DXT1, 128X128)
[2018.03.21-17.37.10:167][319]LogTexture: Display: Building textures: LQ_Lightmap_1_52 (DXT1, 128X128)
[2018.03.21-17.37.10:167][319]LogTexture: Display: Building textures: LQ_Lightmap_1_53 (DXT1, 128X128)
[2018.03.21-17.37.10:167][319]LogTexture: Display: Building textures: LQ_Lightmap_1_54 (DXT1, 128X128)
[2018.03.21-17.37.10:167][319]LogTexture: Display: Building textures: LQ_Lightmap_1_55 (DXT1, 128X128)
[2018.03.21-17.37.10:167][319]LogTexture: Display: Building textures: LQ_Lightmap_1_56 (DXT1, 128X128)
[2018.03.21-17.37.10:167][319]LogTexture: Display: Building textures: LQ_Lightmap_1_57 (DXT1, 128X128)
[2018.03.21-17.37.10:167][319]LogTexture: Display: Building textures: LQ_Lightmap_1_58 (DXT1, 128X128)
[2018.03.21-17.37.10:167][319]LogTexture: Display: Building textures: LQ_Lightmap_1_59 (DXT1, 128X128)
[2018.03.21-17.37.10:167][319]LogTexture: Display: Building textures: LQ_Lightmap_1_6 (DXT1, 512X512)
[2018.03.21-17.37.10:167][319]LogTexture: Display: Building textures: LQ_Lightmap_1_60 (DXT1, 128X128)
[2018.03.21-17.37.10:167][319]LogTexture: Display: Building textures: LQ_Lightmap_1_61 (DXT1, 128X128)
[2018.03.21-17.37.10:167][319]LogTexture: Display: Building textures: LQ_Lightmap_1_62 (DXT1, 128X128)
[2018.03.21-17.37.10:167][319]LogTexture: Display: Building textures: LQ_Lightmap_1_63 (DXT1, 128X128)
[2018.03.21-17.37.10:167][319]LogTexture: Display: Building textures: LQ_Lightmap_1_64 (DXT1, 128X128)
[2018.03.21-17.37.10:167][319]LogTexture: Display: Building textures: LQ_Lightmap_1_65 (DXT1, 128X128)
[2018.03.21-17.37.10:167][319]LogTexture: Display: Building textures: LQ_Lightmap_1_66 (DXT1, 128X128)
[2018.03.21-17.37.10:167][319]LogTexture: Display: Building textures: LQ_Lightmap_1_67 (DXT1, 128X128)
[2018.03.21-17.37.10:167][319]LogTexture: Display: Building textures: LQ_Lightmap_1_68 (DXT1, 128X128)
[2018.03.21-17.37.10:167][319]LogTexture: Display: Building textures: LQ_Lightmap_1_69 (DXT1, 128X128)
[2018.03.21-17.37.10:167][319]LogTexture: Display: Building textures: LQ_Lightmap_1_70 (DXT1, 128X128)
[2018.03.21-17.37.10:167][319]LogTexture: Display: Building textures: LQ_Lightmap_1_71 (DXT1, 128X128)
[2018.03.21-17.37.10:167][319]LogTexture: Display: Building textures: LQ_Lightmap_1_72 (DXT1, 128X128)
[2018.03.21-17.37.10:167][319]LogTexture: Display: Building textures: LQ_Lightmap_1_73 (DXT1, 128X128)
[2018.03.21-17.37.10:167][319]LogTexture: Display: Building textures: LQ_Lightmap_1_74 (DXT1, 128X128)
[2018.03.21-17.37.10:167][319]LogTexture: Display: Building textures: LQ_Lightmap_1_75 (DXT1, 128X128)
[2018.03.21-17.37.10:167][319]LogTexture: Display: Building textures: LQ_Lightmap_1_76 (DXT1, 128X128)
[2018.03.21-17.37.10:167][319]LogTexture: Display: Building textures: LQ_Lightmap_1_77 (DXT1, 128X128)
[2018.03.21-17.37.10:167][319]LogTexture: Display: Building textures: LQ_Lightmap_1_78 (DXT1, 128X128)
[2018.03.21-17.37.10:167][319]LogTexture: Display: Building textures: LQ_Lightmap_1_79 (DXT1, 128X128)
[2018.03.21-17.37.10:167][319]LogTexture: Display: Building textures: LQ_Lightmap_1_8 (DXT1, 512X512)
[2018.03.21-17.37.10:167][319]LogTexture: Display: Building textures: LQ_Lightmap_1_80 (DXT1, 128X128)
[2018.03.21-17.37.10:167][319]LogTexture: Display: Building textures: LQ_Lightmap_1_81 (DXT1, 128X128)
[2018.03.21-17.37.10:167][319]LogTexture: Display: Building textures: LQ_Lightmap_1_82 (DXT1, 128X128)
[2018.03.21-17.37.10:167][319]LogTexture: Display: Building textures: LQ_Lightmap_1_83 (DXT1, 128X128)
[2018.03.21-17.37.11:021][319]LogTexture: Display: Building textures: LQ_Lightmap_1_84 (DXT1, 128X128)
[2018.03.21-17.37.11:021][319]LogTexture: Display: Building textures: LQ_Lightmap_1_85 (DXT1, 128X128)
[2018.03.21-17.37.11:021][319]LogTexture: Display: Building textures: LQ_Lightmap_1_86 (DXT1, 128X128)
[2018.03.21-17.37.11:021][319]LogTexture: Display: Building textures: LQ_Lightmap_1_87 (DXT1, 128X128)
[2018.03.21-17.37.11:021][319]LogTexture: Display: Building textures: LQ_Lightmap_1_88 (DXT1, 128X128)
[2018.03.21-17.37.11:021][319]LogTexture: Display: Building textures: LQ_Lightmap_1_89 (DXT1, 128X128)
[2018.03.21-17.37.11:021][319]LogTexture: Display: Building textures: LQ_Lightmap_1_90 (DXT1, 128X128)
[2018.03.21-17.37.11:021][319]LogTexture: Display: Building textures: LQ_Lightmap_1_9 (DXT1, 1024X1024)
[2018.03.21-17.37.11:021][319]LogTexture: Display: Building textures: LQ_Lightmap_1_91 (DXT1, 128X128)
[2018.03.21-17.37.11:021][319]LogTexture: Display: Building textures: LQ_Lightmap_1_92 (DXT1, 128X128)
[2018.03.21-17.37.11:021][319]LogTexture: Display: Building textures: LQ_Lightmap_1_93 (DXT1, 128X128)
[2018.03.21-17.37.11:021][319]LogTexture: Display: Building textures: LQ_Lightmap_1_94 (DXT1, 128X128)
[2018.03.21-17.37.11:021][319]LogTexture: Display: Building textures: LQ_Lightmap_1_96 (DXT1, 128X128)
[2018.03.21-17.37.11:021][319]LogTexture: Display: Building textures: LQ_Lightmap_1_97 (DXT1, 128X128)
[2018.03.21-17.37.11:021][319]LogTexture: Display: Building textures: LQ_Lightmap_1_98 (DXT1, 64X64)
[2018.03.21-17.37.11:544][319]MapCheck: Warning: LandscapeComponent_5 : Fixed up deleted layer weightmap 
[2018.03.21-17.37.11:610][319]MapCheck: Warning: LandscapeComponent_6 : Fixed up deleted layer weightmap 
[2018.03.21-17.37.11:612][319]MapCheck: Warning: LandscapeComponent_9 : Fixed up deleted layer weightmap 
[2018.03.21-17.37.11:622][319]MapCheck: Warning: LandscapeComponent_10 : Fixed up deleted layer weightmap 
[2018.03.21-17.37.11:625][319]MapCheck: Warning: LandscapeComponent_11 : Fixed up deleted layer weightmap 
[2018.03.21-17.37.11:627][319]MapCheck: Warning: LandscapeComponent_14 : Fixed up deleted layer weightmap 
[2018.03.21-17.37.11:629][319]MapCheck: Warning: LandscapeComponent_15 : Fixed up deleted layer weightmap 
[2018.03.21-17.37.11:629][319]MapCheck: Warning: LandscapeComponent_0 : Fixed up deleted layer weightmap 
[2018.03.21-17.37.11:629][319]MapCheck: Warning: LandscapeComponent_1 : Fixed up deleted layer weightmap 
[2018.03.21-17.37.11:630][319]MapCheck: Warning: LandscapeComponent_980 : Fixed up deleted layer weightmap 
[2018.03.21-17.37.11:674][319]MapCheck: Warning: LandscapeComponent_981 : Fixed up deleted layer weightmap 
[2018.03.21-17.37.11:686][319]MapCheck: Warning: LandscapeComponent_982 : Fixed up deleted layer weightmap 
[2018.03.21-17.37.11:689][319]MapCheck: Warning: LandscapeComponent_983 : Fixed up deleted layer weightmap 
[2018.03.21-17.37.11:741][319]LogMaterial: Missing cached shader map for material Grass_Terrain_Mat, compiling. 
[2018.03.21-17.37.12:262][319]LogAIModule: Creating AISystem for world roadSideScene
[2018.03.21-17.37.12:267][319]LogMaterial: Warning: Material /Game/Linda_Models/ElmTree/Elm_Tree_01_mat.Elm_Tree_01_mat needed to have new flag set bUsedWithInstancedStaticMeshes !
[2018.03.21-17.37.12:273][319]LogMaterial: Missing cached shader map for material Elm_Tree_01_mat, compiling. 
[2018.03.21-17.37.12:346][319]MapCheck: Warning: Elm_Tree_01_mat Material /Game/Linda_Models/ElmTree/Elm_Tree_01_mat.Elm_Tree_01_mat was missing the usage flag bUsedWithInstancedStaticMeshes. If the material asset is not re-saved, it may not render correctly when run outside the editor. Fix
[2018.03.21-17.37.12:367][319]LogMaterial: Warning: Material /Game/Linda_Models/ElmTree/Elm_Tree_Leaves_01_mat.Elm_Tree_Leaves_01_mat needed to have new flag set bUsedWithInstancedStaticMeshes !
[2018.03.21-17.37.12:370][319]LogMaterial: Missing cached shader map for material Elm_Tree_Leaves_01_mat, compiling. 
[2018.03.21-17.37.12:537][319]MapCheck: Warning: Elm_Tree_Leaves_01_mat Material /Game/Linda_Models/ElmTree/Elm_Tree_Leaves_01_mat.Elm_Tree_Leaves_01_mat was missing the usage flag bUsedWithInstancedStaticMeshes. If the material asset is not re-saved, it may not render correctly when run outside the editor. Fix
[2018.03.21-17.37.12:793][319]Cmd: MAP LOAD FILE="../../../../../Projects/AdventureP/AdventureUE4Project/Adventure/Content/Scenes/roadSideScene.umap" TEMPLATE=0 SHOWPROGRESS=1 FEATURELEVEL=3
[2018.03.21-17.37.12:793][319]LightingResults: New page: Lighting Build
[2018.03.21-17.37.12:794][319]LoadErrors: New page: Loading map: roadSideScene.umap
[2018.03.21-17.37.12:814][319]MapCheck: New page: Map Check
[2018.03.21-17.37.12:814][319]LightingResults: New page: Lighting Build
[2018.03.21-17.37.14:988][319]LogEditorServer: Finished looking for orphan Actors (0.000 secs)
[2018.03.21-17.37.15:049][319]Cmd: MAP CHECKDEP NOCLEARLOG
[2018.03.21-17.37.15:130][319]MapCheck: Map check complete: 0 Error(s), 0 Warning(s), took 81.29ms to complete.
[2018.03.21-17.37.15:130][319]LogFileHelpers: Loading map 'roadSideScene' took 2.338
[2018.03.21-17.37.15:254][321]LogStaticMesh: Allocated 512x235x64 distance field atlas = 14.7Mb, with 68 objects containing 6.6Mb backing data
[2018.03.21-17.37.48:481][412]LogD3D11RHI: Timed out while waiting for GPU to catch up. (0.5 s)
[2018.03.21-17.37.49:224][412]LogD3D11RHI: Error: Result failed 
 at D:\Build\++UE4+Release-4.18+Compile\Sync\Engine\Source\Runtime\Windows\D3D11RHI\Private\D3D11Viewport.cpp:289 
 with error DXGI_ERROR_DEVICE_REMOVED DXGI_ERROR_DEVICE_RESET
[2018.03.21-17.37.49:225][412]LogWindows: Windows GetLastError: Åtgärden har slutförts. (0)
[2018.03.21-17.37.53:350][412]LogWindows: Windows GetLastError: Åtgärden har slutförts. (0)
[2018.03.21-17.37.53:356][412]LogWindows: Error: === Critical error: ===
[2018.03.21-17.37.53:356][412]LogWindows: Error: 
[2018.03.21-17.37.53:356][412]LogWindows: Error: Fatal error: [File:D:\Build\++UE4+Release-4.18+Compile\Sync\Engine\Source\Runtime\RenderCore\Private\RenderingThread.cpp] [Line: 813] 
[2018.03.21-17.37.53:356][412]LogWindows: Error: Rendering thread exception:
[2018.03.21-17.37.53:356][412]LogWindows: Error: Fatal error: [File:D:\Build\++UE4+Release-4.18+Compile\Sync\Engine\Source\Runtime\Windows\D3D11RHI\Private\D3D11Util.cpp] [Line: 182] 
[2018.03.21-17.37.53:356][412]LogWindows: Error: Unreal Engine is exiting due to D3D device being lost. (Error: 0x887A0007 - 'RESET')
[2018.03.21-17.37.53:356][412]LogWindows: Error: 
[2018.03.21-17.37.53:356][412]LogWindows: Error: 
[2018.03.21-17.37.53:356][412]LogWindows: Error: [Callstack] 0x0000000037B74008 KERNELBASE.dll!UnknownFunction []
[2018.03.21-17.37.53:356][412]LogWindows: Error: [Callstack] 0x00000000FEE176D4 UE4Editor-ApplicationCore.dll!UnknownFunction []
[2018.03.21-17.37.53:356][412]LogWindows: Error: [Callstack] 0x00000000F16B330B UE4Editor-Core.dll!UnknownFunction []
[2018.03.21-17.37.53:356][412]LogWindows: Error: [Callstack] 0x00000000F16447F9 UE4Editor-Core.dll!UnknownFunction []
[2018.03.21-17.37.53:356][412]LogWindows: Error: [Callstack] 0x00000000DE4E79FF UE4Editor-D3D11RHI.dll!UnknownFunction []
[2018.03.21-17.37.53:356][412]LogWindows: Error: [Callstack] 0x00000000DE4EBBC0 UE4Editor-D3D11RHI.dll!UnknownFunction []
[2018.03.21-17.37.53:356][412]LogWindows: Error: [Callstack] 0x00000000DE4CB3FA UE4Editor-D3D11RHI.dll!UnknownFunction []
[2018.03.21-17.37.53:356][412]LogWindows: Error: [Callstack] 0x00000000DE4CB35E UE4Editor-D3D11RHI.dll!UnknownFunction []
[2018.03.21-17.37.53:356][412]LogWindows: Error: [Callstack] 0x00000000DE4D83E8 UE4Editor-D3D11RHI.dll!UnknownFunction []
[2018.03.21-17.37.53:356][412]LogWindows: Error: [Callstack] 0x00000000FE1EE4F7 UE4Editor-RHI.dll!UnknownFunction []
[2018.03.21-17.37.53:356][412]LogWindows: Error: [Callstack] 0x00000000DE2B0B45 UE4Editor-SlateRHIRenderer.dll!UnknownFunction []
[2018.03.21-17.37.53:357][412]LogWindows: Error: [Callstack] 0x00000000DE2B60A9 UE4Editor-SlateRHIRenderer.dll!UnknownFunction []
[2018.03.21-17.37.53:357][412]LogWindows: Error: [Callstack] 0x00000000F1514845 UE4Editor-Core.dll!UnknownFunction []
[2018.03.21-17.37.53:357][412]LogWindows: Error: [Callstack] 0x00000000F1514E2A UE4Editor-Core.dll!UnknownFunction []
[2018.03.21-17.37.53:357][412]LogWindows: Error: [Callstack] 0x0000000014CC22C4 UE4Editor-RenderCore.dll!UnknownFunction []
[2018.03.21-17.37.53:357][412]LogWindows: Error: [Callstack] 0x0000000014CC32F6 UE4Editor-RenderCore.dll!UnknownFunction []
[2018.03.21-17.37.53:357][412]LogWindows: Error: [Callstack] 0x00000000F18B092C UE4Editor-Core.dll!UnknownFunction []
[2018.03.21-17.37.53:357][412]LogWindows: Error: [Callstack] 0x00000000F18A2563 UE4Editor-Core.dll!UnknownFunction []
[2018.03.21-17.37.53:357][412]LogWindows: Error: [Callstack] 0x000000003B161FE4 KERNEL32.DLL!UnknownFunction []
[2018.03.21-17.37.53:357][412]LogWindows: Error: [Callstack] 0x000000003B67EFC1 ntdll.dll!UnknownFunction []
[2018.03.21-17.37.53:357][412]LogWindows: Error: [Callstack] 0x000000003B67EFC1 ntdll.dll!UnknownFunction []
[2018.03.21-17.37.53:357][412]LogWindows: Error: 
[2018.03.21-17.37.53:357][412]LogWindows: Error: 
[2018.03.21-17.37.53:357][412]LogWindows: Error: 
[2018.03.21-17.37.53:357][412]LogWindows: Error: 
[2018.03.21-17.37.53:374][412]LogExit: Executing StaticShutdownAfterError
[2018.03.21-17.37.53:379][412]LogWindows: FPlatformMisc::RequestExit(1)
[2018.03.21-17.37.53:398][412]Log file closed, 03/21/18 18:37:53
