Log file open, 05/07/18 19:30:49
LogWindows: Failed to load 'aqProf.dll' (GetLastError=126)
LogWindows: File 'aqProf.dll' does not exist
LogWindows: Failed to load 'VtuneApi.dll' (GetLastError=126)
LogWindows: File 'VtuneApi.dll' does not exist
LogWindows: Failed to load 'VtuneApi32e.dll' (GetLastError=126)
LogWindows: File 'VtuneApi32e.dll' does not exist
LogInit: Display: Running engine for game: Adventure
LogPlatformFile: Not using cached read wrapper
LogInit: Display: RandInit(783584681) SRandInit(783584681).
LogInit: Read version file with build ID '3709383'
LogInit: Overriding engine version to CL 3832480, compatible CL 3709383
LogInit: Registered custom module enumerator with build ID '3709383'
LogTaskGraph: Started task graph with 5 named threads and 14 total threads with 3 sets of task threads.
LogStats: Stats thread started at 0.176814
LogD3D11RHI: Aftermath initialized
LogModuleManager: Display: Found up-to-date module file ../../../Engine/Plugins/2D/Paper2D/Binaries/Win64/UE4Editor-Paper2D.dll (API version 3709383).
LogModuleManager: Display: Found up-to-date module file ../../../Engine/Plugins/2D/Paper2D/Binaries/Win64/UE4Editor-Paper2DEditor.dll (API version 3709383).
LogModuleManager: Display: Found up-to-date module file ../../../Engine/Plugins/2D/Paper2D/Binaries/Win64/UE4Editor-PaperSpriteSheetImporter.dll (API version 3709383).
LogModuleManager: Display: Found up-to-date module file ../../../Engine/Plugins/2D/Paper2D/Binaries/Win64/UE4Editor-PaperTiledImporter.dll (API version 3709383).
LogModuleManager: Display: Found up-to-date module file ../../../Engine/Plugins/2D/Paper2D/Binaries/Win64/UE4Editor-SmartSnapping.dll (API version 3709383).
LogModuleManager: Display: Found up-to-date module file ../../../Engine/Plugins/Blendables/LightPropagationVolume/Binaries/Win64/UE4Editor-LightPropagationVolumeRuntime.dll (API version 3709383).
LogModuleManager: Display: Found up-to-date module file ../../../Engine/Plugins/Blendables/LightPropagationVolume/Binaries/Win64/UE4Editor-LightPropagationVolumeEditor.dll (API version 3709383).
LogModuleManager: Display: Found up-to-date module file ../../../Engine/Plugins/Developer/GitSourceControl/Binaries/Win64/UE4Editor-GitSourceControl.dll (API version 3709383).
LogModuleManager: Display: Found up-to-date module file ../../../Engine/Plugins/Developer/PerforceSourceControl/Binaries/Win64/UE4Editor-PerforceSourceControl.dll (API version 3709383).
LogModuleManager: Display: Found up-to-date module file ../../../Engine/Plugins/Developer/SubversionSourceControl/Binaries/Win64/UE4Editor-SubversionSourceControl.dll (API version 3709383).
LogModuleManager: Display: Found up-to-date module file ../../../Engine/Plugins/Developer/UObjectPlugin/Binaries/Win64/UE4Editor-UObjectPlugin.dll (API version 3709383).
LogModuleManager: Display: Found up-to-date module file ../../../Engine/Plugins/Developer/VisualStudioCodeSourceCodeAccess/Binaries/Win64/UE4Editor-VisualStudioCodeSourceCodeAccess.dll (API version 3709383).
LogModuleManager: Display: Found up-to-date module file ../../../Engine/Plugins/Developer/VisualStudioSourceCodeAccess/Binaries/Win64/UE4Editor-VisualStudioSourceCodeAccess.dll (API version 3709383).
LogModuleManager: Display: Found up-to-date module file ../../../Engine/Plugins/Editor/AssetManagerEditor/Binaries/Win64/UE4Editor-AssetManagerEditor.dll (API version 3709383).
LogModuleManager: Display: Found up-to-date module file ../../../Engine/Plugins/Editor/AudioCapture/Binaries/Win64/UE4Editor-AudioCapture.dll (API version 3709383).
LogModuleManager: Display: Found up-to-date module file ../../../Engine/Plugins/Editor/FacialAnimation/Binaries/Win64/UE4Editor-FacialAnimation.dll (API version 3709383).
LogModuleManager: Display: Found up-to-date module file ../../../Engine/Plugins/Editor/FacialAnimation/Binaries/Win64/UE4Editor-FacialAnimationEditor.dll (API version 3709383).
LogModuleManager: Display: Found up-to-date module file ../../../Engine/Plugins/Editor/GameplayTagsEditor/Binaries/Win64/UE4Editor-GameplayTagsEditor.dll (API version 3709383).
LogModuleManager: Display: Found up-to-date module file ../../../Engine/Plugins/Editor/MobileLauncherProfileWizard/Binaries/Win64/UE4Editor-MobileLauncherProfileWizard.dll (API version 3709383).
LogModuleManager: Display: Found up-to-date module file ../../../Engine/Plugins/Editor/PluginBrowser/Binaries/Win64/UE4Editor-PluginBrowser.dll (API version 3709383).
LogModuleManager: Display: Found up-to-date module file ../../../Engine/Plugins/Editor/SpeedTreeImporter/Binaries/Win64/UE4Editor-SpeedTreeImporter.dll (API version 3709383).
LogModuleManager: Display: Found up-to-date module file ../../../Engine/Plugins/Experimental/AlembicImporter/Binaries/Win64/UE4Editor-AlembicImporter.dll (API version 3709383).
LogModuleManager: Display: Found up-to-date module file ../../../Engine/Plugins/Experimental/AlembicImporter/Binaries/Win64/UE4Editor-AlembicLibrary.dll (API version 3709383).
LogModuleManager: Display: Found up-to-date module file ../../../Engine/Plugins/Experimental/CharacterAI/Binaries/Win64/UE4Editor-CharacterAI.dll (API version 3709383).
LogModuleManager: Display: Found up-to-date module file ../../../Engine/Plugins/Experimental/HTML5Networking/Binaries/Win64/UE4Editor-HTML5Networking.dll (API version 3709383).
LogModuleManager: Display: Found up-to-date module file ../../../Engine/Plugins/Media/AndroidMedia/Binaries/Win64/UE4Editor-AndroidMediaEditor.dll (API version 3709383).
LogModuleManager: Display: Found up-to-date module file ../../../Engine/Plugins/Media/AndroidMedia/Binaries/Win64/UE4Editor-AndroidMediaFactory.dll (API version 3709383).
LogModuleManager: Display: Found up-to-date module file ../../../Engine/Plugins/Media/AvfMedia/Binaries/Win64/UE4Editor-AvfMediaEditor.dll (API version 3709383).
LogModuleManager: Display: Found up-to-date module file ../../../Engine/Plugins/Media/AvfMedia/Binaries/Win64/UE4Editor-AvfMediaFactory.dll (API version 3709383).
LogModuleManager: Display: Found up-to-date module file ../../../Engine/Plugins/Media/AvfMedia/Binaries/Win64/UE4Editor-AvfMediaFactory.dll (API version 3709383).
LogModuleManager: Display: Found up-to-date module file ../../../Engine/Plugins/Media/ImgMedia/Binaries/Win64/UE4Editor-ImgMedia.dll (API version 3709383).
LogModuleManager: Display: Found up-to-date module file ../../../Engine/Plugins/Media/ImgMedia/Binaries/Win64/UE4Editor-ImgMediaEditor.dll (API version 3709383).
LogModuleManager: Display: Found up-to-date module file ../../../Engine/Plugins/Media/ImgMedia/Binaries/Win64/UE4Editor-ImgMediaFactory.dll (API version 3709383).
LogModuleManager: Display: Found up-to-date module file ../../../Engine/Plugins/Media/ImgMedia/Binaries/Win64/UE4Editor-ImgMediaFactory.dll (API version 3709383).
LogModuleManager: Display: Found up-to-date module file ../../../Engine/Plugins/Media/ImgMedia/Binaries/Win64/UE4Editor-OpenExrWrapper.dll (API version 3709383).
LogModuleManager: Display: Found up-to-date module file ../../../Engine/Plugins/Media/MediaCompositing/Binaries/Win64/UE4Editor-MediaCompositing.dll (API version 3709383).
LogModuleManager: Display: Found up-to-date module file ../../../Engine/Plugins/Media/MediaCompositing/Binaries/Win64/UE4Editor-MediaCompositingEditor.dll (API version 3709383).
LogModuleManager: Display: Found up-to-date module file ../../../Engine/Plugins/Media/MediaPlayerEditor/Binaries/Win64/UE4Editor-MediaPlayerEditor.dll (API version 3709383).
LogModuleManager: Display: Found up-to-date module file ../../../Engine/Plugins/Media/WmfMedia/Binaries/Win64/UE4Editor-WmfMedia.dll (API version 3709383).
LogModuleManager: Display: Found up-to-date module file ../../../Engine/Plugins/Media/WmfMedia/Binaries/Win64/UE4Editor-WmfMediaEditor.dll (API version 3709383).
LogModuleManager: Display: Found up-to-date module file ../../../Engine/Plugins/Media/WmfMedia/Binaries/Win64/UE4Editor-WmfMediaFactory.dll (API version 3709383).
LogModuleManager: Display: Found up-to-date module file ../../../Engine/Plugins/Media/WmfMedia/Binaries/Win64/UE4Editor-WmfMediaFactory.dll (API version 3709383).
LogModuleManager: Display: Found up-to-date module file ../../../Engine/Plugins/Messaging/TcpMessaging/Binaries/Win64/UE4Editor-TcpMessaging.dll (API version 3709383).
LogModuleManager: Display: Found up-to-date module file ../../../Engine/Plugins/Messaging/UdpMessaging/Binaries/Win64/UE4Editor-UdpMessaging.dll (API version 3709383).
LogModuleManager: Display: Found up-to-date module file ../../../Engine/Plugins/MovieScene/ActorSequence/Binaries/Win64/UE4Editor-ActorSequence.dll (API version 3709383).
LogModuleManager: Display: Found up-to-date module file ../../../Engine/Plugins/MovieScene/LevelSequenceEditor/Binaries/Win64/UE4Editor-LevelSequenceEditor.dll (API version 3709383).
LogModuleManager: Display: Found up-to-date module file ../../../Engine/Plugins/MovieScene/MatineeToLevelSequence/Binaries/Win64/UE4Editor-MatineeToLevelSequence.dll (API version 3709383).
LogModuleManager: Display: Found up-to-date module file ../../../Engine/Plugins/Online/OnlineSubsystem/Binaries/Win64/UE4Editor-OnlineSubsystem.dll (API version 3709383).
LogModuleManager: Display: Found up-to-date module file ../../../Engine/Plugins/Runtime/AndroidPermission/Binaries/Win64/UE4Editor-AndroidPermission.dll (API version 3709383).
LogModuleManager: Display: Found up-to-date module file ../../../Engine/Plugins/Online/OnlineSubsystemNull/Binaries/Win64/UE4Editor-OnlineSubsystemNull.dll (API version 3709383).
LogModuleManager: Display: Found up-to-date module file ../../../Engine/Plugins/Online/OnlineSubsystemUtils/Binaries/Win64/UE4Editor-OnlineSubsystemUtils.dll (API version 3709383).
LogModuleManager: Display: Found up-to-date module file ../../../Engine/Plugins/Online/OnlineSubsystemUtils/Binaries/Win64/UE4Editor-OnlineBlueprintSupport.dll (API version 3709383).
LogModuleManager: Display: Found up-to-date module file ../../../Engine/Plugins/Runtime/AndroidDeviceProfileSelector/Binaries/Win64/UE4Editor-AndroidDeviceProfileSelector.dll (API version 3709383).
LogModuleManager: Display: Found up-to-date module file ../../../Engine/Plugins/Runtime/AppleARKit/Binaries/Win64/UE4Editor-AppleARKit.dll (API version 3709383).
LogModuleManager: Display: Found up-to-date module file ../../../Engine/Plugins/Runtime/ArchVisCharacter/Binaries/Win64/UE4Editor-ArchVisCharacter.dll (API version 3709383).
LogModuleManager: Display: Found up-to-date module file ../../../Engine/Plugins/Runtime/CableComponent/Binaries/Win64/UE4Editor-CableComponent.dll (API version 3709383).
LogModuleManager: Display: Found up-to-date module file ../../../Engine/Plugins/Runtime/CustomMeshComponent/Binaries/Win64/UE4Editor-CustomMeshComponent.dll (API version 3709383).
LogModuleManager: Display: Found up-to-date module file ../../../Engine/Plugins/Runtime/ExampleDeviceProfileSelector/Binaries/Win64/UE4Editor-ExampleDeviceProfileSelector.dll (API version 3709383).
LogModuleManager: Display: Found up-to-date module file ../../../Engine/Plugins/Runtime/ImmediatePhysics/Binaries/Win64/UE4Editor-ImmediatePhysics.dll (API version 3709383).
LogModuleManager: Display: Found up-to-date module file ../../../Engine/Plugins/Runtime/ImmediatePhysics/Binaries/Win64/UE4Editor-ImmediatePhysicsEditor.dll (API version 3709383).
LogModuleManager: Display: Found up-to-date module file ../../../Engine/Plugins/Runtime/LocationServicesBPLibrary/Binaries/Win64/UE4Editor-LocationServicesBPLibrary.dll (API version 3709383).
LogModuleManager: Display: Found up-to-date module file ../../../Engine/Plugins/Runtime/MobilePatchingUtils/Binaries/Win64/UE4Editor-MobilePatchingUtils.dll (API version 3709383).
LogModuleManager: Display: Found up-to-date module file ../../../Engine/Plugins/Runtime/Oculus/OculusVR/Binaries/Win64/UE4Editor-OculusHMD.dll (API version 3709383).
LogModuleManager: Display: Found up-to-date module file ../../../Engine/Plugins/Runtime/Oculus/OculusVR/Binaries/Win64/UE4Editor-OculusInput.dll (API version 3709383).
LogModuleManager: Display: Found up-to-date module file ../../../Engine/Plugins/Runtime/Oculus/OculusVR/Binaries/Win64/UE4Editor-OculusEditor.dll (API version 3709383).
LogModuleManager: Display: Found up-to-date module file ../../../Engine/Plugins/Runtime/PhysXVehicles/Binaries/Win64/UE4Editor-PhysXVehicles.dll (API version 3709383).
LogModuleManager: Display: Found up-to-date module file ../../../Engine/Plugins/Runtime/PhysXVehicles/Binaries/Win64/UE4Editor-PhysXVehiclesEditor.dll (API version 3709383).
LogModuleManager: Display: Found up-to-date module file ../../../Engine/Plugins/Runtime/ProceduralMeshComponent/Binaries/Win64/UE4Editor-ProceduralMeshComponent.dll (API version 3709383).
LogModuleManager: Display: Found up-to-date module file ../../../Engine/Plugins/Runtime/ProceduralMeshComponent/Binaries/Win64/UE4Editor-ProceduralMeshComponentEditor.dll (API version 3709383).
LogModuleManager: Display: Found up-to-date module file ../../../Engine/Plugins/Runtime/RuntimePhysXCooking/Binaries/Win64/UE4Editor-RuntimePhysXCooking.dll (API version 3709383).
LogModuleManager: Display: Found up-to-date module file ../../../Engine/Plugins/Runtime/Steam/SteamVR/Binaries/Win64/UE4Editor-SteamVR.dll (API version 3709383).
LogModuleManager: Display: Found up-to-date module file ../../../Engine/Plugins/Runtime/Steam/SteamVR/Binaries/Win64/UE4Editor-SteamVRController.dll (API version 3709383).
LogModuleManager: Display: Found up-to-date module file ../../../Engine/Plugins/Runtime/WindowsMoviePlayer/Binaries/Win64/UE4Editor-WindowsMoviePlayer.dll (API version 3709383).
LogPluginManager: Mounting plugin Paper2D
LogPluginManager: Mounting plugin LightPropagationVolume
LogPluginManager: Mounting plugin CodeLiteSourceCodeAccess
LogPluginManager: Mounting plugin GitSourceControl
LogPluginManager: Mounting plugin KDevelopSourceCodeAccess
LogPluginManager: Mounting plugin NullSourceCodeAccess
LogPluginManager: Mounting plugin PerforceSourceControl
LogPluginManager: Mounting plugin SubversionSourceControl
LogPluginManager: Mounting plugin UObjectPlugin
LogPluginManager: Mounting plugin VisualStudioCodeSourceCodeAccess
LogPluginManager: Mounting plugin VisualStudioSourceCodeAccess
LogPluginManager: Mounting plugin XCodeSourceCodeAccess
LogPluginManager: Mounting plugin AssetManagerEditor
LogPluginManager: Mounting plugin AudioCapture
LogPluginManager: Mounting plugin FacialAnimation
LogPluginManager: Mounting plugin GameplayTagsEditor
LogPluginManager: Mounting plugin MobileLauncherProfileWizard
LogPluginManager: Mounting plugin PluginBrowser
LogPluginManager: Mounting plugin SpeedTreeImporter
LogPluginManager: Mounting plugin AlembicImporter
LogPluginManager: Mounting plugin CharacterAI
LogPluginManager: Mounting plugin HTML5Networking
LogPluginManager: Mounting plugin AndroidMedia
LogPluginManager: Mounting plugin AvfMedia
LogPluginManager: Mounting plugin ImgMedia
LogPluginManager: Mounting plugin MediaCompositing
LogPluginManager: Mounting plugin MediaPlayerEditor
LogPluginManager: Mounting plugin WmfMedia
LogPluginManager: Mounting plugin TcpMessaging
LogPluginManager: Mounting plugin UdpMessaging
LogPluginManager: Mounting plugin ActorSequence
LogPluginManager: Mounting plugin LevelSequenceEditor
LogPluginManager: Mounting plugin MatineeToLevelSequence
LogPluginManager: Mounting plugin OnlineSubsystemGooglePlay
LogPluginManager: Mounting plugin OnlineSubsystemIOS
LogPluginManager: Mounting plugin OnlineSubsystem
LogPluginManager: Mounting plugin OnlineSubsystemNull
LogPluginManager: Mounting plugin OnlineSubsystemUtils
LogPluginManager: Mounting plugin AndroidDeviceProfileSelector
LogPluginManager: Mounting plugin AndroidMoviePlayer
LogPluginManager: Mounting plugin AndroidPermission
LogPluginManager: Mounting plugin AppleARKit
LogPluginManager: Mounting plugin AppleMoviePlayer
LogPluginManager: Mounting plugin ArchVisCharacter
LogPluginManager: Mounting plugin CableComponent
LogPluginManager: Mounting plugin CustomMeshComponent
LogPluginManager: Mounting plugin ExampleDeviceProfileSelector
LogPluginManager: Mounting plugin GoogleCloudMessaging
LogPluginManager: Mounting plugin ImmediatePhysics
LogPluginManager: Mounting plugin IOSDeviceProfileSelector
LogPluginManager: Mounting plugin LinuxDeviceProfileSelector
LogPluginManager: Mounting plugin LocationServicesBPLibrary
LogPluginManager: Mounting plugin MobilePatchingUtils
LogPluginManager: Mounting plugin OculusVR
LogPluginManager: Plugin shader directory ../../../Engine/Plugins/Runtime/Oculus/OculusVR/Shaders found
LogPluginManager: Mapping shader source directory ../../../Engine/Plugins/Runtime/Oculus/OculusVR/Shaders to virtual directory /Plugin/OculusVR
LogPluginManager: Mounting plugin PhysXVehicles
LogPluginManager: Mounting plugin ProceduralMeshComponent
LogPluginManager: Mounting plugin RuntimePhysXCooking
LogPluginManager: Mounting plugin SteamVR
LogPluginManager: Mounting plugin WindowsMoviePlayer
LogInit: Using libcurl 7.47.1
LogInit:  - built for x86_64-pc-win32
LogInit:  - supports SSL with OpenSSL/1.0.2g
LogInit:  - supports HTTP deflate (compression) using libz 1.2.8
LogInit:  - other features:
LogInit:      CURL_VERSION_SSL
LogInit:      CURL_VERSION_LIBZ
LogInit:      CURL_VERSION_IPV6
LogInit:      CURL_VERSION_ASYNCHDNS
LogInit:      CURL_VERSION_LARGEFILE
LogInit:      CURL_VERSION_IDN
LogInit:  CurlRequestOptions (configurable via config and command line):
LogInit:  - bVerifyPeer = false  - Libcurl will NOT verify peer certificate
LogInit:  - bUseHttpProxy = false  - Libcurl will NOT use HTTP proxy
LogInit:  - bDontReuseConnections = false  - Libcurl will reuse connections
LogInit:  - CertBundlePath = nullptr  - Libcurl will use whatever was configured at build time.
LogInit: Build: ++UE4+Release-4.18-CL-3832480
LogInit: Engine Version: 4.18.3-3832480+++UE4+Release-4.18
LogInit: Compatible Engine Version: 4.18.0-3709383+++UE4+Release-4.18
LogInit: Net CL: 3709383
LogDevObjectVersion: Number of dev versions registered: 16
LogDevObjectVersion:   Dev-Blueprints (B0D832E4-1F89-4F0D-ACCF-7EB736FD4AA2): 10
LogDevObjectVersion:   Dev-Build (E1C64328-A22C-4D53-A36C-8E866417BD8C): 0
LogDevObjectVersion:   Dev-Core (375EC13C-06E4-48FB-B500-84F0262A717E): 2
LogDevObjectVersion:   Dev-Editor (E4B068ED-F494-42E9-A231-DA0B2E46BB41): 20
LogDevObjectVersion:   Dev-Framework (CFFC743F-43B0-4480-9391-14DF171D2073): 30
LogDevObjectVersion:   Dev-Mobile (B02B49B5-BB20-44E9-A304-32B752E40360): 0
LogDevObjectVersion:   Dev-Networking (A4E4105C-59A1-49B5-A7C5-40C4547EDFEE): 0
LogDevObjectVersion:   Dev-Online (39C831C9-5AE6-47DC-9A44-9C173E1C8E7C): 0
LogDevObjectVersion:   Dev-Physics (78F01B33-EBEA-4F98-B9B4-84EACCB95AA2): 0
LogDevObjectVersion:   Dev-Platform (6631380F-2D4D-43E0-8009-CF276956A95A): 0
LogDevObjectVersion:   Dev-Rendering (12F88B9F-8875-4AFC-A67C-D90C383ABD29): 20
LogDevObjectVersion:   Dev-Sequencer (7B5AE74C-D270-4C10-A958-57980B212A5A): 4
LogDevObjectVersion:   Dev-VR (D7296918-1DD6-4BDD-9DE2-64A83CC13884): 0
LogDevObjectVersion:   Dev-LoadTimes (C2A15278-BFE7-4AFE-6C17-90FF531DF755): 1
LogDevObjectVersion:   Private-Geometry (6EACA3D4-40EC-4CC1-B786-8BED09428FC5): 1
LogDevObjectVersion:   Dev-AnimPhys (29E575DD-E0A3-4627-9D10-D276232CDCEA): 12
LogInit: Compiled (64-bit): Jan 12 2018 02:04:55
LogInit: Compiled with Visual C++: 19.00.24215.01
LogInit: Build Configuration: Development
LogInit: Branch Name: ++UE4+Release-4.18
LogInit: Command line: -EpicPortal 
LogInit: Base directory: F:/Unreal 4.18/UE_4.18/Engine/Binaries/Win64/
LogInit: Installed Engine Build: 1
LogInit: Presizing for max 8388607 objects, including 0 objects not considered by GC, pre-allocating 0 bytes for permanent pool.
LogInit: Object subsystem initialized
[2018.05.07-17.30.50:647][  0]LogInit: Selected Device Profile: [Windows]
[2018.05.07-17.30.50:647][  0]LogInit: Applying CVar settings loaded from the selected device profile: [Windows]
[2018.05.07-17.30.50:663][  0]LogInit: Computer: MR_E-DATOR
[2018.05.07-17.30.50:664][  0]LogInit: User: MrE
[2018.05.07-17.30.50:664][  0]LogInit: CPU Page size=4096, Cores=4
[2018.05.07-17.30.50:664][  0]LogInit: High frequency timer resolution =3.233219 MHz
[2018.05.07-17.30.50:664][  0]LogMemory: Memory total: Physical=8.0GB (8GB approx)
[2018.05.07-17.30.50:664][  0]LogMemory: Platform Memory Stats for Windows
[2018.05.07-17.30.50:664][  0]LogMemory: Process Physical Memory: 276.51 MB used, 276.51 MB peak
[2018.05.07-17.30.50:664][  0]LogMemory: Process Virtual Memory: 264.63 MB used, 264.63 MB peak
[2018.05.07-17.30.50:664][  0]LogMemory: Physical Memory: 4437.71 MB used,  3721.43 MB free, 8159.14 MB total
[2018.05.07-17.30.50:664][  0]LogMemory: Virtual Memory: 672.39 MB used,  3721.43 MB free, 134217728.00 MB total
[2018.05.07-17.30.50:801][  0]LogInit: Using OS detected language (sv-SE).
[2018.05.07-17.30.50:801][  0]LogInit: Using OS detected locale (sv-SE).
[2018.05.07-17.30.50:804][  0]LogTextLocalizationManager: No localization for 'sv-SE' exists, so 'en' will be used for the language.
[2018.05.07-17.30.50:804][  0]LogTextLocalizationManager: No localization for 'sv-SE' exists, so 'en' will be used for the locale.
[2018.05.07-17.30.51:269][  0]LogInit: Setting process to per monitor DPI aware
[2018.05.07-17.30.51:565][  0]LogD3D11RHI: D3D11 adapters:
[2018.05.07-17.30.51:625][  0]LogD3D11RHI:    0. 'NVIDIA GeForce GTX 1070' (Feature Level 11_0)
[2018.05.07-17.30.51:625][  0]LogD3D11RHI:       8088/0/4079 MB DedicatedVideo/DedicatedSystem/SharedSystem, Outputs:2, VendorId:0x10de
[2018.05.07-17.30.51:627][  0]LogD3D11RHI:    1. 'Microsoft Basic Render Driver' (Feature Level 11_0)
[2018.05.07-17.30.51:627][  0]LogD3D11RHI:       0/0/4079 MB DedicatedVideo/DedicatedSystem/SharedSystem, Outputs:0, VendorId:0x1414
[2018.05.07-17.30.51:627][  0]LogD3D11RHI: Chosen D3D11 Adapter: 0
[2018.05.07-17.30.51:634][  0]LogD3D11RHI: Creating new Direct3DDevice
[2018.05.07-17.30.51:634][  0]LogD3D11RHI:     GPU DeviceId: 0x1b81 (for the marketing name, search the web for "GPU Device Id")
[2018.05.07-17.30.51:634][  0]LogWindows: EnumDisplayDevices:
[2018.05.07-17.30.51:634][  0]LogWindows:    0. 'NVIDIA GeForce GTX 1070' (P:1 D:1)
[2018.05.07-17.30.51:634][  0]LogWindows:    1. 'NVIDIA GeForce GTX 1070' (P:0 D:0)
[2018.05.07-17.30.51:634][  0]LogWindows:    2. 'NVIDIA GeForce GTX 1070' (P:0 D:1)
[2018.05.07-17.30.51:634][  0]LogWindows:    3. 'NVIDIA GeForce GTX 1070' (P:0 D:0)
[2018.05.07-17.30.51:634][  0]LogWindows: DebugString: GetVideoDriverDetailsInvalid PrimaryIsNotTheChoosenAdapter GetVideoDriverDetailsInvalid PrimaryIsNotTheChoosenAdapter GetVideoDriverDetailsInvalid PrimaryIsNotTheChoosenAdapter GetVideoDriverDetailsInvalid PrimaryIsNotTheChoosenAdapter FoundDriverCount:0 
[2018.05.07-17.30.51:634][  0]LogD3D11RHI:     Adapter Name: NVIDIA GeForce GTX 1070
[2018.05.07-17.30.51:634][  0]LogD3D11RHI:   Driver Version: Unknown (internal:Unknown, unified:Unknown)
[2018.05.07-17.30.51:634][  0]LogD3D11RHI:      Driver Date: Unknown
[2018.05.07-17.30.51:635][  0]LogRHI: Texture pool is 5661 MB (70% of 8088 MB)
[2018.05.07-17.30.51:677][  0]LogD3D11RHI: Async texture creation enabled
[2018.05.07-17.30.51:705][  0]LogD3D11RHI: GPU Timing Frequency: 1000.000000 (Debug: 2 2)
[2018.05.07-17.30.51:753][  0]LogShaderCompilers: Guid format shader working directory is -43 characters bigger than the processId version (../../../../../Projects/AdventureP/Adventure-UE4-Project-3/AdventureUE4Project/Adventure/Intermediate/Shaders/WorkingDirectory/1272/).
[2018.05.07-17.30.51:753][  0]LogShaderCompilers: Cleaned the shader compiler working directory 'C:/Users/Mr_E/AppData/Local/Temp/UnrealShaderWorkingDir/2821E2344AEFE029B9A14EAEF9558CCF/'.
[2018.05.07-17.30.51:753][  0]LogShaderCompilers: Display: Using Local Shader Compiler.
[2018.05.07-17.30.52:773][  0]LogTemp: Display: Loaded TP AllDesktopTargetPlatform
[2018.05.07-17.30.52:822][  0]LogTemp: Display: Loaded TP MacClientTargetPlatform
[2018.05.07-17.30.52:875][  0]LogTemp: Display: Loaded TP MacNoEditorTargetPlatform
[2018.05.07-17.30.52:926][  0]LogTemp: Display: Loaded TP MacServerTargetPlatform
[2018.05.07-17.30.52:977][  0]LogTemp: Display: Loaded TP MacTargetPlatform
[2018.05.07-17.30.53:028][  0]LogTemp: Display: Loaded TP WindowsClientTargetPlatform
[2018.05.07-17.30.53:080][  0]LogTemp: Display: Loaded TP WindowsNoEditorTargetPlatform
[2018.05.07-17.30.53:131][  0]LogTemp: Display: Loaded TP WindowsServerTargetPlatform
[2018.05.07-17.30.53:175][  0]LogTemp: Display: Loaded TP WindowsTargetPlatform
[2018.05.07-17.30.53:226][  0]LogTemp: Display: Loaded TP Android_ASTCTargetPlatform
[2018.05.07-17.30.53:276][  0]LogTemp: Display: Loaded TP Android_ATCTargetPlatform
[2018.05.07-17.30.53:327][  0]LogTemp: Display: Loaded TP Android_DXTTargetPlatform
[2018.05.07-17.30.53:377][  0]LogTemp: Display: Loaded TP Android_ETC1TargetPlatform
[2018.05.07-17.30.53:427][  0]LogTemp: Display: Loaded TP Android_ETC2TargetPlatform
[2018.05.07-17.30.53:528][  0]LogTemp: Display: Loaded TP Android_MultiTargetPlatform
[2018.05.07-17.30.53:528][  0]LogTemp: Display: Loaded TP Android_PVRTCTargetPlatform
[2018.05.07-17.30.53:579][  0]LogTemp: Display: Loaded TP AndroidTargetPlatform
[2018.05.07-17.30.53:616][  0]LogTemp: Display: Loaded TP HTML5TargetPlatform
[2018.05.07-17.30.53:704][  0]LogTemp: Display: Loaded TP IOSTargetPlatform
[2018.05.07-17.30.53:732][  0]LogTemp: Display: Loaded TP TVOSTargetPlatform
[2018.05.07-17.30.53:782][  0]LogTemp: Display: Loaded TP LinuxClientTargetPlatform
[2018.05.07-17.30.53:832][  0]LogTemp: Display: Loaded TP LinuxNoEditorTargetPlatform
[2018.05.07-17.30.53:881][  0]LogTemp: Display: Loaded TP LinuxServerTargetPlatform
[2018.05.07-17.30.53:932][  0]LogTemp: Display: Loaded TP LinuxTargetPlatform
[2018.05.07-17.30.53:932][  0]LogTargetPlatformManager: Display: Building Assets For Windows
[2018.05.07-17.30.54:349][  0]LogDerivedDataCache: Display: Max Cache Size: 512 MB
[2018.05.07-17.30.54:440][  0]LogDerivedDataCache: Loaded boot cache 0.09s 79MB C:/Users/Mr_E/AppData/Local/UnrealEngine/4.18/DerivedDataCache/Boot.ddc.
[2018.05.07-17.30.54:440][  0]LogDerivedDataCache: Display: Loaded Boot cache: C:/Users/Mr_E/AppData/Local/UnrealEngine/4.18/DerivedDataCache/Boot.ddc
[2018.05.07-17.30.54:440][  0]LogDerivedDataCache: FDerivedDataBackendGraph:  Pak pak cache file ../../../../../Projects/AdventureP/Adventure-UE4-Project-3/AdventureUE4Project/Adventure/DerivedDataCache/DDC.ddp not found, will not use a pak cache.
[2018.05.07-17.30.54:440][  0]LogDerivedDataCache: Unable to find inner node Pak for hierarchical cache Hierarchy.
[2018.05.07-17.30.54:440][  0]LogDerivedDataCache: FDerivedDataBackendGraph:  CompressedPak pak cache file ../../../../../Projects/AdventureP/Adventure-UE4-Project-3/AdventureUE4Project/Adventure/DerivedDataCache/Compressed.ddp not found, will not use a pak cache.
[2018.05.07-17.30.54:441][  0]LogDerivedDataCache: Unable to find inner node CompressedPak for hierarchical cache Hierarchy.
[2018.05.07-17.30.54:459][  0]LogDerivedDataCache: Display: Pak cache opened for reading ../../../Engine/DerivedDataCache/Compressed.ddp.
[2018.05.07-17.30.54:471][  0]LogDerivedDataCache: Using Local data cache path C:/Users/Mr_E/AppData/Local/UnrealEngine/Common/DerivedDataCache: Writable
[2018.05.07-17.30.54:483][  0]LogMaterial: Verifying Global Shaders for PCD3D_SM5
[2018.05.07-17.30.54:483][  0]LogSlate: Using Freetype 2.6.0
[2018.05.07-17.30.54:484][  0]LogSlate: SlateFontCache - WITH_FREETYPE: 1, WITH_HARFBUZZ: 1
[2018.05.07-17.30.54:484][  0]LogSlate: SlateFontCache - WITH_FREETYPE: 1, WITH_HARFBUZZ: 1
[2018.05.07-17.30.54:949][  0]LogInit: Selected Device Profile: [Windows]
[2018.05.07-17.30.55:279][  0]LogSimplygon: Simplygon DLL not present - disabling.
[2018.05.07-17.30.55:315][  0]LogMeshReduction: Using SimplygonSwarm for distributed automatic mesh merging
[2018.05.07-17.30.55:315][  0]LogMeshReduction: Using QuadricMeshReduction for automatic static mesh reduction
[2018.05.07-17.30.55:315][  0]LogMeshReduction: No automatic skeletal mesh reduction module available
[2018.05.07-17.30.55:315][  0]LogMeshReduction: No automatic mesh merging module available
[2018.05.07-17.30.55:315][  0]LogMeshMerging: No automatic mesh merging module available
[2018.05.07-17.30.55:361][  0]LogNetVersion: Adventure , NetCL: 3709383, EngineNetVer: 2, GameNetVer: 0 (Checksum: 1750621016)
[2018.05.07-17.30.55:544][  0]LogAssetRegistry: FAssetRegistry took 0.0279 seconds to start up
[2018.05.07-17.30.56:088][  0]LogPackageLocalizationCache: Processed 7 localized package path(s) for 1 prioritized culture(s) in 0.029468 seconds
[2018.05.07-17.30.56:094][  0]LogUObjectArray: 35870 objects as part of root set at end of initial load.
[2018.05.07-17.30.56:094][  0]LogUObjectAllocator: 7363696 out of 0 bytes used by permanent object pool.
[2018.05.07-17.30.56:094][  0]LogUObjectArray: CloseDisregardForGC: 0/0 objects in disregard for GC pool
[2018.05.07-17.30.56:138][  0]LogInit: WinSock: version 1.1 (2.2), MaxSocks=32767, MaxUdp=65467
[2018.05.07-17.30.58:937][  0]LogTcpMessaging: Initializing TcpMessaging bridge
[2018.05.07-17.30.58:976][  0]LogUdpMessaging: Initializing bridge on interface 0.0.0.0:0 to multicast group 230.0.0.1:6666.
[2018.05.07-17.30.59:619][  0]LogMaterial: Uniform references updated for custom material expression Custom.
[2018.05.07-17.31.00:030][  0]SourceControl: Source control is disabled
[2018.05.07-17.31.00:895][  0]LogAndroidPermission: UAndroidPermissionCallbackProxy::GetInstance
[2018.05.07-17.31.01:148][  0]LogOcInput: OculusInput pre-init called
[2018.05.07-17.31.01:422][  0]LogEngine: Initializing Engine...
[2018.05.07-17.31.01:428][  0]LogHMD: Failed to initialize OpenVR with code 105
[2018.05.07-17.31.01:672][  0]LogStats: UGameplayTagsManager::ConstructGameplayTagTree: Construct from data asset -  0.000 s
[2018.05.07-17.31.01:672][  0]LogStats: UGameplayTagsManager::ConstructGameplayTagTree: GameplayTagTreeChangedEvent.Broadcast -  0.000 s
[2018.05.07-17.31.01:798][  0]LogAIModule: Creating AISystem for world Untitled
[2018.05.07-17.31.01:828][  0]LogInit: XAudio2 using 'Hörlurar (5- SteelSeries Arctis 7 Game)' : 2 channels at 48 kHz using 16 bits per sample (channel mask 0x3)
[2018.05.07-17.31.01:867][  0]LogInit: FAudioDevice initialized.
[2018.05.07-17.31.01:981][  0]LogDerivedDataCache: Saved boot cache 0.11s 79MB C:/Users/Mr_E/AppData/Local/UnrealEngine/4.18/DerivedDataCache/Boot.ddc.
[2018.05.07-17.31.01:995][  0]LogInit: Texture streaming: Enabled
[2018.05.07-17.31.02:083][  0]LogEngineSessionManager: EngineSessionManager initialized
[2018.05.07-17.31.02:204][  0]LogInit: Transaction tracking system initialized
[2018.05.07-17.31.02:486][  0]BlueprintLog: New page: Editor Load
[2018.05.07-17.31.03:280][  0]LocalizationService: Localization service is disabled
[2018.05.07-17.31.03:790][  0]LogLinker: Warning: Can't find file '/Game/VehicleBP/VehicleOverview'
[2018.05.07-17.31.03:790][  0]LogLinker: Warning: Can't find file '/Game/VehicleBP/VehicleOverview'
[2018.05.07-17.31.03:791][  0]LogUObjectGlobals: Warning: Failed to find object 'Class /Game/VehicleBP/VehicleOverview.VehicleOverview_C'
[2018.05.07-17.31.03:988][  0]LogConsoleResponse: Display: 
[2018.05.07-17.31.04:157][  0]LogCook: Display: Max memory allowance for cook 16384mb min free memory 0mb
[2018.05.07-17.31.04:157][  0]LogCook: Display: Mobile HDR setting 1
[2018.05.07-17.31.04:157][  0]LogGameplayTags: Display: UGameplayTagsManager::DoneAddingNativeTags. DelegateIsBound: 0
[2018.05.07-17.31.04:455][  0]LogFileCache: Scanning file cache for directory 'F:/Projects/AdventureP/Adventure-UE4-Project-3/AdventureUE4Project/Adventure/Content/' took 0.02s
[2018.05.07-17.31.05:273][  0]Cmd: MAP LOAD FILE="../../../../../Projects/AdventureP/Adventure-UE4-Project-3/AdventureUE4Project/Adventure/Content/Scenes/roadSideScene.umap" TEMPLATE=0 SHOWPROGRESS=1 FEATURELEVEL=3
[2018.05.07-17.31.05:274][  0]LightingResults: New page: Lighting Build
[2018.05.07-17.31.05:311][  0]MapCheck: New page: Map Check
[2018.05.07-17.31.05:311][  0]LightingResults: New page: Lighting Build
[2018.05.07-17.31.10:272][  0]LogAIModule: Creating AISystem for world roadSideScene
[2018.05.07-17.31.11:849][  0]LogEditorServer: Finished looking for orphan Actors (0.000 secs)
[2018.05.07-17.31.11:872][  0]Cmd: MAP CHECKDEP NOCLEARLOG
[2018.05.07-17.31.11:951][  0]MapCheck: Map check complete: 0 Error(s), 0 Warning(s), took 78.623ms to complete.
[2018.05.07-17.31.11:951][  0]LogFileHelpers: Loading map 'roadSideScene' took 6.678
[2018.05.07-17.31.12:072][  0]LogWindowsTextInputMethodSystem: Display: IME system now deactivated.
[2018.05.07-17.31.12:255][  0]LogCollectionManager: Loaded 0 collections in 0.001127 seconds
[2018.05.07-17.31.12:349][  0]LogFileCache: Scanning file cache for directory 'F:/Projects/AdventureP/Adventure-UE4-Project-3/AdventureUE4Project/Adventure/Saved/Collections/' took 0.01s
[2018.05.07-17.31.12:349][  0]LogFileCache: Scanning file cache for directory 'F:/Projects/AdventureP/Adventure-UE4-Project-3/AdventureUE4Project/Adventure/Content/Developers/MrE/Collections/' took 0.01s
[2018.05.07-17.31.12:349][  0]LogFileCache: Scanning file cache for directory 'F:/Projects/AdventureP/Adventure-UE4-Project-3/AdventureUE4Project/Adventure/Content/Collections/' took 0.01s
[2018.05.07-17.31.12:349][  0]LogCollectionManager: Rebuilt the GUID cache for 0 collections in 0.000001 seconds
[2018.05.07-17.31.12:360][  0]LogContentBrowser: Native class hierarchy populated in 0.0102 seconds. Added 2363 classes and 519 folders.
[2018.05.07-17.31.12:423][  0]LogContentBrowser: Native class hierarchy updated for 'WidgetCarousel' in 0.0002 seconds. Added 0 classes and 0 folders.
[2018.05.07-17.31.13:094][  0]LogContentBrowser: Native class hierarchy updated for 'AddContentDialog' in 0.0002 seconds. Added 0 classes and 0 folders.
[2018.05.07-17.31.13:145][  0]LogContentBrowser: Native class hierarchy updated for 'SceneOutliner' in 0.0003 seconds. Added 1 classes and 2 folders.
[2018.05.07-17.31.13:356][  0]LogSlate: Took 0.000236 seconds to synchronously load lazily loaded font '../../../Engine/Content/Slate/Fonts/Roboto-Regular.ttf' (155K)
[2018.05.07-17.31.13:358][  0]LogSlate: Took 0.000195 seconds to synchronously load lazily loaded font '../../../Engine/Content/Slate/Fonts/Roboto-Bold.ttf' (160K)
[2018.05.07-17.31.13:382][  0]LogSlate: Took 0.017756 seconds to synchronously load lazily loaded font '../../../Engine/Content/Editor/Slate/Fonts/FontAwesome.ttf' (139K)
[2018.05.07-17.31.13:512][  0]LogRenderer: Reallocating scene render targets to support 964x664 Format 9 NumSamples 1 (Frame:1).
[2018.05.07-17.31.13:741][  0]LogContentBrowser: Native class hierarchy updated for 'HierarchicalLODOutliner' in 0.0003 seconds. Added 1 classes and 2 folders.
[2018.05.07-17.31.13:741][  0]LogLoad: (Engine Initialization) Total time: 25.39 seconds
[2018.05.07-17.31.13:741][  0]LogLoad: (Engine Initialization) Total Blueprint compile time: 0.00 seconds
[2018.05.07-17.31.13:741][  0]LogExternalProfiler: Found external profiler: VSPerf
[2018.05.07-17.31.13:741][  0]LogExternalProfiler: Using external profiler: VSPerf
[2018.05.07-17.31.13:789][  0]LogContentStreaming: Texture pool size now 800 MB
[2018.05.07-17.31.13:839][  0]LogSlate: Took 0.000212 seconds to synchronously load lazily loaded font '../../../Engine/Content/Slate/Fonts/Roboto-Light.ttf' (159K)
[2018.05.07-17.31.13:911][  2]LogAssetRegistry: Asset discovery search completed in 18.3904 seconds
[2018.05.07-17.31.13:914][  2]LogCollectionManager: Rebuilt the object cache for 0 collections in 0.000001 seconds (found 0 objects)
[2018.05.07-17.31.13:914][  2]LogCollectionManager: Fixed up redirectors for 0 collections in 0.000094 seconds (updated 0 objects)
[2018.05.07-17.31.13:939][  3]LogStaticMesh: Allocated 512x162x64 distance field atlas = 10.1Mb, with 71 objects containing 5.1Mb backing data
[2018.05.07-17.31.14:817][ 56]LogSlate: Took 0.000308 seconds to synchronously load lazily loaded font '../../../Engine/Content/Slate/Fonts/Roboto-Light.ttf' (159K)
[2018.05.07-17.31.18:857][490]LogFileCache: Retrieving MD5 hashes for directory 'F:/Projects/AdventureP/Adventure-UE4-Project-3/AdventureUE4Project/Adventure/Content/' took 5.09s
[2018.05.07-17.32.06:709][215]AssetReimport: New page: Outstanding source content changes 9:32:06 PM
[2018.05.07-17.32.06:842][216]LogEditorFactories: Performing atomic reimport of [F:/Projects/AdventureP/Adventure-UE4-Project-3/AdventureUE4Project/Adventure/Content/Linda_Models/Cabin/Door_01.fbx]
[2018.05.07-17.32.06:880][216]LogFbx: Loading FBX Scene from F:/Projects/AdventureP/Adventure-UE4-Project-3/AdventureUE4Project/Adventure/Content/Linda_Models/Cabin/Door_01.fbx
[2018.05.07-17.32.06:903][216]LogFbx: FBX Scene Loaded Succesfully
[2018.05.07-17.32.06:967][216]LogStaticMesh: Building static mesh Door_01...
[2018.05.07-17.32.07:021][216]LogStaticMesh: Built static mesh [0.06s] /Game/Linda_Models/Cabin/Door_01.Door_01
[2018.05.07-17.32.07:147][216]LogEditorFactories: -- imported successfully
[2018.05.07-17.32.07:607][216]LogMeshUtilities: Finished distance field build in 0.6s - 19x8x37 distance field, 156 triangles, Range [-0.0, 0.4], Door_01
[2018.05.07-17.32.07:642][217]LogEditorFactories: Performing atomic reimport of [F:/Projects/AdventureP/Adventure-UE4-Project-3/AdventureUE4Project/Adventure/Content/Linda_Models/Cabin/Front_Door_01.fbx]
[2018.05.07-17.32.07:651][217]LogFbx: Loading FBX Scene from F:/Projects/AdventureP/Adventure-UE4-Project-3/AdventureUE4Project/Adventure/Content/Linda_Models/Cabin/Front_Door_01.fbx
[2018.05.07-17.32.07:663][217]LogFbx: FBX Scene Loaded Succesfully
[2018.05.07-17.32.07:680][217]LogStaticMesh: Building static mesh Front_Door_01...
[2018.05.07-17.32.07:731][217]LogStaticMesh: Built static mesh [0.05s] /Game/Linda_Models/Cabin/Front_Door_01.Front_Door_01
[2018.05.07-17.32.07:766][217]LogEditorFactories: -- imported successfully
[2018.05.07-17.32.07:983][217]LogMeshUtilities: Finished distance field build in 0.2s - 19x8x37 distance field, 3338 triangles, Range [-0.0, 0.4], Front_Door_01
[2018.05.07-17.32.08:032][218]LogSlate: Took 0.000212 seconds to synchronously load lazily loaded font '../../../Engine/Content/Slate/Fonts/Roboto-Light.ttf' (159K)
[2018.05.07-17.32.08:087][218]LogSavePackage: Save=17.54ms
[2018.05.07-17.32.08:087][218]LogSavePackage: Moving '../../../../../Projects/AdventureP/Adventure-UE4-Project-3/AdventureUE4Project/Adventure/Saved/Door_01484ADF004802AD06EE4118A57B78B0AD.tmp' to '../../../../../Projects/AdventureP/Adventure-UE4-Project-3/AdventureUE4Project/Adventure/Content/Linda_Models/Cabin/Door_01.uasset'
[2018.05.07-17.32.08:090][218]LogSavePackage: Display: Finished SavePackage ../../../../../Projects/AdventureP/Adventure-UE4-Project-3/AdventureUE4Project/Adventure/Content/Linda_Models/Cabin/Door_01.uasset
[2018.05.07-17.32.08:164][218]LogSavePackage: Save=45.23ms
[2018.05.07-17.32.08:164][218]LogSavePackage: Moving '../../../../../Projects/AdventureP/Adventure-UE4-Project-3/AdventureUE4Project/Adventure/Saved/Front_Door_0108F251754C96655D3F0C35B02A84AD38.tmp' to '../../../../../Projects/AdventureP/Adventure-UE4-Project-3/AdventureUE4Project/Adventure/Content/Linda_Models/Cabin/Front_Door_01.uasset'
[2018.05.07-17.32.08:167][218]LogSavePackage: Display: Finished SavePackage ../../../../../Projects/AdventureP/Adventure-UE4-Project-3/AdventureUE4Project/Adventure/Content/Linda_Models/Cabin/Front_Door_01.uasset
[2018.05.07-17.32.11:349][228]AssetReimport: Reimported asset Door_01 from F:/Projects/AdventureP/Adventure-UE4-Project-3/AdventureUE4Project/Adventure/Content/Linda_Models/Cabin/Door_01.fbx.
[2018.05.07-17.32.11:349][228]AssetReimport: Reimported asset Front_Door_01 from F:/Projects/AdventureP/Adventure-UE4-Project-3/AdventureUE4Project/Adventure/Content/Linda_Models/Cabin/Front_Door_01.fbx.
[2018.05.07-17.32.36:628][875]LogEditorViewport: Clicking on Actor (LMB): StaticMeshActor (Door_01)
[2018.05.07-17.32.38:511][ 41]LogActorFactory: Actor Factory created Door_02
[2018.05.07-17.32.38:766][ 55]LogActorFactory: Actor Factory created Door_02
[2018.05.07-17.32.40:798][236]LogActorFactory: Actor Factory created Door_01
[2018.05.07-17.32.41:170][271]LogActorFactory: Actor Factory created Door_01
[2018.05.07-17.32.43:057][466]Cmd: DELETE
[2018.05.07-17.32.43:057][466]Cmd: ACTOR DELETE
[2018.05.07-17.32.43:374][466]LogEditorActor: Deleted Actor: StaticMeshActor
[2018.05.07-17.32.43:386][466]LogEditorActor: Deleted 1 Actors (0.114 secs)
[2018.05.07-17.32.43:921][514]LogActorFactory: Actor Factory created Front_Door_01
[2018.05.07-17.32.44:253][552]LogActorFactory: Actor Factory created Front_Door_01
[2018.05.07-17.32.46:074][736]Cmd: DELETE
[2018.05.07-17.32.46:074][736]Cmd: ACTOR DELETE
[2018.05.07-17.32.46:091][736]LogEditorActor: Deleted Actor: StaticMeshActor
[2018.05.07-17.32.46:103][736]LogEditorActor: Deleted 1 Actors (0.028 secs)
[2018.05.07-17.32.46:715][808]LogEditorViewport: Clicking on Actor (LMB): StaticMeshActor (Door_02)
[2018.05.07-17.32.47:364][871]Cmd: DELETE
[2018.05.07-17.32.47:364][871]Cmd: ACTOR DELETE
[2018.05.07-17.32.47:381][871]LogEditorActor: Deleted Actor: StaticMeshActor
[2018.05.07-17.32.47:391][871]LogEditorActor: Deleted 1 Actors (0.027 secs)
[2018.05.07-17.32.49:601][133]LogEditorViewport: Clicking on Actor (LMB): StaticMeshActor (Door_01)
[2018.05.07-17.32.49:703][136]Cmd: DELETE
[2018.05.07-17.32.49:703][136]Cmd: ACTOR DELETE
[2018.05.07-17.32.50:884][136]LogEditorActor: Deleted Actor: StaticMeshActor
[2018.05.07-17.32.50:897][136]LogEditorActor: Deleted 1 Actors (1.193 secs)
[2018.05.07-17.33.10:796][425]LogEditorViewport: Clicking on Actor (LMB): LevelSequenceActor (Bedrom_Door_Opening)
[2018.05.07-17.33.52:840][537]Cmd: DELETE
[2018.05.07-17.33.52:840][537]Cmd: ACTOR DELETE
[2018.05.07-17.33.54:854][537]LogEditorActor: Deleted Actor: LevelSequenceActor
[2018.05.07-17.33.54:866][537]LogEditorActor: Deleted 1 Actors (2.026 secs)
[2018.05.07-17.34.00:006][143]LogEditorViewport: Clicking on Actor (LMB): LevelSequenceActor (Kitchen_Door_openning)
[2018.05.07-17.34.00:504][189]Cmd: DELETE
[2018.05.07-17.34.00:504][189]Cmd: ACTOR DELETE
[2018.05.07-17.34.01:557][189]LogEditorActor: Deleted Actor: LevelSequenceActor
[2018.05.07-17.34.01:570][189]LogEditorActor: Deleted 1 Actors (1.066 secs)
[2018.05.07-17.34.07:031][832]LogEditorViewport: Clicking on Actor (LMB): StaticMeshActor (Front_Door_01)
[2018.05.07-17.34.07:260][849]Cmd: DELETE
[2018.05.07-17.34.07:260][849]Cmd: ACTOR DELETE
[2018.05.07-17.34.07:277][849]LogEditorActor: Deleted Actor: StaticMeshActor
[2018.05.07-17.34.07:288][849]LogEditorActor: Deleted 1 Actors (0.027 secs)
[2018.05.07-17.34.08:299][969]LogEditorViewport: Clicking on Actor (LMB): LevelSequenceActor (Front_Door_Openning2)
[2018.05.07-17.34.08:793][ 19]Cmd: DELETE
[2018.05.07-17.34.08:793][ 19]Cmd: ACTOR DELETE
[2018.05.07-17.34.09:825][ 19]LogEditorActor: Deleted Actor: LevelSequenceActor
[2018.05.07-17.34.09:836][ 19]LogEditorActor: Deleted 1 Actors (1.043 secs)
[2018.05.07-17.34.15:327][537]LogContentBrowser: Native class hierarchy updated for 'BlueprintGraph' in 0.0007 seconds. Added 116 classes and 0 folders.
[2018.05.07-17.34.16:282][537]LogSlate: Took 0.014292 seconds to synchronously load lazily loaded font '../../../Engine/Content/Editor/Slate/Fonts/Roboto-BoldCondensed.ttf' (158K)
[2018.05.07-17.34.16:395][538]LogSlate: Took 0.005043 seconds to synchronously load lazily loaded font '../../../Engine/Content/Editor/Slate/Fonts/Roboto-Italic.ttf' (157K)
[2018.05.07-17.34.31:055][261]BlueprintLog: New page: Compile roadSideScene
[2018.05.07-17.34.31:070][261]LogBlueprint: Error: [Compiler PersistentLevel.roadSideScene] This blueprint (self) is not a MovieSceneSequencePlayer, therefore ' Target ' must have a connection.
[2018.05.07-17.34.31:070][261]LogBlueprint: Error: [Compiler PersistentLevel.roadSideScene] This blueprint (self) is not a MovieSceneSequencePlayer, therefore ' Target ' must have a connection.
[2018.05.07-17.34.31:071][261]LogBlueprint: Error: [Compiler PersistentLevel.roadSideScene] This blueprint (self) is not a MovieSceneSequencePlayer, therefore ' Target ' must have a connection.
[2018.05.07-17.34.31:247][261]LogBlueprint: Warning: [Compiler PersistentLevel.roadSideScene] [0222.90] Compile of PersistentLevel.roadSideScene failed. 3 Fatal Issue(s) 0 Warning(s) [in 192 ms] (/Game/Scenes/roadSideScene.roadSideScene:PersistentLevel.roadSideScene)
[2018.05.07-17.34.41:537][404]LogActorFactory: Actor Factory created Front_Door_01
[2018.05.07-17.34.43:312][609]LogActorFactory: Actor Factory created Front_Door_01
[2018.05.07-17.37.49:134][216]LogEditorViewport: Clicking on Actor (LMB): StaticMeshActor (Front_Door_01)
[2018.05.07-17.38.26:451][173]LogSavePackage: Save=8.45ms
[2018.05.07-17.38.26:451][173]LogSavePackage: Moving '../../../../../Projects/AdventureP/Adventure-UE4-Project-3/AdventureUE4Project/Adventure/Saved/Front_Door_Openning310D08604EA2A0FA539E7EAF9AD28333.tmp' to '../../../../../Projects/AdventureP/Adventure-UE4-Project-3/AdventureUE4Project/Adventure/Content/Level_Animations/Front_Door_Openning.uasset'
[2018.05.07-17.38.26:453][173]LogSavePackage: Display: Finished SavePackage ../../../../../Projects/AdventureP/Adventure-UE4-Project-3/AdventureUE4Project/Adventure/Content/Level_Animations/Front_Door_Openning.uasset
[2018.05.07-17.39.06:977][630]LogEditorViewport: Clicking on Actor (LMB): LevelSequenceActor (Front_Door_Openning2)
[2018.05.07-17.39.22:811][836]LogEditorViewport: Clicking on Actor (LMB): StaticMeshActor (Front_Door_01)
[2018.05.07-17.39.26:310][ 88]LogEditorViewport: Clicking on Actor (LMB): LevelSequenceActor (Front_Door_Openning2)
[2018.05.07-17.39.33:446][612]LogEditorActor: Deleted Actor: LevelSequenceActor
[2018.05.07-17.39.33:467][612]LogEditorActor: Deleted 1 Actors (0.038 secs)
[2018.05.07-17.39.35:501][782]LogEditorActor: Deleted Actor: LevelSequenceActor
[2018.05.07-17.39.35:520][782]LogEditorActor: Deleted 1 Actors (0.035 secs)
[2018.05.07-17.40.12:849][224]BlueprintLog: New page: Compile roadSideScene
[2018.05.07-17.40.12:857][224]LogBlueprint: Error: [Compiler PersistentLevel.roadSideScene] This blueprint (self) is not a MovieSceneSequencePlayer, therefore ' Target ' must have a connection.
[2018.05.07-17.40.12:857][224]LogBlueprint: Error: [Compiler PersistentLevel.roadSideScene] This blueprint (self) is not a MovieSceneSequencePlayer, therefore ' Target ' must have a connection.
[2018.05.07-17.40.13:000][224]LogBlueprint: Warning: [Compiler PersistentLevel.roadSideScene] [0564.65] Compile of PersistentLevel.roadSideScene failed. 2 Fatal Issue(s) 0 Warning(s) [in 150 ms] (/Game/Scenes/roadSideScene.roadSideScene:PersistentLevel.roadSideScene)
[2018.05.07-17.40.49:604][325]LogEditorViewport: Clicking on Actor (LMB): PointLight (PointLight3)
[2018.05.07-17.41.20:873][759]LogActorFactory: Actor Factory created Door_01
[2018.05.07-17.41.21:921][831]LogActorFactory: Actor Factory created Door_01
[2018.05.07-17.42.37:687][725]LogEditorViewport: Clicking on Actor (LMB): StaticMeshActor (Door_01)
[2018.05.07-17.43.28:173][842]LogEditorViewport: Clicking on Actor (LMB): LevelSequenceActor (Bedrom_Door_opening)
[2018.05.07-17.43.38:303][982]BlueprintLog: New page: Compile roadSideScene
[2018.05.07-17.43.38:313][982]LogBlueprint: Error: [Compiler PersistentLevel.roadSideScene] This blueprint (self) is not a MovieSceneSequencePlayer, therefore ' Target ' must have a connection.
[2018.05.07-17.43.38:456][982]LogBlueprint: Warning: [Compiler PersistentLevel.roadSideScene] [0770.11] Compile of PersistentLevel.roadSideScene failed. 1 Fatal Issue(s) 0 Warning(s) [in 153 ms] (/Game/Scenes/roadSideScene.roadSideScene:PersistentLevel.roadSideScene)
[2018.05.07-17.43.50:115][186]LogEditorViewport: Clicking on Actor (LMB): StaticMeshActor (Door_2)
[2018.05.07-17.43.50:883][246]Cmd: DELETE
[2018.05.07-17.43.50:883][246]Cmd: ACTOR DELETE
[2018.05.07-17.43.50:901][246]LogEditorActor: Deleted Actor: StaticMeshActor
[2018.05.07-17.43.50:919][246]LogEditorActor: Deleted 1 Actors (0.036 secs)
[2018.05.07-17.44.09:623][371]LogActorFactory: Actor Factory created Door_01
[2018.05.07-17.44.10:124][425]LogActorFactory: Actor Factory created Door_01
[2018.05.07-17.45.08:044][532]LogEditorViewport: Clicking on Actor (LMB): StaticMeshActor (Door_2)
[2018.05.07-17.45.44:103][417]LogSavePackage: Save=9.42ms
[2018.05.07-17.45.44:103][417]LogSavePackage: Moving '../../../../../Projects/AdventureP/Adventure-UE4-Project-3/AdventureUE4Project/Adventure/Saved/Kitchen_Door_Openning057D206143D015C29B7EDDBB9755DE91.tmp' to '../../../../../Projects/AdventureP/Adventure-UE4-Project-3/AdventureUE4Project/Adventure/Content/Level_Animations/Kitchen_Door_Openning.uasset'
[2018.05.07-17.45.44:105][417]LogSavePackage: Display: Finished SavePackage ../../../../../Projects/AdventureP/Adventure-UE4-Project-3/AdventureUE4Project/Adventure/Content/Level_Animations/Kitchen_Door_Openning.uasset
[2018.05.07-17.46.02:959][864]LogEditorViewport: Clicking on Actor (LMB): LevelSequenceActor (Bedrom_Door_opening)
[2018.05.07-17.46.11:470][578]LogEditorViewport: Clicking on Actor (LMB): StaticMeshActor (Door_01)
[2018.05.07-17.46.26:569][863]LogEditorViewport: Clicking on Actor (LMB): StaticMeshActor (Door_01)
[2018.05.07-17.46.56:346][245]LogSavePackage: Save=8.86ms
[2018.05.07-17.46.56:346][245]LogSavePackage: Moving '../../../../../Projects/AdventureP/Adventure-UE4-Project-3/AdventureUE4Project/Adventure/Saved/Bedrom_Door_opening2804E00349D59584BC76DE86EE793F61.tmp' to '../../../../../Projects/AdventureP/Adventure-UE4-Project-3/AdventureUE4Project/Adventure/Content/Level_Animations/Bedrom_Door_opening.uasset'
[2018.05.07-17.46.56:348][245]LogSavePackage: Display: Finished SavePackage ../../../../../Projects/AdventureP/Adventure-UE4-Project-3/AdventureUE4Project/Adventure/Content/Level_Animations/Bedrom_Door_opening.uasset
[2018.05.07-17.47.14:792][692]LogEditorViewport: Clicking on Actor (LMB): StaticMeshActor (Cabin_01)
[2018.05.07-17.47.16:592][818]LogSavePackage: Save=17.93ms
[2018.05.07-17.47.16:592][818]LogSavePackage: Moving '../../../../../Projects/AdventureP/Adventure-UE4-Project-3/AdventureUE4Project/Adventure/Saved/Bedrom_Door_openingBEE8217F4B8A1264DD1579AD40D054C3.tmp' to '../../../../../Projects/AdventureP/Adventure-UE4-Project-3/AdventureUE4Project/Adventure/Content/Level_Animations/Bedrom_Door_opening.uasset'
[2018.05.07-17.47.16:594][818]LogSavePackage: Display: Finished SavePackage ../../../../../Projects/AdventureP/Adventure-UE4-Project-3/AdventureUE4Project/Adventure/Content/Level_Animations/Bedrom_Door_opening.uasset
[2018.05.07-17.47.18:444][959]LogEditorViewport: Clicking on Actor (LMB): StaticMeshActor (Door_01)
[2018.05.07-17.47.23:111][285]LogBlueprint: Error: [Compiler PersistentLevel.roadSideScene] This blueprint (self) is not a MovieSceneSequencePlayer, therefore ' Target ' must have a connection.
[2018.05.07-17.47.23:112][285]LogBlueprint: Warning: [Compiler PersistentLevel.roadSideScene] [0994.76] Compile of PersistentLevel.roadSideScene failed. 1 Fatal Issue(s) 0 Warning(s) [in 7 ms] (/Game/Scenes/roadSideScene.roadSideScene:PersistentLevel.roadSideScene)
[2018.05.07-17.47.24:509][285]LogSavePackage: Save=1407.48ms
[2018.05.07-17.47.24:509][285]LogSavePackage: Moving '../../../../../Projects/AdventureP/Adventure-UE4-Project-3/AdventureUE4Project/Adventure/Saved/roadSideScene7ACFB7C64A6722B29FCD4ABB54A920F9.tmp' to '../../../../../Projects/AdventureP/Adventure-UE4-Project-3/AdventureUE4Project/Adventure/Content/Scenes/roadSideScene.umap'
[2018.05.07-17.47.24:513][285]LogSavePackage: Display: Finished SavePackage ../../../../../Projects/AdventureP/Adventure-UE4-Project-3/AdventureUE4Project/Adventure/Content/Scenes/roadSideScene.umap
[2018.05.07-17.47.24:597][285]LogSlate: Took 0.000189 seconds to synchronously load lazily loaded font '../../../Engine/Content/Slate/Fonts/Roboto-Regular.ttf' (155K)
[2018.05.07-17.47.31:885][285]LogSavePackage: Save=6912.85ms
[2018.05.07-17.47.31:885][285]LogSavePackage: Moving '../../../../../Projects/AdventureP/Adventure-UE4-Project-3/AdventureUE4Project/Adventure/Saved/roadSideScene_BuiltDataD047C15D4EA794A48A236F9FAE855119.tmp' to '../../../../../Projects/AdventureP/Adventure-UE4-Project-3/AdventureUE4Project/Adventure/Content/Scenes/roadSideScene_BuiltData.uasset'
[2018.05.07-17.47.31:932][285]LogSavePackage: Display: Finished SavePackage ../../../../../Projects/AdventureP/Adventure-UE4-Project-3/AdventureUE4Project/Adventure/Content/Scenes/roadSideScene_BuiltData.uasset
[2018.05.07-17.47.38:465][951]LogEditorViewport: Clicking on Actor (LMB): LevelSequenceActor (Kitchen_Door_Openning)
[2018.05.07-17.47.47:295][938]BlueprintLog: New page: Compile roadSideScene
[2018.05.07-17.47.49:695][180]LogTemp: Repeating last play command: Selected Viewport
[2018.05.07-17.47.49:887][180]LogBlueprintUserMessages: Early PlayInEditor Detection: Level '/Game/Scenes/roadSideScene.roadSideScene:PersistentLevel' has LevelScriptBlueprint '/Game/Scenes/roadSideScene.roadSideScene:PersistentLevel.roadSideScene' with GeneratedClass '/Game/Scenes/roadSideScene.roadSideScene_C' with ClassGeneratedBy '/Game/Scenes/roadSideScene.roadSideScene:PersistentLevel.roadSideScene'
[2018.05.07-17.47.49:907][180]LogPlayLevel: PlayLevel: No blueprints needed recompiling
[2018.05.07-17.47.49:992][180]PIE: New page: PIE session: roadSideScene (May 7, 2018, 9:47:49 PM)
[2018.05.07-17.47.50:002][180]LogPlayLevel: Creating play world package: /Game/Scenes/UEDPIE_0_roadSideScene
[2018.05.07-17.47.50:432][180]LogPlayLevel: PIE: StaticDuplicateObject took: (0.429540s)
[2018.05.07-17.47.50:433][180]LogAIModule: Creating AISystem for world roadSideScene
[2018.05.07-17.47.50:440][180]LogPlayLevel: PIE: World Init took: (0.007713s)
[2018.05.07-17.47.50:447][180]LogPlayLevel: PIE: Created PIE world by copying editor world from /Game/Scenes/roadSideScene.roadSideScene to /Game/Scenes/UEDPIE_0_roadSideScene.roadSideScene (0.444584s)
[2018.05.07-17.47.50:509][180]LogInit: XAudio2 using 'Hörlurar (5- SteelSeries Arctis 7 Game)' : 2 channels at 48 kHz using 16 bits per sample (channel mask 0x3)
[2018.05.07-17.47.50:546][180]LogInit: FAudioDevice initialized.
[2018.05.07-17.47.50:598][180]LogLoad: Game class is 'FirstPersonGameMode_C'
[2018.05.07-17.47.50:742][180]LogWorld: Bringing World /Game/Scenes/UEDPIE_0_roadSideScene.roadSideScene up for play (max tick rate 0) at 2018.05.07-19.47.50
[2018.05.07-17.47.50:796][180]LogWorld: Bringing up level for play took: 0.096100
[2018.05.07-17.47.50:942][180]LogContentBrowser: Native class hierarchy updated for 'MovieSceneCapture' in 0.0004 seconds. Added 11 classes and 0 folders.
[2018.05.07-17.47.50:974][180]PIE: Play in editor start time for /Game/Scenes/UEDPIE_0_roadSideScene 0.141
[2018.05.07-17.47.50:974][180]LogBlueprintUserMessages: Late PlayInEditor Detection: Level '/Game/Scenes/roadSideScene.roadSideScene:PersistentLevel' has LevelScriptBlueprint '/Game/Scenes/roadSideScene.roadSideScene:PersistentLevel.roadSideScene' with GeneratedClass '/Game/Scenes/roadSideScene.roadSideScene_C' with ClassGeneratedBy '/Game/Scenes/roadSideScene.roadSideScene:PersistentLevel.roadSideScene'
[2018.05.07-17.48.49:260][119]LogBlueprintUserMessages: Early EndPlayMap Detection: Level '/Game/Scenes/roadSideScene.roadSideScene:PersistentLevel' has LevelScriptBlueprint '/Game/Scenes/roadSideScene.roadSideScene:PersistentLevel.roadSideScene' with GeneratedClass '/Game/Scenes/roadSideScene.roadSideScene_C' with ClassGeneratedBy '/Game/Scenes/roadSideScene.roadSideScene:PersistentLevel.roadSideScene'
[2018.05.07-17.48.49:377][119]LogBlueprintUserMessages: Late EndPlayMap Detection: Level '/Game/Scenes/roadSideScene.roadSideScene:PersistentLevel' has LevelScriptBlueprint '/Game/Scenes/roadSideScene.roadSideScene:PersistentLevel.roadSideScene' with GeneratedClass '/Game/Scenes/roadSideScene.roadSideScene_C' with ClassGeneratedBy '/Game/Scenes/roadSideScene.roadSideScene:PersistentLevel.roadSideScene'
[2018.05.07-17.49.27:740][659]BlueprintLog: New page: Compile roadSideScene
[2018.05.07-17.49.46:140][595]LogSavePackage: Save=1368.04ms
[2018.05.07-17.49.46:140][595]LogSavePackage: Moving '../../../../../Projects/AdventureP/Adventure-UE4-Project-3/AdventureUE4Project/Adventure/Saved/roadSideSceneC0495D0945193CC460AA70A411F0B2A5.tmp' to '../../../../../Projects/AdventureP/Adventure-UE4-Project-3/AdventureUE4Project/Adventure/Content/Scenes/roadSideScene.umap'
[2018.05.07-17.49.46:144][595]LogSavePackage: Display: Finished SavePackage ../../../../../Projects/AdventureP/Adventure-UE4-Project-3/AdventureUE4Project/Adventure/Content/Scenes/roadSideScene.umap
[2018.05.07-17.49.52:898][595]LogSavePackage: Save=6699.18ms
[2018.05.07-17.49.52:898][595]LogSavePackage: Moving '../../../../../Projects/AdventureP/Adventure-UE4-Project-3/AdventureUE4Project/Adventure/Saved/roadSideScene_BuiltData1C8BF83040A07F8700C26D95B92CE0D9.tmp' to '../../../../../Projects/AdventureP/Adventure-UE4-Project-3/AdventureUE4Project/Adventure/Content/Scenes/roadSideScene_BuiltData.uasset'
[2018.05.07-17.49.52:917][595]LogSavePackage: Display: Finished SavePackage ../../../../../Projects/AdventureP/Adventure-UE4-Project-3/AdventureUE4Project/Adventure/Content/Scenes/roadSideScene_BuiltData.uasset
[2018.05.07-17.49.55:098][750]LogEditorViewport: Clicking on Actor (LMB): PointLight (PointLight)
[2018.05.07-17.49.55:674][795]Cmd: DELETE
[2018.05.07-17.49.55:674][795]Cmd: ACTOR DELETE
[2018.05.07-17.49.55:692][795]LogEditorActor: Deleted Actor: PointLight
[2018.05.07-17.49.55:723][795]LogEditorActor: Deleted 1 Actors (0.049 secs)
[2018.05.07-17.49.59:605][106]LogEditorViewport: Clicking on Actor (LMB): PointLight (PointLight3)
[2018.05.07-17.50.02:832][369]LogEditorViewport: Clicking on Actor (LMB): StaticMeshActor (Cabin_01)
[2018.05.07-17.50.05:099][540]LogEditorViewport: Clicking on Actor (LMB): PointLight (PointLight2)
[2018.05.07-17.50.05:709][595]Cmd: DELETE
[2018.05.07-17.50.05:709][595]Cmd: ACTOR DELETE
[2018.05.07-17.50.05:726][595]LogEditorActor: Deleted Actor: PointLight
[2018.05.07-17.50.05:746][595]LogEditorActor: Deleted 1 Actors (0.037 secs)
[2018.05.07-17.50.10:665][ 94]LogEditorViewport: Clicking on Actor (LMB): StaticMeshActor (Cabin_01)
[2018.05.07-17.50.13:572][345]LogEditorViewport: Clicking on Actor (LMB): StaticMeshActor (Cabin_01)
[2018.05.07-17.50.26:252][403]LogSavePackage: Save=1472.29ms
[2018.05.07-17.50.26:252][403]LogSavePackage: Moving '../../../../../Projects/AdventureP/Adventure-UE4-Project-3/AdventureUE4Project/Adventure/Saved/roadSideScene54C124014C2176CA36FF7086BB7FF463.tmp' to '../../../../../Projects/AdventureP/Adventure-UE4-Project-3/AdventureUE4Project/Adventure/Content/Scenes/roadSideScene.umap'
[2018.05.07-17.50.26:256][403]LogSavePackage: Display: Finished SavePackage ../../../../../Projects/AdventureP/Adventure-UE4-Project-3/AdventureUE4Project/Adventure/Content/Scenes/roadSideScene.umap
[2018.05.07-17.50.33:413][403]LogSavePackage: Save=7100.47ms
[2018.05.07-17.50.33:414][403]LogSavePackage: Moving '../../../../../Projects/AdventureP/Adventure-UE4-Project-3/AdventureUE4Project/Adventure/Saved/roadSideScene_BuiltData06F54B23434DE47522004A8D0D14D370.tmp' to '../../../../../Projects/AdventureP/Adventure-UE4-Project-3/AdventureUE4Project/Adventure/Content/Scenes/roadSideScene_BuiltData.uasset'
[2018.05.07-17.50.33:435][403]LogSavePackage: Display: Finished SavePackage ../../../../../Projects/AdventureP/Adventure-UE4-Project-3/AdventureUE4Project/Adventure/Content/Scenes/roadSideScene_BuiltData.uasset
[2018.05.07-17.50.34:461][506]MapCheck: New page: Map Check
[2018.05.07-17.50.34:511][506]Cmd: MAP REBUILD ALLVISIBLE
[2018.05.07-17.50.34:511][506]LogEditorServer: Rebuildmap Clear paths rebuilt
[2018.05.07-17.50.35:413][506]LogMaterial: Missing cached shader map for material FDebugViewModeMaterialProxy WorldGridMaterial, compiling. Is special engine material.
[2018.05.07-17.50.35:484][506]LogMaterial: Missing cached shader map for material FDebugViewModeMaterialProxy Grass_02_mat, compiling. 
[2018.05.07-17.50.35:493][506]LogMaterial: Missing cached shader map for material FDebugViewModeMaterialProxy Grass_03_mat, compiling. 
[2018.05.07-17.50.35:502][506]LogMaterial: Missing cached shader map for material FDebugViewModeMaterialProxy Stone_01_mat, compiling. 
[2018.05.07-17.50.35:507][506]LogMaterial: Missing cached shader map for material FDebugViewModeMaterialProxy StoneMoss_01_mat, compiling. 
[2018.05.07-17.50.35:515][506]LogMaterial: Missing cached shader map for material FDebugViewModeMaterialProxy Grass_01_mat, compiling. 
[2018.05.07-17.50.35:523][506]LogMaterial: Missing cached shader map for material FDebugViewModeMaterialProxy PineLeaves_01_mat, compiling. 
[2018.05.07-17.50.35:532][506]LogMaterial: Missing cached shader map for material FDebugViewModeMaterialProxy Pine_01_mat, compiling. 
[2018.05.07-17.50.35:541][506]LogMaterial: Missing cached shader map for material FDebugViewModeMaterialProxy Fern_01_mat, compiling. 
[2018.05.07-17.50.35:551][506]LogMaterial: Missing cached shader map for material FDebugViewModeMaterialProxy Elm_Tree_01_mat, compiling. 
[2018.05.07-17.50.35:559][506]LogMaterial: Missing cached shader map for material FDebugViewModeMaterialProxy Elm_Tree_Leaves_01_mat, compiling. 
[2018.05.07-17.50.35:567][506]LogMaterial: Missing cached shader map for material FDebugViewModeMaterialProxy LandscapeGizmo_Mat, compiling. 
[2018.05.07-17.50.35:582][506]LogMaterial: Missing cached shader map for material FDebugViewModeMaterialProxy MaterialInstanceDynamic_1, compiling. 
[2018.05.07-17.50.35:589][506]LogMaterial: Missing cached shader map for material FDebugViewModeMaterialProxy MI_Cave_Rock_Ceiling, compiling. 
[2018.05.07-17.50.35:600][506]LogMaterial: Missing cached shader map for material FDebugViewModeMaterialProxy M_RippleFoam, compiling. 
[2018.05.07-17.50.35:609][506]LogMaterial: Missing cached shader map for material FDebugViewModeMaterialProxy M_Water_Ocean_Edited_Inst, compiling. 
[2018.05.07-17.50.35:618][506]LogMaterial: Missing cached shader map for material FDebugViewModeMaterialProxy Bush_01_mat, compiling. 
[2018.05.07-17.50.35:626][506]LogMaterial: Missing cached shader map for material FDebugViewModeMaterialProxy BushLeaves_01_mat, compiling. 
[2018.05.07-17.50.35:635][506]LogMaterial: Missing cached shader map for material FDebugViewModeMaterialProxy PlayerColor, compiling. 
[2018.05.07-17.50.35:641][506]LogMaterial: Missing cached shader map for material FDebugViewModeMaterialProxy BlackUnlitMaterial, compiling. 
[2018.05.07-17.50.35:647][506]LogMaterial: Missing cached shader map for material FDebugViewModeMaterialProxy BasicShapeMaterial, compiling. 
[2018.05.07-17.50.35:654][506]LogMaterial: Missing cached shader map for material FDebugViewModeMaterialProxy Edited_Water_Lake_mat, compiling. 
[2018.05.07-17.50.35:662][506]LogMaterial: Missing cached shader map for material FDebugViewModeMaterialProxy DefaultMaterial, compiling. 
[2018.05.07-17.50.35:669][506]LogMaterial: Missing cached shader map for material FDebugViewModeMaterialProxy cabin_mat, compiling. 
[2018.05.07-17.50.35:677][506]LogMaterial: Missing cached shader map for material FDebugViewModeMaterialProxy M_UE4Man_Body, compiling. 
[2018.05.07-17.50.35:688][506]LogMaterial: Missing cached shader map for material FDebugViewModeMaterialProxy M_FPGun, compiling. 
[2018.05.07-17.50.35:698][506]LogMaterial: Missing cached shader map for material FDebugViewModeMaterialProxy MatineeCam_mat, compiling. 
[2018.05.07-17.50.39:791][506]TextureStreamingBuild: Display: Compiling optional shaders took 4.393 seconds.
[2018.05.07-17.50.39:922][506]LogLevel: Display: Export Material TexCoord Scales took 0.131 seconds.
[2018.05.07-17.50.40:004][506]TextureStreamingBuild: Display: Build Texture Streaming took 0.081 seconds.
[2018.05.07-17.50.40:065][506]LightingResults: New page: Lighting Build - May 7, 2018, 9:50:40 PM
[2018.05.07-17.50.40:091][506]LightingResults: Warning: InstancedFoliageActor_0 The total lightmap size for this InstancedStaticMeshComponent is large, consider reducing the component's lightmap resolution or number of mesh instances in this component
[2018.05.07-17.50.40:107][506]LightingResults: Warning: InstancedFoliageActor_0 The total lightmap size for this InstancedStaticMeshComponent is large, consider reducing the component's lightmap resolution or number of mesh instances in this component
[2018.05.07-17.50.40:108][506]LightingResults: Warning: InstancedFoliageActor_0 The total lightmap size for this InstancedStaticMeshComponent is large, consider reducing the component's lightmap resolution or number of mesh instances in this component
[2018.05.07-17.50.40:108][506]LightingResults: Warning: InstancedFoliageActor_0 The total lightmap size for this InstancedStaticMeshComponent is large, consider reducing the component's lightmap resolution or number of mesh instances in this component
[2018.05.07-17.50.40:109][506]LightingResults: Warning: InstancedFoliageActor_0 The total lightmap size for this InstancedStaticMeshComponent is large, consider reducing the component's lightmap resolution or number of mesh instances in this component
[2018.05.07-17.50.40:109][506]LightingResults: Warning: InstancedFoliageActor_0 The total lightmap size for this InstancedStaticMeshComponent is large, consider reducing the component's lightmap resolution or number of mesh instances in this component
[2018.05.07-17.50.40:110][506]LightingResults: Warning: InstancedFoliageActor_0 The total lightmap size for this InstancedStaticMeshComponent is large, consider reducing the component's lightmap resolution or number of mesh instances in this component
[2018.05.07-17.50.40:110][506]LightingResults: Warning: InstancedFoliageActor_0 The total lightmap size for this InstancedStaticMeshComponent is large, consider reducing the component's lightmap resolution or number of mesh instances in this component
[2018.05.07-17.50.40:111][506]LightingResults: Warning: InstancedFoliageActor_0 The total lightmap size for this InstancedStaticMeshComponent is large, consider reducing the component's lightmap resolution or number of mesh instances in this component
[2018.05.07-17.50.40:111][506]LightingResults: Warning: InstancedFoliageActor_0 The total lightmap size for this InstancedStaticMeshComponent is large, consider reducing the component's lightmap resolution or number of mesh instances in this component
[2018.05.07-17.50.40:570][506]LogSwarmInterface: [OpenConnection] Registering TCP channel ...
[2018.05.07-17.50.40:882][506]LogSwarmInterface: [OpenConnection] Connecting to agent ...
[2018.05.07-17.50.40:964][506]LogSwarmInterface: [TryOpenConnection] Testing the Agent
[2018.05.07-17.50.42:022][506]LogSwarmInterface: [TryOpenConnection] Opening Connection to Agent
[2018.05.07-17.50.42:022][506]LogSwarmInterface: [TryOpenConnection] Local Process ID is 1272
[2018.05.07-17.50.50:790][506]LogStaticLightingSystem: Running Lightmass w/ ImmediateImport mode ENABLED
[2018.05.07-17.50.50:790][506]LogStaticLightingSystem: Running Lightmass w/ ImmediateProcess mode ENABLED
[2018.05.07-17.50.50:790][506]LogStaticLightingSystem: Running Lightmass w/ Sorting mode ENABLED
[2018.05.07-17.50.50:790][506]LogStaticLightingSystem: Running Lightmass w/ Mapping paddings ENABLED
[2018.05.07-17.50.50:790][506]LogStaticLightingSystem: Running Lightmass w/ Mapping debug paddings DISABLED
[2018.05.07-17.50.51:372][506]Cmd: MAP CHECK DONTDISPLAYDIALOG
[2018.05.07-17.50.51:373][506]MapCheck: New page: roadSideScene - May 7, 2018, 9:50:51 PM
[2018.05.07-17.50.51:398][506]MapCheck: Error: WorldSettings_1 Maps need lighting rebuilt 
[2018.05.07-17.50.57:611][506]MapCheck: Map check complete: 1 Error(s), 0 Warning(s), took 6,238.797ms to complete.
[2018.05.07-17.50.57:634][506]LogEditorBuildUtils: Build time 0:23
[2018.05.07-17.50.57:780][506]LogMaterial: Missing cached shader map for material FLightmassMaterialRenderer PineLeaves_01_mat, compiling. 
[2018.05.07-17.50.57:809][506]LogMaterial: Missing cached shader map for material FLightmassMaterialRenderer PineLeaves_01_mat, compiling. 
[2018.05.07-17.50.57:822][506]LogMaterial: Missing cached shader map for material FLightmassMaterialRenderer PineLeaves_01_mat, compiling. 
[2018.05.07-17.50.58:043][507]LogMaterial: Missing cached shader map for material FLightmassMaterialRenderer Pine_01_mat, compiling. 
[2018.05.07-17.50.58:068][507]LogMaterial: Missing cached shader map for material FLightmassMaterialRenderer Pine_01_mat, compiling. 
[2018.05.07-17.50.58:110][508]LogMaterial: Missing cached shader map for material FLightmassMaterialRenderer Elm_Tree_01_mat, compiling. 
[2018.05.07-17.50.58:121][508]LogMaterial: Missing cached shader map for material FLightmassMaterialRenderer Elm_Tree_01_mat, compiling. 
[2018.05.07-17.50.58:167][509]LogMaterial: Missing cached shader map for material FLightmassMaterialRenderer Elm_Tree_Leaves_01_mat, compiling. 
[2018.05.07-17.50.58:184][509]LogMaterial: Missing cached shader map for material FLightmassMaterialRenderer Elm_Tree_Leaves_01_mat, compiling. 
[2018.05.07-17.50.58:192][509]LogMaterial: Missing cached shader map for material FLightmassMaterialRenderer Elm_Tree_Leaves_01_mat, compiling. 
[2018.05.07-17.50.58:783][520]LogMaterial: Missing cached shader map for material FLightmassMaterialRenderer LandscapeMaterialInstanceConstant_999, compiling. 
[2018.05.07-17.50.58:803][520]LogMaterial: Missing cached shader map for material FLightmassMaterialRenderer LandscapeMaterialInstanceConstant_999, compiling. 
[2018.05.07-17.51.00:473][566]LogMaterial: Missing cached shader map for material FLightmassMaterialRenderer DefaultMaterial, compiling. 
[2018.05.07-17.51.00:484][566]LogMaterial: Missing cached shader map for material FLightmassMaterialRenderer DefaultMaterial, compiling. 
[2018.05.07-17.51.00:519][567]LogMaterial: Missing cached shader map for material FLightmassMaterialRenderer cabin_mat, compiling. 
[2018.05.07-17.51.00:527][567]LogMaterial: Missing cached shader map for material FLightmassMaterialRenderer cabin_mat, compiling. 
[2018.05.07-18.15.46:176][192]LightingResults: Warning: Front_Door_01 Object has overlapping UVs.
[2018.05.07-18.15.46:177][192]LightingResults: Front_Door_01 Lightmap UV are overlapping by 3.8%. Please adjust content - Enable Error Coloring to visualize.
[2018.05.07-18.15.47:139][195]LightingResults: Warning: Cabin_01 Object has overlapping UVs.
[2018.05.07-18.15.47:139][195]LightingResults: Cabin_01 Lightmap UV are overlapping by 1.1%. Please adjust content - Enable Error Coloring to visualize.
[2018.05.07-18.18.02:863][602]LightingResults: Warning: Player_scale Object has wrapping UVs.
[2018.05.07-18.20.04:902][968]Job is a success!
[2018.05.07-18.20.06:684][969]LogVolumetricLightmapImport: Imported Volumetric Lightmap in 0.108s
[2018.05.07-18.20.06:684][969]LogVolumetricLightmapImport:      Indirection Texture 32x32x32 = 0.1Mb
[2018.05.07-18.20.06:684][969]LogVolumetricLightmapImport:      BrickData 255x5x5 = 0.2Mb
[2018.05.07-18.20.06:684][969]LogVolumetricLightmapImport:      Bricks at Level
[2018.05.07-18.20.06:684][969]LogVolumetricLightmapImport:          0: 15.7% covering 100.0% of volume
[2018.05.07-18.20.06:684][969]LogVolumetricLightmapImport:          1: 78.4% covering 7.8% of volume
[2018.05.07-18.20.06:684][969]LogVolumetricLightmapImport:          2: 5.9% covering 0.0% of volume
[2018.05.07-18.20.18:231][969]LogMaterial: Warning: Material /Game/Linda_Models/Cabin/cabin_mat.cabin_mat needed to have new flag set bUsedWithStaticLighting !
[2018.05.07-18.20.18:252][969]LogMaterial: Missing cached shader map for material cabin_mat, compiling. 
