Log file open, 05/29/18 18:11:46
LogWindows: Failed to load 'aqProf.dll' (GetLastError=126)
LogWindows: File 'aqProf.dll' does not exist
LogWindows: Failed to load 'VtuneApi.dll' (GetLastError=126)
LogWindows: File 'VtuneApi.dll' does not exist
LogWindows: Failed to load 'VtuneApi32e.dll' (GetLastError=126)
LogWindows: File 'VtuneApi32e.dll' does not exist
LogInit: Display: Running engine for game: Adventure
LogPlatformFile: Not using cached read wrapper
LogInit: Display: RandInit(747812367) SRandInit(747812367).
LogInit: Read version file with build ID '3709383'
LogInit: Overriding engine version to CL 3832480, compatible CL 3709383
LogInit: Registered custom module enumerator with build ID '3709383'
LogTaskGraph: Started task graph with 5 named threads and 14 total threads with 3 sets of task threads.
LogStats: Stats thread started at 0.178315
LogD3D11RHI: Aftermath initialized
LogModuleManager: Display: Found up-to-date module file ../../../Engine/Plugins/2D/Paper2D/Binaries/Win64/UE4Editor-Paper2D.dll (API version 3709383).
LogModuleManager: Display: Found up-to-date module file ../../../Engine/Plugins/2D/Paper2D/Binaries/Win64/UE4Editor-Paper2DEditor.dll (API version 3709383).
LogModuleManager: Display: Found up-to-date module file ../../../Engine/Plugins/2D/Paper2D/Binaries/Win64/UE4Editor-PaperSpriteSheetImporter.dll (API version 3709383).
LogModuleManager: Display: Found up-to-date module file ../../../Engine/Plugins/2D/Paper2D/Binaries/Win64/UE4Editor-PaperTiledImporter.dll (API version 3709383).
LogModuleManager: Display: Found up-to-date module file ../../../Engine/Plugins/2D/Paper2D/Binaries/Win64/UE4Editor-SmartSnapping.dll (API version 3709383).
LogModuleManager: Display: Found up-to-date module file ../../../Engine/Plugins/Blendables/LightPropagationVolume/Binaries/Win64/UE4Editor-LightPropagationVolumeRuntime.dll (API version 3709383).
LogModuleManager: Display: Found up-to-date module file ../../../Engine/Plugins/Blendables/LightPropagationVolume/Binaries/Win64/UE4Editor-LightPropagationVolumeEditor.dll (API version 3709383).
LogModuleManager: Display: Found up-to-date module file ../../../Engine/Plugins/Developer/GitSourceControl/Binaries/Win64/UE4Editor-GitSourceControl.dll (API version 3709383).
LogModuleManager: Display: Found up-to-date module file ../../../Engine/Plugins/Developer/PerforceSourceControl/Binaries/Win64/UE4Editor-PerforceSourceControl.dll (API version 3709383).
LogModuleManager: Display: Found up-to-date module file ../../../Engine/Plugins/Developer/SubversionSourceControl/Binaries/Win64/UE4Editor-SubversionSourceControl.dll (API version 3709383).
LogModuleManager: Display: Found up-to-date module file ../../../Engine/Plugins/Developer/UObjectPlugin/Binaries/Win64/UE4Editor-UObjectPlugin.dll (API version 3709383).
LogModuleManager: Display: Found up-to-date module file ../../../Engine/Plugins/Developer/VisualStudioCodeSourceCodeAccess/Binaries/Win64/UE4Editor-VisualStudioCodeSourceCodeAccess.dll (API version 3709383).
LogModuleManager: Display: Found up-to-date module file ../../../Engine/Plugins/Developer/VisualStudioSourceCodeAccess/Binaries/Win64/UE4Editor-VisualStudioSourceCodeAccess.dll (API version 3709383).
LogModuleManager: Display: Found up-to-date module file ../../../Engine/Plugins/Editor/AssetManagerEditor/Binaries/Win64/UE4Editor-AssetManagerEditor.dll (API version 3709383).
LogModuleManager: Display: Found up-to-date module file ../../../Engine/Plugins/Editor/AudioCapture/Binaries/Win64/UE4Editor-AudioCapture.dll (API version 3709383).
LogModuleManager: Display: Found up-to-date module file ../../../Engine/Plugins/Editor/FacialAnimation/Binaries/Win64/UE4Editor-FacialAnimation.dll (API version 3709383).
LogModuleManager: Display: Found up-to-date module file ../../../Engine/Plugins/Editor/FacialAnimation/Binaries/Win64/UE4Editor-FacialAnimationEditor.dll (API version 3709383).
LogModuleManager: Display: Found up-to-date module file ../../../Engine/Plugins/Editor/GameplayTagsEditor/Binaries/Win64/UE4Editor-GameplayTagsEditor.dll (API version 3709383).
LogModuleManager: Display: Found up-to-date module file ../../../Engine/Plugins/Editor/MobileLauncherProfileWizard/Binaries/Win64/UE4Editor-MobileLauncherProfileWizard.dll (API version 3709383).
LogModuleManager: Display: Found up-to-date module file ../../../Engine/Plugins/Editor/PluginBrowser/Binaries/Win64/UE4Editor-PluginBrowser.dll (API version 3709383).
LogModuleManager: Display: Found up-to-date module file ../../../Engine/Plugins/Editor/SpeedTreeImporter/Binaries/Win64/UE4Editor-SpeedTreeImporter.dll (API version 3709383).
LogModuleManager: Display: Found up-to-date module file ../../../Engine/Plugins/Experimental/AlembicImporter/Binaries/Win64/UE4Editor-AlembicImporter.dll (API version 3709383).
LogModuleManager: Display: Found up-to-date module file ../../../Engine/Plugins/Experimental/AlembicImporter/Binaries/Win64/UE4Editor-AlembicLibrary.dll (API version 3709383).
LogModuleManager: Display: Found up-to-date module file ../../../Engine/Plugins/Experimental/CharacterAI/Binaries/Win64/UE4Editor-CharacterAI.dll (API version 3709383).
LogModuleManager: Display: Found up-to-date module file ../../../Engine/Plugins/Experimental/HTML5Networking/Binaries/Win64/UE4Editor-HTML5Networking.dll (API version 3709383).
LogModuleManager: Display: Found up-to-date module file ../../../Engine/Plugins/Media/AndroidMedia/Binaries/Win64/UE4Editor-AndroidMediaEditor.dll (API version 3709383).
LogModuleManager: Display: Found up-to-date module file ../../../Engine/Plugins/Media/AndroidMedia/Binaries/Win64/UE4Editor-AndroidMediaFactory.dll (API version 3709383).
LogModuleManager: Display: Found up-to-date module file ../../../Engine/Plugins/Media/AvfMedia/Binaries/Win64/UE4Editor-AvfMediaEditor.dll (API version 3709383).
LogModuleManager: Display: Found up-to-date module file ../../../Engine/Plugins/Media/AvfMedia/Binaries/Win64/UE4Editor-AvfMediaFactory.dll (API version 3709383).
LogModuleManager: Display: Found up-to-date module file ../../../Engine/Plugins/Media/AvfMedia/Binaries/Win64/UE4Editor-AvfMediaFactory.dll (API version 3709383).
LogModuleManager: Display: Found up-to-date module file ../../../Engine/Plugins/Media/ImgMedia/Binaries/Win64/UE4Editor-ImgMedia.dll (API version 3709383).
LogModuleManager: Display: Found up-to-date module file ../../../Engine/Plugins/Media/ImgMedia/Binaries/Win64/UE4Editor-ImgMediaEditor.dll (API version 3709383).
LogModuleManager: Display: Found up-to-date module file ../../../Engine/Plugins/Media/ImgMedia/Binaries/Win64/UE4Editor-ImgMediaFactory.dll (API version 3709383).
LogModuleManager: Display: Found up-to-date module file ../../../Engine/Plugins/Media/ImgMedia/Binaries/Win64/UE4Editor-ImgMediaFactory.dll (API version 3709383).
LogModuleManager: Display: Found up-to-date module file ../../../Engine/Plugins/Media/ImgMedia/Binaries/Win64/UE4Editor-OpenExrWrapper.dll (API version 3709383).
LogModuleManager: Display: Found up-to-date module file ../../../Engine/Plugins/Media/MediaCompositing/Binaries/Win64/UE4Editor-MediaCompositing.dll (API version 3709383).
LogModuleManager: Display: Found up-to-date module file ../../../Engine/Plugins/Media/MediaCompositing/Binaries/Win64/UE4Editor-MediaCompositingEditor.dll (API version 3709383).
LogModuleManager: Display: Found up-to-date module file ../../../Engine/Plugins/Media/MediaPlayerEditor/Binaries/Win64/UE4Editor-MediaPlayerEditor.dll (API version 3709383).
LogModuleManager: Display: Found up-to-date module file ../../../Engine/Plugins/Media/WmfMedia/Binaries/Win64/UE4Editor-WmfMedia.dll (API version 3709383).
LogModuleManager: Display: Found up-to-date module file ../../../Engine/Plugins/Media/WmfMedia/Binaries/Win64/UE4Editor-WmfMediaEditor.dll (API version 3709383).
LogModuleManager: Display: Found up-to-date module file ../../../Engine/Plugins/Media/WmfMedia/Binaries/Win64/UE4Editor-WmfMediaFactory.dll (API version 3709383).
LogModuleManager: Display: Found up-to-date module file ../../../Engine/Plugins/Media/WmfMedia/Binaries/Win64/UE4Editor-WmfMediaFactory.dll (API version 3709383).
LogModuleManager: Display: Found up-to-date module file ../../../Engine/Plugins/Messaging/TcpMessaging/Binaries/Win64/UE4Editor-TcpMessaging.dll (API version 3709383).
LogModuleManager: Display: Found up-to-date module file ../../../Engine/Plugins/Messaging/UdpMessaging/Binaries/Win64/UE4Editor-UdpMessaging.dll (API version 3709383).
LogModuleManager: Display: Found up-to-date module file ../../../Engine/Plugins/MovieScene/ActorSequence/Binaries/Win64/UE4Editor-ActorSequence.dll (API version 3709383).
LogModuleManager: Display: Found up-to-date module file ../../../Engine/Plugins/MovieScene/LevelSequenceEditor/Binaries/Win64/UE4Editor-LevelSequenceEditor.dll (API version 3709383).
LogModuleManager: Display: Found up-to-date module file ../../../Engine/Plugins/MovieScene/MatineeToLevelSequence/Binaries/Win64/UE4Editor-MatineeToLevelSequence.dll (API version 3709383).
LogModuleManager: Display: Found up-to-date module file ../../../Engine/Plugins/Online/OnlineSubsystem/Binaries/Win64/UE4Editor-OnlineSubsystem.dll (API version 3709383).
LogModuleManager: Display: Found up-to-date module file ../../../Engine/Plugins/Runtime/AndroidPermission/Binaries/Win64/UE4Editor-AndroidPermission.dll (API version 3709383).
LogModuleManager: Display: Found up-to-date module file ../../../Engine/Plugins/Online/OnlineSubsystemNull/Binaries/Win64/UE4Editor-OnlineSubsystemNull.dll (API version 3709383).
LogModuleManager: Display: Found up-to-date module file ../../../Engine/Plugins/Online/OnlineSubsystemUtils/Binaries/Win64/UE4Editor-OnlineSubsystemUtils.dll (API version 3709383).
LogModuleManager: Display: Found up-to-date module file ../../../Engine/Plugins/Online/OnlineSubsystemUtils/Binaries/Win64/UE4Editor-OnlineBlueprintSupport.dll (API version 3709383).
LogModuleManager: Display: Found up-to-date module file ../../../Engine/Plugins/Runtime/AndroidDeviceProfileSelector/Binaries/Win64/UE4Editor-AndroidDeviceProfileSelector.dll (API version 3709383).
LogModuleManager: Display: Found up-to-date module file ../../../Engine/Plugins/Runtime/AppleARKit/Binaries/Win64/UE4Editor-AppleARKit.dll (API version 3709383).
LogModuleManager: Display: Found up-to-date module file ../../../Engine/Plugins/Runtime/ArchVisCharacter/Binaries/Win64/UE4Editor-ArchVisCharacter.dll (API version 3709383).
LogModuleManager: Display: Found up-to-date module file ../../../Engine/Plugins/Runtime/CableComponent/Binaries/Win64/UE4Editor-CableComponent.dll (API version 3709383).
LogModuleManager: Display: Found up-to-date module file ../../../Engine/Plugins/Runtime/CustomMeshComponent/Binaries/Win64/UE4Editor-CustomMeshComponent.dll (API version 3709383).
LogModuleManager: Display: Found up-to-date module file ../../../Engine/Plugins/Runtime/ExampleDeviceProfileSelector/Binaries/Win64/UE4Editor-ExampleDeviceProfileSelector.dll (API version 3709383).
LogModuleManager: Display: Found up-to-date module file ../../../Engine/Plugins/Runtime/ImmediatePhysics/Binaries/Win64/UE4Editor-ImmediatePhysics.dll (API version 3709383).
LogModuleManager: Display: Found up-to-date module file ../../../Engine/Plugins/Runtime/ImmediatePhysics/Binaries/Win64/UE4Editor-ImmediatePhysicsEditor.dll (API version 3709383).
LogModuleManager: Display: Found up-to-date module file ../../../Engine/Plugins/Runtime/LocationServicesBPLibrary/Binaries/Win64/UE4Editor-LocationServicesBPLibrary.dll (API version 3709383).
LogModuleManager: Display: Found up-to-date module file ../../../Engine/Plugins/Runtime/MobilePatchingUtils/Binaries/Win64/UE4Editor-MobilePatchingUtils.dll (API version 3709383).
LogModuleManager: Display: Found up-to-date module file ../../../Engine/Plugins/Runtime/Oculus/OculusVR/Binaries/Win64/UE4Editor-OculusHMD.dll (API version 3709383).
LogModuleManager: Display: Found up-to-date module file ../../../Engine/Plugins/Runtime/Oculus/OculusVR/Binaries/Win64/UE4Editor-OculusInput.dll (API version 3709383).
LogModuleManager: Display: Found up-to-date module file ../../../Engine/Plugins/Runtime/Oculus/OculusVR/Binaries/Win64/UE4Editor-OculusEditor.dll (API version 3709383).
LogModuleManager: Display: Found up-to-date module file ../../../Engine/Plugins/Runtime/PhysXVehicles/Binaries/Win64/UE4Editor-PhysXVehicles.dll (API version 3709383).
LogModuleManager: Display: Found up-to-date module file ../../../Engine/Plugins/Runtime/PhysXVehicles/Binaries/Win64/UE4Editor-PhysXVehiclesEditor.dll (API version 3709383).
LogModuleManager: Display: Found up-to-date module file ../../../Engine/Plugins/Runtime/ProceduralMeshComponent/Binaries/Win64/UE4Editor-ProceduralMeshComponent.dll (API version 3709383).
LogModuleManager: Display: Found up-to-date module file ../../../Engine/Plugins/Runtime/ProceduralMeshComponent/Binaries/Win64/UE4Editor-ProceduralMeshComponentEditor.dll (API version 3709383).
LogModuleManager: Display: Found up-to-date module file ../../../Engine/Plugins/Runtime/RuntimePhysXCooking/Binaries/Win64/UE4Editor-RuntimePhysXCooking.dll (API version 3709383).
LogModuleManager: Display: Found up-to-date module file ../../../Engine/Plugins/Runtime/Steam/SteamVR/Binaries/Win64/UE4Editor-SteamVR.dll (API version 3709383).
LogModuleManager: Display: Found up-to-date module file ../../../Engine/Plugins/Runtime/Steam/SteamVR/Binaries/Win64/UE4Editor-SteamVRController.dll (API version 3709383).
LogModuleManager: Display: Found up-to-date module file ../../../Engine/Plugins/Runtime/WindowsMoviePlayer/Binaries/Win64/UE4Editor-WindowsMoviePlayer.dll (API version 3709383).
LogPluginManager: Mounting plugin Paper2D
LogPluginManager: Mounting plugin LightPropagationVolume
LogPluginManager: Mounting plugin CodeLiteSourceCodeAccess
LogPluginManager: Mounting plugin GitSourceControl
LogPluginManager: Mounting plugin KDevelopSourceCodeAccess
LogPluginManager: Mounting plugin NullSourceCodeAccess
LogPluginManager: Mounting plugin PerforceSourceControl
LogPluginManager: Mounting plugin SubversionSourceControl
LogPluginManager: Mounting plugin UObjectPlugin
LogPluginManager: Mounting plugin VisualStudioCodeSourceCodeAccess
LogPluginManager: Mounting plugin VisualStudioSourceCodeAccess
LogPluginManager: Mounting plugin XCodeSourceCodeAccess
LogPluginManager: Mounting plugin AssetManagerEditor
LogPluginManager: Mounting plugin AudioCapture
LogPluginManager: Mounting plugin FacialAnimation
LogPluginManager: Mounting plugin GameplayTagsEditor
LogPluginManager: Mounting plugin MobileLauncherProfileWizard
LogPluginManager: Mounting plugin PluginBrowser
LogPluginManager: Mounting plugin SpeedTreeImporter
LogPluginManager: Mounting plugin AlembicImporter
LogPluginManager: Mounting plugin CharacterAI
LogPluginManager: Mounting plugin HTML5Networking
LogPluginManager: Mounting plugin AndroidMedia
LogPluginManager: Mounting plugin AvfMedia
LogPluginManager: Mounting plugin ImgMedia
LogPluginManager: Mounting plugin MediaCompositing
LogPluginManager: Mounting plugin MediaPlayerEditor
LogPluginManager: Mounting plugin WmfMedia
LogPluginManager: Mounting plugin TcpMessaging
LogPluginManager: Mounting plugin UdpMessaging
LogPluginManager: Mounting plugin ActorSequence
LogPluginManager: Mounting plugin LevelSequenceEditor
LogPluginManager: Mounting plugin MatineeToLevelSequence
LogPluginManager: Mounting plugin OnlineSubsystemGooglePlay
LogPluginManager: Mounting plugin OnlineSubsystemIOS
LogPluginManager: Mounting plugin OnlineSubsystem
LogPluginManager: Mounting plugin OnlineSubsystemNull
LogPluginManager: Mounting plugin OnlineSubsystemUtils
LogPluginManager: Mounting plugin AndroidDeviceProfileSelector
LogPluginManager: Mounting plugin AndroidMoviePlayer
LogPluginManager: Mounting plugin AndroidPermission
LogPluginManager: Mounting plugin AppleARKit
LogPluginManager: Mounting plugin AppleMoviePlayer
LogPluginManager: Mounting plugin ArchVisCharacter
LogPluginManager: Mounting plugin CableComponent
LogPluginManager: Mounting plugin CustomMeshComponent
LogPluginManager: Mounting plugin ExampleDeviceProfileSelector
LogPluginManager: Mounting plugin GoogleCloudMessaging
LogPluginManager: Mounting plugin ImmediatePhysics
LogPluginManager: Mounting plugin IOSDeviceProfileSelector
LogPluginManager: Mounting plugin LinuxDeviceProfileSelector
LogPluginManager: Mounting plugin LocationServicesBPLibrary
LogPluginManager: Mounting plugin MobilePatchingUtils
LogPluginManager: Mounting plugin OculusVR
LogPluginManager: Plugin shader directory ../../../Engine/Plugins/Runtime/Oculus/OculusVR/Shaders found
LogPluginManager: Mapping shader source directory ../../../Engine/Plugins/Runtime/Oculus/OculusVR/Shaders to virtual directory /Plugin/OculusVR
LogPluginManager: Mounting plugin PhysXVehicles
LogPluginManager: Mounting plugin ProceduralMeshComponent
LogPluginManager: Mounting plugin RuntimePhysXCooking
LogPluginManager: Mounting plugin SteamVR
LogPluginManager: Mounting plugin WindowsMoviePlayer
LogInit: Using libcurl 7.47.1
LogInit:  - built for x86_64-pc-win32
LogInit:  - supports SSL with OpenSSL/1.0.2g
LogInit:  - supports HTTP deflate (compression) using libz 1.2.8
LogInit:  - other features:
LogInit:      CURL_VERSION_SSL
LogInit:      CURL_VERSION_LIBZ
LogInit:      CURL_VERSION_IPV6
LogInit:      CURL_VERSION_ASYNCHDNS
LogInit:      CURL_VERSION_LARGEFILE
LogInit:      CURL_VERSION_IDN
LogInit:  CurlRequestOptions (configurable via config and command line):
LogInit:  - bVerifyPeer = false  - Libcurl will NOT verify peer certificate
LogInit:  - bUseHttpProxy = false  - Libcurl will NOT use HTTP proxy
LogInit:  - bDontReuseConnections = false  - Libcurl will reuse connections
LogInit:  - CertBundlePath = nullptr  - Libcurl will use whatever was configured at build time.
LogInit: Build: ++UE4+Release-4.18-CL-3832480
LogInit: Engine Version: 4.18.3-3832480+++UE4+Release-4.18
LogInit: Compatible Engine Version: 4.18.0-3709383+++UE4+Release-4.18
LogInit: Net CL: 3709383
LogDevObjectVersion: Number of dev versions registered: 16
LogDevObjectVersion:   Dev-Blueprints (B0D832E4-1F89-4F0D-ACCF-7EB736FD4AA2): 10
LogDevObjectVersion:   Dev-Build (E1C64328-A22C-4D53-A36C-8E866417BD8C): 0
LogDevObjectVersion:   Dev-Core (375EC13C-06E4-48FB-B500-84F0262A717E): 2
LogDevObjectVersion:   Dev-Editor (E4B068ED-F494-42E9-A231-DA0B2E46BB41): 20
LogDevObjectVersion:   Dev-Framework (CFFC743F-43B0-4480-9391-14DF171D2073): 30
LogDevObjectVersion:   Dev-Mobile (B02B49B5-BB20-44E9-A304-32B752E40360): 0
LogDevObjectVersion:   Dev-Networking (A4E4105C-59A1-49B5-A7C5-40C4547EDFEE): 0
LogDevObjectVersion:   Dev-Online (39C831C9-5AE6-47DC-9A44-9C173E1C8E7C): 0
LogDevObjectVersion:   Dev-Physics (78F01B33-EBEA-4F98-B9B4-84EACCB95AA2): 0
LogDevObjectVersion:   Dev-Platform (6631380F-2D4D-43E0-8009-CF276956A95A): 0
LogDevObjectVersion:   Dev-Rendering (12F88B9F-8875-4AFC-A67C-D90C383ABD29): 20
LogDevObjectVersion:   Dev-Sequencer (7B5AE74C-D270-4C10-A958-57980B212A5A): 4
LogDevObjectVersion:   Dev-VR (D7296918-1DD6-4BDD-9DE2-64A83CC13884): 0
LogDevObjectVersion:   Dev-LoadTimes (C2A15278-BFE7-4AFE-6C17-90FF531DF755): 1
LogDevObjectVersion:   Private-Geometry (6EACA3D4-40EC-4CC1-B786-8BED09428FC5): 1
LogDevObjectVersion:   Dev-AnimPhys (29E575DD-E0A3-4627-9D10-D276232CDCEA): 12
LogInit: Compiled (64-bit): Jan 12 2018 02:04:55
LogInit: Compiled with Visual C++: 19.00.24215.01
LogInit: Build Configuration: Development
LogInit: Branch Name: ++UE4+Release-4.18
LogInit: Command line: -EpicPortal 
LogInit: Base directory: F:/Unreal 4.18/UE_4.18/Engine/Binaries/Win64/
LogInit: Installed Engine Build: 1
LogInit: Presizing for max 8388607 objects, including 0 objects not considered by GC, pre-allocating 0 bytes for permanent pool.
LogInit: Object subsystem initialized
[2018.05.29-16.11.47:620][  0]LogInit: Selected Device Profile: [Windows]
[2018.05.29-16.11.47:620][  0]LogInit: Applying CVar settings loaded from the selected device profile: [Windows]
[2018.05.29-16.11.47:663][  0]LogInit: Computer: MR_E-DATOR
[2018.05.29-16.11.47:663][  0]LogInit: User: MrE
[2018.05.29-16.11.47:663][  0]LogInit: CPU Page size=4096, Cores=4
[2018.05.29-16.11.47:663][  0]LogInit: High frequency timer resolution =3.233211 MHz
[2018.05.29-16.11.47:663][  0]LogMemory: Memory total: Physical=8.0GB (8GB approx)
[2018.05.29-16.11.47:663][  0]LogMemory: Platform Memory Stats for Windows
[2018.05.29-16.11.47:663][  0]LogMemory: Process Physical Memory: 277.46 MB used, 277.46 MB peak
[2018.05.29-16.11.47:663][  0]LogMemory: Process Virtual Memory: 273.71 MB used, 273.71 MB peak
[2018.05.29-16.11.47:663][  0]LogMemory: Physical Memory: 5729.74 MB used,  2429.39 MB free, 8159.14 MB total
[2018.05.29-16.11.47:663][  0]LogMemory: Virtual Memory: 681.35 MB used,  2429.39 MB free, 134217728.00 MB total
[2018.05.29-16.11.47:805][  0]LogInit: Using OS detected language (sv-SE).
[2018.05.29-16.11.47:805][  0]LogInit: Using OS detected locale (sv-SE).
[2018.05.29-16.11.47:808][  0]LogTextLocalizationManager: No localization for 'sv-SE' exists, so 'en' will be used for the language.
[2018.05.29-16.11.47:808][  0]LogTextLocalizationManager: No localization for 'sv-SE' exists, so 'en' will be used for the locale.
[2018.05.29-16.11.48:256][  0]LogInit: Setting process to per monitor DPI aware
[2018.05.29-16.11.48:550][  0]LogD3D11RHI: D3D11 adapters:
[2018.05.29-16.11.48:608][  0]LogD3D11RHI:    0. 'NVIDIA GeForce GTX 1070' (Feature Level 11_0)
[2018.05.29-16.11.48:608][  0]LogD3D11RHI:       8088/0/4079 MB DedicatedVideo/DedicatedSystem/SharedSystem, Outputs:2, VendorId:0x10de
[2018.05.29-16.11.48:611][  0]LogD3D11RHI:    1. 'Microsoft Basic Render Driver' (Feature Level 11_0)
[2018.05.29-16.11.48:611][  0]LogD3D11RHI:       0/0/4079 MB DedicatedVideo/DedicatedSystem/SharedSystem, Outputs:0, VendorId:0x1414
[2018.05.29-16.11.48:611][  0]LogD3D11RHI: Chosen D3D11 Adapter: 0
[2018.05.29-16.11.48:617][  0]LogD3D11RHI: Creating new Direct3DDevice
[2018.05.29-16.11.48:617][  0]LogD3D11RHI:     GPU DeviceId: 0x1b81 (for the marketing name, search the web for "GPU Device Id")
[2018.05.29-16.11.48:617][  0]LogWindows: EnumDisplayDevices:
[2018.05.29-16.11.48:618][  0]LogWindows:    0. 'NVIDIA GeForce GTX 1070' (P:1 D:1)
[2018.05.29-16.11.48:618][  0]LogWindows:    1. 'NVIDIA GeForce GTX 1070' (P:0 D:0)
[2018.05.29-16.11.48:618][  0]LogWindows:    2. 'NVIDIA GeForce GTX 1070' (P:0 D:1)
[2018.05.29-16.11.48:618][  0]LogWindows:    3. 'NVIDIA GeForce GTX 1070' (P:0 D:0)
[2018.05.29-16.11.48:618][  0]LogWindows: DebugString: GetVideoDriverDetailsInvalid PrimaryIsNotTheChoosenAdapter GetVideoDriverDetailsInvalid PrimaryIsNotTheChoosenAdapter GetVideoDriverDetailsInvalid PrimaryIsNotTheChoosenAdapter GetVideoDriverDetailsInvalid PrimaryIsNotTheChoosenAdapter FoundDriverCount:0 
[2018.05.29-16.11.48:618][  0]LogD3D11RHI:     Adapter Name: NVIDIA GeForce GTX 1070
[2018.05.29-16.11.48:618][  0]LogD3D11RHI:   Driver Version: Unknown (internal:Unknown, unified:Unknown)
[2018.05.29-16.11.48:618][  0]LogD3D11RHI:      Driver Date: Unknown
[2018.05.29-16.11.48:618][  0]LogRHI: Texture pool is 5661 MB (70% of 8088 MB)
[2018.05.29-16.11.48:661][  0]LogD3D11RHI: Async texture creation enabled
[2018.05.29-16.11.48:678][  0]LogD3D11RHI: GPU Timing Frequency: 1000.000000 (Debug: 2 2)
[2018.05.29-16.11.48:727][  0]LogShaderCompilers: Guid format shader working directory is -43 characters bigger than the processId version (../../../../../Projects/AdventureP/Adventure-UE4-Project-3/AdventureUE4Project/Adventure/Intermediate/Shaders/WorkingDirectory/6692/).
[2018.05.29-16.11.48:727][  0]LogShaderCompilers: Cleaned the shader compiler working directory 'C:/Users/Mr_E/AppData/Local/Temp/UnrealShaderWorkingDir/EE23644B41613CDA544C0399E6512191/'.
[2018.05.29-16.11.48:727][  0]LogShaderCompilers: Display: Using Local Shader Compiler.
[2018.05.29-16.11.49:811][  0]LogTemp: Display: Loaded TP AllDesktopTargetPlatform
[2018.05.29-16.11.49:870][  0]LogTemp: Display: Loaded TP MacClientTargetPlatform
[2018.05.29-16.11.49:993][  0]LogTemp: Display: Loaded TP MacNoEditorTargetPlatform
[2018.05.29-16.11.50:125][  0]LogTemp: Display: Loaded TP MacServerTargetPlatform
[2018.05.29-16.11.50:211][  0]LogTemp: Display: Loaded TP MacTargetPlatform
[2018.05.29-16.11.50:339][  0]LogTemp: Display: Loaded TP WindowsClientTargetPlatform
[2018.05.29-16.11.50:409][  0]LogTemp: Display: Loaded TP WindowsNoEditorTargetPlatform
[2018.05.29-16.11.50:505][  0]LogTemp: Display: Loaded TP WindowsServerTargetPlatform
[2018.05.29-16.11.50:611][  0]LogTemp: Display: Loaded TP WindowsTargetPlatform
[2018.05.29-16.11.51:350][  0]LogTemp: Display: Loaded TP Android_ASTCTargetPlatform
[2018.05.29-16.11.51:574][  0]LogTemp: Display: Loaded TP Android_ATCTargetPlatform
[2018.05.29-16.11.51:784][  0]LogTemp: Display: Loaded TP Android_DXTTargetPlatform
[2018.05.29-16.11.51:859][  0]LogTemp: Display: Loaded TP Android_ETC1TargetPlatform
[2018.05.29-16.11.52:003][  0]LogTemp: Display: Loaded TP Android_ETC2TargetPlatform
[2018.05.29-16.11.52:679][  0]LogTemp: Display: Loaded TP Android_MultiTargetPlatform
[2018.05.29-16.11.52:679][  0]LogTemp: Display: Loaded TP Android_PVRTCTargetPlatform
[2018.05.29-16.11.52:848][  0]LogTemp: Display: Loaded TP AndroidTargetPlatform
[2018.05.29-16.11.52:886][  0]LogTemp: Display: Loaded TP HTML5TargetPlatform
[2018.05.29-16.11.53:102][  0]LogTemp: Display: Loaded TP IOSTargetPlatform
[2018.05.29-16.11.53:130][  0]LogTemp: Display: Loaded TP TVOSTargetPlatform
[2018.05.29-16.11.53:188][  0]LogTemp: Display: Loaded TP LinuxClientTargetPlatform
[2018.05.29-16.11.53:240][  0]LogTemp: Display: Loaded TP LinuxNoEditorTargetPlatform
[2018.05.29-16.11.53:392][  0]LogTemp: Display: Loaded TP LinuxServerTargetPlatform
[2018.05.29-16.11.53:453][  0]LogTemp: Display: Loaded TP LinuxTargetPlatform
[2018.05.29-16.11.53:453][  0]LogTargetPlatformManager: Display: Building Assets For Windows
[2018.05.29-16.11.53:907][  0]LogDerivedDataCache: Display: Max Cache Size: 512 MB
[2018.05.29-16.11.54:032][  0]LogDerivedDataCache: Loaded boot cache 0.12s 79MB C:/Users/Mr_E/AppData/Local/UnrealEngine/4.18/DerivedDataCache/Boot.ddc.
[2018.05.29-16.11.54:032][  0]LogDerivedDataCache: Display: Loaded Boot cache: C:/Users/Mr_E/AppData/Local/UnrealEngine/4.18/DerivedDataCache/Boot.ddc
[2018.05.29-16.11.54:032][  0]LogDerivedDataCache: FDerivedDataBackendGraph:  Pak pak cache file ../../../../../Projects/AdventureP/Adventure-UE4-Project-3/AdventureUE4Project/Adventure/DerivedDataCache/DDC.ddp not found, will not use a pak cache.
[2018.05.29-16.11.54:032][  0]LogDerivedDataCache: Unable to find inner node Pak for hierarchical cache Hierarchy.
[2018.05.29-16.11.54:032][  0]LogDerivedDataCache: FDerivedDataBackendGraph:  CompressedPak pak cache file ../../../../../Projects/AdventureP/Adventure-UE4-Project-3/AdventureUE4Project/Adventure/DerivedDataCache/Compressed.ddp not found, will not use a pak cache.
[2018.05.29-16.11.54:032][  0]LogDerivedDataCache: Unable to find inner node CompressedPak for hierarchical cache Hierarchy.
[2018.05.29-16.11.54:071][  0]LogDerivedDataCache: Display: Pak cache opened for reading ../../../Engine/DerivedDataCache/Compressed.ddp.
[2018.05.29-16.11.54:083][  0]LogDerivedDataCache: Using Local data cache path C:/Users/Mr_E/AppData/Local/UnrealEngine/Common/DerivedDataCache: Writable
[2018.05.29-16.11.54:098][  0]LogMaterial: Verifying Global Shaders for PCD3D_SM5
[2018.05.29-16.11.54:098][  0]LogSlate: Using Freetype 2.6.0
[2018.05.29-16.11.54:099][  0]LogSlate: SlateFontCache - WITH_FREETYPE: 1, WITH_HARFBUZZ: 1
[2018.05.29-16.11.54:099][  0]LogSlate: SlateFontCache - WITH_FREETYPE: 1, WITH_HARFBUZZ: 1
[2018.05.29-16.11.54:608][  0]LogInit: Selected Device Profile: [Windows]
[2018.05.29-16.11.55:097][  0]LogSimplygon: Simplygon DLL not present - disabling.
[2018.05.29-16.11.55:161][  0]LogMeshReduction: Using SimplygonSwarm for distributed automatic mesh merging
[2018.05.29-16.11.55:162][  0]LogMeshReduction: Using QuadricMeshReduction for automatic static mesh reduction
[2018.05.29-16.11.55:162][  0]LogMeshReduction: No automatic skeletal mesh reduction module available
[2018.05.29-16.11.55:162][  0]LogMeshReduction: No automatic mesh merging module available
[2018.05.29-16.11.55:162][  0]LogMeshMerging: No automatic mesh merging module available
[2018.05.29-16.11.55:300][  0]LogNetVersion: Adventure , NetCL: 3709383, EngineNetVer: 2, GameNetVer: 0 (Checksum: 1750621016)
[2018.05.29-16.11.55:531][  0]LogAssetRegistry: FAssetRegistry took 0.0271 seconds to start up
[2018.05.29-16.11.56:277][  0]LogPackageLocalizationCache: Processed 7 localized package path(s) for 1 prioritized culture(s) in 0.169231 seconds
[2018.05.29-16.11.56:283][  0]LogUObjectArray: 35870 objects as part of root set at end of initial load.
[2018.05.29-16.11.56:283][  0]LogUObjectAllocator: 7363704 out of 0 bytes used by permanent object pool.
[2018.05.29-16.11.56:283][  0]LogUObjectArray: CloseDisregardForGC: 0/0 objects in disregard for GC pool
[2018.05.29-16.11.56:337][  0]LogInit: WinSock: version 1.1 (2.2), MaxSocks=32767, MaxUdp=65467
[2018.05.29-16.12.00:069][  0]LogTcpMessaging: Initializing TcpMessaging bridge
[2018.05.29-16.12.00:108][  0]LogUdpMessaging: Initializing bridge on interface 0.0.0.0:0 to multicast group 230.0.0.1:6666.
[2018.05.29-16.12.01:249][  0]LogMaterial: Uniform references updated for custom material expression Custom.
[2018.05.29-16.12.01:864][  0]SourceControl: Source control is disabled
[2018.05.29-16.12.03:519][  0]LogAndroidPermission: UAndroidPermissionCallbackProxy::GetInstance
[2018.05.29-16.12.03:939][  0]LogOcInput: OculusInput pre-init called
[2018.05.29-16.12.04:315][  0]LogEngine: Initializing Engine...
[2018.05.29-16.12.04:320][  0]LogHMD: Failed to initialize OpenVR with code 105
[2018.05.29-16.12.04:576][  0]LogStats: UGameplayTagsManager::ConstructGameplayTagTree: Construct from data asset -  0.000 s
[2018.05.29-16.12.04:620][  0]LogStats: UGameplayTagsManager::ConstructGameplayTagTree: GameplayTagTreeChangedEvent.Broadcast -  0.000 s
[2018.05.29-16.12.04:937][  0]LogAIModule: Creating AISystem for world Untitled
[2018.05.29-16.12.04:970][  0]LogInit: XAudio2 using 'Högtalare (Realtek High Definition Audio)' : 2 channels at 48 kHz using 32 bits per sample (channel mask 0x3)
[2018.05.29-16.12.04:985][  0]LogInit: FAudioDevice initialized.
[2018.05.29-16.12.05:107][  0]LogDerivedDataCache: Saved boot cache 0.12s 79MB C:/Users/Mr_E/AppData/Local/UnrealEngine/4.18/DerivedDataCache/Boot.ddc.
[2018.05.29-16.12.05:129][  0]LogInit: Texture streaming: Enabled
[2018.05.29-16.12.05:222][  0]LogEngineSessionManager: EngineSessionManager initialized
[2018.05.29-16.12.05:556][  0]LogInit: Transaction tracking system initialized
[2018.05.29-16.12.06:289][  0]BlueprintLog: New page: Editor Load
[2018.05.29-16.12.07:470][  0]LocalizationService: Localization service is disabled
[2018.05.29-16.12.08:393][  0]LogLinker: Warning: Can't find file '/Game/VehicleBP/VehicleOverview'
[2018.05.29-16.12.08:393][  0]LogLinker: Warning: Can't find file '/Game/VehicleBP/VehicleOverview'
[2018.05.29-16.12.08:393][  0]LogUObjectGlobals: Warning: Failed to find object 'Class /Game/VehicleBP/VehicleOverview.VehicleOverview_C'
[2018.05.29-16.12.08:723][  0]LogConsoleResponse: Display: 
[2018.05.29-16.12.09:061][  0]LogCook: Display: Max memory allowance for cook 16384mb min free memory 0mb
[2018.05.29-16.12.09:061][  0]LogCook: Display: Mobile HDR setting 1
[2018.05.29-16.12.09:061][  0]LogGameplayTags: Display: UGameplayTagsManager::DoneAddingNativeTags. DelegateIsBound: 0
[2018.05.29-16.12.10:754][  0]LogFileCache: Scanning file cache for directory 'F:/Projects/AdventureP/Adventure-UE4-Project-3/AdventureUE4Project/Adventure/Content/' took 0.53s
[2018.05.29-16.12.10:801][  0]Cmd: MAP LOAD FILE="../../../../../Projects/AdventureP/Adventure-UE4-Project-3/AdventureUE4Project/Adventure/Content/Scenes/roadSideScene.umap" TEMPLATE=0 SHOWPROGRESS=1 FEATURELEVEL=3
[2018.05.29-16.12.10:801][  0]LightingResults: New page: Lighting Build
[2018.05.29-16.12.10:846][  0]MapCheck: New page: Map Check
[2018.05.29-16.12.10:846][  0]LightingResults: New page: Lighting Build
[2018.05.29-16.12.46:375][  0]LogAIModule: Creating AISystem for world roadSideScene
[2018.05.29-16.12.51:112][  0]LogEditorServer: Finished looking for orphan Actors (0.000 secs)
[2018.05.29-16.12.51:206][  0]Cmd: MAP CHECKDEP NOCLEARLOG
[2018.05.29-16.12.51:291][  0]MapCheck: Map check complete: 0 Error(s), 0 Warning(s), took 84.619ms to complete.
[2018.05.29-16.12.51:291][  0]LogFileHelpers: Loading map 'roadSideScene' took 40.491
[2018.05.29-16.12.54:060][  0]LogCollectionManager: Loaded 0 collections in 0.001066 seconds
[2018.05.29-16.12.54:628][  0]LogFileCache: Scanning file cache for directory 'F:/Projects/AdventureP/Adventure-UE4-Project-3/AdventureUE4Project/Adventure/Saved/Collections/' took 0.01s
[2018.05.29-16.12.54:628][  0]LogFileCache: Scanning file cache for directory 'F:/Projects/AdventureP/Adventure-UE4-Project-3/AdventureUE4Project/Adventure/Content/Developers/MrE/Collections/' took 0.01s
[2018.05.29-16.12.54:628][  0]LogFileCache: Scanning file cache for directory 'F:/Projects/AdventureP/Adventure-UE4-Project-3/AdventureUE4Project/Adventure/Content/Collections/' took 0.01s
[2018.05.29-16.12.54:628][  0]LogCollectionManager: Rebuilt the GUID cache for 0 collections in 0.000000 seconds
[2018.05.29-16.12.54:644][  0]LogContentBrowser: Native class hierarchy populated in 0.0117 seconds. Added 2363 classes and 519 folders.
[2018.05.29-16.12.55:163][  0]LogContentBrowser: Native class hierarchy updated for 'WidgetCarousel' in 0.0003 seconds. Added 0 classes and 0 folders.
[2018.05.29-16.12.57:997][  0]LogContentBrowser: Native class hierarchy updated for 'AddContentDialog' in 0.0003 seconds. Added 0 classes and 0 folders.
[2018.05.29-16.12.58:376][  0]LogContentBrowser: Native class hierarchy updated for 'SceneOutliner' in 0.0003 seconds. Added 1 classes and 2 folders.
[2018.05.29-16.13.02:320][  0]LogSlate: Took 0.000262 seconds to synchronously load lazily loaded font '../../../Engine/Content/Slate/Fonts/Roboto-Regular.ttf' (155K)
[2018.05.29-16.13.02:371][  0]LogSlate: Took 0.000226 seconds to synchronously load lazily loaded font '../../../Engine/Content/Slate/Fonts/Roboto-Bold.ttf' (160K)
[2018.05.29-16.13.02:675][  0]LogSlate: Took 0.021848 seconds to synchronously load lazily loaded font '../../../Engine/Content/Editor/Slate/Fonts/FontAwesome.ttf' (139K)
[2018.05.29-16.13.04:616][  0]LogRenderer: Reallocating scene render targets to support 876x680 Format 9 NumSamples 1 (Frame:1).
[2018.05.29-16.13.05:379][  0]LogStaticMesh: Allocated 512x197x64 distance field atlas = 12.3Mb, with 75 objects containing 7.2Mb backing data
[2018.05.29-16.13.07:201][  0]LogContentBrowser: Native class hierarchy updated for 'HierarchicalLODOutliner' in 0.0003 seconds. Added 1 classes and 2 folders.
[2018.05.29-16.13.07:201][  0]LogLoad: (Engine Initialization) Total time: 82.82 seconds
[2018.05.29-16.13.07:201][  0]LogLoad: (Engine Initialization) Total Blueprint compile time: 0.00 seconds
[2018.05.29-16.13.07:201][  0]LogExternalProfiler: Found external profiler: VSPerf
[2018.05.29-16.13.07:201][  0]LogExternalProfiler: Using external profiler: VSPerf
[2018.05.29-16.13.07:994][  0]LogContentStreaming: Texture pool size now 800 MB
[2018.05.29-16.13.09:258][  0]LogSlate: Took 0.116666 seconds to synchronously load lazily loaded font '../../../Engine/Content/Slate/Fonts/Roboto-Light.ttf' (159K)
[2018.05.29-16.13.09:975][  2]LogAssetRegistry: Asset discovery search completed in 74.4659 seconds
[2018.05.29-16.13.09:978][  2]LogCollectionManager: Rebuilt the object cache for 0 collections in 0.000000 seconds (found 0 objects)
[2018.05.29-16.13.09:978][  2]LogCollectionManager: Fixed up redirectors for 0 collections in 0.000072 seconds (updated 0 objects)
[2018.05.29-16.13.10:288][  2]LogSlate: Took 0.000327 seconds to synchronously load lazily loaded font '../../../Engine/Content/Slate/Fonts/Roboto-Light.ttf' (159K)
[2018.05.29-16.13.14:359][ 14]LogFileCache: Retrieving MD5 hashes for directory 'F:/Projects/AdventureP/Adventure-UE4-Project-3/AdventureUE4Project/Adventure/Content/' took 6.76s
[2018.05.29-16.28.55:299][ 75]LogSlate: Took 0.016820 seconds to synchronously load lazily loaded font '../../../Engine/Content/Slate/Fonts/Roboto-Light.ttf' (159K)
[2018.05.29-16.28.56:977][ 75]LogContentBrowser: Native class hierarchy updated for 'MaterialEditor' in 0.0382 seconds. Added 1 classes and 0 folders.
[2018.05.29-16.28.57:147][ 75]LogMaterial: Missing cached shader map for material M_Dust_Particle, compiling. 
[2018.05.29-16.28.59:259][ 75]LogMaterial: Missing cached shader map for material FMatExpressionPreview MaterialExpressionParticleSubUV_0, compiling. 
[2018.05.29-16.28.59:317][ 75]LogMaterial: Missing cached shader map for material M_Dust_Particle, compiling. 
[2018.05.29-16.28.59:457][ 75]LogMaterial: Missing cached shader map for material M_Dust_Particle, compiling. 
[2018.05.29-16.28.59:520][ 75]LogMaterial: Missing cached shader map for material FMatExpressionPreview MaterialExpressionParticleSubUV_0, compiling. 
[2018.05.29-16.28.59:639][ 75]LogSlate: Took 0.060622 seconds to synchronously load lazily loaded font '../../../Engine/Content/Editor/Slate/Fonts/Roboto-BoldCondensed.ttf' (158K)
[2018.05.29-16.29.00:850][ 79]LogSlate: Took 0.047644 seconds to synchronously load lazily loaded font '../../../Engine/Content/Editor/Slate/Fonts/Roboto-Italic.ttf' (157K)
[2018.05.29-16.29.10:525][921]MaterialEditorStats: Base pass shader: 50 instructions
[2018.05.29-16.29.10:525][921]MaterialEditorStats: Base pass shader with Volumetric Lightmap: 71 instructions
[2018.05.29-16.29.10:525][921]MaterialEditorStats: Vertex shader: 124 instructions
[2018.05.29-16.29.10:525][921]MaterialEditorStats: Texture samplers: 3/16
[2018.05.29-16.31.38:534][946]LogContentBrowser: Native class hierarchy updated for 'TextureEditor' in 0.0005 seconds. Added 1 classes and 2 folders.
[2018.05.29-16.32.55:320][573]LogEditorViewport: Clicking on Actor (LMB): StaticMeshActor (Cabin_Floor_01)
[2018.05.29-16.32.56:054][595]LogEditorViewport: Clicking on Actor (LMB): StaticMeshActor (Cabin_Floor_01)
[2018.05.29-16.33.43:420][613]LogContentBrowser: Native class hierarchy updated for 'Cascade' in 0.0003 seconds. Added 2 classes and 2 folders.
[2018.05.29-16.36.00:593][969]LogParticles: Warning: MaxCount =  502 for Emitter ParticleSpriteEmitter_0 (/Game/Effects/Dust_PArticles.Dust_Particles)
[2018.05.29-16.36.00:593][969]LogParticles: Warning: MaxCount =  502 for Emitter ParticleSpriteEmitter_1 (/Game/Effects/Dust_PArticles.Dust_Particles)
[2018.05.29-16.36.00:593][969]LogParticles: Warning: MaxCount =  502 for Emitter ParticleSpriteEmitter_3 (/Game/Effects/Dust_PArticles.Dust_Particles)
[2018.05.29-16.36.00:593][969]LogParticles: Warning: MaxCount =  502 for Emitter ParticleSpriteEmitter_2 (/Game/Effects/Dust_PArticles.Dust_Particles)
[2018.05.29-16.36.04:374][416]LogParticles: Warning: MaxCount =  502 for Emitter ParticleSpriteEmitter_0 (/Game/Effects/Dust_PArticles.Dust_Particles)
[2018.05.29-16.36.04:374][416]LogParticles: Warning: MaxCount =  502 for Emitter ParticleSpriteEmitter_1 (/Game/Effects/Dust_PArticles.Dust_Particles)
[2018.05.29-16.36.04:374][416]LogParticles: Warning: MaxCount =  502 for Emitter ParticleSpriteEmitter_3 (/Game/Effects/Dust_PArticles.Dust_Particles)
[2018.05.29-16.36.04:374][416]LogParticles: Warning: MaxCount =  502 for Emitter ParticleSpriteEmitter_2 (/Game/Effects/Dust_PArticles.Dust_Particles)
[2018.05.29-16.36.10:453][141]LogParticles: Warning: MaxCount =  502 for Emitter ParticleSpriteEmitter_0 (/Game/Effects/Dust_PArticles.Dust_Particles)
[2018.05.29-16.36.10:453][141]LogParticles: Warning: MaxCount =  502 for Emitter ParticleSpriteEmitter_1 (/Game/Effects/Dust_PArticles.Dust_Particles)
[2018.05.29-16.36.10:453][141]LogParticles: Warning: MaxCount =  502 for Emitter ParticleSpriteEmitter_3 (/Game/Effects/Dust_PArticles.Dust_Particles)
[2018.05.29-16.36.10:453][141]LogParticles: Warning: MaxCount =  502 for Emitter ParticleSpriteEmitter_2 (/Game/Effects/Dust_PArticles.Dust_Particles)
[2018.05.29-16.36.14:161][584]LogParticles: Warning: MaxCount =  502 for Emitter ParticleSpriteEmitter_0 (/Game/Effects/Dust_PArticles.Dust_Particles)
[2018.05.29-16.36.14:161][584]LogParticles: Warning: MaxCount =  502 for Emitter ParticleSpriteEmitter_1 (/Game/Effects/Dust_PArticles.Dust_Particles)
[2018.05.29-16.36.14:161][584]LogParticles: Warning: MaxCount =  502 for Emitter ParticleSpriteEmitter_3 (/Game/Effects/Dust_PArticles.Dust_Particles)
[2018.05.29-16.36.14:161][584]LogParticles: Warning: MaxCount =  502 for Emitter ParticleSpriteEmitter_2 (/Game/Effects/Dust_PArticles.Dust_Particles)
[2018.05.29-16.36.16:119][817]LogParticles: Warning: MaxCount =  502 for Emitter ParticleSpriteEmitter_0 (/Game/Effects/Dust_PArticles.Dust_Particles)
[2018.05.29-16.36.16:119][817]LogParticles: Warning: MaxCount =  502 for Emitter ParticleSpriteEmitter_1 (/Game/Effects/Dust_PArticles.Dust_Particles)
[2018.05.29-16.36.16:119][817]LogParticles: Warning: MaxCount =  502 for Emitter ParticleSpriteEmitter_3 (/Game/Effects/Dust_PArticles.Dust_Particles)
[2018.05.29-16.36.16:119][817]LogParticles: Warning: MaxCount =  502 for Emitter ParticleSpriteEmitter_2 (/Game/Effects/Dust_PArticles.Dust_Particles)
[2018.05.29-16.36.30:608][552]LogParticles: Warning: MaxCount =  502 for Emitter ParticleSpriteEmitter_0 (/Game/Effects/Dust_PArticles.Dust_Particles)
[2018.05.29-16.36.30:608][552]LogParticles: Warning: MaxCount =  502 for Emitter ParticleSpriteEmitter_1 (/Game/Effects/Dust_PArticles.Dust_Particles)
[2018.05.29-16.36.30:608][552]LogParticles: Warning: MaxCount =  502 for Emitter ParticleSpriteEmitter_3 (/Game/Effects/Dust_PArticles.Dust_Particles)
[2018.05.29-16.36.30:608][552]LogParticles: Warning: MaxCount =  502 for Emitter ParticleSpriteEmitter_2 (/Game/Effects/Dust_PArticles.Dust_Particles)
[2018.05.29-16.36.34:265][990]LogParticles: Warning: MaxCount =  502 for Emitter ParticleSpriteEmitter_0 (/Game/Effects/Dust_PArticles.Dust_Particles)
[2018.05.29-16.36.34:265][990]LogParticles: Warning: MaxCount =  502 for Emitter ParticleSpriteEmitter_1 (/Game/Effects/Dust_PArticles.Dust_Particles)
[2018.05.29-16.36.34:265][990]LogParticles: Warning: MaxCount =  502 for Emitter ParticleSpriteEmitter_3 (/Game/Effects/Dust_PArticles.Dust_Particles)
[2018.05.29-16.36.34:265][990]LogParticles: Warning: MaxCount =  502 for Emitter ParticleSpriteEmitter_2 (/Game/Effects/Dust_PArticles.Dust_Particles)
[2018.05.29-16.36.39:067][563]LogParticles: Warning: MaxCount =  502 for Emitter ParticleSpriteEmitter_0 (/Game/Effects/Dust_PArticles.Dust_Particles)
[2018.05.29-16.36.39:067][563]LogParticles: Warning: MaxCount =  502 for Emitter ParticleSpriteEmitter_1 (/Game/Effects/Dust_PArticles.Dust_Particles)
[2018.05.29-16.36.39:067][563]LogParticles: Warning: MaxCount =  502 for Emitter ParticleSpriteEmitter_3 (/Game/Effects/Dust_PArticles.Dust_Particles)
[2018.05.29-16.36.39:068][563]LogParticles: Warning: MaxCount =  502 for Emitter ParticleSpriteEmitter_2 (/Game/Effects/Dust_PArticles.Dust_Particles)
[2018.05.29-16.36.46:122][408]LogParticles: Warning: MaxCount =  502 for Emitter ParticleSpriteEmitter_0 (/Game/Effects/Dust_PArticles.Dust_Particles)
[2018.05.29-16.36.46:122][408]LogParticles: Warning: MaxCount =  502 for Emitter ParticleSpriteEmitter_1 (/Game/Effects/Dust_PArticles.Dust_Particles)
[2018.05.29-16.36.46:122][408]LogParticles: Warning: MaxCount =  502 for Emitter ParticleSpriteEmitter_3 (/Game/Effects/Dust_PArticles.Dust_Particles)
[2018.05.29-16.36.46:122][408]LogParticles: Warning: MaxCount =  502 for Emitter ParticleSpriteEmitter_2 (/Game/Effects/Dust_PArticles.Dust_Particles)
[2018.05.29-16.38.08:485][223]LogSavePackage: Save=429.61ms
[2018.05.29-16.38.08:485][223]LogSavePackage: Moving '../../../../../Projects/AdventureP/Adventure-UE4-Project-3/AdventureUE4Project/Adventure/Saved/Dust_PArticles9EDFDDCA479B2907FBF8DC92D4403CF1.tmp' to '../../../../../Projects/AdventureP/Adventure-UE4-Project-3/AdventureUE4Project/Adventure/Content/Effects/Dust_PArticles.uasset'
[2018.05.29-16.38.08:525][223]LogSavePackage: Display: Finished SavePackage ../../../../../Projects/AdventureP/Adventure-UE4-Project-3/AdventureUE4Project/Adventure/Content/Effects/Dust_PArticles.uasset
[2018.05.29-16.38.12:843][681]LogEditorViewport: Clicking on Actor (LMB): StaticMeshActor (Cabin_Inside_01)
[2018.05.29-16.38.23:885][509]LogEditorViewport: Clicking on Actor (LMB): Emitter (Dust_Particles)
[2018.05.29-16.38.37:125][955]LogEditorViewport: Clicking on Actor (LMB): StaticMeshActor (Cabin_Floor_01)
[2018.05.29-16.38.51:918][  1]LogEditorViewport: Clicking on Actor (LMB): Emitter (Dust_Particles)
[2018.05.29-16.39.34:556][164]LogEditorViewport: Clicking on Actor (LMB): StaticMeshActor (Cabin_Floor_01)
[2018.05.29-16.39.36:310][286]LogEditorViewport: Clicking on Actor (LMB): TriggerVolume (TriggerVolume)
[2018.05.29-16.39.43:690][827]LogEditorViewport: Clicking on Actor (LMB): Emitter (Dust_Particles)
[2018.05.29-16.40.38:692][172]LogMaterialEditor: Saving and Compiling material M_Dust_Particle
[2018.05.29-16.40.38:832][172]LogSavePackage: Save=60.09ms
[2018.05.29-16.40.38:832][172]LogSavePackage: Moving '../../../../../Projects/AdventureP/Adventure-UE4-Project-3/AdventureUE4Project/Adventure/Saved/M_Dust_Particle40255F57451353BD1A1882A9E1B63ED4.tmp' to '../../../../../Projects/AdventureP/Adventure-UE4-Project-3/AdventureUE4Project/Adventure/Content/StarterContent/Particles/Materials/M_Dust_Particle.uasset'
[2018.05.29-16.40.38:849][172]LogSavePackage: Display: Finished SavePackage ../../../../../Projects/AdventureP/Adventure-UE4-Project-3/AdventureUE4Project/Adventure/Content/StarterContent/Particles/Materials/M_Dust_Particle.uasset
[2018.05.29-16.40.41:964][481]LogEditorViewport: Clicking on Actor (LMB): StaticMeshActor (Cabin_Floor_01)
[2018.05.29-16.40.47:957][889]LogEditorViewport: Clicking on Actor (LMB): Emitter (Dust_Particles)
[2018.05.29-16.41.01:403][134]LogTemp: Repeating last play command: Selected Viewport
[2018.05.29-16.41.02:196][134]LogBlueprintUserMessages: Early PlayInEditor Detection: Level '/Game/Scenes/roadSideScene.roadSideScene:PersistentLevel' has LevelScriptBlueprint '/Game/Scenes/roadSideScene.roadSideScene:PersistentLevel.roadSideScene' with GeneratedClass '/Game/Scenes/roadSideScene.roadSideScene_C' with ClassGeneratedBy '/Game/Scenes/roadSideScene.roadSideScene:PersistentLevel.roadSideScene'
[2018.05.29-16.41.02:229][134]LogPlayLevel: PlayLevel: No blueprints needed recompiling
[2018.05.29-16.41.02:452][134]PIE: New page: PIE session: roadSideScene (May 29, 2018, 8:41:02 PM)
[2018.05.29-16.41.02:468][134]LogPlayLevel: Creating play world package: /Game/Scenes/UEDPIE_0_roadSideScene
[2018.05.29-16.41.03:784][134]LogPlayLevel: PIE: StaticDuplicateObject took: (1.316609s)
[2018.05.29-16.41.03:790][134]LogAIModule: Creating AISystem for world roadSideScene
[2018.05.29-16.41.03:830][134]LogPlayLevel: PIE: World Init took: (0.045133s)
[2018.05.29-16.41.03:830][134]LogPlayLevel: PIE: Created PIE world by copying editor world from /Game/Scenes/roadSideScene.roadSideScene to /Game/Scenes/UEDPIE_0_roadSideScene.roadSideScene (1.362347s)
[2018.05.29-16.41.04:014][134]LogInit: XAudio2 using 'Högtalare (Realtek High Definition Audio)' : 2 channels at 48 kHz using 32 bits per sample (channel mask 0x3)
[2018.05.29-16.41.04:109][134]LogInit: FAudioDevice initialized.
[2018.05.29-16.41.04:202][134]LogLoad: Game class is 'NewGameMOde_C'
[2018.05.29-16.41.04:279][134]LogWorld: Bringing World /Game/Scenes/UEDPIE_0_roadSideScene.roadSideScene up for play (max tick rate 0) at 2018.05.29-18.41.04
[2018.05.29-16.41.04:529][134]LogWorld: Bringing up level for play took: 0.314070
[2018.05.29-16.41.04:798][134]LogContentBrowser: Native class hierarchy updated for 'MovieSceneCapture' in 0.0007 seconds. Added 11 classes and 0 folders.
[2018.05.29-16.41.04:891][134]PIE: Play in editor start time for /Game/Scenes/UEDPIE_0_roadSideScene 2.532
[2018.05.29-16.41.04:892][134]LogBlueprintUserMessages: Late PlayInEditor Detection: Level '/Game/Scenes/roadSideScene.roadSideScene:PersistentLevel' has LevelScriptBlueprint '/Game/Scenes/roadSideScene.roadSideScene:PersistentLevel.roadSideScene' with GeneratedClass '/Game/Scenes/roadSideScene.roadSideScene_C' with ClassGeneratedBy '/Game/Scenes/roadSideScene.roadSideScene:PersistentLevel.roadSideScene'
[2018.05.29-16.41.09:114][487]LogSkinnedMeshComp: Warning: GetSocketByName(middle_01_l): No SkeletalMesh for Component(CharacterMesh0) Actor(FirstPersonCharacter)
[2018.05.29-16.41.09:567][523]LogSkinnedMeshComp: Warning: GetSocketByName(middle_01_l): No SkeletalMesh for Component(CharacterMesh0) Actor(FirstPersonCharacter)
[2018.05.29-16.41.09:991][556]LogSkinnedMeshComp: Warning: GetSocketByName(middle_01_r): No SkeletalMesh for Component(CharacterMesh0) Actor(FirstPersonCharacter)
[2018.05.29-16.41.10:706][612]LogSkinnedMeshComp: Warning: GetSocketByName(middle_01_l): No SkeletalMesh for Component(CharacterMesh0) Actor(FirstPersonCharacter)
[2018.05.29-16.41.11:146][646]LogSkinnedMeshComp: Warning: GetSocketByName(middle_01_r): No SkeletalMesh for Component(CharacterMesh0) Actor(FirstPersonCharacter)
[2018.05.29-16.41.11:596][683]LogSkinnedMeshComp: Warning: GetSocketByName(middle_01_l): No SkeletalMesh for Component(CharacterMesh0) Actor(FirstPersonCharacter)
[2018.05.29-16.41.12:506][768]LogSkinnedMeshComp: Warning: GetSocketByName(middle_01_l): No SkeletalMesh for Component(CharacterMesh0) Actor(FirstPersonCharacter)
[2018.05.29-16.41.12:933][804]LogSkinnedMeshComp: Warning: GetSocketByName(middle_01_r): No SkeletalMesh for Component(CharacterMesh0) Actor(FirstPersonCharacter)
[2018.05.29-16.41.21:825][793]LogBlueprintUserMessages: Early EndPlayMap Detection: Level '/Game/Scenes/roadSideScene.roadSideScene:PersistentLevel' has LevelScriptBlueprint '/Game/Scenes/roadSideScene.roadSideScene:PersistentLevel.roadSideScene' with GeneratedClass '/Game/Scenes/roadSideScene.roadSideScene_C' with ClassGeneratedBy '/Game/Scenes/roadSideScene.roadSideScene:PersistentLevel.roadSideScene'
[2018.05.29-16.41.22:003][793]LogBlueprintUserMessages: Late EndPlayMap Detection: Level '/Game/Scenes/roadSideScene.roadSideScene:PersistentLevel' has LevelScriptBlueprint '/Game/Scenes/roadSideScene.roadSideScene:PersistentLevel.roadSideScene' with GeneratedClass '/Game/Scenes/roadSideScene.roadSideScene_C' with ClassGeneratedBy '/Game/Scenes/roadSideScene.roadSideScene:PersistentLevel.roadSideScene'
[2018.05.29-16.41.23:819][914]LogEditorViewport: Clicking on Actor (LMB): Emitter (Dust_Particles2)
[2018.05.29-16.41.24:850][ 18]Cmd: DELETE
[2018.05.29-16.41.24:850][ 18]Cmd: ACTOR DELETE
[2018.05.29-16.41.25:228][ 18]LogEditorActor: Deleted Actor: Emitter
[2018.05.29-16.41.25:241][ 18]LogEditorActor: Deleted 1 Actors (0.120 secs)
[2018.05.29-16.41.36:855][101]LogEditorViewport: Clicking on Actor (LMB): Emitter (Dust_Particles)
[2018.05.29-16.42.06:902][437]LogEditorViewport: Clicking on Actor (CTRL LMB): Emitter (Dust_Particles)
[2018.05.29-16.42.23:734][193]LogEditorViewport: Clicking on Actor (LMB): StaticMeshActor (Cabin_Floor_01)
[2018.05.29-16.59.06:283][977]LogInit: XAudio2 using 'Hörlurar på headset (4- SteelSeries Arctis 7 Chat)' : 1 channels at 48 kHz using 16 bits per sample (channel mask 0x0)
[2018.05.29-17.04.50:314][ 59]LogSlate: Took 0.014064 seconds to synchronously load lazily loaded font '../../../Engine/Content/Slate/Fonts/Roboto-Regular.ttf' (155K)
[2018.05.29-17.04.51:610][ 59]LogSavePackage: Save=11343.78ms
[2018.05.29-17.04.51:610][ 59]LogSavePackage: Moving '../../../../../Projects/AdventureP/Adventure-UE4-Project-3/AdventureUE4Project/Adventure/Saved/roadSideScene20473C1F4DFA23BF19AA3FB5A4C803AC.tmp' to '../../../../../Projects/AdventureP/Adventure-UE4-Project-3/AdventureUE4Project/Adventure/Content/Scenes/roadSideScene.umap'
[2018.05.29-17.04.51:651][ 59]LogSavePackage: Display: Finished SavePackage ../../../../../Projects/AdventureP/Adventure-UE4-Project-3/AdventureUE4Project/Adventure/Content/Scenes/roadSideScene.umap
[2018.05.29-17.04.51:828][ 59]LogFileHelpers: Saving map 'roadSideScene' took 19.091
[2018.05.29-17.04.52:507][ 59]LogCascade: Quitting Cascade. FXSystem=0x000001B00169D1C0
[2018.05.29-17.04.52:756][ 59]LogWindowsTextInputMethodSystem: Display: IME system now deactivated.
[2018.05.29-17.04.55:953][ 60]Cmd: QUIT_EDITOR
[2018.05.29-17.04.57:245][ 60]LogExit: Preparing to exit.
[2018.05.29-17.05.10:089][ 60]LogDirectoryWatcher: A directory notification for 'F:/Projects/AdventureP/Adventure-UE4-Project-3/AdventureUE4Project/Adventure/Content/' was aborted.
[2018.05.29-17.05.20:010][ 60]LogExit: Editor shut down
[2018.05.29-17.05.22:058][ 60]LogExit: Transaction tracking system shut down
[2018.05.29-17.05.44:491][ 60]LogDirectoryWatcher: A directory notification for '../../../Engine/Content/' was aborted.
[2018.05.29-17.05.44:491][ 60]LogDirectoryWatcher: A directory notification for '../../../../../Projects/AdventureP/Adventure-UE4-Project-3/AdventureUE4Project/Adventure/Content/' was aborted.
[2018.05.29-17.05.44:492][ 60]LogDirectoryWatcher: A directory notification for '../../../Engine/Plugins/2D/Paper2D/Content/' was aborted.
[2018.05.29-17.05.44:492][ 60]LogDirectoryWatcher: A directory notification for '../../../Engine/Plugins/Media/MediaCompositing/Content/' was aborted.
[2018.05.29-17.05.44:492][ 60]LogDirectoryWatcher: A directory notification for '../../../Engine/Plugins/Runtime/AppleARKit/Content/' was aborted.
[2018.05.29-17.05.44:492][ 60]LogDirectoryWatcher: A directory notification for '../../../Engine/Plugins/Runtime/Oculus/OculusVR/Content/' was aborted.
[2018.05.29-17.05.44:492][ 60]LogDirectoryWatcher: A directory notification for '../../../Engine/Plugins/Runtime/Steam/SteamVR/Content/' was aborted.
[2018.05.29-17.06.12:559][ 60]LogExit: Object subsystem successfully closed.
[2018.05.29-17.06.19:707][ 60]LogD3D11RHI: Shutdown
[2018.05.29-17.06.19:714][ 60]LogD3D11RHI: CleanupD3DDevice
[2018.05.29-17.06.20:448][ 60]LogD3D11RHI: ~FD3D11DynamicRHI
[2018.05.29-17.06.22:331][ 60]LogModuleManager: Shutting down and abandoning module MovieSceneCapture (558)
[2018.05.29-17.06.22:337][ 60]LogModuleManager: Shutting down and abandoning module DistCurveEditor (556)
[2018.05.29-17.06.22:337][ 60]LogModuleManager: Shutting down and abandoning module Cascade (554)
[2018.05.29-17.06.22:337][ 60]LogModuleManager: Shutting down and abandoning module TextureEditor (552)
[2018.05.29-17.06.22:348][ 60]LogModuleManager: Shutting down and abandoning module MaterialEditor (550)
[2018.05.29-17.06.22:348][ 60]LogModuleManager: Shutting down and abandoning module HierarchicalLODOutliner (548)
[2018.05.29-17.06.22:348][ 60]LogModuleManager: Shutting down and abandoning module SceneOutliner (546)
[2018.05.29-17.06.22:348][ 60]LogModuleManager: Shutting down and abandoning module AddContentDialog (544)
[2018.05.29-17.06.22:433][ 60]LogDirectoryWatcher: A directory notification for 'F:/Unreal 4.18/UE_4.18/FeaturePacks/' was aborted.
[2018.05.29-17.06.23:178][ 60]LogModuleManager: Shutting down and abandoning module WidgetCarousel (543)
[2018.05.29-17.06.23:178][ 60]LogModuleManager: Shutting down and abandoning module EditorWidgets (540)
[2018.05.29-17.06.23:178][ 60]LogModuleManager: Shutting down and abandoning module CollectionManager (538)
[2018.05.29-17.06.23:188][ 60]LogDirectoryWatcher: A directory notification for 'F:/Projects/AdventureP/Adventure-UE4-Project-3/AdventureUE4Project/Adventure/Content/Collections/' was aborted.
[2018.05.29-17.06.23:188][ 60]LogDirectoryWatcher: A directory notification for 'F:/Projects/AdventureP/Adventure-UE4-Project-3/AdventureUE4Project/Adventure/Content/Developers/MrE/Collections/' was aborted.
[2018.05.29-17.06.23:188][ 60]LogDirectoryWatcher: A directory notification for 'F:/Projects/AdventureP/Adventure-UE4-Project-3/AdventureUE4Project/Adventure/Saved/Collections/' was aborted.
[2018.05.29-17.06.23:188][ 60]LogModuleManager: Shutting down and abandoning module StatsViewer (536)
[2018.05.29-17.06.23:205][ 60]LogModuleManager: Shutting down and abandoning module FoliageEdit (534)
[2018.05.29-17.06.23:212][ 60]LogModuleManager: Shutting down and abandoning module LandscapeEditor (532)
[2018.05.29-17.06.23:282][ 60]LogModuleManager: Shutting down and abandoning module MeshPaintMode (530)
[2018.05.29-17.06.23:287][ 60]LogModuleManager: Shutting down and abandoning module SceneDepthPickerMode (528)
[2018.05.29-17.06.23:287][ 60]LogModuleManager: Shutting down and abandoning module ActorPickerMode (526)
[2018.05.29-17.06.23:287][ 60]LogModuleManager: Shutting down and abandoning module GeometryMode (524)
[2018.05.29-17.06.23:287][ 60]LogModuleManager: Shutting down and abandoning module TextureAlignMode (522)
[2018.05.29-17.06.23:287][ 60]LogModuleManager: Shutting down and abandoning module BspMode (520)
[2018.05.29-17.06.23:287][ 60]LogModuleManager: Shutting down and abandoning module PIEPreviewDeviceProfileSelector (518)
[2018.05.29-17.06.23:293][ 60]LogModuleManager: Shutting down and abandoning module HardwareSurvey (516)
[2018.05.29-17.06.23:293][ 60]LogModuleManager: Shutting down and abandoning module SequenceRecorderSections (514)
[2018.05.29-17.06.23:300][ 60]LogModuleManager: Shutting down and abandoning module AutomationWorker (512)
[2018.05.29-17.06.23:309][ 60]LogModuleManager: Shutting down and abandoning module MatineeToLevelSequence (510)
[2018.05.29-17.06.23:325][ 60]LogModuleManager: Shutting down and abandoning module LevelSequenceEditor (508)
[2018.05.29-17.06.23:383][ 60]LogModuleManager: Shutting down and abandoning module PlacementMode (507)
[2018.05.29-17.06.23:383][ 60]LogModuleManager: Shutting down and abandoning module WmfMediaFactory (504)
[2018.05.29-17.06.23:383][ 60]LogModuleManager: Shutting down and abandoning module WmfMediaEditor (502)
[2018.05.29-17.06.23:383][ 60]LogModuleManager: Shutting down and abandoning module OpenExrWrapper (500)
[2018.05.29-17.06.23:383][ 60]LogModuleManager: Shutting down and abandoning module ImgMediaFactory (498)
[2018.05.29-17.06.23:383][ 60]LogModuleManager: Shutting down and abandoning module ImgMediaEditor (496)
[2018.05.29-17.06.23:383][ 60]LogModuleManager: Shutting down and abandoning module AvfMediaFactory (494)
[2018.05.29-17.06.23:383][ 60]LogModuleManager: Shutting down and abandoning module AvfMediaEditor (492)
[2018.05.29-17.06.23:383][ 60]LogModuleManager: Shutting down and abandoning module AndroidMediaFactory (490)
[2018.05.29-17.06.23:383][ 60]LogModuleManager: Shutting down and abandoning module AndroidMediaEditor (488)
[2018.05.29-17.06.23:383][ 60]LogModuleManager: Shutting down and abandoning module CharacterAI (486)
[2018.05.29-17.06.23:406][ 60]LogModuleManager: Shutting down and abandoning module AudioCapture (484)
[2018.05.29-17.06.23:408][ 60]LogModuleManager: Shutting down and abandoning module SequenceRecorder (483)
[2018.05.29-17.06.23:424][ 60]LogModuleManager: Shutting down and abandoning module SmartSnapping (480)
[2018.05.29-17.06.23:424][ 60]LogModuleManager: Shutting down and abandoning module SessionServices (478)
[2018.05.29-17.06.23:424][ 60]LogModuleManager: Shutting down and abandoning module ViewportSnapping (476)
[2018.05.29-17.06.23:424][ 60]LogModuleManager: Shutting down and abandoning module ViewportInteraction (474)
[2018.05.29-17.06.23:424][ 60]LogModuleManager: Shutting down and abandoning module ClothPainter (472)
[2018.05.29-17.06.23:451][ 60]LogModuleManager: Shutting down and abandoning module SkeletalMeshEditor (471)
[2018.05.29-17.06.23:469][ 60]LogModuleManager: Shutting down and abandoning module LogVisualizer (468)
[2018.05.29-17.06.23:486][ 60]LogModuleManager: Shutting down and abandoning module IntroTutorials (466)
[2018.05.29-17.06.23:521][ 60]LogModuleManager: Shutting down and abandoning module GameProjectGeneration (465)
[2018.05.29-17.06.23:548][ 60]LogModuleManager: Shutting down and abandoning module IOSPlatformEditor (462)
[2018.05.29-17.06.23:548][ 60]LogModuleManager: Shutting down and abandoning module HTML5PlatformEditor (460)
[2018.05.29-17.06.23:549][ 60]LogModuleManager: Shutting down and abandoning module AndroidPlatformEditor (458)
[2018.05.29-17.06.23:549][ 60]LogModuleManager: Shutting down and abandoning module AndroidDeviceDetection (457)
[2018.05.29-17.06.23:703][ 60]LogModuleManager: Shutting down and abandoning module WindowsPlatformEditor (454)
[2018.05.29-17.06.23:703][ 60]LogModuleManager: Shutting down and abandoning module IOSRuntimeSettings (452)
[2018.05.29-17.06.23:703][ 60]LogModuleManager: Shutting down and abandoning module AndroidRuntimeSettings (450)
[2018.05.29-17.06.23:703][ 60]LogModuleManager: Shutting down and abandoning module InputBindingEditor (448)
[2018.05.29-17.06.23:711][ 60]LogModuleManager: Shutting down and abandoning module MergeActors (446)
[2018.05.29-17.06.23:724][ 60]LogModuleManager: Shutting down and abandoning module SizeMap (444)
[2018.05.29-17.06.23:724][ 60]LogModuleManager: Shutting down and abandoning module TreeMap (442)
[2018.05.29-17.06.23:763][ 60]LogModuleManager: Shutting down and abandoning module ReferenceViewer (440)
[2018.05.29-17.06.23:790][ 60]LogModuleManager: Shutting down and abandoning module LocalizationDashboard (438)
[2018.05.29-17.06.23:795][ 60]LogModuleManager: Shutting down and abandoning module LocalizationService (437)
[2018.05.29-17.06.23:799][ 60]LogModuleManager: Shutting down and abandoning module HardwareTargeting (434)
[2018.05.29-17.06.23:799][ 60]LogModuleManager: Shutting down and abandoning module DeviceProfileEditor (432)
[2018.05.29-17.06.23:799][ 60]LogModuleManager: Shutting down and abandoning module UndoHistory (430)
[2018.05.29-17.06.23:799][ 60]LogModuleManager: Shutting down and abandoning module XmlParser (428)
[2018.05.29-17.06.23:829][ 60]LogModuleManager: Shutting down and abandoning module Blutility (426)
[2018.05.29-17.06.23:839][ 60]LogModuleManager: Shutting down and abandoning module ProjectSettingsViewer (424)
[2018.05.29-17.06.23:854][ 60]LogModuleManager: Shutting down and abandoning module ProjectTargetPlatformEditor (423)
[2018.05.29-17.06.24:002][ 60]LogModuleManager: Shutting down and abandoning module EditorSettingsViewer (420)
[2018.05.29-17.06.24:002][ 60]LogModuleManager: Shutting down and abandoning module SettingsEditor (418)
[2018.05.29-17.06.24:008][ 60]LogModuleManager: Shutting down and abandoning module ProjectLauncher (416)
[2018.05.29-17.06.24:019][ 60]LogModuleManager: Shutting down and abandoning module SessionFrontend (414)
[2018.05.29-17.06.24:032][ 60]LogModuleManager: Shutting down and abandoning module ProfilerClient (412)
[2018.05.29-17.06.24:041][ 60]LogModuleManager: Shutting down and abandoning module DeviceManager (410)
[2018.05.29-17.06.24:049][ 60]LogModuleManager: Shutting down and abandoning module TargetDeviceServices (409)
[2018.05.29-17.06.24:134][ 60]LogModuleManager: Shutting down and abandoning module AutomationController (406)
[2018.05.29-17.06.24:180][ 60]LogModuleManager: Shutting down and abandoning module AutomationWindow (404)
[2018.05.29-17.06.24:210][ 60]LogModuleManager: Shutting down and abandoning module Layers (402)
[2018.05.29-17.06.24:298][ 60]LogModuleManager: Shutting down and abandoning module ComponentVisualizers (400)
[2018.05.29-17.06.24:298][ 60]LogModuleManager: Shutting down and abandoning module DetailCustomizations (398)
[2018.05.29-17.06.24:311][ 60]LogModuleManager: Shutting down and abandoning module PackagesDialog (396)
[2018.05.29-17.06.24:324][ 60]LogModuleManager: Shutting down and abandoning module Persona (394)
[2018.05.29-17.06.24:406][ 60]LogModuleManager: Shutting down and abandoning module AdvancedPreviewScene (393)
[2018.05.29-17.06.24:406][ 60]LogModuleManager: Shutting down and abandoning module AnimGraph (391)
[2018.05.29-17.06.24:428][ 60]LogModuleManager: Shutting down and abandoning module Kismet (388)
[2018.05.29-17.06.24:533][ 60]LogModuleManager: Shutting down and abandoning module ClassViewer (386)
[2018.05.29-17.06.24:563][ 60]LogModuleManager: Shutting down and abandoning module Toolbox (384)
[2018.05.29-17.06.24:564][ 60]LogModuleManager: Shutting down and abandoning module ModuleUI (382)
[2018.05.29-17.06.24:588][ 60]LogModuleManager: Shutting down and abandoning module MovieSceneTools (380)
[2018.05.29-17.06.24:662][ 60]LogModuleManager: Shutting down and abandoning module OutputLog (378)
[2018.05.29-17.06.24:689][ 60]LogModuleManager: Shutting down and abandoning module GammaUI (376)
[2018.05.29-17.06.24:692][ 60]LogModuleManager: Shutting down and abandoning module Documentation (374)
[2018.05.29-17.06.24:692][ 60]LogModuleManager: Shutting down and abandoning module MovieSceneTracks (372)
[2018.05.29-17.06.24:692][ 60]LogModuleManager: Shutting down and abandoning module MovieScene (370)
[2018.05.29-17.06.24:692][ 60]LogModuleManager: Shutting down and abandoning module StreamingPauseRendering (368)
[2018.05.29-17.06.24:699][ 60]LogModuleManager: Shutting down and abandoning module LauncherPlatform (366)
[2018.05.29-17.06.24:699][ 60]LogModuleManager: Shutting down and abandoning module AnalyticsET (364)
[2018.05.29-17.06.24:699][ 60]LogModuleManager: Shutting down and abandoning module PortalServices (362)
[2018.05.29-17.06.24:699][ 60]LogModuleManager: Shutting down and abandoning module PortalRpc (360)
[2018.05.29-17.06.24:699][ 60]LogModuleManager: Shutting down and abandoning module MessagingRpc (358)
[2018.05.29-17.06.24:699][ 60]LogModuleManager: Shutting down and abandoning module AIModule (356)
[2018.05.29-17.06.24:719][ 60]LogModuleManager: Shutting down and abandoning module GameplayDebugger (355)
[2018.05.29-17.06.24:720][ 60]LogModuleManager: Shutting down and abandoning module AITestSuite (353)
[2018.05.29-17.06.24:745][ 60]LogModuleManager: Shutting down and abandoning module DesktopPlatform (350)
[2018.05.29-17.06.24:774][ 60]LogModuleManager: Shutting down and abandoning module ProfilerService (348)
[2018.05.29-17.06.24:959][ 60]LogModuleManager: Shutting down and abandoning module TaskGraph (346)
[2018.05.29-17.06.24:979][ 60]LogModuleManager: Shutting down and abandoning module SteamVRController (344)
[2018.05.29-17.06.24:979][ 60]LogModuleManager: Shutting down and abandoning module ProceduralMeshComponentEditor (342)
[2018.05.29-17.06.24:979][ 60]LogModuleManager: Shutting down and abandoning module ProceduralMeshComponent (340)
[2018.05.29-17.06.24:993][ 60]LogModuleManager: Shutting down and abandoning module OculusInput (338)
[2018.05.29-17.06.24:993][ 60]LogModuleManager: Shutting down and abandoning module MobilePatchingUtils (336)
[2018.05.29-17.06.24:993][ 60]LogModuleManager: Shutting down and abandoning module CustomMeshComponent (334)
[2018.05.29-17.06.24:993][ 60]LogModuleManager: Shutting down and abandoning module CableComponent (332)
[2018.05.29-17.06.24:993][ 60]LogModuleManager: Shutting down and abandoning module ArchVisCharacter (330)
[2018.05.29-17.06.24:993][ 60]LogModuleManager: Shutting down and abandoning module AndroidPermission (328)
[2018.05.29-17.06.24:993][ 60]LogModuleManager: Shutting down and abandoning module ActorSequence (324)
[2018.05.29-17.06.24:993][ 60]LogModuleManager: Shutting down and abandoning module MediaPlayerEditor (322)
[2018.05.29-17.06.25:103][ 60]LogModuleManager: Shutting down and abandoning module MediaCompositingEditor (320)
[2018.05.29-17.06.25:132][ 60]LogModuleManager: Shutting down and abandoning module MediaCompositing (318)
[2018.05.29-17.06.25:132][ 60]LogModuleManager: Shutting down and abandoning module HTML5Networking (316)
[2018.05.29-17.06.25:132][ 60]LogModuleManager: Shutting down and abandoning module AlembicImporter (314)
[2018.05.29-17.06.25:162][ 60]LogModuleManager: Shutting down and abandoning module AlembicLibrary (313)
[2018.05.29-17.06.25:197][ 60]LogModuleManager: Shutting down and abandoning module GeometryCache (312)
[2018.05.29-17.06.25:197][ 60]LogModuleManager: Shutting down and abandoning module GeometryCacheEd (311)
[2018.05.29-17.06.25:197][ 60]LogModuleManager: Shutting down and abandoning module SpeedTreeImporter (306)
[2018.05.29-17.06.25:204][ 60]LogModuleManager: Shutting down and abandoning module PluginBrowser (304)
[2018.05.29-17.06.25:314][ 60]LogModuleManager: Shutting down and abandoning module MobileLauncherProfileWizard (302)
[2018.05.29-17.06.25:336][ 60]LogModuleManager: Shutting down and abandoning module VisualStudioSourceCodeAccess (300)
[2018.05.29-17.06.25:353][ 60]LogModuleManager: Shutting down and abandoning module VisualStudioCodeSourceCodeAccess (298)
[2018.05.29-17.06.25:353][ 60]LogModuleManager: Shutting down and abandoning module UObjectPlugin (296)
[2018.05.29-17.06.25:353][ 60]LogModuleManager: Shutting down and abandoning module SubversionSourceControl (294)
[2018.05.29-17.06.25:397][ 60]LogModuleManager: Shutting down and abandoning module PerforceSourceControl (292)
[2018.05.29-17.06.25:468][ 60]LogModuleManager: Shutting down and abandoning module GitSourceControl (290)
[2018.05.29-17.06.25:525][ 60]LogModuleManager: Shutting down and abandoning module SourceControl (289)
[2018.05.29-17.06.25:526][ 60]LogModuleManager: Shutting down and abandoning module LightPropagationVolumeEditor (286)
[2018.05.29-17.06.25:526][ 60]LogModuleManager: Shutting down and abandoning module PaperTiledImporter (284)
[2018.05.29-17.06.25:526][ 60]LogModuleManager: Shutting down and abandoning module PaperSpriteSheetImporter (282)
[2018.05.29-17.06.25:526][ 60]LogModuleManager: Shutting down and abandoning module Paper2DEditor (280)
[2018.05.29-17.06.25:579][ 60]LogModuleManager: Shutting down and abandoning module MeshPaint (279)
[2018.05.29-17.06.25:616][ 60]LogModuleManager: Shutting down and abandoning module LevelEditor (277)
[2018.05.29-17.06.25:864][ 60]LogModuleManager: Shutting down and abandoning module PixelInspectorModule (276)
[2018.05.29-17.06.25:949][ 60]LogModuleManager: Shutting down and abandoning module MainFrame (274)
[2018.05.29-17.06.25:964][ 60]LogModuleManager: Shutting down and abandoning module HotReload (273)
[2018.05.29-17.06.26:010][ 60]LogModuleManager: Shutting down and abandoning module RuntimePhysXCooking (268)
[2018.05.29-17.06.26:010][ 60]LogModuleManager: Shutting down and abandoning module PhysXVehiclesEditor (266)
[2018.05.29-17.06.26:108][ 60]LogModuleManager: Shutting down and abandoning module PhysXVehicles (264)
[2018.05.29-17.06.26:108][ 60]LogModuleManager: Shutting down and abandoning module OculusEditor (262)
[2018.05.29-17.06.26:109][ 60]LogModuleManager: Shutting down and abandoning module LocationServicesBPLibrary (260)
[2018.05.29-17.06.26:109][ 60]LogModuleManager: Shutting down and abandoning module ImmediatePhysicsEditor (258)
[2018.05.29-17.06.26:109][ 60]LogModuleManager: Shutting down and abandoning module ImmediatePhysics (256)
[2018.05.29-17.06.26:114][ 60]LogModuleManager: Shutting down and abandoning module UdpMessaging (254)
[2018.05.29-17.06.26:224][ 60]LogModuleManager: Shutting down and abandoning module TcpMessaging (252)
[2018.05.29-17.06.26:342][ 60]LogModuleManager: Shutting down and abandoning module GameplayTagsEditor (250)
[2018.05.29-17.06.26:457][ 60]LogModuleManager: Shutting down and abandoning module FacialAnimationEditor (248)
[2018.05.29-17.06.26:481][ 60]LogModuleManager: Shutting down and abandoning module FacialAnimation (246)
[2018.05.29-17.06.26:481][ 60]LogModuleManager: Shutting down and abandoning module AssetManagerEditor (244)
[2018.05.29-17.06.26:508][ 60]LogModuleManager: Shutting down and abandoning module GraphEditor (243)
[2018.05.29-17.06.26:508][ 60]LogModuleManager: Shutting down and abandoning module ContentBrowser (241)
[2018.05.29-17.06.26:551][ 60]LogModuleManager: Shutting down and abandoning module LightPropagationVolumeRuntime (238)
[2018.05.29-17.06.26:551][ 60]LogModuleManager: Shutting down and abandoning module Paper2D (236)
[2018.05.29-17.06.26:567][ 60]LogModuleManager: Shutting down and abandoning module WindowsMoviePlayer (234)
[2018.05.29-17.06.26:638][ 60]LogModuleManager: Shutting down and abandoning module WmfMedia (232)
[2018.05.29-17.06.26:710][ 60]LogModuleManager: Shutting down and abandoning module ImgMedia (230)
[2018.05.29-17.06.26:710][ 60]LogModuleManager: Shutting down and abandoning module PacketHandler (228)
[2018.05.29-17.06.26:710][ 60]LogModuleManager: Shutting down and abandoning module ClothingSystemEditor (226)
[2018.05.29-17.06.26:710][ 60]LogModuleManager: Shutting down and abandoning module ClothingSystemRuntime (224)
[2018.05.29-17.06.26:774][ 60]LogModuleManager: Shutting down and abandoning module MediaAssets (222)
[2018.05.29-17.06.26:774][ 60]LogModuleManager: Shutting down and abandoning module Media (221)
[2018.05.29-17.06.26:794][ 60]LogModuleManager: Shutting down and abandoning module Overlay (218)
[2018.05.29-17.06.26:794][ 60]LogModuleManager: Shutting down and abandoning module OverlayEditor (217)
[2018.05.29-17.06.26:794][ 60]LogModuleManager: Shutting down and abandoning module VREditor (214)
[2018.05.29-17.06.26:853][ 60]LogModuleManager: Shutting down and abandoning module StringTableEditor (212)
[2018.05.29-17.06.26:868][ 60]LogModuleManager: Shutting down and abandoning module GameplayTasksEditor (210)
[2018.05.29-17.06.26:868][ 60]LogModuleManager: Shutting down and abandoning module BehaviorTreeEditor (208)
[2018.05.29-17.06.26:921][ 60]LogModuleManager: Shutting down and abandoning module FunctionalTesting (206)
[2018.05.29-17.06.26:941][ 60]LogModuleManager: Shutting down and abandoning module CollisionAnalyzer (204)
[2018.05.29-17.06.26:969][ 60]LogModuleManager: Shutting down and abandoning module WorkspaceMenuStructure (203)
[2018.05.29-17.06.26:992][ 60]LogModuleManager: Shutting down and abandoning module UMG (200)
[2018.05.29-17.06.27:044][ 60]LogModuleManager: Shutting down and abandoning module UMGEditor (199)
[2018.05.29-17.06.27:185][ 60]LogModuleManager: Shutting down and abandoning module Sequencer (198)
[2018.05.29-17.06.28:356][ 60]LogModuleManager: Shutting down and abandoning module MessageLog (195)
[2018.05.29-17.06.28:368][ 60]LogModuleManager: Shutting down and abandoning module SlateReflector (190)
[2018.05.29-17.06.28:392][ 60]LogModuleManager: Shutting down and abandoning module Slate (188)
[2018.05.29-17.06.28:392][ 60]LogModuleManager: Shutting down and abandoning module EditorStyle (186)
[2018.05.29-17.06.29:077][ 60]LogModuleManager: Shutting down and abandoning module MRMesh (184)
[2018.05.29-17.06.29:077][ 60]LogModuleManager: Shutting down and abandoning module SourceCodeAccess (182)
[2018.05.29-17.06.29:092][ 60]LogModuleManager: Shutting down and abandoning module HeadMountedDisplay (180)
[2018.05.29-17.06.29:092][ 60]LogModuleManager: Shutting down and abandoning module XAudio2 (178)
[2018.05.29-17.06.29:092][ 60]LogModuleManager: Shutting down and abandoning module Networking (176)
[2018.05.29-17.06.29:092][ 60]LogModuleManager: Shutting down and abandoning module Core (172)
[2018.05.29-17.06.29:092][ 60]LogModuleManager: Shutting down and abandoning module LevelSequence (168)
[2018.05.29-17.06.29:102][ 60]LogModuleManager: Shutting down and abandoning module DirectoryWatcher (166)
[2018.05.29-17.06.29:703][ 60]LogModuleManager: Shutting down and abandoning module KismetCompiler (164)
[2018.05.29-17.06.29:703][ 60]LogModuleManager: Shutting down and abandoning module MeshUtilities (162)
[2018.05.29-17.06.29:732][ 60]LogModuleManager: Shutting down and abandoning module MeshMergeUtilities (161)
[2018.05.29-17.06.29:749][ 60]LogModuleManager: Shutting down and abandoning module MeshReductionInterface (160)
[2018.05.29-17.06.29:749][ 60]LogModuleManager: Shutting down and abandoning module SimplygonSwarm (159)
[2018.05.29-17.06.29:771][ 60]LogModuleManager: Shutting down and abandoning module SimplygonMeshReduction (157)
[2018.05.29-17.06.29:772][ 60]LogModuleManager: Shutting down and abandoning module QuadricMeshReduction (155)
[2018.05.29-17.06.29:779][ 60]LogModuleManager: Shutting down and abandoning module MaterialBaking (151)
[2018.05.29-17.06.29:787][ 60]LogModuleManager: Shutting down and abandoning module DerivedDataCache (148)
[2018.05.29-17.06.29:897][ 60]LogDerivedDataCache: Shutdown
[2018.05.29-17.06.29:897][ 60]LogModuleManager: Shutting down and abandoning module TargetPlatform (146)
[2018.05.29-17.06.30:052][ 60]LogModuleManager: Shutting down and abandoning module VulkanShaderFormat (145)
[2018.05.29-17.06.30:069][ 60]LogModuleManager: Shutting down and abandoning module ShaderFormatVectorVM (143)
[2018.05.29-17.06.30:074][ 60]LogModuleManager: Shutting down and abandoning module ShaderFormatOpenGL (141)
[2018.05.29-17.06.30:081][ 60]LogModuleManager: Shutting down and abandoning module ShaderFormatD3D (139)
[2018.05.29-17.06.30:082][ 60]LogModuleManager: Shutting down and abandoning module MetalShaderFormat (137)
[2018.05.29-17.06.30:088][ 60]LogModuleManager: Shutting down and abandoning module TextureFormatUncompressed (135)
[2018.05.29-17.06.30:092][ 60]LogModuleManager: Shutting down and abandoning module TextureFormatPVR (133)
[2018.05.29-17.06.30:093][ 60]LogModuleManager: Shutting down and abandoning module TextureFormatDXT (131)
[2018.05.29-17.06.30:093][ 60]LogModuleManager: Shutting down and abandoning module TextureFormatIntelISPCTexComp (129)
[2018.05.29-17.06.30:113][ 60]LogModuleManager: Shutting down and abandoning module TextureFormatASTC (127)
[2018.05.29-17.06.30:113][ 60]LogModuleManager: Shutting down and abandoning module ImageWrapper (126)
[2018.05.29-17.06.30:113][ 60]LogModuleManager: Shutting down and abandoning module TextureFormatAndroid (123)
[2018.05.29-17.06.30:123][ 60]LogModuleManager: Shutting down and abandoning module AudioFormatOpus (121)
[2018.05.29-17.06.30:123][ 60]LogModuleManager: Shutting down and abandoning module AudioFormatOgg (119)
[2018.05.29-17.06.30:135][ 60]LogModuleManager: Shutting down and abandoning module AudioFormatADPCM (117)
[2018.05.29-17.06.30:142][ 60]LogModuleManager: Shutting down and abandoning module LinuxTargetPlatform (115)
[2018.05.29-17.06.30:238][ 60]LogModuleManager: Shutting down and abandoning module LinuxServerTargetPlatform (113)
[2018.05.29-17.06.30:251][ 60]LogModuleManager: Shutting down and abandoning module LinuxNoEditorTargetPlatform (111)
[2018.05.29-17.06.30:251][ 60]LogModuleManager: Shutting down and abandoning module LinuxClientTargetPlatform (109)
[2018.05.29-17.06.30:251][ 60]LogModuleManager: Shutting down and abandoning module TVOSTargetPlatform (107)
[2018.05.29-17.06.30:251][ 60]LogModuleManager: Shutting down and abandoning module Messaging (105)
[2018.05.29-17.06.30:313][ 60]LogModuleManager: Shutting down and abandoning module IOSTargetPlatform (103)
[2018.05.29-17.06.30:313][ 60]LogModuleManager: Shutting down and abandoning module HTML5TargetPlatform (101)
[2018.05.29-17.06.30:313][ 60]LogModuleManager: Shutting down and abandoning module AndroidTargetPlatform (99)
[2018.05.29-17.06.30:313][ 60]LogModuleManager: Shutting down and abandoning module Android_PVRTCTargetPlatform (97)
[2018.05.29-17.06.30:313][ 60]LogModuleManager: Shutting down and abandoning module Android_MultiTargetPlatform (95)
[2018.05.29-17.06.30:313][ 60]LogModuleManager: Shutting down and abandoning module Android_ETC2TargetPlatform (93)
[2018.05.29-17.06.30:313][ 60]LogModuleManager: Shutting down and abandoning module Android_ETC1TargetPlatform (91)
[2018.05.29-17.06.30:313][ 60]LogModuleManager: Shutting down and abandoning module Android_DXTTargetPlatform (89)
[2018.05.29-17.06.30:313][ 60]LogModuleManager: Shutting down and abandoning module Android_ATCTargetPlatform (87)
[2018.05.29-17.06.30:313][ 60]LogModuleManager: Shutting down and abandoning module Android_ASTCTargetPlatform (85)
[2018.05.29-17.06.30:313][ 60]LogModuleManager: Shutting down and abandoning module WindowsTargetPlatform (83)
[2018.05.29-17.06.30:313][ 60]LogModuleManager: Shutting down and abandoning module WindowsServerTargetPlatform (81)
[2018.05.29-17.06.30:325][ 60]LogModuleManager: Shutting down and abandoning module WindowsNoEditorTargetPlatform (79)
[2018.05.29-17.06.30:360][ 60]LogModuleManager: Shutting down and abandoning module WindowsClientTargetPlatform (77)
[2018.05.29-17.06.30:365][ 60]LogModuleManager: Shutting down and abandoning module MacTargetPlatform (75)
[2018.05.29-17.06.30:459][ 60]LogModuleManager: Shutting down and abandoning module MacServerTargetPlatform (73)
[2018.05.29-17.06.30:649][ 60]LogModuleManager: Shutting down and abandoning module MacNoEditorTargetPlatform (71)
[2018.05.29-17.06.30:661][ 60]LogModuleManager: Shutting down and abandoning module MacClientTargetPlatform (69)
[2018.05.29-17.06.30:666][ 60]LogModuleManager: Shutting down and abandoning module AllDesktopTargetPlatform (67)
[2018.05.29-17.06.30:666][ 60]LogModuleManager: Shutting down and abandoning module InputCore (64)
[2018.05.29-17.06.30:666][ 60]LogModuleManager: Shutting down and abandoning module Settings (62)
[2018.05.29-17.06.30:677][ 60]LogModuleManager: Shutting down and abandoning module PhysXCooking (60)
[2018.05.29-17.06.30:678][ 60]LogModuleManager: Shutting down and abandoning module SteamVR (58)
[2018.05.29-17.06.30:678][ 60]LogModuleManager: Shutting down and abandoning module OculusHMD (56)
[2018.05.29-17.06.30:694][ 60]LogModuleManager: Shutting down and abandoning module ExampleDeviceProfileSelector (54)
[2018.05.29-17.06.30:695][ 60]LogModuleManager: Shutting down and abandoning module AppleARKit (52)
[2018.05.29-17.06.30:695][ 60]LogModuleManager: Shutting down and abandoning module AugmentedReality (51)
[2018.05.29-17.06.30:695][ 60]LogModuleManager: Shutting down and abandoning module OnlineBlueprintSupport (48)
[2018.05.29-17.06.30:695][ 60]LogModuleManager: Shutting down and abandoning module OnlineSubsystem (44)
[2018.05.29-17.06.30:742][ 60]LogModuleManager: Shutting down and abandoning module XMPP (43)
[2018.05.29-17.06.30:847][ 60]LogModuleManager: Shutting down and abandoning module HTTP (41)
[2018.05.29-17.06.30:847][ 60]LogHttp: Display: Http module shutting down, but needs to wait on 1 outstanding Http requests:
[2018.05.29-17.06.30:855][ 60]LogHttp: Display: 	verb=[POST] url=[https://datarouter.ol.epicgames.com/datarouter/api/v1/public/data?SessionID=%7B4FF3A5E9-4281-BF01-568D-B5873143D4EE%7D&AppID=UEEditor.Rocket.Release&AppVersion=4.18.3-3832480%2B%2B%2BUE4%2BRelease-4.18&UserID=10e6b4d1454adc80c402fda4840b45e8%7C2c90cfa805f74c7c8a19ce3131a633e6%7C3792c45f-2c81-433f-9f30-88efbac6f71d&AppEnvironment=datacollector-binary&UploadType=eteventstream] status=Processing
[2018.05.29-17.06.31:002][ 60]LogModuleManager: Shutting down and abandoning module SSL (40)
[2018.05.29-17.06.31:082][ 60]LogModuleManager: Shutting down and abandoning module AnimationModifiers (36)
[2018.05.29-17.06.31:136][ 60]LogModuleManager: Shutting down and abandoning module PropertyEditor (35)
[2018.05.29-17.06.31:166][ 60]LogModuleManager: Shutting down and abandoning module AudioEditor (32)
[2018.05.29-17.06.31:177][ 60]LogModuleManager: Shutting down and abandoning module TextureCompressor (30)
[2018.05.29-17.06.31:193][ 60]LogModuleManager: Shutting down and abandoning module ShaderCore (28)
[2018.05.29-17.06.31:193][ 60]LogModuleManager: Shutting down and abandoning module Landscape (26)
[2018.05.29-17.06.31:193][ 60]LogModuleManager: Shutting down and abandoning module SlateRHIRenderer (24)
[2018.05.29-17.06.31:457][ 60]LogModuleManager: Shutting down and abandoning module OpenGLDrv (22)
[2018.05.29-17.06.31:476][ 60]LogModuleManager: Shutting down and abandoning module D3D11RHI (20)
[2018.05.29-17.06.31:476][ 60]LogModuleManager: Shutting down and abandoning module AnimGraphRuntime (18)
[2018.05.29-17.06.31:489][ 60]LogModuleManager: Shutting down and abandoning module Renderer (16)
[2018.05.29-17.06.31:489][ 60]LogModuleManager: Shutting down and abandoning module Engine (14)
[2018.05.29-17.06.31:489][ 60]LogModuleManager: Shutting down and abandoning module CoreUObject (12)
[2018.05.29-17.06.31:489][ 60]LogModuleManager: Shutting down and abandoning module NetworkFile (10)
[2018.05.29-17.06.31:494][ 60]LogModuleManager: Shutting down and abandoning module CookedIterativeFile (8)
[2018.05.29-17.06.31:494][ 60]LogModuleManager: Shutting down and abandoning module StreamingFile (6)
[2018.05.29-17.06.31:500][ 60]LogModuleManager: Shutting down and abandoning module SandboxFile (4)
[2018.05.29-17.06.31:500][ 60]LogModuleManager: Shutting down and abandoning module PakFile (2)
[2018.05.29-17.06.31:574][ 60]LogExit: Exiting.
[2018.05.29-17.06.32:402][ 60]Log file closed, 05/29/18 19:06:32
