Log file open, 03/14/18 22:35:56
LogWindows: Failed to load 'aqProf.dll' (GetLastError=126)
LogWindows: File 'aqProf.dll' does not exist
LogWindows: Failed to load 'VtuneApi.dll' (GetLastError=126)
LogWindows: File 'VtuneApi.dll' does not exist
LogWindows: Failed to load 'VtuneApi32e.dll' (GetLastError=126)
LogWindows: File 'VtuneApi32e.dll' does not exist
LogInit: Display: Running engine for game: Adventure
LogPlatformFile: Not using cached read wrapper
LogInit: Display: RandInit(1525866847) SRandInit(1525866847).
LogInit: Read version file with build ID '3709383'
LogInit: Overriding engine version to CL 3832480, compatible CL 3709383
LogInit: Registered custom module enumerator with build ID '3709383'
LogTaskGraph: Started task graph with 5 named threads and 14 total threads with 3 sets of task threads.
LogStats: Stats thread started at 0.183519
LogD3D11RHI: Aftermath initialized
LogModuleManager: Display: Found up-to-date module file ../../../Engine/Plugins/2D/Paper2D/Binaries/Win64/UE4Editor-Paper2D.dll (API version 3709383).
LogModuleManager: Display: Found up-to-date module file ../../../Engine/Plugins/2D/Paper2D/Binaries/Win64/UE4Editor-Paper2DEditor.dll (API version 3709383).
LogModuleManager: Display: Found up-to-date module file ../../../Engine/Plugins/2D/Paper2D/Binaries/Win64/UE4Editor-PaperSpriteSheetImporter.dll (API version 3709383).
LogModuleManager: Display: Found up-to-date module file ../../../Engine/Plugins/2D/Paper2D/Binaries/Win64/UE4Editor-PaperTiledImporter.dll (API version 3709383).
LogModuleManager: Display: Found up-to-date module file ../../../Engine/Plugins/2D/Paper2D/Binaries/Win64/UE4Editor-SmartSnapping.dll (API version 3709383).
LogModuleManager: Display: Found up-to-date module file ../../../Engine/Plugins/Blendables/LightPropagationVolume/Binaries/Win64/UE4Editor-LightPropagationVolumeRuntime.dll (API version 3709383).
LogModuleManager: Display: Found up-to-date module file ../../../Engine/Plugins/Blendables/LightPropagationVolume/Binaries/Win64/UE4Editor-LightPropagationVolumeEditor.dll (API version 3709383).
LogModuleManager: Display: Found up-to-date module file ../../../Engine/Plugins/Developer/GitSourceControl/Binaries/Win64/UE4Editor-GitSourceControl.dll (API version 3709383).
LogModuleManager: Display: Found up-to-date module file ../../../Engine/Plugins/Developer/PerforceSourceControl/Binaries/Win64/UE4Editor-PerforceSourceControl.dll (API version 3709383).
LogModuleManager: Display: Found up-to-date module file ../../../Engine/Plugins/Developer/SubversionSourceControl/Binaries/Win64/UE4Editor-SubversionSourceControl.dll (API version 3709383).
LogModuleManager: Display: Found up-to-date module file ../../../Engine/Plugins/Developer/UObjectPlugin/Binaries/Win64/UE4Editor-UObjectPlugin.dll (API version 3709383).
LogModuleManager: Display: Found up-to-date module file ../../../Engine/Plugins/Developer/VisualStudioCodeSourceCodeAccess/Binaries/Win64/UE4Editor-VisualStudioCodeSourceCodeAccess.dll (API version 3709383).
LogModuleManager: Display: Found up-to-date module file ../../../Engine/Plugins/Developer/VisualStudioSourceCodeAccess/Binaries/Win64/UE4Editor-VisualStudioSourceCodeAccess.dll (API version 3709383).
LogModuleManager: Display: Found up-to-date module file ../../../Engine/Plugins/Editor/AssetManagerEditor/Binaries/Win64/UE4Editor-AssetManagerEditor.dll (API version 3709383).
LogModuleManager: Display: Found up-to-date module file ../../../Engine/Plugins/Editor/AudioCapture/Binaries/Win64/UE4Editor-AudioCapture.dll (API version 3709383).
LogModuleManager: Display: Found up-to-date module file ../../../Engine/Plugins/Editor/FacialAnimation/Binaries/Win64/UE4Editor-FacialAnimation.dll (API version 3709383).
LogModuleManager: Display: Found up-to-date module file ../../../Engine/Plugins/Editor/FacialAnimation/Binaries/Win64/UE4Editor-FacialAnimationEditor.dll (API version 3709383).
LogModuleManager: Display: Found up-to-date module file ../../../Engine/Plugins/Editor/GameplayTagsEditor/Binaries/Win64/UE4Editor-GameplayTagsEditor.dll (API version 3709383).
LogModuleManager: Display: Found up-to-date module file ../../../Engine/Plugins/Editor/MobileLauncherProfileWizard/Binaries/Win64/UE4Editor-MobileLauncherProfileWizard.dll (API version 3709383).
LogModuleManager: Display: Found up-to-date module file ../../../Engine/Plugins/Editor/PluginBrowser/Binaries/Win64/UE4Editor-PluginBrowser.dll (API version 3709383).
LogModuleManager: Display: Found up-to-date module file ../../../Engine/Plugins/Editor/SpeedTreeImporter/Binaries/Win64/UE4Editor-SpeedTreeImporter.dll (API version 3709383).
LogModuleManager: Display: Found up-to-date module file ../../../Engine/Plugins/Experimental/AlembicImporter/Binaries/Win64/UE4Editor-AlembicImporter.dll (API version 3709383).
LogModuleManager: Display: Found up-to-date module file ../../../Engine/Plugins/Experimental/AlembicImporter/Binaries/Win64/UE4Editor-AlembicLibrary.dll (API version 3709383).
LogModuleManager: Display: Found up-to-date module file ../../../Engine/Plugins/Experimental/CharacterAI/Binaries/Win64/UE4Editor-CharacterAI.dll (API version 3709383).
LogModuleManager: Display: Found up-to-date module file ../../../Engine/Plugins/Experimental/HTML5Networking/Binaries/Win64/UE4Editor-HTML5Networking.dll (API version 3709383).
LogModuleManager: Display: Found up-to-date module file ../../../Engine/Plugins/Media/AndroidMedia/Binaries/Win64/UE4Editor-AndroidMediaEditor.dll (API version 3709383).
LogModuleManager: Display: Found up-to-date module file ../../../Engine/Plugins/Media/AndroidMedia/Binaries/Win64/UE4Editor-AndroidMediaFactory.dll (API version 3709383).
LogModuleManager: Display: Found up-to-date module file ../../../Engine/Plugins/Media/AvfMedia/Binaries/Win64/UE4Editor-AvfMediaEditor.dll (API version 3709383).
LogModuleManager: Display: Found up-to-date module file ../../../Engine/Plugins/Media/AvfMedia/Binaries/Win64/UE4Editor-AvfMediaFactory.dll (API version 3709383).
LogModuleManager: Display: Found up-to-date module file ../../../Engine/Plugins/Media/AvfMedia/Binaries/Win64/UE4Editor-AvfMediaFactory.dll (API version 3709383).
LogModuleManager: Display: Found up-to-date module file ../../../Engine/Plugins/Media/ImgMedia/Binaries/Win64/UE4Editor-ImgMedia.dll (API version 3709383).
LogModuleManager: Display: Found up-to-date module file ../../../Engine/Plugins/Media/ImgMedia/Binaries/Win64/UE4Editor-ImgMediaEditor.dll (API version 3709383).
LogModuleManager: Display: Found up-to-date module file ../../../Engine/Plugins/Media/ImgMedia/Binaries/Win64/UE4Editor-ImgMediaFactory.dll (API version 3709383).
LogModuleManager: Display: Found up-to-date module file ../../../Engine/Plugins/Media/ImgMedia/Binaries/Win64/UE4Editor-ImgMediaFactory.dll (API version 3709383).
LogModuleManager: Display: Found up-to-date module file ../../../Engine/Plugins/Media/ImgMedia/Binaries/Win64/UE4Editor-OpenExrWrapper.dll (API version 3709383).
LogModuleManager: Display: Found up-to-date module file ../../../Engine/Plugins/Media/MediaCompositing/Binaries/Win64/UE4Editor-MediaCompositing.dll (API version 3709383).
LogModuleManager: Display: Found up-to-date module file ../../../Engine/Plugins/Media/MediaCompositing/Binaries/Win64/UE4Editor-MediaCompositingEditor.dll (API version 3709383).
LogModuleManager: Display: Found up-to-date module file ../../../Engine/Plugins/Media/MediaPlayerEditor/Binaries/Win64/UE4Editor-MediaPlayerEditor.dll (API version 3709383).
LogModuleManager: Display: Found up-to-date module file ../../../Engine/Plugins/Media/WmfMedia/Binaries/Win64/UE4Editor-WmfMedia.dll (API version 3709383).
LogModuleManager: Display: Found up-to-date module file ../../../Engine/Plugins/Media/WmfMedia/Binaries/Win64/UE4Editor-WmfMediaEditor.dll (API version 3709383).
LogModuleManager: Display: Found up-to-date module file ../../../Engine/Plugins/Media/WmfMedia/Binaries/Win64/UE4Editor-WmfMediaFactory.dll (API version 3709383).
LogModuleManager: Display: Found up-to-date module file ../../../Engine/Plugins/Media/WmfMedia/Binaries/Win64/UE4Editor-WmfMediaFactory.dll (API version 3709383).
LogModuleManager: Display: Found up-to-date module file ../../../Engine/Plugins/Messaging/TcpMessaging/Binaries/Win64/UE4Editor-TcpMessaging.dll (API version 3709383).
LogModuleManager: Display: Found up-to-date module file ../../../Engine/Plugins/Messaging/UdpMessaging/Binaries/Win64/UE4Editor-UdpMessaging.dll (API version 3709383).
LogModuleManager: Display: Found up-to-date module file ../../../Engine/Plugins/MovieScene/ActorSequence/Binaries/Win64/UE4Editor-ActorSequence.dll (API version 3709383).
LogModuleManager: Display: Found up-to-date module file ../../../Engine/Plugins/MovieScene/LevelSequenceEditor/Binaries/Win64/UE4Editor-LevelSequenceEditor.dll (API version 3709383).
LogModuleManager: Display: Found up-to-date module file ../../../Engine/Plugins/MovieScene/MatineeToLevelSequence/Binaries/Win64/UE4Editor-MatineeToLevelSequence.dll (API version 3709383).
LogModuleManager: Display: Found up-to-date module file ../../../Engine/Plugins/Online/OnlineSubsystem/Binaries/Win64/UE4Editor-OnlineSubsystem.dll (API version 3709383).
LogModuleManager: Display: Found up-to-date module file ../../../Engine/Plugins/Runtime/AndroidPermission/Binaries/Win64/UE4Editor-AndroidPermission.dll (API version 3709383).
LogModuleManager: Display: Found up-to-date module file ../../../Engine/Plugins/Online/OnlineSubsystemNull/Binaries/Win64/UE4Editor-OnlineSubsystemNull.dll (API version 3709383).
LogModuleManager: Display: Found up-to-date module file ../../../Engine/Plugins/Online/OnlineSubsystemUtils/Binaries/Win64/UE4Editor-OnlineSubsystemUtils.dll (API version 3709383).
LogModuleManager: Display: Found up-to-date module file ../../../Engine/Plugins/Online/OnlineSubsystemUtils/Binaries/Win64/UE4Editor-OnlineBlueprintSupport.dll (API version 3709383).
LogModuleManager: Display: Found up-to-date module file ../../../Engine/Plugins/Runtime/AndroidDeviceProfileSelector/Binaries/Win64/UE4Editor-AndroidDeviceProfileSelector.dll (API version 3709383).
LogModuleManager: Display: Found up-to-date module file ../../../Engine/Plugins/Runtime/AppleARKit/Binaries/Win64/UE4Editor-AppleARKit.dll (API version 3709383).
LogModuleManager: Display: Found up-to-date module file ../../../Engine/Plugins/Runtime/ArchVisCharacter/Binaries/Win64/UE4Editor-ArchVisCharacter.dll (API version 3709383).
LogModuleManager: Display: Found up-to-date module file ../../../Engine/Plugins/Runtime/CableComponent/Binaries/Win64/UE4Editor-CableComponent.dll (API version 3709383).
LogModuleManager: Display: Found up-to-date module file ../../../Engine/Plugins/Runtime/CustomMeshComponent/Binaries/Win64/UE4Editor-CustomMeshComponent.dll (API version 3709383).
LogModuleManager: Display: Found up-to-date module file ../../../Engine/Plugins/Runtime/ExampleDeviceProfileSelector/Binaries/Win64/UE4Editor-ExampleDeviceProfileSelector.dll (API version 3709383).
LogModuleManager: Display: Found up-to-date module file ../../../Engine/Plugins/Runtime/ImmediatePhysics/Binaries/Win64/UE4Editor-ImmediatePhysics.dll (API version 3709383).
LogModuleManager: Display: Found up-to-date module file ../../../Engine/Plugins/Runtime/ImmediatePhysics/Binaries/Win64/UE4Editor-ImmediatePhysicsEditor.dll (API version 3709383).
LogModuleManager: Display: Found up-to-date module file ../../../Engine/Plugins/Runtime/LocationServicesBPLibrary/Binaries/Win64/UE4Editor-LocationServicesBPLibrary.dll (API version 3709383).
LogModuleManager: Display: Found up-to-date module file ../../../Engine/Plugins/Runtime/MobilePatchingUtils/Binaries/Win64/UE4Editor-MobilePatchingUtils.dll (API version 3709383).
LogModuleManager: Display: Found up-to-date module file ../../../Engine/Plugins/Runtime/Oculus/OculusVR/Binaries/Win64/UE4Editor-OculusHMD.dll (API version 3709383).
LogModuleManager: Display: Found up-to-date module file ../../../Engine/Plugins/Runtime/Oculus/OculusVR/Binaries/Win64/UE4Editor-OculusInput.dll (API version 3709383).
LogModuleManager: Display: Found up-to-date module file ../../../Engine/Plugins/Runtime/Oculus/OculusVR/Binaries/Win64/UE4Editor-OculusEditor.dll (API version 3709383).
LogModuleManager: Display: Found up-to-date module file ../../../Engine/Plugins/Runtime/PhysXVehicles/Binaries/Win64/UE4Editor-PhysXVehicles.dll (API version 3709383).
LogModuleManager: Display: Found up-to-date module file ../../../Engine/Plugins/Runtime/PhysXVehicles/Binaries/Win64/UE4Editor-PhysXVehiclesEditor.dll (API version 3709383).
LogModuleManager: Display: Found up-to-date module file ../../../Engine/Plugins/Runtime/ProceduralMeshComponent/Binaries/Win64/UE4Editor-ProceduralMeshComponent.dll (API version 3709383).
LogModuleManager: Display: Found up-to-date module file ../../../Engine/Plugins/Runtime/ProceduralMeshComponent/Binaries/Win64/UE4Editor-ProceduralMeshComponentEditor.dll (API version 3709383).
LogModuleManager: Display: Found up-to-date module file ../../../Engine/Plugins/Runtime/RuntimePhysXCooking/Binaries/Win64/UE4Editor-RuntimePhysXCooking.dll (API version 3709383).
LogModuleManager: Display: Found up-to-date module file ../../../Engine/Plugins/Runtime/Steam/SteamVR/Binaries/Win64/UE4Editor-SteamVR.dll (API version 3709383).
LogModuleManager: Display: Found up-to-date module file ../../../Engine/Plugins/Runtime/Steam/SteamVR/Binaries/Win64/UE4Editor-SteamVRController.dll (API version 3709383).
LogModuleManager: Display: Found up-to-date module file ../../../Engine/Plugins/Runtime/WindowsMoviePlayer/Binaries/Win64/UE4Editor-WindowsMoviePlayer.dll (API version 3709383).
LogPluginManager: Mounting plugin Paper2D
LogPluginManager: Mounting plugin LightPropagationVolume
LogPluginManager: Mounting plugin CodeLiteSourceCodeAccess
LogPluginManager: Mounting plugin GitSourceControl
LogPluginManager: Mounting plugin KDevelopSourceCodeAccess
LogPluginManager: Mounting plugin NullSourceCodeAccess
LogPluginManager: Mounting plugin PerforceSourceControl
LogPluginManager: Mounting plugin SubversionSourceControl
LogPluginManager: Mounting plugin UObjectPlugin
LogPluginManager: Mounting plugin VisualStudioCodeSourceCodeAccess
LogPluginManager: Mounting plugin VisualStudioSourceCodeAccess
LogPluginManager: Mounting plugin XCodeSourceCodeAccess
LogPluginManager: Mounting plugin AssetManagerEditor
LogPluginManager: Mounting plugin AudioCapture
LogPluginManager: Mounting plugin FacialAnimation
LogPluginManager: Mounting plugin GameplayTagsEditor
LogPluginManager: Mounting plugin MobileLauncherProfileWizard
LogPluginManager: Mounting plugin PluginBrowser
LogPluginManager: Mounting plugin SpeedTreeImporter
LogPluginManager: Mounting plugin AlembicImporter
LogPluginManager: Mounting plugin CharacterAI
LogPluginManager: Mounting plugin HTML5Networking
LogPluginManager: Mounting plugin AndroidMedia
LogPluginManager: Mounting plugin AvfMedia
LogPluginManager: Mounting plugin ImgMedia
LogPluginManager: Mounting plugin MediaCompositing
LogPluginManager: Mounting plugin MediaPlayerEditor
LogPluginManager: Mounting plugin WmfMedia
LogPluginManager: Mounting plugin TcpMessaging
LogPluginManager: Mounting plugin UdpMessaging
LogPluginManager: Mounting plugin ActorSequence
LogPluginManager: Mounting plugin LevelSequenceEditor
LogPluginManager: Mounting plugin MatineeToLevelSequence
LogPluginManager: Mounting plugin OnlineSubsystemGooglePlay
LogPluginManager: Mounting plugin OnlineSubsystemIOS
LogPluginManager: Mounting plugin OnlineSubsystem
LogPluginManager: Mounting plugin OnlineSubsystemNull
LogPluginManager: Mounting plugin OnlineSubsystemUtils
LogPluginManager: Mounting plugin AndroidDeviceProfileSelector
LogPluginManager: Mounting plugin AndroidMoviePlayer
LogPluginManager: Mounting plugin AndroidPermission
LogPluginManager: Mounting plugin AppleARKit
LogPluginManager: Mounting plugin AppleMoviePlayer
LogPluginManager: Mounting plugin ArchVisCharacter
LogPluginManager: Mounting plugin CableComponent
LogPluginManager: Mounting plugin CustomMeshComponent
LogPluginManager: Mounting plugin ExampleDeviceProfileSelector
LogPluginManager: Mounting plugin GoogleCloudMessaging
LogPluginManager: Mounting plugin ImmediatePhysics
LogPluginManager: Mounting plugin IOSDeviceProfileSelector
LogPluginManager: Mounting plugin LinuxDeviceProfileSelector
LogPluginManager: Mounting plugin LocationServicesBPLibrary
LogPluginManager: Mounting plugin MobilePatchingUtils
LogPluginManager: Mounting plugin OculusVR
LogPluginManager: Plugin shader directory ../../../Engine/Plugins/Runtime/Oculus/OculusVR/Shaders found
LogPluginManager: Mapping shader source directory ../../../Engine/Plugins/Runtime/Oculus/OculusVR/Shaders to virtual directory /Plugin/OculusVR
LogPluginManager: Mounting plugin PhysXVehicles
LogPluginManager: Mounting plugin ProceduralMeshComponent
LogPluginManager: Mounting plugin RuntimePhysXCooking
LogPluginManager: Mounting plugin SteamVR
LogPluginManager: Mounting plugin WindowsMoviePlayer
LogInit: Using libcurl 7.47.1
LogInit:  - built for x86_64-pc-win32
LogInit:  - supports SSL with OpenSSL/1.0.2g
LogInit:  - supports HTTP deflate (compression) using libz 1.2.8
LogInit:  - other features:
LogInit:      CURL_VERSION_SSL
LogInit:      CURL_VERSION_LIBZ
LogInit:      CURL_VERSION_IPV6
LogInit:      CURL_VERSION_ASYNCHDNS
LogInit:      CURL_VERSION_LARGEFILE
LogInit:      CURL_VERSION_IDN
LogInit:  CurlRequestOptions (configurable via config and command line):
LogInit:  - bVerifyPeer = false  - Libcurl will NOT verify peer certificate
LogInit:  - bUseHttpProxy = false  - Libcurl will NOT use HTTP proxy
LogInit:  - bDontReuseConnections = false  - Libcurl will reuse connections
LogInit:  - CertBundlePath = nullptr  - Libcurl will use whatever was configured at build time.
LogInit: Build: ++UE4+Release-4.18-CL-3832480
LogInit: Engine Version: 4.18.3-3832480+++UE4+Release-4.18
LogInit: Compatible Engine Version: 4.18.0-3709383+++UE4+Release-4.18
LogInit: Net CL: 3709383
LogDevObjectVersion: Number of dev versions registered: 16
LogDevObjectVersion:   Dev-Blueprints (B0D832E4-1F89-4F0D-ACCF-7EB736FD4AA2): 10
LogDevObjectVersion:   Dev-Build (E1C64328-A22C-4D53-A36C-8E866417BD8C): 0
LogDevObjectVersion:   Dev-Core (375EC13C-06E4-48FB-B500-84F0262A717E): 2
LogDevObjectVersion:   Dev-Editor (E4B068ED-F494-42E9-A231-DA0B2E46BB41): 20
LogDevObjectVersion:   Dev-Framework (CFFC743F-43B0-4480-9391-14DF171D2073): 30
LogDevObjectVersion:   Dev-Mobile (B02B49B5-BB20-44E9-A304-32B752E40360): 0
LogDevObjectVersion:   Dev-Networking (A4E4105C-59A1-49B5-A7C5-40C4547EDFEE): 0
LogDevObjectVersion:   Dev-Online (39C831C9-5AE6-47DC-9A44-9C173E1C8E7C): 0
LogDevObjectVersion:   Dev-Physics (78F01B33-EBEA-4F98-B9B4-84EACCB95AA2): 0
LogDevObjectVersion:   Dev-Platform (6631380F-2D4D-43E0-8009-CF276956A95A): 0
LogDevObjectVersion:   Dev-Rendering (12F88B9F-8875-4AFC-A67C-D90C383ABD29): 20
LogDevObjectVersion:   Dev-Sequencer (7B5AE74C-D270-4C10-A958-57980B212A5A): 4
LogDevObjectVersion:   Dev-VR (D7296918-1DD6-4BDD-9DE2-64A83CC13884): 0
LogDevObjectVersion:   Dev-LoadTimes (C2A15278-BFE7-4AFE-6C17-90FF531DF755): 1
LogDevObjectVersion:   Private-Geometry (6EACA3D4-40EC-4CC1-B786-8BED09428FC5): 1
LogDevObjectVersion:   Dev-AnimPhys (29E575DD-E0A3-4627-9D10-D276232CDCEA): 12
LogInit: Compiled (64-bit): Jan 12 2018 02:04:55
LogInit: Compiled with Visual C++: 19.00.24215.01
LogInit: Build Configuration: Development
LogInit: Branch Name: ++UE4+Release-4.18
LogInit: Command line: -EpicPortal 
LogInit: Base directory: F:/Unreal 4.18/UE_4.18/Engine/Binaries/Win64/
LogInit: Installed Engine Build: 1
LogInit: Presizing for max 8388607 objects, including 0 objects not considered by GC, pre-allocating 0 bytes for permanent pool.
LogInit: Object subsystem initialized
[2018.03.14-21.35.58:359][  0]LogInit: Selected Device Profile: [Windows]
[2018.03.14-21.35.58:359][  0]LogInit: Applying CVar settings loaded from the selected device profile: [Windows]
[2018.03.14-21.35.58:387][  0]LogInit: Computer: MR_E-DATOR
[2018.03.14-21.35.58:387][  0]LogInit: User: MrE
[2018.03.14-21.35.58:387][  0]LogInit: CPU Page size=4096, Cores=4
[2018.03.14-21.35.58:387][  0]LogInit: High frequency timer resolution =3.233220 MHz
[2018.03.14-21.35.58:388][  0]LogMemory: Memory total: Physical=8.0GB (8GB approx)
[2018.03.14-21.35.58:388][  0]LogMemory: Platform Memory Stats for Windows
[2018.03.14-21.35.58:388][  0]LogMemory: Process Physical Memory: 274.43 MB used, 274.43 MB peak
[2018.03.14-21.35.58:388][  0]LogMemory: Process Virtual Memory: 269.51 MB used, 269.51 MB peak
[2018.03.14-21.35.58:388][  0]LogMemory: Physical Memory: 4525.63 MB used,  3633.50 MB free, 8159.14 MB total
[2018.03.14-21.35.58:388][  0]LogMemory: Virtual Memory: 677.33 MB used,  3633.50 MB free, 134217728.00 MB total
[2018.03.14-21.35.58:533][  0]LogInit: Using OS detected language (sv-SE).
[2018.03.14-21.35.58:533][  0]LogInit: Using OS detected locale (sv-SE).
[2018.03.14-21.35.58:537][  0]LogTextLocalizationManager: No localization for 'sv-SE' exists, so 'en' will be used for the language.
[2018.03.14-21.35.58:537][  0]LogTextLocalizationManager: No localization for 'sv-SE' exists, so 'en' will be used for the locale.
[2018.03.14-21.35.58:984][  0]LogInit: Setting process to per monitor DPI aware
[2018.03.14-21.35.59:280][  0]LogD3D11RHI: D3D11 adapters:
[2018.03.14-21.35.59:348][  0]LogD3D11RHI:    0. 'NVIDIA GeForce GTX 1070' (Feature Level 11_0)
[2018.03.14-21.35.59:348][  0]LogD3D11RHI:       8088/0/4079 MB DedicatedVideo/DedicatedSystem/SharedSystem, Outputs:2, VendorId:0x10de
[2018.03.14-21.35.59:351][  0]LogD3D11RHI:    1. 'Microsoft Basic Render Driver' (Feature Level 11_0)
[2018.03.14-21.35.59:351][  0]LogD3D11RHI:       0/0/4079 MB DedicatedVideo/DedicatedSystem/SharedSystem, Outputs:0, VendorId:0x1414
[2018.03.14-21.35.59:351][  0]LogD3D11RHI: Chosen D3D11 Adapter: 0
[2018.03.14-21.35.59:357][  0]LogD3D11RHI: Creating new Direct3DDevice
[2018.03.14-21.35.59:357][  0]LogD3D11RHI:     GPU DeviceId: 0x1b81 (for the marketing name, search the web for "GPU Device Id")
[2018.03.14-21.35.59:357][  0]LogWindows: EnumDisplayDevices:
[2018.03.14-21.35.59:358][  0]LogWindows:    0. 'NVIDIA GeForce GTX 1070' (P:1 D:1)
[2018.03.14-21.35.59:358][  0]LogWindows:    1. 'NVIDIA GeForce GTX 1070' (P:0 D:1)
[2018.03.14-21.35.59:358][  0]LogWindows:    2. 'NVIDIA GeForce GTX 1070' (P:0 D:0)
[2018.03.14-21.35.59:358][  0]LogWindows:    3. 'NVIDIA GeForce GTX 1070' (P:0 D:0)
[2018.03.14-21.35.59:358][  0]LogWindows: DebugString: GetVideoDriverDetailsInvalid PrimaryIsNotTheChoosenAdapter GetVideoDriverDetailsInvalid PrimaryIsNotTheChoosenAdapter GetVideoDriverDetailsInvalid PrimaryIsNotTheChoosenAdapter GetVideoDriverDetailsInvalid PrimaryIsNotTheChoosenAdapter FoundDriverCount:0 
[2018.03.14-21.35.59:358][  0]LogD3D11RHI:     Adapter Name: NVIDIA GeForce GTX 1070
[2018.03.14-21.35.59:358][  0]LogD3D11RHI:   Driver Version: Unknown (internal:Unknown, unified:Unknown)
[2018.03.14-21.35.59:358][  0]LogD3D11RHI:      Driver Date: Unknown
[2018.03.14-21.35.59:358][  0]LogRHI: Texture pool is 5661 MB (70% of 8088 MB)
[2018.03.14-21.35.59:406][  0]LogD3D11RHI: Async texture creation enabled
[2018.03.14-21.35.59:434][  0]LogD3D11RHI: GPU Timing Frequency: 1000.000000 (Debug: 2 2)
[2018.03.14-21.35.59:484][  0]LogShaderCompilers: Guid format shader working directory is -19 characters bigger than the processId version (../../../../../Projects/AdventureP/AdventureUE4Project/Adventure/Intermediate/Shaders/WorkingDirectory/7004/).
[2018.03.14-21.35.59:484][  0]LogShaderCompilers: Cleaned the shader compiler working directory 'C:/Users/Mr_E/AppData/Local/Temp/UnrealShaderWorkingDir/916102AE46CFF815A998D9AC995D822A/'.
[2018.03.14-21.35.59:484][  0]LogShaderCompilers: Display: Using Local Shader Compiler.
[2018.03.14-21.36.00:662][  0]LogTemp: Display: Loaded TP AllDesktopTargetPlatform
[2018.03.14-21.36.00:714][  0]LogTemp: Display: Loaded TP MacClientTargetPlatform
[2018.03.14-21.36.00:768][  0]LogTemp: Display: Loaded TP MacNoEditorTargetPlatform
[2018.03.14-21.36.00:820][  0]LogTemp: Display: Loaded TP MacServerTargetPlatform
[2018.03.14-21.36.00:873][  0]LogTemp: Display: Loaded TP MacTargetPlatform
[2018.03.14-21.36.00:925][  0]LogTemp: Display: Loaded TP WindowsClientTargetPlatform
[2018.03.14-21.36.00:976][  0]LogTemp: Display: Loaded TP WindowsNoEditorTargetPlatform
[2018.03.14-21.36.01:027][  0]LogTemp: Display: Loaded TP WindowsServerTargetPlatform
[2018.03.14-21.36.01:071][  0]LogTemp: Display: Loaded TP WindowsTargetPlatform
[2018.03.14-21.36.01:122][  0]LogTemp: Display: Loaded TP Android_ASTCTargetPlatform
[2018.03.14-21.36.01:173][  0]LogTemp: Display: Loaded TP Android_ATCTargetPlatform
[2018.03.14-21.36.01:224][  0]LogTemp: Display: Loaded TP Android_DXTTargetPlatform
[2018.03.14-21.36.01:275][  0]LogTemp: Display: Loaded TP Android_ETC1TargetPlatform
[2018.03.14-21.36.01:326][  0]LogTemp: Display: Loaded TP Android_ETC2TargetPlatform
[2018.03.14-21.36.01:428][  0]LogTemp: Display: Loaded TP Android_MultiTargetPlatform
[2018.03.14-21.36.01:428][  0]LogTemp: Display: Loaded TP Android_PVRTCTargetPlatform
[2018.03.14-21.36.01:479][  0]LogTemp: Display: Loaded TP AndroidTargetPlatform
[2018.03.14-21.36.01:523][  0]LogTemp: Display: Loaded TP HTML5TargetPlatform
[2018.03.14-21.36.01:614][  0]LogTemp: Display: Loaded TP IOSTargetPlatform
[2018.03.14-21.36.01:643][  0]LogTemp: Display: Loaded TP TVOSTargetPlatform
[2018.03.14-21.36.01:693][  0]LogTemp: Display: Loaded TP LinuxClientTargetPlatform
[2018.03.14-21.36.01:745][  0]LogTemp: Display: Loaded TP LinuxNoEditorTargetPlatform
[2018.03.14-21.36.01:794][  0]LogTemp: Display: Loaded TP LinuxServerTargetPlatform
[2018.03.14-21.36.01:847][  0]LogTemp: Display: Loaded TP LinuxTargetPlatform
[2018.03.14-21.36.01:847][  0]LogTargetPlatformManager: Display: Building Assets For Windows
[2018.03.14-21.36.02:290][  0]LogDerivedDataCache: Display: Max Cache Size: 512 MB
[2018.03.14-21.36.02:384][  0]LogDerivedDataCache: Loaded boot cache 0.09s 79MB C:/Users/Mr_E/AppData/Local/UnrealEngine/4.18/DerivedDataCache/Boot.ddc.
[2018.03.14-21.36.02:385][  0]LogDerivedDataCache: Display: Loaded Boot cache: C:/Users/Mr_E/AppData/Local/UnrealEngine/4.18/DerivedDataCache/Boot.ddc
[2018.03.14-21.36.02:385][  0]LogDerivedDataCache: FDerivedDataBackendGraph:  Pak pak cache file ../../../../../Projects/AdventureP/AdventureUE4Project/Adventure/DerivedDataCache/DDC.ddp not found, will not use a pak cache.
[2018.03.14-21.36.02:385][  0]LogDerivedDataCache: Unable to find inner node Pak for hierarchical cache Hierarchy.
[2018.03.14-21.36.02:385][  0]LogDerivedDataCache: FDerivedDataBackendGraph:  CompressedPak pak cache file ../../../../../Projects/AdventureP/AdventureUE4Project/Adventure/DerivedDataCache/Compressed.ddp not found, will not use a pak cache.
[2018.03.14-21.36.02:385][  0]LogDerivedDataCache: Unable to find inner node CompressedPak for hierarchical cache Hierarchy.
[2018.03.14-21.36.02:404][  0]LogDerivedDataCache: Display: Pak cache opened for reading ../../../Engine/DerivedDataCache/Compressed.ddp.
[2018.03.14-21.36.02:417][  0]LogDerivedDataCache: Using Local data cache path C:/Users/Mr_E/AppData/Local/UnrealEngine/Common/DerivedDataCache: Writable
[2018.03.14-21.36.02:430][  0]LogMaterial: Verifying Global Shaders for PCD3D_SM5
[2018.03.14-21.36.02:430][  0]LogSlate: Using Freetype 2.6.0
[2018.03.14-21.36.02:431][  0]LogSlate: SlateFontCache - WITH_FREETYPE: 1, WITH_HARFBUZZ: 1
[2018.03.14-21.36.02:431][  0]LogSlate: SlateFontCache - WITH_FREETYPE: 1, WITH_HARFBUZZ: 1
[2018.03.14-21.36.02:899][  0]LogInit: Selected Device Profile: [Windows]
[2018.03.14-21.36.03:238][  0]LogSimplygon: Simplygon DLL not present - disabling.
[2018.03.14-21.36.03:288][  0]LogMeshReduction: Using SimplygonSwarm for distributed automatic mesh merging
[2018.03.14-21.36.03:288][  0]LogMeshReduction: Using QuadricMeshReduction for automatic static mesh reduction
[2018.03.14-21.36.03:288][  0]LogMeshReduction: No automatic skeletal mesh reduction module available
[2018.03.14-21.36.03:288][  0]LogMeshReduction: No automatic mesh merging module available
[2018.03.14-21.36.03:288][  0]LogMeshMerging: No automatic mesh merging module available
[2018.03.14-21.36.03:322][  0]LogNetVersion: Adventure , NetCL: 3709383, EngineNetVer: 2, GameNetVer: 0 (Checksum: 1750621016)
[2018.03.14-21.36.03:498][  0]LogAssetRegistry: FAssetRegistry took 0.0272 seconds to start up
[2018.03.14-21.36.04:057][  0]LogPackageLocalizationCache: Processed 7 localized package path(s) for 1 prioritized culture(s) in 0.042295 seconds
[2018.03.14-21.36.04:063][  0]LogUObjectArray: 35870 objects as part of root set at end of initial load.
[2018.03.14-21.36.04:063][  0]LogUObjectAllocator: 7363696 out of 0 bytes used by permanent object pool.
[2018.03.14-21.36.04:063][  0]LogUObjectArray: CloseDisregardForGC: 0/0 objects in disregard for GC pool
[2018.03.14-21.36.04:109][  0]LogInit: WinSock: version 1.1 (2.2), MaxSocks=32767, MaxUdp=65467
[2018.03.14-21.36.07:143][  0]LogTcpMessaging: Initializing TcpMessaging bridge
[2018.03.14-21.36.07:185][  0]LogUdpMessaging: Initializing bridge on interface 0.0.0.0:0 to multicast group 230.0.0.1:6666.
[2018.03.14-21.36.07:867][  0]LogMaterial: Uniform references updated for custom material expression Custom.
[2018.03.14-21.36.08:309][  0]SourceControl: Source control is disabled
[2018.03.14-21.36.08:309][  0]SourceControl: Source control is disabled
[2018.03.14-21.36.08:362][  0]SourceControl: Source control is disabled
[2018.03.14-21.36.08:413][  0]SourceControl: Source control is disabled
[2018.03.14-21.36.09:219][  0]LogAndroidPermission: UAndroidPermissionCallbackProxy::GetInstance
[2018.03.14-21.36.09:483][  0]LogOcInput: OculusInput pre-init called
[2018.03.14-21.36.09:767][  0]LogEngine: Initializing Engine...
[2018.03.14-21.36.09:773][  0]LogHMD: Failed to initialize OpenVR with code 105
[2018.03.14-21.36.10:107][  0]LogStats: UGameplayTagsManager::ConstructGameplayTagTree: Construct from data asset -  0.000 s
[2018.03.14-21.36.10:107][  0]LogStats: UGameplayTagsManager::ConstructGameplayTagTree: GameplayTagTreeChangedEvent.Broadcast -  0.000 s
[2018.03.14-21.36.10:226][  0]LogAIModule: Creating AISystem for world Untitled
[2018.03.14-21.36.10:257][  0]LogInit: XAudio2 using 'Hörlurar på headset (2- SteelSeries Arctis 7 Chat)' : 1 channels at 48 kHz using 16 bits per sample (channel mask 0x0)
[2018.03.14-21.36.10:278][  0]LogInit: FAudioDevice initialized.
[2018.03.14-21.36.10:389][  0]LogDerivedDataCache: Saved boot cache 0.11s 79MB C:/Users/Mr_E/AppData/Local/UnrealEngine/4.18/DerivedDataCache/Boot.ddc.
[2018.03.14-21.36.10:410][  0]LogInit: Texture streaming: Enabled
[2018.03.14-21.36.10:506][  0]LogEngineSessionManager: EngineSessionManager initialized
[2018.03.14-21.36.10:639][  0]LogInit: Transaction tracking system initialized
[2018.03.14-21.36.10:939][  0]BlueprintLog: New page: Editor Load
[2018.03.14-21.36.11:793][  0]LocalizationService: Localization service is disabled
[2018.03.14-21.36.12:537][  0]LogConsoleResponse: Display: 
[2018.03.14-21.36.12:727][  0]LogCook: Display: Max memory allowance for cook 16384mb min free memory 0mb
[2018.03.14-21.36.12:727][  0]LogCook: Display: Mobile HDR setting 1
[2018.03.14-21.36.12:727][  0]LogGameplayTags: Display: UGameplayTagsManager::DoneAddingNativeTags. DelegateIsBound: 0
[2018.03.14-21.36.13:393][  0]LogFileCache: Scanning file cache for directory 'F:/Projects/AdventureP/AdventureUE4Project/Adventure/Content/' took 0.04s
[2018.03.14-21.36.13:930][  0]SourceControl: Source control is disabled
[2018.03.14-21.36.13:930][  0]Cmd: MAP LOAD FILE="../../../../../Projects/AdventureP/AdventureUE4Project/Adventure/Content/FirstPersonBP/Maps/FirstPersonExampleMap.umap" TEMPLATE=0 SHOWPROGRESS=1 FEATURELEVEL=3
[2018.03.14-21.36.13:930][  0]LightingResults: New page: Lighting Build
[2018.03.14-21.36.13:970][  0]MapCheck: New page: Map Check
[2018.03.14-21.36.13:970][  0]LightingResults: New page: Lighting Build
[2018.03.14-21.36.18:401][  0]LogAIModule: Creating AISystem for world FirstPersonExampleMap
[2018.03.14-21.36.19:261][  0]LogEditorServer: Finished looking for orphan Actors (0.000 secs)
[2018.03.14-21.36.19:278][  0]Cmd: MAP CHECKDEP NOCLEARLOG
[2018.03.14-21.36.19:356][  0]MapCheck: Map check complete: 0 Error(s), 0 Warning(s), took 77.822ms to complete.
[2018.03.14-21.36.19:356][  0]LogFileHelpers: Loading map 'FirstPersonExampleMap' took 5.426
[2018.03.14-21.36.19:428][  0]LogWindowsTextInputMethodSystem: Display: IME system now deactivated.
[2018.03.14-21.36.19:596][  0]LogCollectionManager: Loaded 0 collections in 0.001083 seconds
[2018.03.14-21.36.19:677][  0]LogFileCache: Scanning file cache for directory 'F:/Projects/AdventureP/AdventureUE4Project/Adventure/Saved/Collections/' took 0.01s
[2018.03.14-21.36.19:677][  0]LogFileCache: Scanning file cache for directory 'F:/Projects/AdventureP/AdventureUE4Project/Adventure/Content/Developers/MrE/Collections/' took 0.01s
[2018.03.14-21.36.19:677][  0]LogFileCache: Scanning file cache for directory 'F:/Projects/AdventureP/AdventureUE4Project/Adventure/Content/Collections/' took 0.01s
[2018.03.14-21.36.19:678][  0]LogCollectionManager: Rebuilt the GUID cache for 0 collections in 0.000000 seconds
[2018.03.14-21.36.19:688][  0]LogContentBrowser: Native class hierarchy populated in 0.0104 seconds. Added 2363 classes and 519 folders.
[2018.03.14-21.36.19:752][  0]LogContentBrowser: Native class hierarchy updated for 'WidgetCarousel' in 0.0004 seconds. Added 0 classes and 0 folders.
[2018.03.14-21.36.20:551][  0]LogContentBrowser: Native class hierarchy updated for 'AddContentDialog' in 0.0003 seconds. Added 0 classes and 0 folders.
[2018.03.14-21.36.20:594][  0]LogContentBrowser: Native class hierarchy updated for 'SceneOutliner' in 0.0003 seconds. Added 1 classes and 2 folders.
[2018.03.14-21.36.20:690][  0]LogSlate: Took 0.000254 seconds to synchronously load lazily loaded font '../../../Engine/Content/Slate/Fonts/Roboto-Regular.ttf' (155K)
[2018.03.14-21.36.20:692][  0]LogSlate: Took 0.000259 seconds to synchronously load lazily loaded font '../../../Engine/Content/Slate/Fonts/Roboto-Bold.ttf' (160K)
[2018.03.14-21.36.20:712][  0]LogSlate: Took 0.014440 seconds to synchronously load lazily loaded font '../../../Engine/Content/Editor/Slate/Fonts/FontAwesome.ttf' (139K)
[2018.03.14-21.36.20:897][  0]LogRenderer: Reallocating scene render targets to support 1180x616 Format 10 NumSamples 1 (Frame:1).
[2018.03.14-21.36.21:151][  0]LogContentBrowser: Native class hierarchy updated for 'HierarchicalLODOutliner' in 0.0003 seconds. Added 1 classes and 2 folders.
[2018.03.14-21.36.21:151][  0]LogLoad: (Engine Initialization) Total time: 25.37 seconds
[2018.03.14-21.36.21:151][  0]LogLoad: (Engine Initialization) Total Blueprint compile time: 0.00 seconds
[2018.03.14-21.36.21:151][  0]LogExternalProfiler: Found external profiler: VSPerf
[2018.03.14-21.36.21:151][  0]LogExternalProfiler: Using external profiler: VSPerf
[2018.03.14-21.36.21:182][  0]LogContentStreaming: Texture pool size now 1000 MB
[2018.03.14-21.36.21:284][  2]LogAssetRegistry: Asset discovery search completed in 17.8080 seconds
[2018.03.14-21.36.21:287][  2]LogCollectionManager: Rebuilt the object cache for 0 collections in 0.000001 seconds (found 0 objects)
[2018.03.14-21.36.21:287][  2]LogCollectionManager: Fixed up redirectors for 0 collections in 0.000094 seconds (updated 0 objects)
[2018.03.14-21.36.22:218][ 72]LogSlate: Took 0.004212 seconds to synchronously load lazily loaded font '../../../Engine/Content/Slate/Fonts/Roboto-Light.ttf' (159K)
[2018.03.14-21.36.25:244][421]LogSlate: Took 0.000266 seconds to synchronously load lazily loaded font '../../../Engine/Content/Slate/Fonts/Roboto-Light.ttf' (159K)
[2018.03.14-21.36.30:716][ 43]LogSlate: Took 0.000219 seconds to synchronously load lazily loaded font '../../../Engine/Content/Slate/Fonts/Roboto-Light.ttf' (159K)
[2018.03.14-21.36.30:763][ 43]LogContentBrowser: Native class hierarchy updated for 'MaterialEditor' in 0.0003 seconds. Added 1 classes and 0 folders.
[2018.03.14-21.36.30:765][ 43]LogMaterial: Missing cached shader map for material Elm_Tree_01_mat, compiling. 
[2018.03.14-21.36.31:294][ 43]LogMaterial: Missing cached shader map for material FMatExpressionPreview MaterialExpressionTextureSample_2, compiling. 
[2018.03.14-21.36.31:300][ 43]LogMaterial: Missing cached shader map for material FMatExpressionPreview MaterialExpressionTextureSample_4, compiling. 
[2018.03.14-21.36.31:306][ 43]LogMaterial: Missing cached shader map for material FMatExpressionPreview MaterialExpressionTextureSample_3, compiling. 
[2018.03.14-21.36.31:313][ 43]LogMaterial: Missing cached shader map for material Elm_Tree_01_mat, compiling. 
[2018.03.14-21.36.31:339][ 43]LogMaterial: Missing cached shader map for material Elm_Tree_01_mat, compiling. 
[2018.03.14-21.36.31:387][ 43]LogMaterial: Missing cached shader map for material FMatExpressionPreview MaterialExpressionTextureSample_2, compiling. 
[2018.03.14-21.36.31:394][ 43]LogMaterial: Missing cached shader map for material FMatExpressionPreview MaterialExpressionTextureSample_4, compiling. 
[2018.03.14-21.36.31:400][ 43]LogMaterial: Missing cached shader map for material FMatExpressionPreview MaterialExpressionTextureSample_3, compiling. 
[2018.03.14-21.36.31:465][ 43]LogMaterial: Missing cached shader map for material Elm_Tree_Leaves_01_mat, compiling. 
[2018.03.14-21.36.31:627][ 43]LogMaterial: Missing cached shader map for material FMatExpressionPreview MaterialExpressionTextureSample_0, compiling. 
[2018.03.14-21.36.31:633][ 43]LogMaterial: Missing cached shader map for material FMatExpressionPreview MaterialExpressionTextureSample_1, compiling. 
[2018.03.14-21.36.31:641][ 43]LogMaterial: Missing cached shader map for material Elm_Tree_Leaves_01_mat, compiling. 
[2018.03.14-21.36.31:686][ 43]LogMaterial: Missing cached shader map for material Elm_Tree_Leaves_01_mat, compiling. 
[2018.03.14-21.36.31:752][ 43]LogMaterial: Missing cached shader map for material FMatExpressionPreview MaterialExpressionTextureSample_0, compiling. 
[2018.03.14-21.36.31:758][ 43]LogMaterial: Missing cached shader map for material FMatExpressionPreview MaterialExpressionTextureSample_1, compiling. 
[2018.03.14-21.36.32:226][ 43]LogContentBrowser: Native class hierarchy updated for 'BlueprintGraph' in 0.0009 seconds. Added 116 classes and 0 folders.
[2018.03.14-21.36.33:327][ 43]LogSlate: Took 0.017378 seconds to synchronously load lazily loaded font '../../../Engine/Content/Editor/Slate/Fonts/Roboto-BoldCondensed.ttf' (158K)
[2018.03.14-21.36.33:644][ 44]LogSlate: Took 0.003723 seconds to synchronously load lazily loaded font '../../../Engine/Content/Editor/Slate/Fonts/Roboto-Italic.ttf' (157K)
[2018.03.14-21.36.35:994][145]LogStaticMesh: Allocated 507x176x64 distance field atlas = 10.9Mb, with 64 objects containing 5.6Mb backing data
[2018.03.14-21.36.37:187][206]MaterialEditorStats: Base pass shader: 110 instructions
[2018.03.14-21.36.37:187][206]MaterialEditorStats: Base pass shader with Surface Lightmap: 130 instructions
[2018.03.14-21.36.37:187][206]MaterialEditorStats: Base pass shader with Volumetric Lightmap: 186 instructions
[2018.03.14-21.36.37:187][206]MaterialEditorStats: Vertex shader: 31 instructions
[2018.03.14-21.36.37:187][206]MaterialEditorStats: Texture samplers: 6/16
[2018.03.14-21.36.37:187][206]MaterialEditorStats: User interpolators: 2/4 Scalars (1/4 Vectors) (TexCoords: 2, Custom: 0)
[2018.03.14-21.38.25:163][511]SourceControl: Error: Failed to enable Git source control. You need to install Git and specify a valid path to git executable.
[2018.03.14-21.38.42:236][498]SourceControl: Source control is disabled
[2018.03.14-21.38.48:398][950]LogSlate: Only BGRA pngs, bmps or icos are supported in by External Image Picker
[2018.03.14-21.38.48:800][975]LogTemp: Executing iPhonePackager certificates Engine -bundlename com.YourCompany.Adventure
[2018.03.14-21.38.48:800][975]LogTemp: CWD: F:\Unreal 4.18\UE_4.18\Engine\Binaries\DotNET\IOS
[2018.03.14-21.38.48:800][975]LogTemp: Initial Dir: F:\Unreal 4.18\UE_4.18
[2018.03.14-21.38.48:800][975]LogTemp: Env CWD: F:\Unreal 4.18\UE_4.18\Engine\Binaries\DotNET\IOS
[2018.03.14-21.38.48:811][976]LogTemp: BranchPath = MR_E-DATOR/F/Unreal 4.18/UE_4.18/Engine/Binaries --- GameBranchPath = MR_E-DATOR/F/Unreal 4.18/UE_4.18/Engine/Binaries
[2018.03.14-21.38.48:821][977]LogTemp: IPP ERROR: Could not find provision directory 'C:\Users\Mr_E\AppData\Local/Apple Computer/MobileDevice/Provisioning Profiles/'.
[2018.03.14-21.39.21:817][325]LogSlate: Only BGRA pngs, bmps or icos are supported in by External Image Picker
[2018.03.14-21.39.21:957][332]LogTemp: Executing iPhonePackager certificates Engine -bundlename com.YourCompany.Adventure
[2018.03.14-21.39.21:957][332]LogTemp: CWD: F:\Unreal 4.18\UE_4.18\Engine\Binaries\DotNET\IOS
[2018.03.14-21.39.21:957][332]LogTemp: Initial Dir: F:\Unreal 4.18\UE_4.18
[2018.03.14-21.39.21:957][332]LogTemp: Env CWD: F:\Unreal 4.18\UE_4.18\Engine\Binaries\DotNET\IOS
[2018.03.14-21.39.21:967][333]LogTemp: BranchPath = MR_E-DATOR/F/Unreal 4.18/UE_4.18/Engine/Binaries --- GameBranchPath = MR_E-DATOR/F/Unreal 4.18/UE_4.18/Engine/Binaries
[2018.03.14-21.39.21:988][335]LogTemp: IPP ERROR: Could not find provision directory 'C:\Users\Mr_E\AppData\Local/Apple Computer/MobileDevice/Provisioning Profiles/'.
[2018.03.14-21.39.36:885][901]LogDirectoryWatcher: Warning: Failed to begin reading directory changes for ../../../../../Projects/AdventureP/AdventureUE4Project/Adventure/Plugins/. Error: Det går inte att hitta filen. (0x00000002)
[2018.03.14-21.40.04:539][988]LogDirectoryWatcher: A directory notification for '../../../Engine/Plugins/' was aborted.
[2018.03.14-21.40.47:297][  7]SourceControl: Error: Failed to enable Git source control. You need to install Git and specify a valid path to git executable.
[2018.03.14-21.41.02:174][987]SourceControl: Error: Failed to enable Git source control. You need to install Git and specify a valid path to git executable.
[2018.03.14-21.41.10:857][580]SourceControl: Error: Failed to enable Git source control. You need to install Git and specify a valid path to git executable.
[2018.03.14-21.44.44:413][200]SourceControl: Error: Failed to enable Git source control. You need to install Git and specify a valid path to git executable.
[2018.03.14-21.45.03:332][752]SourceControl: Error: Failed to enable Git source control. You need to install Git and specify a valid path to git executable.
[2018.03.14-21.51.51:152][966]SourceControl: Error: Failed to enable Git source control. You need to install Git and specify a valid path to git executable.
[2018.03.14-21.55.29:288][549]SourceControl: Error: Failed to enable Git source control. You need to install Git and specify a valid path to git executable.
[2018.03.14-21.56.12:120][341]SourceControl: Error: Failed to enable Git source control. You need to install Git and specify a valid path to git executable.
[2018.03.14-21.56.29:548][996]SourceControl: Error: Failed to enable Git source control. You need to install Git and specify a valid path to git executable.
[2018.03.14-22.35.01:281][589]LogWindowsTextInputMethodSystem: Display: IME system now deactivated.
[2018.03.14-22.35.01:725][590]Cmd: QUIT_EDITOR
[2018.03.14-22.35.02:084][590]LogExit: Preparing to exit.
[2018.03.14-22.35.02:939][590]LogDirectoryWatcher: A directory notification for 'F:/Projects/AdventureP/AdventureUE4Project/Adventure/Content/' was aborted.
[2018.03.14-22.35.03:364][590]LogExit: Editor shut down
[2018.03.14-22.35.03:393][590]LogExit: Transaction tracking system shut down
[2018.03.14-22.35.03:856][590]LogDirectoryWatcher: A directory notification for '../../../Engine/Content/' was aborted.
[2018.03.14-22.35.03:856][590]LogDirectoryWatcher: A directory notification for '../../../../../Projects/AdventureP/AdventureUE4Project/Adventure/Content/' was aborted.
[2018.03.14-22.35.03:856][590]LogDirectoryWatcher: A directory notification for '../../../Engine/Plugins/2D/Paper2D/Content/' was aborted.
[2018.03.14-22.35.03:856][590]LogDirectoryWatcher: A directory notification for '../../../Engine/Plugins/Media/MediaCompositing/Content/' was aborted.
[2018.03.14-22.35.03:856][590]LogDirectoryWatcher: A directory notification for '../../../Engine/Plugins/Runtime/AppleARKit/Content/' was aborted.
[2018.03.14-22.35.03:856][590]LogDirectoryWatcher: A directory notification for '../../../Engine/Plugins/Runtime/Oculus/OculusVR/Content/' was aborted.
[2018.03.14-22.35.03:856][590]LogDirectoryWatcher: A directory notification for '../../../Engine/Plugins/Runtime/Steam/SteamVR/Content/' was aborted.
[2018.03.14-22.35.04:842][590]LogExit: Object subsystem successfully closed.
[2018.03.14-22.35.05:012][590]LogD3D11RHI: Shutdown
[2018.03.14-22.35.05:021][590]LogD3D11RHI: CleanupD3DDevice
[2018.03.14-22.35.05:056][590]LogD3D11RHI: ~FD3D11DynamicRHI
[2018.03.14-22.35.05:771][590]LogModuleManager: Shutting down and abandoning module ExternalImagePicker (554)
[2018.03.14-22.35.05:771][590]LogModuleManager: Shutting down and abandoning module BlueprintGraph (552)
[2018.03.14-22.35.05:771][590]LogModuleManager: Shutting down and abandoning module MaterialEditor (550)
[2018.03.14-22.35.05:771][590]LogModuleManager: Shutting down and abandoning module HierarchicalLODOutliner (548)
[2018.03.14-22.35.05:771][590]LogModuleManager: Shutting down and abandoning module SceneOutliner (546)
[2018.03.14-22.35.05:783][590]LogModuleManager: Shutting down and abandoning module AddContentDialog (544)
[2018.03.14-22.35.05:797][590]LogDirectoryWatcher: A directory notification for 'F:/Unreal 4.18/UE_4.18/FeaturePacks/' was aborted.
[2018.03.14-22.35.05:804][590]LogModuleManager: Shutting down and abandoning module WidgetCarousel (543)
[2018.03.14-22.35.05:804][590]LogModuleManager: Shutting down and abandoning module EditorWidgets (540)
[2018.03.14-22.35.05:804][590]LogModuleManager: Shutting down and abandoning module CollectionManager (538)
[2018.03.14-22.35.05:810][590]LogDirectoryWatcher: A directory notification for 'F:/Projects/AdventureP/AdventureUE4Project/Adventure/Content/Collections/' was aborted.
[2018.03.14-22.35.05:810][590]LogDirectoryWatcher: A directory notification for 'F:/Projects/AdventureP/AdventureUE4Project/Adventure/Content/Developers/MrE/Collections/' was aborted.
[2018.03.14-22.35.05:810][590]LogDirectoryWatcher: A directory notification for 'F:/Projects/AdventureP/AdventureUE4Project/Adventure/Saved/Collections/' was aborted.
[2018.03.14-22.35.05:811][590]LogModuleManager: Shutting down and abandoning module StatsViewer (536)
[2018.03.14-22.35.05:817][590]LogModuleManager: Shutting down and abandoning module FoliageEdit (534)
[2018.03.14-22.35.05:826][590]LogModuleManager: Shutting down and abandoning module LandscapeEditor (532)
[2018.03.14-22.35.05:846][590]LogModuleManager: Shutting down and abandoning module MeshPaintMode (530)
[2018.03.14-22.35.05:851][590]LogModuleManager: Shutting down and abandoning module SceneDepthPickerMode (528)
[2018.03.14-22.35.05:851][590]LogModuleManager: Shutting down and abandoning module ActorPickerMode (526)
[2018.03.14-22.35.05:851][590]LogModuleManager: Shutting down and abandoning module GeometryMode (524)
[2018.03.14-22.35.05:851][590]LogModuleManager: Shutting down and abandoning module TextureAlignMode (522)
[2018.03.14-22.35.05:851][590]LogModuleManager: Shutting down and abandoning module BspMode (520)
[2018.03.14-22.35.05:852][590]LogModuleManager: Shutting down and abandoning module PIEPreviewDeviceProfileSelector (518)
[2018.03.14-22.35.05:852][590]LogModuleManager: Shutting down and abandoning module HardwareSurvey (516)
[2018.03.14-22.35.05:852][590]LogModuleManager: Shutting down and abandoning module SequenceRecorderSections (514)
[2018.03.14-22.35.05:864][590]LogModuleManager: Shutting down and abandoning module AutomationWorker (512)
[2018.03.14-22.35.05:873][590]LogModuleManager: Shutting down and abandoning module MatineeToLevelSequence (510)
[2018.03.14-22.35.05:881][590]LogModuleManager: Shutting down and abandoning module LevelSequenceEditor (508)
[2018.03.14-22.35.05:904][590]LogModuleManager: Shutting down and abandoning module PlacementMode (507)
[2018.03.14-22.35.05:904][590]LogModuleManager: Shutting down and abandoning module WmfMediaFactory (504)
[2018.03.14-22.35.05:904][590]LogModuleManager: Shutting down and abandoning module WmfMediaEditor (502)
[2018.03.14-22.35.05:904][590]LogModuleManager: Shutting down and abandoning module OpenExrWrapper (500)
[2018.03.14-22.35.05:904][590]LogModuleManager: Shutting down and abandoning module ImgMediaFactory (498)
[2018.03.14-22.35.05:904][590]LogModuleManager: Shutting down and abandoning module ImgMediaEditor (496)
[2018.03.14-22.35.05:904][590]LogModuleManager: Shutting down and abandoning module AvfMediaFactory (494)
[2018.03.14-22.35.05:904][590]LogModuleManager: Shutting down and abandoning module AvfMediaEditor (492)
[2018.03.14-22.35.05:904][590]LogModuleManager: Shutting down and abandoning module AndroidMediaFactory (490)
[2018.03.14-22.35.05:904][590]LogModuleManager: Shutting down and abandoning module AndroidMediaEditor (488)
[2018.03.14-22.35.05:904][590]LogModuleManager: Shutting down and abandoning module CharacterAI (486)
[2018.03.14-22.35.05:904][590]LogModuleManager: Shutting down and abandoning module AudioCapture (484)
[2018.03.14-22.35.05:914][590]LogModuleManager: Shutting down and abandoning module SequenceRecorder (483)
[2018.03.14-22.35.05:923][590]LogModuleManager: Shutting down and abandoning module SmartSnapping (480)
[2018.03.14-22.35.05:923][590]LogModuleManager: Shutting down and abandoning module SessionServices (478)
[2018.03.14-22.35.05:923][590]LogModuleManager: Shutting down and abandoning module ViewportSnapping (476)
[2018.03.14-22.35.05:923][590]LogModuleManager: Shutting down and abandoning module ViewportInteraction (474)
[2018.03.14-22.35.05:923][590]LogModuleManager: Shutting down and abandoning module ClothPainter (472)
[2018.03.14-22.35.05:940][590]LogModuleManager: Shutting down and abandoning module SkeletalMeshEditor (471)
[2018.03.14-22.35.05:951][590]LogModuleManager: Shutting down and abandoning module LogVisualizer (468)
[2018.03.14-22.35.05:972][590]LogModuleManager: Shutting down and abandoning module IntroTutorials (466)
[2018.03.14-22.35.05:982][590]LogModuleManager: Shutting down and abandoning module GameProjectGeneration (465)
[2018.03.14-22.35.05:999][590]LogModuleManager: Shutting down and abandoning module IOSPlatformEditor (462)
[2018.03.14-22.35.05:999][590]LogModuleManager: Shutting down and abandoning module HTML5PlatformEditor (460)
[2018.03.14-22.35.05:999][590]LogModuleManager: Shutting down and abandoning module AndroidPlatformEditor (458)
[2018.03.14-22.35.05:999][590]LogModuleManager: Shutting down and abandoning module AndroidDeviceDetection (457)
