Log file open, 06/09/18 13:08:54
LogWindows: Failed to load 'aqProf.dll' (GetLastError=126)
LogWindows: File 'aqProf.dll' does not exist
LogWindows: Failed to load 'VtuneApi.dll' (GetLastError=126)
LogWindows: File 'VtuneApi.dll' does not exist
LogWindows: Failed to load 'VtuneApi32e.dll' (GetLastError=126)
LogWindows: File 'VtuneApi32e.dll' does not exist
LogInit: Display: Running engine for game: Adventure
LogPlatformFile: Not using cached read wrapper
LogInit: Display: RandInit(-521391744) SRandInit(-521391744).
LogInit: Read version file with build ID '3709383'
LogInit: Overriding engine version to CL 3832480, compatible CL 3709383
LogInit: Registered custom module enumerator with build ID '3709383'
LogTaskGraph: Started task graph with 5 named threads and 14 total threads with 3 sets of task threads.
LogStats: Stats thread started at 0.183183
LogD3D11RHI: Aftermath initialized
LogModuleManager: Display: Found up-to-date module file ../../../Engine/Plugins/2D/Paper2D/Binaries/Win64/UE4Editor-Paper2D.dll (API version 3709383).
LogModuleManager: Display: Found up-to-date module file ../../../Engine/Plugins/2D/Paper2D/Binaries/Win64/UE4Editor-Paper2DEditor.dll (API version 3709383).
LogModuleManager: Display: Found up-to-date module file ../../../Engine/Plugins/2D/Paper2D/Binaries/Win64/UE4Editor-PaperSpriteSheetImporter.dll (API version 3709383).
LogModuleManager: Display: Found up-to-date module file ../../../Engine/Plugins/2D/Paper2D/Binaries/Win64/UE4Editor-PaperTiledImporter.dll (API version 3709383).
LogModuleManager: Display: Found up-to-date module file ../../../Engine/Plugins/2D/Paper2D/Binaries/Win64/UE4Editor-SmartSnapping.dll (API version 3709383).
LogModuleManager: Display: Found up-to-date module file ../../../Engine/Plugins/Blendables/LightPropagationVolume/Binaries/Win64/UE4Editor-LightPropagationVolumeRuntime.dll (API version 3709383).
LogModuleManager: Display: Found up-to-date module file ../../../Engine/Plugins/Blendables/LightPropagationVolume/Binaries/Win64/UE4Editor-LightPropagationVolumeEditor.dll (API version 3709383).
LogModuleManager: Display: Found up-to-date module file ../../../Engine/Plugins/Developer/GitSourceControl/Binaries/Win64/UE4Editor-GitSourceControl.dll (API version 3709383).
LogModuleManager: Display: Found up-to-date module file ../../../Engine/Plugins/Developer/PerforceSourceControl/Binaries/Win64/UE4Editor-PerforceSourceControl.dll (API version 3709383).
LogModuleManager: Display: Found up-to-date module file ../../../Engine/Plugins/Developer/SubversionSourceControl/Binaries/Win64/UE4Editor-SubversionSourceControl.dll (API version 3709383).
LogModuleManager: Display: Found up-to-date module file ../../../Engine/Plugins/Developer/UObjectPlugin/Binaries/Win64/UE4Editor-UObjectPlugin.dll (API version 3709383).
LogModuleManager: Display: Found up-to-date module file ../../../Engine/Plugins/Developer/VisualStudioCodeSourceCodeAccess/Binaries/Win64/UE4Editor-VisualStudioCodeSourceCodeAccess.dll (API version 3709383).
LogModuleManager: Display: Found up-to-date module file ../../../Engine/Plugins/Developer/VisualStudioSourceCodeAccess/Binaries/Win64/UE4Editor-VisualStudioSourceCodeAccess.dll (API version 3709383).
LogModuleManager: Display: Found up-to-date module file ../../../Engine/Plugins/Editor/AssetManagerEditor/Binaries/Win64/UE4Editor-AssetManagerEditor.dll (API version 3709383).
LogModuleManager: Display: Found up-to-date module file ../../../Engine/Plugins/Editor/AudioCapture/Binaries/Win64/UE4Editor-AudioCapture.dll (API version 3709383).
LogModuleManager: Display: Found up-to-date module file ../../../Engine/Plugins/Editor/FacialAnimation/Binaries/Win64/UE4Editor-FacialAnimation.dll (API version 3709383).
LogModuleManager: Display: Found up-to-date module file ../../../Engine/Plugins/Editor/FacialAnimation/Binaries/Win64/UE4Editor-FacialAnimationEditor.dll (API version 3709383).
LogModuleManager: Display: Found up-to-date module file ../../../Engine/Plugins/Editor/GameplayTagsEditor/Binaries/Win64/UE4Editor-GameplayTagsEditor.dll (API version 3709383).
LogModuleManager: Display: Found up-to-date module file ../../../Engine/Plugins/Editor/MobileLauncherProfileWizard/Binaries/Win64/UE4Editor-MobileLauncherProfileWizard.dll (API version 3709383).
LogModuleManager: Display: Found up-to-date module file ../../../Engine/Plugins/Editor/PluginBrowser/Binaries/Win64/UE4Editor-PluginBrowser.dll (API version 3709383).
LogModuleManager: Display: Found up-to-date module file ../../../Engine/Plugins/Editor/SpeedTreeImporter/Binaries/Win64/UE4Editor-SpeedTreeImporter.dll (API version 3709383).
LogModuleManager: Display: Found up-to-date module file ../../../Engine/Plugins/Experimental/AlembicImporter/Binaries/Win64/UE4Editor-AlembicImporter.dll (API version 3709383).
LogModuleManager: Display: Found up-to-date module file ../../../Engine/Plugins/Experimental/AlembicImporter/Binaries/Win64/UE4Editor-AlembicLibrary.dll (API version 3709383).
LogModuleManager: Display: Found up-to-date module file ../../../Engine/Plugins/Experimental/CharacterAI/Binaries/Win64/UE4Editor-CharacterAI.dll (API version 3709383).
LogModuleManager: Display: Found up-to-date module file ../../../Engine/Plugins/Experimental/HTML5Networking/Binaries/Win64/UE4Editor-HTML5Networking.dll (API version 3709383).
LogModuleManager: Display: Found up-to-date module file ../../../Engine/Plugins/Media/AndroidMedia/Binaries/Win64/UE4Editor-AndroidMediaEditor.dll (API version 3709383).
LogModuleManager: Display: Found up-to-date module file ../../../Engine/Plugins/Media/AndroidMedia/Binaries/Win64/UE4Editor-AndroidMediaFactory.dll (API version 3709383).
LogModuleManager: Display: Found up-to-date module file ../../../Engine/Plugins/Media/AvfMedia/Binaries/Win64/UE4Editor-AvfMediaEditor.dll (API version 3709383).
LogModuleManager: Display: Found up-to-date module file ../../../Engine/Plugins/Media/AvfMedia/Binaries/Win64/UE4Editor-AvfMediaFactory.dll (API version 3709383).
LogModuleManager: Display: Found up-to-date module file ../../../Engine/Plugins/Media/AvfMedia/Binaries/Win64/UE4Editor-AvfMediaFactory.dll (API version 3709383).
LogModuleManager: Display: Found up-to-date module file ../../../Engine/Plugins/Media/ImgMedia/Binaries/Win64/UE4Editor-ImgMedia.dll (API version 3709383).
LogModuleManager: Display: Found up-to-date module file ../../../Engine/Plugins/Media/ImgMedia/Binaries/Win64/UE4Editor-ImgMediaEditor.dll (API version 3709383).
LogModuleManager: Display: Found up-to-date module file ../../../Engine/Plugins/Media/ImgMedia/Binaries/Win64/UE4Editor-ImgMediaFactory.dll (API version 3709383).
LogModuleManager: Display: Found up-to-date module file ../../../Engine/Plugins/Media/ImgMedia/Binaries/Win64/UE4Editor-ImgMediaFactory.dll (API version 3709383).
LogModuleManager: Display: Found up-to-date module file ../../../Engine/Plugins/Media/ImgMedia/Binaries/Win64/UE4Editor-OpenExrWrapper.dll (API version 3709383).
LogModuleManager: Display: Found up-to-date module file ../../../Engine/Plugins/Media/MediaCompositing/Binaries/Win64/UE4Editor-MediaCompositing.dll (API version 3709383).
LogModuleManager: Display: Found up-to-date module file ../../../Engine/Plugins/Media/MediaCompositing/Binaries/Win64/UE4Editor-MediaCompositingEditor.dll (API version 3709383).
LogModuleManager: Display: Found up-to-date module file ../../../Engine/Plugins/Media/MediaPlayerEditor/Binaries/Win64/UE4Editor-MediaPlayerEditor.dll (API version 3709383).
LogModuleManager: Display: Found up-to-date module file ../../../Engine/Plugins/Media/WmfMedia/Binaries/Win64/UE4Editor-WmfMedia.dll (API version 3709383).
LogModuleManager: Display: Found up-to-date module file ../../../Engine/Plugins/Media/WmfMedia/Binaries/Win64/UE4Editor-WmfMediaEditor.dll (API version 3709383).
LogModuleManager: Display: Found up-to-date module file ../../../Engine/Plugins/Media/WmfMedia/Binaries/Win64/UE4Editor-WmfMediaFactory.dll (API version 3709383).
LogModuleManager: Display: Found up-to-date module file ../../../Engine/Plugins/Media/WmfMedia/Binaries/Win64/UE4Editor-WmfMediaFactory.dll (API version 3709383).
LogModuleManager: Display: Found up-to-date module file ../../../Engine/Plugins/Messaging/TcpMessaging/Binaries/Win64/UE4Editor-TcpMessaging.dll (API version 3709383).
LogModuleManager: Display: Found up-to-date module file ../../../Engine/Plugins/Messaging/UdpMessaging/Binaries/Win64/UE4Editor-UdpMessaging.dll (API version 3709383).
LogModuleManager: Display: Found up-to-date module file ../../../Engine/Plugins/MovieScene/ActorSequence/Binaries/Win64/UE4Editor-ActorSequence.dll (API version 3709383).
LogModuleManager: Display: Found up-to-date module file ../../../Engine/Plugins/MovieScene/LevelSequenceEditor/Binaries/Win64/UE4Editor-LevelSequenceEditor.dll (API version 3709383).
LogModuleManager: Display: Found up-to-date module file ../../../Engine/Plugins/MovieScene/MatineeToLevelSequence/Binaries/Win64/UE4Editor-MatineeToLevelSequence.dll (API version 3709383).
LogModuleManager: Display: Found up-to-date module file ../../../Engine/Plugins/Online/OnlineSubsystem/Binaries/Win64/UE4Editor-OnlineSubsystem.dll (API version 3709383).
LogModuleManager: Display: Found up-to-date module file ../../../Engine/Plugins/Runtime/AndroidPermission/Binaries/Win64/UE4Editor-AndroidPermission.dll (API version 3709383).
LogModuleManager: Display: Found up-to-date module file ../../../Engine/Plugins/Online/OnlineSubsystemNull/Binaries/Win64/UE4Editor-OnlineSubsystemNull.dll (API version 3709383).
LogModuleManager: Display: Found up-to-date module file ../../../Engine/Plugins/Online/OnlineSubsystemUtils/Binaries/Win64/UE4Editor-OnlineSubsystemUtils.dll (API version 3709383).
LogModuleManager: Display: Found up-to-date module file ../../../Engine/Plugins/Online/OnlineSubsystemUtils/Binaries/Win64/UE4Editor-OnlineBlueprintSupport.dll (API version 3709383).
LogModuleManager: Display: Found up-to-date module file ../../../Engine/Plugins/Runtime/AndroidDeviceProfileSelector/Binaries/Win64/UE4Editor-AndroidDeviceProfileSelector.dll (API version 3709383).
LogModuleManager: Display: Found up-to-date module file ../../../Engine/Plugins/Runtime/AppleARKit/Binaries/Win64/UE4Editor-AppleARKit.dll (API version 3709383).
LogModuleManager: Display: Found up-to-date module file ../../../Engine/Plugins/Runtime/ArchVisCharacter/Binaries/Win64/UE4Editor-ArchVisCharacter.dll (API version 3709383).
LogModuleManager: Display: Found up-to-date module file ../../../Engine/Plugins/Runtime/CableComponent/Binaries/Win64/UE4Editor-CableComponent.dll (API version 3709383).
LogModuleManager: Display: Found up-to-date module file ../../../Engine/Plugins/Runtime/CustomMeshComponent/Binaries/Win64/UE4Editor-CustomMeshComponent.dll (API version 3709383).
LogModuleManager: Display: Found up-to-date module file ../../../Engine/Plugins/Runtime/ExampleDeviceProfileSelector/Binaries/Win64/UE4Editor-ExampleDeviceProfileSelector.dll (API version 3709383).
LogModuleManager: Display: Found up-to-date module file ../../../Engine/Plugins/Runtime/ImmediatePhysics/Binaries/Win64/UE4Editor-ImmediatePhysics.dll (API version 3709383).
LogModuleManager: Display: Found up-to-date module file ../../../Engine/Plugins/Runtime/ImmediatePhysics/Binaries/Win64/UE4Editor-ImmediatePhysicsEditor.dll (API version 3709383).
LogModuleManager: Display: Found up-to-date module file ../../../Engine/Plugins/Runtime/LocationServicesBPLibrary/Binaries/Win64/UE4Editor-LocationServicesBPLibrary.dll (API version 3709383).
LogModuleManager: Display: Found up-to-date module file ../../../Engine/Plugins/Runtime/MobilePatchingUtils/Binaries/Win64/UE4Editor-MobilePatchingUtils.dll (API version 3709383).
LogModuleManager: Display: Found up-to-date module file ../../../Engine/Plugins/Runtime/Oculus/OculusVR/Binaries/Win64/UE4Editor-OculusHMD.dll (API version 3709383).
LogModuleManager: Display: Found up-to-date module file ../../../Engine/Plugins/Runtime/Oculus/OculusVR/Binaries/Win64/UE4Editor-OculusInput.dll (API version 3709383).
LogModuleManager: Display: Found up-to-date module file ../../../Engine/Plugins/Runtime/Oculus/OculusVR/Binaries/Win64/UE4Editor-OculusEditor.dll (API version 3709383).
LogModuleManager: Display: Found up-to-date module file ../../../Engine/Plugins/Runtime/PhysXVehicles/Binaries/Win64/UE4Editor-PhysXVehicles.dll (API version 3709383).
LogModuleManager: Display: Found up-to-date module file ../../../Engine/Plugins/Runtime/PhysXVehicles/Binaries/Win64/UE4Editor-PhysXVehiclesEditor.dll (API version 3709383).
LogModuleManager: Display: Found up-to-date module file ../../../Engine/Plugins/Runtime/ProceduralMeshComponent/Binaries/Win64/UE4Editor-ProceduralMeshComponent.dll (API version 3709383).
LogModuleManager: Display: Found up-to-date module file ../../../Engine/Plugins/Runtime/ProceduralMeshComponent/Binaries/Win64/UE4Editor-ProceduralMeshComponentEditor.dll (API version 3709383).
LogModuleManager: Display: Found up-to-date module file ../../../Engine/Plugins/Runtime/RuntimePhysXCooking/Binaries/Win64/UE4Editor-RuntimePhysXCooking.dll (API version 3709383).
LogModuleManager: Display: Found up-to-date module file ../../../Engine/Plugins/Runtime/Steam/SteamVR/Binaries/Win64/UE4Editor-SteamVR.dll (API version 3709383).
LogModuleManager: Display: Found up-to-date module file ../../../Engine/Plugins/Runtime/Steam/SteamVR/Binaries/Win64/UE4Editor-SteamVRController.dll (API version 3709383).
LogModuleManager: Display: Found up-to-date module file ../../../Engine/Plugins/Runtime/WindowsMoviePlayer/Binaries/Win64/UE4Editor-WindowsMoviePlayer.dll (API version 3709383).
LogPluginManager: Mounting plugin Paper2D
LogPluginManager: Mounting plugin LightPropagationVolume
LogPluginManager: Mounting plugin CodeLiteSourceCodeAccess
LogPluginManager: Mounting plugin GitSourceControl
LogPluginManager: Mounting plugin KDevelopSourceCodeAccess
LogPluginManager: Mounting plugin NullSourceCodeAccess
LogPluginManager: Mounting plugin PerforceSourceControl
LogPluginManager: Mounting plugin SubversionSourceControl
LogPluginManager: Mounting plugin UObjectPlugin
LogPluginManager: Mounting plugin VisualStudioCodeSourceCodeAccess
LogPluginManager: Mounting plugin VisualStudioSourceCodeAccess
LogPluginManager: Mounting plugin XCodeSourceCodeAccess
LogPluginManager: Mounting plugin AssetManagerEditor
LogPluginManager: Mounting plugin AudioCapture
LogPluginManager: Mounting plugin FacialAnimation
LogPluginManager: Mounting plugin GameplayTagsEditor
LogPluginManager: Mounting plugin MobileLauncherProfileWizard
LogPluginManager: Mounting plugin PluginBrowser
LogPluginManager: Mounting plugin SpeedTreeImporter
LogPluginManager: Mounting plugin AlembicImporter
LogPluginManager: Mounting plugin CharacterAI
LogPluginManager: Mounting plugin HTML5Networking
LogPluginManager: Mounting plugin AndroidMedia
LogPluginManager: Mounting plugin AvfMedia
LogPluginManager: Mounting plugin ImgMedia
LogPluginManager: Mounting plugin MediaCompositing
LogPluginManager: Mounting plugin MediaPlayerEditor
LogPluginManager: Mounting plugin WmfMedia
LogPluginManager: Mounting plugin TcpMessaging
LogPluginManager: Mounting plugin UdpMessaging
LogPluginManager: Mounting plugin ActorSequence
LogPluginManager: Mounting plugin LevelSequenceEditor
LogPluginManager: Mounting plugin MatineeToLevelSequence
LogPluginManager: Mounting plugin OnlineSubsystemGooglePlay
LogPluginManager: Mounting plugin OnlineSubsystemIOS
LogPluginManager: Mounting plugin OnlineSubsystem
LogPluginManager: Mounting plugin OnlineSubsystemNull
LogPluginManager: Mounting plugin OnlineSubsystemUtils
LogPluginManager: Mounting plugin AndroidDeviceProfileSelector
LogPluginManager: Mounting plugin AndroidMoviePlayer
LogPluginManager: Mounting plugin AndroidPermission
LogPluginManager: Mounting plugin AppleARKit
LogPluginManager: Mounting plugin AppleMoviePlayer
LogPluginManager: Mounting plugin ArchVisCharacter
LogPluginManager: Mounting plugin CableComponent
LogPluginManager: Mounting plugin CustomMeshComponent
LogPluginManager: Mounting plugin ExampleDeviceProfileSelector
LogPluginManager: Mounting plugin GoogleCloudMessaging
LogPluginManager: Mounting plugin ImmediatePhysics
LogPluginManager: Mounting plugin IOSDeviceProfileSelector
LogPluginManager: Mounting plugin LinuxDeviceProfileSelector
LogPluginManager: Mounting plugin LocationServicesBPLibrary
LogPluginManager: Mounting plugin MobilePatchingUtils
LogPluginManager: Mounting plugin OculusVR
LogPluginManager: Plugin shader directory ../../../Engine/Plugins/Runtime/Oculus/OculusVR/Shaders found
LogPluginManager: Mapping shader source directory ../../../Engine/Plugins/Runtime/Oculus/OculusVR/Shaders to virtual directory /Plugin/OculusVR
LogPluginManager: Mounting plugin PhysXVehicles
LogPluginManager: Mounting plugin ProceduralMeshComponent
LogPluginManager: Mounting plugin RuntimePhysXCooking
LogPluginManager: Mounting plugin SteamVR
LogPluginManager: Mounting plugin WindowsMoviePlayer
LogInit: Using libcurl 7.47.1
LogInit:  - built for x86_64-pc-win32
LogInit:  - supports SSL with OpenSSL/1.0.2g
LogInit:  - supports HTTP deflate (compression) using libz 1.2.8
LogInit:  - other features:
LogInit:      CURL_VERSION_SSL
LogInit:      CURL_VERSION_LIBZ
LogInit:      CURL_VERSION_IPV6
LogInit:      CURL_VERSION_ASYNCHDNS
LogInit:      CURL_VERSION_LARGEFILE
LogInit:      CURL_VERSION_IDN
LogInit:  CurlRequestOptions (configurable via config and command line):
LogInit:  - bVerifyPeer = false  - Libcurl will NOT verify peer certificate
LogInit:  - bUseHttpProxy = false  - Libcurl will NOT use HTTP proxy
LogInit:  - bDontReuseConnections = false  - Libcurl will reuse connections
LogInit:  - CertBundlePath = nullptr  - Libcurl will use whatever was configured at build time.
LogInit: Build: ++UE4+Release-4.18-CL-3832480
LogInit: Engine Version: 4.18.3-3832480+++UE4+Release-4.18
LogInit: Compatible Engine Version: 4.18.0-3709383+++UE4+Release-4.18
LogInit: Net CL: 3709383
LogDevObjectVersion: Number of dev versions registered: 16
LogDevObjectVersion:   Dev-Blueprints (B0D832E4-1F89-4F0D-ACCF-7EB736FD4AA2): 10
LogDevObjectVersion:   Dev-Build (E1C64328-A22C-4D53-A36C-8E866417BD8C): 0
LogDevObjectVersion:   Dev-Core (375EC13C-06E4-48FB-B500-84F0262A717E): 2
LogDevObjectVersion:   Dev-Editor (E4B068ED-F494-42E9-A231-DA0B2E46BB41): 20
LogDevObjectVersion:   Dev-Framework (CFFC743F-43B0-4480-9391-14DF171D2073): 30
LogDevObjectVersion:   Dev-Mobile (B02B49B5-BB20-44E9-A304-32B752E40360): 0
LogDevObjectVersion:   Dev-Networking (A4E4105C-59A1-49B5-A7C5-40C4547EDFEE): 0
LogDevObjectVersion:   Dev-Online (39C831C9-5AE6-47DC-9A44-9C173E1C8E7C): 0
LogDevObjectVersion:   Dev-Physics (78F01B33-EBEA-4F98-B9B4-84EACCB95AA2): 0
LogDevObjectVersion:   Dev-Platform (6631380F-2D4D-43E0-8009-CF276956A95A): 0
LogDevObjectVersion:   Dev-Rendering (12F88B9F-8875-4AFC-A67C-D90C383ABD29): 20
LogDevObjectVersion:   Dev-Sequencer (7B5AE74C-D270-4C10-A958-57980B212A5A): 4
LogDevObjectVersion:   Dev-VR (D7296918-1DD6-4BDD-9DE2-64A83CC13884): 0
LogDevObjectVersion:   Dev-LoadTimes (C2A15278-BFE7-4AFE-6C17-90FF531DF755): 1
LogDevObjectVersion:   Private-Geometry (6EACA3D4-40EC-4CC1-B786-8BED09428FC5): 1
LogDevObjectVersion:   Dev-AnimPhys (29E575DD-E0A3-4627-9D10-D276232CDCEA): 12
LogInit: Compiled (64-bit): Jan 12 2018 02:04:55
LogInit: Compiled with Visual C++: 19.00.24215.01
LogInit: Build Configuration: Development
LogInit: Branch Name: ++UE4+Release-4.18
LogInit: Command line: -EpicPortal 
LogInit: Base directory: F:/Unreal 4.18/UE_4.18/Engine/Binaries/Win64/
LogInit: Installed Engine Build: 1
LogInit: Presizing for max 8388607 objects, including 0 objects not considered by GC, pre-allocating 0 bytes for permanent pool.
LogInit: Object subsystem initialized
[2018.06.09-11.08.56:030][  0]LogInit: Selected Device Profile: [Windows]
[2018.06.09-11.08.56:030][  0]LogInit: Applying CVar settings loaded from the selected device profile: [Windows]
[2018.06.09-11.08.56:069][  0]LogInit: Computer: MR_E-DATOR
[2018.06.09-11.08.56:069][  0]LogInit: User: MrE
[2018.06.09-11.08.56:069][  0]LogInit: CPU Page size=4096, Cores=4
[2018.06.09-11.08.56:069][  0]LogInit: High frequency timer resolution =3.233204 MHz
[2018.06.09-11.08.56:069][  0]LogMemory: Memory total: Physical=8.0GB (8GB approx)
[2018.06.09-11.08.56:069][  0]LogMemory: Platform Memory Stats for Windows
[2018.06.09-11.08.56:069][  0]LogMemory: Process Physical Memory: 277.22 MB used, 277.22 MB peak
[2018.06.09-11.08.56:069][  0]LogMemory: Process Virtual Memory: 273.74 MB used, 273.74 MB peak
[2018.06.09-11.08.56:069][  0]LogMemory: Physical Memory: 4229.46 MB used,  3929.68 MB free, 8159.14 MB total
[2018.06.09-11.08.56:069][  0]LogMemory: Virtual Memory: 681.39 MB used,  3929.68 MB free, 134217728.00 MB total
[2018.06.09-11.08.56:215][  0]LogInit: Using OS detected language (sv-SE).
[2018.06.09-11.08.56:215][  0]LogInit: Using OS detected locale (sv-SE).
[2018.06.09-11.08.56:219][  0]LogTextLocalizationManager: No localization for 'sv-SE' exists, so 'en' will be used for the language.
[2018.06.09-11.08.56:219][  0]LogTextLocalizationManager: No localization for 'sv-SE' exists, so 'en' will be used for the locale.
[2018.06.09-11.08.56:762][  0]LogInit: Setting process to per monitor DPI aware
[2018.06.09-11.08.57:114][  0]LogD3D11RHI: D3D11 adapters:
[2018.06.09-11.08.57:176][  0]LogD3D11RHI:    0. 'NVIDIA GeForce GTX 1070' (Feature Level 11_0)
[2018.06.09-11.08.57:176][  0]LogD3D11RHI:       8088/0/4079 MB DedicatedVideo/DedicatedSystem/SharedSystem, Outputs:2, VendorId:0x10de
[2018.06.09-11.08.57:178][  0]LogD3D11RHI:    1. 'Microsoft Basic Render Driver' (Feature Level 11_0)
[2018.06.09-11.08.57:178][  0]LogD3D11RHI:       0/0/4079 MB DedicatedVideo/DedicatedSystem/SharedSystem, Outputs:0, VendorId:0x1414
[2018.06.09-11.08.57:178][  0]LogD3D11RHI: Chosen D3D11 Adapter: 0
[2018.06.09-11.08.57:185][  0]LogD3D11RHI: Creating new Direct3DDevice
[2018.06.09-11.08.57:185][  0]LogD3D11RHI:     GPU DeviceId: 0x1b81 (for the marketing name, search the web for "GPU Device Id")
[2018.06.09-11.08.57:185][  0]LogWindows: EnumDisplayDevices:
[2018.06.09-11.08.57:185][  0]LogWindows:    0. 'NVIDIA GeForce GTX 1070' (P:1 D:1)
[2018.06.09-11.08.57:185][  0]LogWindows:    1. 'NVIDIA GeForce GTX 1070' (P:0 D:0)
[2018.06.09-11.08.57:185][  0]LogWindows:    2. 'NVIDIA GeForce GTX 1070' (P:0 D:1)
[2018.06.09-11.08.57:185][  0]LogWindows:    3. 'NVIDIA GeForce GTX 1070' (P:0 D:0)
[2018.06.09-11.08.57:186][  0]LogWindows: DebugString: GetVideoDriverDetailsInvalid PrimaryIsNotTheChoosenAdapter GetVideoDriverDetailsInvalid PrimaryIsNotTheChoosenAdapter GetVideoDriverDetailsInvalid PrimaryIsNotTheChoosenAdapter GetVideoDriverDetailsInvalid PrimaryIsNotTheChoosenAdapter FoundDriverCount:0 
[2018.06.09-11.08.57:186][  0]LogD3D11RHI:     Adapter Name: NVIDIA GeForce GTX 1070
[2018.06.09-11.08.57:186][  0]LogD3D11RHI:   Driver Version: Unknown (internal:Unknown, unified:Unknown)
[2018.06.09-11.08.57:186][  0]LogD3D11RHI:      Driver Date: Unknown
[2018.06.09-11.08.57:186][  0]LogRHI: Texture pool is 5661 MB (70% of 8088 MB)
[2018.06.09-11.08.57:229][  0]LogD3D11RHI: Async texture creation enabled
[2018.06.09-11.08.57:248][  0]LogD3D11RHI: GPU Timing Frequency: 1000.000000 (Debug: 2 2)
[2018.06.09-11.08.57:297][  0]LogShaderCompilers: Guid format shader working directory is -44 characters bigger than the processId version (../../../../../Projects/AdventureP/Adventure-UE4-Project-3/AdventureUE4Project/Adventure/Intermediate/Shaders/WorkingDirectory/11704/).
[2018.06.09-11.08.57:297][  0]LogShaderCompilers: Cleaned the shader compiler working directory 'C:/Users/Mr_E/AppData/Local/Temp/UnrealShaderWorkingDir/24EE05F84A11721DE20B79849D4904F1/'.
[2018.06.09-11.08.57:297][  0]LogShaderCompilers: Display: Using Local Shader Compiler.
[2018.06.09-11.08.58:382][  0]LogTemp: Display: Loaded TP AllDesktopTargetPlatform
[2018.06.09-11.08.58:441][  0]LogTemp: Display: Loaded TP MacClientTargetPlatform
[2018.06.09-11.08.58:496][  0]LogTemp: Display: Loaded TP MacNoEditorTargetPlatform
[2018.06.09-11.08.58:547][  0]LogTemp: Display: Loaded TP MacServerTargetPlatform
[2018.06.09-11.08.58:605][  0]LogTemp: Display: Loaded TP MacTargetPlatform
[2018.06.09-11.08.58:658][  0]LogTemp: Display: Loaded TP WindowsClientTargetPlatform
[2018.06.09-11.08.58:712][  0]LogTemp: Display: Loaded TP WindowsNoEditorTargetPlatform
[2018.06.09-11.08.58:768][  0]LogTemp: Display: Loaded TP WindowsServerTargetPlatform
[2018.06.09-11.08.58:816][  0]LogTemp: Display: Loaded TP WindowsTargetPlatform
[2018.06.09-11.08.58:870][  0]LogTemp: Display: Loaded TP Android_ASTCTargetPlatform
[2018.06.09-11.08.58:920][  0]LogTemp: Display: Loaded TP Android_ATCTargetPlatform
[2018.06.09-11.08.58:974][  0]LogTemp: Display: Loaded TP Android_DXTTargetPlatform
[2018.06.09-11.08.59:024][  0]LogTemp: Display: Loaded TP Android_ETC1TargetPlatform
[2018.06.09-11.08.59:080][  0]LogTemp: Display: Loaded TP Android_ETC2TargetPlatform
[2018.06.09-11.08.59:184][  0]LogTemp: Display: Loaded TP Android_MultiTargetPlatform
[2018.06.09-11.08.59:185][  0]LogTemp: Display: Loaded TP Android_PVRTCTargetPlatform
[2018.06.09-11.08.59:235][  0]LogTemp: Display: Loaded TP AndroidTargetPlatform
[2018.06.09-11.08.59:279][  0]LogTemp: Display: Loaded TP HTML5TargetPlatform
[2018.06.09-11.08.59:371][  0]LogTemp: Display: Loaded TP IOSTargetPlatform
[2018.06.09-11.08.59:403][  0]LogTemp: Display: Loaded TP TVOSTargetPlatform
[2018.06.09-11.08.59:452][  0]LogTemp: Display: Loaded TP LinuxClientTargetPlatform
[2018.06.09-11.08.59:504][  0]LogTemp: Display: Loaded TP LinuxNoEditorTargetPlatform
[2018.06.09-11.08.59:555][  0]LogTemp: Display: Loaded TP LinuxServerTargetPlatform
[2018.06.09-11.08.59:610][  0]LogTemp: Display: Loaded TP LinuxTargetPlatform
[2018.06.09-11.08.59:610][  0]LogTargetPlatformManager: Display: Building Assets For Windows
[2018.06.09-11.09.00:072][  0]LogDerivedDataCache: Display: Max Cache Size: 512 MB
[2018.06.09-11.09.00:170][  0]LogDerivedDataCache: Loaded boot cache 0.10s 79MB C:/Users/Mr_E/AppData/Local/UnrealEngine/4.18/DerivedDataCache/Boot.ddc.
[2018.06.09-11.09.00:170][  0]LogDerivedDataCache: Display: Loaded Boot cache: C:/Users/Mr_E/AppData/Local/UnrealEngine/4.18/DerivedDataCache/Boot.ddc
[2018.06.09-11.09.00:170][  0]LogDerivedDataCache: FDerivedDataBackendGraph:  Pak pak cache file ../../../../../Projects/AdventureP/Adventure-UE4-Project-3/AdventureUE4Project/Adventure/DerivedDataCache/DDC.ddp not found, will not use a pak cache.
[2018.06.09-11.09.00:170][  0]LogDerivedDataCache: Unable to find inner node Pak for hierarchical cache Hierarchy.
[2018.06.09-11.09.00:170][  0]LogDerivedDataCache: FDerivedDataBackendGraph:  CompressedPak pak cache file ../../../../../Projects/AdventureP/Adventure-UE4-Project-3/AdventureUE4Project/Adventure/DerivedDataCache/Compressed.ddp not found, will not use a pak cache.
[2018.06.09-11.09.00:170][  0]LogDerivedDataCache: Unable to find inner node CompressedPak for hierarchical cache Hierarchy.
[2018.06.09-11.09.00:189][  0]LogDerivedDataCache: Display: Pak cache opened for reading ../../../Engine/DerivedDataCache/Compressed.ddp.
[2018.06.09-11.09.00:201][  0]LogDerivedDataCache: Using Local data cache path C:/Users/Mr_E/AppData/Local/UnrealEngine/Common/DerivedDataCache: Writable
[2018.06.09-11.09.00:214][  0]LogMaterial: Verifying Global Shaders for PCD3D_SM5
[2018.06.09-11.09.00:215][  0]LogSlate: Using Freetype 2.6.0
[2018.06.09-11.09.00:215][  0]LogSlate: SlateFontCache - WITH_FREETYPE: 1, WITH_HARFBUZZ: 1
[2018.06.09-11.09.00:215][  0]LogSlate: SlateFontCache - WITH_FREETYPE: 1, WITH_HARFBUZZ: 1
[2018.06.09-11.09.00:713][  0]LogInit: Selected Device Profile: [Windows]
[2018.06.09-11.09.01:075][  0]LogSimplygon: Simplygon DLL not present - disabling.
[2018.06.09-11.09.01:112][  0]LogMeshReduction: Using SimplygonSwarm for distributed automatic mesh merging
[2018.06.09-11.09.01:112][  0]LogMeshReduction: Using QuadricMeshReduction for automatic static mesh reduction
[2018.06.09-11.09.01:112][  0]LogMeshReduction: No automatic skeletal mesh reduction module available
[2018.06.09-11.09.01:112][  0]LogMeshReduction: No automatic mesh merging module available
[2018.06.09-11.09.01:112][  0]LogMeshMerging: No automatic mesh merging module available
[2018.06.09-11.09.01:159][  0]LogNetVersion: Adventure , NetCL: 3709383, EngineNetVer: 2, GameNetVer: 0 (Checksum: 1750621016)
[2018.06.09-11.09.01:347][  0]LogAssetRegistry: FAssetRegistry took 0.0276 seconds to start up
[2018.06.09-11.09.01:942][  0]LogPackageLocalizationCache: Processed 7 localized package path(s) for 1 prioritized culture(s) in 0.059569 seconds
[2018.06.09-11.09.01:948][  0]LogUObjectArray: 35870 objects as part of root set at end of initial load.
[2018.06.09-11.09.01:948][  0]LogUObjectAllocator: 7363696 out of 0 bytes used by permanent object pool.
[2018.06.09-11.09.01:948][  0]LogUObjectArray: CloseDisregardForGC: 0/0 objects in disregard for GC pool
[2018.06.09-11.09.01:996][  0]LogInit: WinSock: version 1.1 (2.2), MaxSocks=32767, MaxUdp=65467
[2018.06.09-11.09.04:928][  0]LogTcpMessaging: Initializing TcpMessaging bridge
[2018.06.09-11.09.04:967][  0]LogUdpMessaging: Initializing bridge on interface 0.0.0.0:0 to multicast group 230.0.0.1:6666.
[2018.06.09-11.09.05:622][  0]LogMaterial: Uniform references updated for custom material expression Custom.
[2018.06.09-11.09.06:048][  0]SourceControl: Source control is disabled
[2018.06.09-11.09.06:954][  0]LogAndroidPermission: UAndroidPermissionCallbackProxy::GetInstance
[2018.06.09-11.09.07:216][  0]LogOcInput: OculusInput pre-init called
[2018.06.09-11.09.07:505][  0]LogEngine: Initializing Engine...
[2018.06.09-11.09.07:510][  0]LogHMD: Failed to initialize OpenVR with code 105
[2018.06.09-11.09.07:763][  0]LogStats: UGameplayTagsManager::ConstructGameplayTagTree: Construct from data asset -  0.000 s
[2018.06.09-11.09.07:763][  0]LogStats: UGameplayTagsManager::ConstructGameplayTagTree: GameplayTagTreeChangedEvent.Broadcast -  0.000 s
[2018.06.09-11.09.07:887][  0]LogAIModule: Creating AISystem for world Untitled
[2018.06.09-11.09.07:929][  0]LogInit: XAudio2 using 'Högtalare (Realtek High Definition Audio)' : 2 channels at 48 kHz using 32 bits per sample (channel mask 0x3)
[2018.06.09-11.09.07:948][  0]LogInit: FAudioDevice initialized.
[2018.06.09-11.09.08:060][  0]LogDerivedDataCache: Saved boot cache 0.11s 79MB C:/Users/Mr_E/AppData/Local/UnrealEngine/4.18/DerivedDataCache/Boot.ddc.
[2018.06.09-11.09.08:075][  0]LogInit: Texture streaming: Enabled
[2018.06.09-11.09.08:166][  0]LogEngineSessionManager: EngineSessionManager initialized
[2018.06.09-11.09.08:297][  0]LogInit: Transaction tracking system initialized
[2018.06.09-11.09.08:600][  0]BlueprintLog: New page: Editor Load
[2018.06.09-11.09.09:451][  0]LocalizationService: Localization service is disabled
[2018.06.09-11.09.09:986][  0]LogLinker: Warning: Can't find file '/Game/VehicleBP/VehicleOverview'
[2018.06.09-11.09.09:987][  0]LogLinker: Warning: Can't find file '/Game/VehicleBP/VehicleOverview'
[2018.06.09-11.09.09:987][  0]LogUObjectGlobals: Warning: Failed to find object 'Class /Game/VehicleBP/VehicleOverview.VehicleOverview_C'
[2018.06.09-11.09.10:199][  0]LogConsoleResponse: Display: 
[2018.06.09-11.09.10:414][  0]LogCook: Display: Max memory allowance for cook 16384mb min free memory 0mb
[2018.06.09-11.09.10:414][  0]LogCook: Display: Mobile HDR setting 1
[2018.06.09-11.09.10:414][  0]LogGameplayTags: Display: UGameplayTagsManager::DoneAddingNativeTags. DelegateIsBound: 0
[2018.06.09-11.09.10:641][  0]LogFileCache: Scanning file cache for directory 'F:/Projects/AdventureP/Adventure-UE4-Project-3/AdventureUE4Project/Adventure/Content/' took 0.14s
[2018.06.09-11.09.11:824][  0]Cmd: MAP LOAD FILE="../../../../../Projects/AdventureP/Adventure-UE4-Project-3/AdventureUE4Project/Adventure/Content/Scenes/roadSideScene.umap" TEMPLATE=0 SHOWPROGRESS=1 FEATURELEVEL=3
[2018.06.09-11.09.11:824][  0]LightingResults: New page: Lighting Build
[2018.06.09-11.09.11:869][  0]MapCheck: New page: Map Check
[2018.06.09-11.09.11:869][  0]LightingResults: New page: Lighting Build
[2018.06.09-11.09.17:973][  0]LogAIModule: Creating AISystem for world roadSideScene
[2018.06.09-11.09.19:730][  0]LogEditorServer: Finished looking for orphan Actors (0.000 secs)
[2018.06.09-11.09.19:755][  0]Cmd: MAP CHECKDEP NOCLEARLOG
[2018.06.09-11.09.19:843][  0]MapCheck: Map check complete: 0 Error(s), 0 Warning(s), took 87.32ms to complete.
[2018.06.09-11.09.19:843][  0]LogFileHelpers: Loading map 'roadSideScene' took 8.019
[2018.06.09-11.09.19:944][  0]LogWindowsTextInputMethodSystem: Display: IME system now deactivated.
[2018.06.09-11.09.20:159][  0]LogCollectionManager: Loaded 0 collections in 0.001110 seconds
[2018.06.09-11.09.20:255][  0]LogFileCache: Scanning file cache for directory 'F:/Projects/AdventureP/Adventure-UE4-Project-3/AdventureUE4Project/Adventure/Saved/Collections/' took 0.01s
[2018.06.09-11.09.20:255][  0]LogFileCache: Scanning file cache for directory 'F:/Projects/AdventureP/Adventure-UE4-Project-3/AdventureUE4Project/Adventure/Content/Developers/MrE/Collections/' took 0.01s
[2018.06.09-11.09.20:255][  0]LogFileCache: Scanning file cache for directory 'F:/Projects/AdventureP/Adventure-UE4-Project-3/AdventureUE4Project/Adventure/Content/Collections/' took 0.01s
[2018.06.09-11.09.20:255][  0]LogCollectionManager: Rebuilt the GUID cache for 0 collections in 0.000001 seconds
[2018.06.09-11.09.20:266][  0]LogContentBrowser: Native class hierarchy populated in 0.0106 seconds. Added 2363 classes and 519 folders.
[2018.06.09-11.09.20:334][  0]LogContentBrowser: Native class hierarchy updated for 'WidgetCarousel' in 0.0002 seconds. Added 0 classes and 0 folders.
[2018.06.09-11.09.21:091][  0]LogContentBrowser: Native class hierarchy updated for 'AddContentDialog' in 0.0003 seconds. Added 0 classes and 0 folders.
[2018.06.09-11.09.21:132][  0]LogContentBrowser: Native class hierarchy updated for 'SceneOutliner' in 0.0003 seconds. Added 1 classes and 2 folders.
[2018.06.09-11.09.21:424][  0]LogSlate: Took 0.000229 seconds to synchronously load lazily loaded font '../../../Engine/Content/Slate/Fonts/Roboto-Regular.ttf' (155K)
[2018.06.09-11.09.21:426][  0]LogSlate: Took 0.000247 seconds to synchronously load lazily loaded font '../../../Engine/Content/Slate/Fonts/Roboto-Bold.ttf' (160K)
[2018.06.09-11.09.21:446][  0]LogSlate: Took 0.014330 seconds to synchronously load lazily loaded font '../../../Engine/Content/Editor/Slate/Fonts/FontAwesome.ttf' (139K)
[2018.06.09-11.09.21:639][  0]LogRenderer: Reallocating scene render targets to support 1004x676 Format 9 NumSamples 1 (Frame:1).
[2018.06.09-11.09.21:884][  0]LogContentBrowser: Native class hierarchy updated for 'HierarchicalLODOutliner' in 0.0003 seconds. Added 1 classes and 2 folders.
[2018.06.09-11.09.21:884][  0]LogLoad: (Engine Initialization) Total time: 28.71 seconds
[2018.06.09-11.09.21:884][  0]LogLoad: (Engine Initialization) Total Blueprint compile time: 0.00 seconds
[2018.06.09-11.09.21:885][  0]LogExternalProfiler: Found external profiler: VSPerf
[2018.06.09-11.09.21:885][  0]LogExternalProfiler: Using external profiler: VSPerf
[2018.06.09-11.09.21:933][  0]LogContentStreaming: Texture pool size now 800 MB
[2018.06.09-11.09.22:035][  0]LogSlate: Took 0.021127 seconds to synchronously load lazily loaded font '../../../Engine/Content/Slate/Fonts/Roboto-Light.ttf' (159K)
[2018.06.09-11.09.22:133][  2]LogAssetRegistry: Asset discovery search completed in 20.8084 seconds
[2018.06.09-11.09.22:137][  2]LogCollectionManager: Rebuilt the object cache for 0 collections in 0.000000 seconds (found 0 objects)
[2018.06.09-11.09.22:137][  2]LogCollectionManager: Fixed up redirectors for 0 collections in 0.000088 seconds (updated 0 objects)
[2018.06.09-11.09.23:251][ 60]LogSlate: Took 0.000226 seconds to synchronously load lazily loaded font '../../../Engine/Content/Slate/Fonts/Roboto-Light.ttf' (159K)
[2018.06.09-11.09.27:235][ 72]LogFileCache: Retrieving MD5 hashes for directory 'F:/Projects/AdventureP/Adventure-UE4-Project-3/AdventureUE4Project/Adventure/Content/' took 5.33s
[2018.06.09-11.12.17:129][449]LogStaticMesh: Allocated 512x205x64 distance field atlas = 12.8Mb, with 76 objects containing 7.7Mb backing data
[2018.06.09-11.12.23:375][ 60]LogTemp: Repeating last play command: Selected Viewport
[2018.06.09-11.12.23:639][ 60]LogBlueprintUserMessages: Early PlayInEditor Detection: Level '/Game/Scenes/roadSideScene.roadSideScene:PersistentLevel' has LevelScriptBlueprint '/Game/Scenes/roadSideScene.roadSideScene:PersistentLevel.roadSideScene' with GeneratedClass '/Game/Scenes/roadSideScene.roadSideScene_C' with ClassGeneratedBy '/Game/Scenes/roadSideScene.roadSideScene:PersistentLevel.roadSideScene'
[2018.06.09-11.12.23:639][ 60]LogPlayLevel: PlayLevel: No blueprints needed recompiling
[2018.06.09-11.12.23:654][ 60]PIE: New page: PIE session: roadSideScene (Jun 9, 2018, 3:12:23 PM)
[2018.06.09-11.12.23:654][ 60]LogPlayLevel: Creating play world package: /Game/Scenes/UEDPIE_0_roadSideScene
[2018.06.09-11.12.23:810][ 60]LogPlayLevel: PIE: StaticDuplicateObject took: (0.155714s)
[2018.06.09-11.12.23:811][ 60]LogAIModule: Creating AISystem for world roadSideScene
[2018.06.09-11.12.23:811][ 60]LogPlayLevel: PIE: World Init took: (0.001250s)
[2018.06.09-11.12.23:811][ 60]LogPlayLevel: PIE: Created PIE world by copying editor world from /Game/Scenes/roadSideScene.roadSideScene to /Game/Scenes/UEDPIE_0_roadSideScene.roadSideScene (0.157521s)
[2018.06.09-11.12.23:862][ 60]LogInit: XAudio2 using 'Högtalare (Realtek High Definition Audio)' : 2 channels at 48 kHz using 32 bits per sample (channel mask 0x3)
[2018.06.09-11.12.23:874][ 60]LogInit: FAudioDevice initialized.
[2018.06.09-11.12.23:920][ 60]LogLoad: Game class is 'NewGameMOde_C'
[2018.06.09-11.12.23:952][ 60]LogWorld: Bringing World /Game/Scenes/UEDPIE_0_roadSideScene.roadSideScene up for play (max tick rate 0) at 2018.06.09-13.12.23
[2018.06.09-11.12.23:998][ 60]LogWorld: Bringing up level for play took: 0.076233
[2018.06.09-11.12.24:071][ 60]LogContentBrowser: Native class hierarchy updated for 'MovieSceneCapture' in 0.0004 seconds. Added 11 classes and 0 folders.
[2018.06.09-11.12.24:073][ 60]PIE: Play in editor start time for /Game/Scenes/UEDPIE_0_roadSideScene -0.169
[2018.06.09-11.12.24:073][ 60]LogBlueprintUserMessages: Late PlayInEditor Detection: Level '/Game/Scenes/roadSideScene.roadSideScene:PersistentLevel' has LevelScriptBlueprint '/Game/Scenes/roadSideScene.roadSideScene:PersistentLevel.roadSideScene' with GeneratedClass '/Game/Scenes/roadSideScene.roadSideScene_C' with ClassGeneratedBy '/Game/Scenes/roadSideScene.roadSideScene:PersistentLevel.roadSideScene'
[2018.06.09-11.12.25:215][162]LogSkinnedMeshComp: Warning: GetSocketByName(middle_01_l): No SkeletalMesh for Component(CharacterMesh0) Actor(FirstPersonCharacter)
[2018.06.09-11.12.25:646][208]LogSkinnedMeshComp: Warning: GetSocketByName(middle_01_r): No SkeletalMesh for Component(CharacterMesh0) Actor(FirstPersonCharacter)
[2018.06.09-11.12.26:051][252]LogSkinnedMeshComp: Warning: GetSocketByName(middle_01_l): No SkeletalMesh for Component(CharacterMesh0) Actor(FirstPersonCharacter)
[2018.06.09-11.12.26:476][295]LogSkinnedMeshComp: Warning: GetSocketByName(middle_01_r): No SkeletalMesh for Component(CharacterMesh0) Actor(FirstPersonCharacter)
[2018.06.09-11.12.26:879][337]LogSkinnedMeshComp: Warning: GetSocketByName(middle_01_l): No SkeletalMesh for Component(CharacterMesh0) Actor(FirstPersonCharacter)
[2018.06.09-11.12.27:314][383]LogSkinnedMeshComp: Warning: GetSocketByName(middle_01_r): No SkeletalMesh for Component(CharacterMesh0) Actor(FirstPersonCharacter)
[2018.06.09-11.12.27:713][426]LogSkinnedMeshComp: Warning: GetSocketByName(middle_01_l): No SkeletalMesh for Component(CharacterMesh0) Actor(FirstPersonCharacter)
[2018.06.09-11.12.28:153][471]LogSkinnedMeshComp: Warning: GetSocketByName(middle_01_r): No SkeletalMesh for Component(CharacterMesh0) Actor(FirstPersonCharacter)
[2018.06.09-11.12.28:544][512]LogSkinnedMeshComp: Warning: GetSocketByName(middle_01_l): No SkeletalMesh for Component(CharacterMesh0) Actor(FirstPersonCharacter)
[2018.06.09-11.12.28:976][558]LogSkinnedMeshComp: Warning: GetSocketByName(middle_01_r): No SkeletalMesh for Component(CharacterMesh0) Actor(FirstPersonCharacter)
[2018.06.09-11.12.29:384][602]LogSkinnedMeshComp: Warning: GetSocketByName(middle_01_l): No SkeletalMesh for Component(CharacterMesh0) Actor(FirstPersonCharacter)
[2018.06.09-11.12.29:818][649]LogSkinnedMeshComp: Warning: GetSocketByName(middle_01_r): No SkeletalMesh for Component(CharacterMesh0) Actor(FirstPersonCharacter)
[2018.06.09-11.12.30:216][691]LogSkinnedMeshComp: Warning: GetSocketByName(middle_01_l): No SkeletalMesh for Component(CharacterMesh0) Actor(FirstPersonCharacter)
[2018.06.09-11.12.30:642][736]LogSkinnedMeshComp: Warning: GetSocketByName(middle_01_r): No SkeletalMesh for Component(CharacterMesh0) Actor(FirstPersonCharacter)
[2018.06.09-11.12.31:046][779]LogSkinnedMeshComp: Warning: GetSocketByName(middle_01_l): No SkeletalMesh for Component(CharacterMesh0) Actor(FirstPersonCharacter)
[2018.06.09-11.12.33:735][ 66]LogSkinnedMeshComp: Warning: GetSocketByName(middle_01_l): No SkeletalMesh for Component(CharacterMesh0) Actor(FirstPersonCharacter)
[2018.06.09-11.12.34:167][114]LogSkinnedMeshComp: Warning: GetSocketByName(middle_01_r): No SkeletalMesh for Component(CharacterMesh0) Actor(FirstPersonCharacter)
[2018.06.09-11.12.34:832][189]LogSkinnedMeshComp: Warning: GetSocketByName(middle_01_l): No SkeletalMesh for Component(CharacterMesh0) Actor(FirstPersonCharacter)
[2018.06.09-11.12.35:414][255]LogSkinnedMeshComp: Warning: GetSocketByName(middle_01_l): No SkeletalMesh for Component(CharacterMesh0) Actor(FirstPersonCharacter)
[2018.06.09-11.12.37:365][477]LogSkinnedMeshComp: Warning: GetSocketByName(middle_01_l): No SkeletalMesh for Component(CharacterMesh0) Actor(FirstPersonCharacter)
[2018.06.09-11.12.37:938][542]LogSkinnedMeshComp: Warning: GetSocketByName(middle_01_l): No SkeletalMesh for Component(CharacterMesh0) Actor(FirstPersonCharacter)
[2018.06.09-11.12.39:074][671]LogSkinnedMeshComp: Warning: GetSocketByName(middle_01_l): No SkeletalMesh for Component(CharacterMesh0) Actor(FirstPersonCharacter)
[2018.06.09-11.12.39:542][725]LogBlueprintUserMessages: Early EndPlayMap Detection: Level '/Game/Scenes/roadSideScene.roadSideScene:PersistentLevel' has LevelScriptBlueprint '/Game/Scenes/roadSideScene.roadSideScene:PersistentLevel.roadSideScene' with GeneratedClass '/Game/Scenes/roadSideScene.roadSideScene_C' with ClassGeneratedBy '/Game/Scenes/roadSideScene.roadSideScene:PersistentLevel.roadSideScene'
[2018.06.09-11.12.39:586][725]LogBlueprintUserMessages: Late EndPlayMap Detection: Level '/Game/Scenes/roadSideScene.roadSideScene:PersistentLevel' has LevelScriptBlueprint '/Game/Scenes/roadSideScene.roadSideScene:PersistentLevel.roadSideScene' with GeneratedClass '/Game/Scenes/roadSideScene.roadSideScene_C' with ClassGeneratedBy '/Game/Scenes/roadSideScene.roadSideScene:PersistentLevel.roadSideScene'
[2018.06.09-11.12.44:213][236]LogSlate: Took 0.000222 seconds to synchronously load lazily loaded font '../../../Engine/Content/Slate/Fonts/Roboto-Light.ttf' (159K)
[2018.06.09-11.12.44:276][236]LogContentBrowser: Native class hierarchy updated for 'MaterialEditor' in 0.0003 seconds. Added 1 classes and 0 folders.
[2018.06.09-11.12.44:294][236]LogMaterial: Missing cached shader map for material GroundMoss_01, compiling. 
[2018.06.09-11.12.44:893][236]LogMaterial: Missing cached shader map for material FMatExpressionPreview MaterialExpressionTextureSample_0, compiling. 
[2018.06.09-11.12.44:898][236]LogMaterial: Missing cached shader map for material FMatExpressionPreview MaterialExpressionTextureSample_3, compiling. 
[2018.06.09-11.12.44:903][236]LogMaterial: Missing cached shader map for material FMatExpressionPreview MaterialExpressionTextureSample_2, compiling. 
[2018.06.09-11.12.44:910][236]LogMaterial: Missing cached shader map for material FMatExpressionPreview MaterialExpressionTextureSample_1, compiling. 
[2018.06.09-11.12.44:918][236]LogMaterial: Missing cached shader map for material GroundMoss_01, compiling. 
[2018.06.09-11.12.44:961][236]LogMaterial: Missing cached shader map for material GroundMoss_01, compiling. 
[2018.06.09-11.12.45:016][236]LogMaterial: Missing cached shader map for material FMatExpressionPreview MaterialExpressionTextureSample_0, compiling. 
[2018.06.09-11.12.45:022][236]LogMaterial: Missing cached shader map for material FMatExpressionPreview MaterialExpressionTextureSample_3, compiling. 
[2018.06.09-11.12.45:028][236]LogMaterial: Missing cached shader map for material FMatExpressionPreview MaterialExpressionTextureSample_2, compiling. 
[2018.06.09-11.12.45:034][236]LogMaterial: Missing cached shader map for material FMatExpressionPreview MaterialExpressionTextureSample_1, compiling. 
[2018.06.09-11.12.45:076][236]LogSlate: Took 0.018249 seconds to synchronously load lazily loaded font '../../../Engine/Content/Editor/Slate/Fonts/Roboto-BoldCondensed.ttf' (158K)
[2018.06.09-11.12.45:364][237]LogStaticMesh: Allocated 512x226x64 distance field atlas = 14.1Mb, with 78 objects containing 7.9Mb backing data
[2018.06.09-11.12.54:409][718]MaterialEditorStats: Base pass shader: 57 instructions
[2018.06.09-11.12.54:409][718]MaterialEditorStats: Base pass shader with Volumetric Lightmap: 84 instructions
[2018.06.09-11.12.54:409][718]MaterialEditorStats: Vertex shader: 124 instructions
[2018.06.09-11.12.54:409][718]MaterialEditorStats: Texture samplers: 5/16
[2018.06.09-11.12.54:409][718]MaterialEditorStats: User interpolators: 2/4 Scalars (1/4 Vectors) (TexCoords: 2, Custom: 0)
[2018.06.09-11.13.31:396][535]LogMaterial: Missing cached shader map for material GroundMoss_01, compiling. 
[2018.06.09-11.13.31:396][535]LogMaterial: Warning: /Engine/Transient.GroundMoss_01 (no disk path found): Failed to compile Material for platform PCD3D_SM5, Default Material will be used in game.
[2018.06.09-11.13.31:396][535]LogMaterial: 	Material using the DeferredDecal domain need to use the BlendModel Translucent (this saves performance)
[2018.06.09-11.13.31:401][535]LogMaterial: Missing cached shader map for material GroundMoss_01, compiling. 
[2018.06.09-11.13.31:402][535]LogMaterial: Warning: /Engine/Transient.GroundMoss_01 (no disk path found): Failed to compile Material for platform PCD3D_SM5, Default Material will be used in game.
[2018.06.09-11.13.31:402][535]LogMaterial: 	Material using the DeferredDecal domain need to use the BlendModel Translucent (this saves performance)
[2018.06.09-11.13.31:432][535]LogMaterial: Missing cached shader map for material FMatExpressionPreview MaterialExpressionTextureSample_0, compiling. 
[2018.06.09-11.13.31:439][535]LogMaterial: Missing cached shader map for material FMatExpressionPreview MaterialExpressionTextureSample_3, compiling. 
[2018.06.09-11.13.31:444][535]LogMaterial: Missing cached shader map for material FMatExpressionPreview MaterialExpressionTextureSample_2, compiling. 
[2018.06.09-11.13.31:450][535]LogMaterial: Missing cached shader map for material FMatExpressionPreview MaterialExpressionTextureSample_1, compiling. 
[2018.06.09-11.13.31:457][535]MaterialEditorStats: Error: [SM5] Material using the DeferredDecal domain need to use the BlendModel Translucent (this saves performance)
[2018.06.09-11.13.56:778][344]LogMaterial: Missing cached shader map for material GroundMoss_01, compiling. 
[2018.06.09-11.13.56:779][344]LogMaterial: Warning: /Engine/Transient.GroundMoss_01 (no disk path found): Failed to compile Material for platform PCD3D_SM5, Default Material will be used in game.
[2018.06.09-11.13.56:779][344]LogMaterial: 	Material using the DeferredDecal domain need to use the BlendModel Translucent (this saves performance)
[2018.06.09-11.13.56:783][344]LogMaterial: Missing cached shader map for material GroundMoss_01, compiling. 
[2018.06.09-11.13.56:784][344]LogMaterial: Warning: /Engine/Transient.GroundMoss_01 (no disk path found): Failed to compile Material for platform PCD3D_SM5, Default Material will be used in game.
[2018.06.09-11.13.56:784][344]LogMaterial: 	Material using the DeferredDecal domain need to use the BlendModel Translucent (this saves performance)
[2018.06.09-11.13.56:813][344]LogMaterial: Missing cached shader map for material FMatExpressionPreview MaterialExpressionTextureSample_0, compiling. 
[2018.06.09-11.13.56:819][344]LogMaterial: Missing cached shader map for material FMatExpressionPreview MaterialExpressionTextureSample_3, compiling. 
[2018.06.09-11.13.56:826][344]LogMaterial: Missing cached shader map for material FMatExpressionPreview MaterialExpressionTextureSample_2, compiling. 
[2018.06.09-11.13.56:831][344]LogMaterial: Missing cached shader map for material FMatExpressionPreview MaterialExpressionTextureSample_1, compiling. 
[2018.06.09-11.14.56:103][ 90]LogMaterial: Missing cached shader map for material GroundMoss_01, compiling. 
[2018.06.09-11.14.56:104][ 90]LogMaterial: Warning: /Engine/Transient.GroundMoss_01 (no disk path found): Failed to compile Material for platform PCD3D_SM5, Default Material will be used in game.
[2018.06.09-11.14.56:104][ 90]LogMaterial: 	Material using the DeferredDecal domain need to use the BlendModel Translucent (this saves performance)
[2018.06.09-11.14.56:108][ 90]LogMaterial: Missing cached shader map for material GroundMoss_01, compiling. 
[2018.06.09-11.14.56:109][ 90]LogMaterial: Warning: /Engine/Transient.GroundMoss_01 (no disk path found): Failed to compile Material for platform PCD3D_SM5, Default Material will be used in game.
[2018.06.09-11.14.56:109][ 90]LogMaterial: 	Material using the DeferredDecal domain need to use the BlendModel Translucent (this saves performance)
[2018.06.09-11.14.56:138][ 90]LogMaterial: Missing cached shader map for material FMatExpressionPreview MaterialExpressionTextureSample_0, compiling. 
[2018.06.09-11.14.56:143][ 90]LogMaterial: Missing cached shader map for material FMatExpressionPreview MaterialExpressionTextureSample_3, compiling. 
[2018.06.09-11.14.56:149][ 90]LogMaterial: Missing cached shader map for material FMatExpressionPreview MaterialExpressionTextureSample_2, compiling. 
[2018.06.09-11.14.56:154][ 90]LogMaterial: Missing cached shader map for material FMatExpressionPreview MaterialExpressionTextureSample_1, compiling. 
[2018.06.09-11.15.55:912][676]LogMaterial: Missing cached shader map for material GroundMoss_01, compiling. 
[2018.06.09-11.15.55:912][676]LogMaterial: Warning: /Engine/Transient.GroundMoss_01 (no disk path found): Failed to compile Material for platform PCD3D_SM5, Default Material will be used in game.
[2018.06.09-11.15.55:912][676]LogMaterial: 	Material using the DeferredDecal domain need to use the BlendModel Translucent (this saves performance)
[2018.06.09-11.15.55:917][676]LogMaterial: Missing cached shader map for material GroundMoss_01, compiling. 
[2018.06.09-11.15.55:917][676]LogMaterial: Warning: /Engine/Transient.GroundMoss_01 (no disk path found): Failed to compile Material for platform PCD3D_SM5, Default Material will be used in game.
[2018.06.09-11.15.55:917][676]LogMaterial: 	Material using the DeferredDecal domain need to use the BlendModel Translucent (this saves performance)
[2018.06.09-11.15.55:948][676]LogMaterial: Missing cached shader map for material FMatExpressionPreview MaterialExpressionTextureSample_0, compiling. 
[2018.06.09-11.15.55:954][676]LogMaterial: Missing cached shader map for material FMatExpressionPreview MaterialExpressionTextureSample_3, compiling. 
[2018.06.09-11.15.55:960][676]LogMaterial: Missing cached shader map for material FMatExpressionPreview MaterialExpressionTextureSample_2, compiling. 
[2018.06.09-11.15.55:965][676]LogMaterial: Missing cached shader map for material FMatExpressionPreview MaterialExpressionTextureSample_1, compiling. 
[2018.06.09-11.16.19:492][265]LogEditorViewport: Clicking on Actor (LMB): StaticMeshActor (StoneMoss_21)
[2018.06.09-11.16.20:451][341]LogEditorViewport: Clicking on Actor (LMB): StaticMeshActor (StoneMoss_21)
[2018.06.09-11.16.21:625][450]LogEditorViewport: Clicking on Actor (LMB): DecalActor (DecalActor27)
[2018.06.09-11.17.14:051][542]LogEditorViewport: Clicking on Actor (LMB): DecalActor (DecalActor19)
[2018.06.09-11.17.15:719][692]LogMaterial: Missing cached shader map for material Decal_mat, compiling. 
[2018.06.09-11.17.15:926][692]LogMaterial: Missing cached shader map for material FMatExpressionPreview MaterialExpressionTextureSample_3, compiling. 
[2018.06.09-11.17.15:931][692]LogMaterial: Missing cached shader map for material FMatExpressionPreview MaterialExpressionTextureSample_1, compiling. 
[2018.06.09-11.17.15:936][692]LogMaterial: Missing cached shader map for material FMatExpressionPreview MaterialExpressionTextureSample_0, compiling. 
[2018.06.09-11.17.15:943][692]LogMaterial: Missing cached shader map for material FMatExpressionPreview MaterialExpressionConstant3Vector_0, compiling. 
[2018.06.09-11.17.15:950][692]LogMaterial: Missing cached shader map for material Decal_mat, compiling. 
[2018.06.09-11.17.15:984][692]LogMaterial: Missing cached shader map for material Decal_mat, compiling. 
[2018.06.09-11.17.16:044][692]LogMaterial: Missing cached shader map for material FMatExpressionPreview MaterialExpressionTextureSample_3, compiling. 
[2018.06.09-11.17.16:050][692]LogMaterial: Missing cached shader map for material FMatExpressionPreview MaterialExpressionTextureSample_1, compiling. 
[2018.06.09-11.17.16:056][692]LogMaterial: Missing cached shader map for material FMatExpressionPreview MaterialExpressionTextureSample_0, compiling. 
[2018.06.09-11.17.16:062][692]LogMaterial: Missing cached shader map for material FMatExpressionPreview MaterialExpressionConstant3Vector_0, compiling. 
[2018.06.09-11.17.43:726][344]MaterialEditorStats: Base pass shader: 50 instructions
[2018.06.09-11.17.43:726][344]MaterialEditorStats: Base pass shader with Volumetric Lightmap: 77 instructions
[2018.06.09-11.17.43:726][344]MaterialEditorStats: Vertex shader: 124 instructions
[2018.06.09-11.17.43:726][344]MaterialEditorStats: Texture samplers: 3/16
[2018.06.09-11.17.43:726][344]MaterialEditorStats: User interpolators: 2/4 Scalars (1/4 Vectors) (TexCoords: 2, Custom: 0)
[2018.06.09-11.17.49:943][749]LogMaterial: Missing cached shader map for material GroundMoss_01, compiling. 
[2018.06.09-11.17.49:977][749]LogMaterial: Missing cached shader map for material GroundMoss_01, compiling. 
[2018.06.09-11.17.50:037][749]LogMaterial: Missing cached shader map for material FMatExpressionPreview MaterialExpressionTextureSample_0, compiling. 
[2018.06.09-11.17.50:043][749]LogMaterial: Missing cached shader map for material FMatExpressionPreview MaterialExpressionTextureSample_3, compiling. 
[2018.06.09-11.17.50:049][749]LogMaterial: Missing cached shader map for material FMatExpressionPreview MaterialExpressionTextureSample_2, compiling. 
[2018.06.09-11.17.50:056][749]LogMaterial: Missing cached shader map for material FMatExpressionPreview MaterialExpressionTextureSample_1, compiling. 
[2018.06.09-11.18.10:471][ 47]MaterialEditorStats: Base pass shader: 57 instructions
[2018.06.09-11.18.10:472][ 47]MaterialEditorStats: Base pass shader with Volumetric Lightmap: 84 instructions
[2018.06.09-11.18.10:472][ 47]MaterialEditorStats: Vertex shader: 124 instructions
[2018.06.09-11.18.10:472][ 47]MaterialEditorStats: Texture samplers: 5/16
[2018.06.09-11.18.10:472][ 47]MaterialEditorStats: User interpolators: 2/4 Scalars (1/4 Vectors) (TexCoords: 2, Custom: 0)
[2018.06.09-11.19.06:465][944]LogMaterial: Missing cached shader map for material GroundMoss_01, compiling. 
[2018.06.09-11.19.06:506][944]LogMaterial: Missing cached shader map for material FMatExpressionPreview MaterialExpressionTextureSample_0, compiling. 
[2018.06.09-11.19.06:512][944]LogMaterial: Missing cached shader map for material FMatExpressionPreview MaterialExpressionTextureSample_3, compiling. 
[2018.06.09-11.19.06:518][944]LogMaterial: Missing cached shader map for material FMatExpressionPreview MaterialExpressionTextureSample_2, compiling. 
[2018.06.09-11.19.06:524][944]LogMaterial: Missing cached shader map for material FMatExpressionPreview MaterialExpressionTextureSample_1, compiling. 
[2018.06.09-11.19.31:078][510]MaterialEditorStats: Base pass shader: 52 instructions
[2018.06.09-11.19.31:078][510]MaterialEditorStats: Base pass shader with Volumetric Lightmap: 79 instructions
[2018.06.09-11.19.31:078][510]MaterialEditorStats: Vertex shader: 124 instructions
[2018.06.09-11.19.31:078][510]MaterialEditorStats: Texture samplers: 4/16
[2018.06.09-11.19.31:078][510]MaterialEditorStats: User interpolators: 2/4 Scalars (1/4 Vectors) (TexCoords: 2, Custom: 0)
[2018.06.09-11.19.36:640][868]LogMaterial: Missing cached shader map for material GroundMoss_01, compiling. 
[2018.06.09-11.19.36:674][868]LogMaterial: Missing cached shader map for material FMatExpressionPreview MaterialExpressionTextureSample_0, compiling. 
[2018.06.09-11.19.36:680][868]LogMaterial: Missing cached shader map for material FMatExpressionPreview MaterialExpressionTextureSample_3, compiling. 
[2018.06.09-11.19.36:685][868]LogMaterial: Missing cached shader map for material FMatExpressionPreview MaterialExpressionTextureSample_2, compiling. 
[2018.06.09-11.19.36:691][868]LogMaterial: Missing cached shader map for material FMatExpressionPreview MaterialExpressionTextureSample_1, compiling. 
[2018.06.09-11.19.56:551][150]MaterialEditorStats: Base pass shader: 57 instructions
[2018.06.09-11.19.56:552][150]MaterialEditorStats: Base pass shader with Volumetric Lightmap: 84 instructions
[2018.06.09-11.19.56:552][150]MaterialEditorStats: Vertex shader: 124 instructions
[2018.06.09-11.19.56:552][150]MaterialEditorStats: Texture samplers: 5/16
[2018.06.09-11.19.56:552][150]MaterialEditorStats: User interpolators: 2/4 Scalars (1/4 Vectors) (TexCoords: 2, Custom: 0)
[2018.06.09-11.24.05:303][250]LogTemp: Executing iPhonePackager certificates Engine -bundlename com.YourCompany.Adventure
[2018.06.09-11.24.05:303][250]LogTemp: CWD: F:\Unreal 4.18\UE_4.18\Engine\Binaries\DotNET\IOS
[2018.06.09-11.24.05:304][250]LogTemp: Initial Dir: F:\Unreal 4.18\UE_4.18
[2018.06.09-11.24.05:304][250]LogTemp: Env CWD: F:\Unreal 4.18\UE_4.18\Engine\Binaries\DotNET\IOS
[2018.06.09-11.24.05:304][250]LogTemp: BranchPath = MR_E-DATOR/F/Unreal 4.18/UE_4.18/Engine/Binaries --- GameBranchPath = MR_E-DATOR/F/Unreal 4.18/UE_4.18/Engine/Binaries
[2018.06.09-11.24.05:304][250]LogSlate: Only BGRA pngs, bmps or icos are supported in by External Image Picker
[2018.06.09-11.24.05:402][251]LogTemp: IPP ERROR: Could not find provision directory 'C:\Users\Mr_E\AppData\Local/Apple Computer/MobileDevice/Provisioning Profiles/'.
[2018.06.09-11.25.49:364][399]LogMaterial: Missing cached shader map for material GroundMoss_01, compiling. 
[2018.06.09-11.25.49:364][399]LogMaterial: Warning: /Engine/Transient.GroundMoss_01 (no disk path found): Failed to compile Material for platform PCD3D_SM5, Default Material will be used in game.
[2018.06.09-11.25.49:364][399]LogMaterial: 	Material using the DeferredDecal domain need to use the BlendModel Translucent (this saves performance)
[2018.06.09-11.25.49:369][399]LogMaterial: Missing cached shader map for material GroundMoss_01, compiling. 
[2018.06.09-11.25.49:369][399]LogMaterial: Warning: /Engine/Transient.GroundMoss_01 (no disk path found): Failed to compile Material for platform PCD3D_SM5, Default Material will be used in game.
[2018.06.09-11.25.49:369][399]LogMaterial: 	Material using the DeferredDecal domain need to use the BlendModel Translucent (this saves performance)
[2018.06.09-11.25.49:396][399]LogMaterial: Missing cached shader map for material FMatExpressionPreview MaterialExpressionTextureSample_0, compiling. 
[2018.06.09-11.25.49:402][399]LogMaterial: Missing cached shader map for material FMatExpressionPreview MaterialExpressionTextureSample_3, compiling. 
[2018.06.09-11.25.49:407][399]LogMaterial: Missing cached shader map for material FMatExpressionPreview MaterialExpressionTextureSample_2, compiling. 
[2018.06.09-11.25.49:413][399]LogMaterial: Missing cached shader map for material FMatExpressionPreview MaterialExpressionTextureSample_1, compiling. 
[2018.06.09-11.25.49:419][399]MaterialEditorStats: Error: [SM5] Material using the DeferredDecal domain need to use the BlendModel Translucent (this saves performance)
[2018.06.09-11.25.53:756][780]LogMaterial: Missing cached shader map for material GroundMoss_01, compiling. 
[2018.06.09-11.25.53:756][780]LogMaterial: Warning: /Engine/Transient.GroundMoss_01 (no disk path found): Failed to compile Material for platform PCD3D_SM5, Default Material will be used in game.
[2018.06.09-11.25.53:757][780]LogMaterial: 	Material using the DeferredDecal domain need to use the BlendModel Translucent (this saves performance)
[2018.06.09-11.25.53:762][780]LogMaterial: Missing cached shader map for material GroundMoss_01, compiling. 
[2018.06.09-11.25.53:763][780]LogMaterial: Warning: /Engine/Transient.GroundMoss_01 (no disk path found): Failed to compile Material for platform PCD3D_SM5, Default Material will be used in game.
[2018.06.09-11.25.53:763][780]LogMaterial: 	Material using the DeferredDecal domain need to use the BlendModel Translucent (this saves performance)
[2018.06.09-11.25.53:787][780]LogMaterial: Missing cached shader map for material FMatExpressionPreview MaterialExpressionTextureSample_0, compiling. 
[2018.06.09-11.25.53:793][780]LogMaterial: Missing cached shader map for material FMatExpressionPreview MaterialExpressionTextureSample_3, compiling. 
[2018.06.09-11.25.53:799][780]LogMaterial: Missing cached shader map for material FMatExpressionPreview MaterialExpressionTextureSample_2, compiling. 
[2018.06.09-11.25.53:804][780]LogMaterial: Missing cached shader map for material FMatExpressionPreview MaterialExpressionTextureSample_1, compiling. 
[2018.06.09-11.26.46:753][344]LogMaterial: Missing cached shader map for material GroundMoss_01, compiling. 
[2018.06.09-11.26.46:754][344]LogMaterial: Warning: /Engine/Transient.GroundMoss_01 (no disk path found): Failed to compile Material for platform PCD3D_SM5, Default Material will be used in game.
[2018.06.09-11.26.46:754][344]LogMaterial: 	Material using the DeferredDecal domain need to use the BlendModel Translucent (this saves performance)
[2018.06.09-11.26.46:758][344]LogMaterial: Missing cached shader map for material GroundMoss_01, compiling. 
[2018.06.09-11.26.46:759][344]LogMaterial: Warning: /Engine/Transient.GroundMoss_01 (no disk path found): Failed to compile Material for platform PCD3D_SM5, Default Material will be used in game.
[2018.06.09-11.26.46:759][344]LogMaterial: 	Material using the DeferredDecal domain need to use the BlendModel Translucent (this saves performance)
[2018.06.09-11.26.46:788][344]LogMaterial: Missing cached shader map for material FMatExpressionPreview MaterialExpressionTextureSample_0, compiling. 
[2018.06.09-11.26.46:793][344]LogMaterial: Missing cached shader map for material FMatExpressionPreview MaterialExpressionTextureSample_3, compiling. 
[2018.06.09-11.26.46:799][344]LogMaterial: Missing cached shader map for material FMatExpressionPreview MaterialExpressionTextureSample_2, compiling. 
[2018.06.09-11.26.46:805][344]LogMaterial: Missing cached shader map for material FMatExpressionPreview MaterialExpressionTextureSample_1, compiling. 
[2018.06.09-11.29.27:997][103]LogMaterial: Missing cached shader map for material GroundMoss_01, compiling. 
[2018.06.09-11.29.27:998][103]LogMaterial: Warning: /Engine/Transient.GroundMoss_01 (no disk path found): Failed to compile Material for platform PCD3D_SM5, Default Material will be used in game.
[2018.06.09-11.29.27:998][103]LogMaterial: 	Material using the DeferredDecal domain need to use the BlendModel Translucent (this saves performance)
[2018.06.09-11.29.28:003][103]LogMaterial: Missing cached shader map for material GroundMoss_01, compiling. 
[2018.06.09-11.29.28:003][103]LogMaterial: Warning: /Engine/Transient.GroundMoss_01 (no disk path found): Failed to compile Material for platform PCD3D_SM5, Default Material will be used in game.
[2018.06.09-11.29.28:003][103]LogMaterial: 	Material using the DeferredDecal domain need to use the BlendModel Translucent (this saves performance)
[2018.06.09-11.29.28:031][103]LogMaterial: Missing cached shader map for material FMatExpressionPreview MaterialExpressionTextureSample_0, compiling. 
[2018.06.09-11.29.28:037][103]LogMaterial: Missing cached shader map for material FMatExpressionPreview MaterialExpressionTextureSample_3, compiling. 
[2018.06.09-11.29.28:043][103]LogMaterial: Missing cached shader map for material FMatExpressionPreview MaterialExpressionTextureSample_2, compiling. 
[2018.06.09-11.29.28:048][103]LogMaterial: Missing cached shader map for material FMatExpressionPreview MaterialExpressionTextureSample_1, compiling. 
[2018.06.09-11.30.04:373][424]LogMaterial: Missing cached shader map for material GroundMoss_01, compiling. 
[2018.06.09-11.30.04:373][424]LogMaterial: Warning: /Engine/Transient.GroundMoss_01 (no disk path found): Failed to compile Material for platform PCD3D_SM5, Default Material will be used in game.
[2018.06.09-11.30.04:373][424]LogMaterial: 	Material using the DeferredDecal domain need to use the BlendModel Translucent (this saves performance)
[2018.06.09-11.30.04:378][424]LogMaterial: Missing cached shader map for material GroundMoss_01, compiling. 
[2018.06.09-11.30.04:378][424]LogMaterial: Warning: /Engine/Transient.GroundMoss_01 (no disk path found): Failed to compile Material for platform PCD3D_SM5, Default Material will be used in game.
[2018.06.09-11.30.04:378][424]LogMaterial: 	Material using the DeferredDecal domain need to use the BlendModel Translucent (this saves performance)
[2018.06.09-11.30.04:404][424]LogMaterial: Missing cached shader map for material FMatExpressionPreview MaterialExpressionTextureSample_0, compiling. 
[2018.06.09-11.30.04:410][424]LogMaterial: Missing cached shader map for material FMatExpressionPreview MaterialExpressionTextureSample_3, compiling. 
[2018.06.09-11.30.04:415][424]LogMaterial: Missing cached shader map for material FMatExpressionPreview MaterialExpressionTextureSample_2, compiling. 
[2018.06.09-11.30.04:420][424]LogMaterial: Missing cached shader map for material FMatExpressionPreview MaterialExpressionTextureSample_1, compiling. 
[2018.06.09-11.32.19:957][541]LogMaterial: Missing cached shader map for material GroundMoss_01, compiling. 
[2018.06.09-11.32.19:990][541]LogMaterial: Missing cached shader map for material GroundMoss_01, compiling. 
[2018.06.09-11.32.20:049][541]LogMaterial: Missing cached shader map for material FMatExpressionPreview MaterialExpressionTextureSample_0, compiling. 
[2018.06.09-11.32.20:055][541]LogMaterial: Missing cached shader map for material FMatExpressionPreview MaterialExpressionTextureSample_3, compiling. 
[2018.06.09-11.32.20:061][541]LogMaterial: Missing cached shader map for material FMatExpressionPreview MaterialExpressionTextureSample_2, compiling. 
[2018.06.09-11.32.20:066][541]LogMaterial: Missing cached shader map for material FMatExpressionPreview MaterialExpressionTextureSample_1, compiling. 
[2018.06.09-11.32.33:826][790]MaterialEditorStats: Base pass shader: 57 instructions
[2018.06.09-11.32.33:826][790]MaterialEditorStats: Base pass shader with Volumetric Lightmap: 84 instructions
[2018.06.09-11.32.33:826][790]MaterialEditorStats: Vertex shader: 124 instructions
[2018.06.09-11.32.33:826][790]MaterialEditorStats: Texture samplers: 5/16
[2018.06.09-11.32.33:826][790]MaterialEditorStats: User interpolators: 2/4 Scalars (1/4 Vectors) (TexCoords: 2, Custom: 0)
[2018.06.09-11.32.36:901][100]LogMaterialEditor: Applying material GroundMoss_01
[2018.06.09-11.32.37:492][100]LogMaterial: Missing cached shader map for material GroundMoss_01, compiling. 
[2018.06.09-11.32.37:595][100]LogMaterial: Missing cached shader map for material GroundMoss_01, compiling. 
[2018.06.09-11.32.37:683][100]LogMaterial: Missing cached shader map for material GroundMoss_01, compiling. 
[2018.06.09-11.32.37:776][100]TextureStreamingBuild: Display: Compiling optional shaders took 0.000 seconds.
[2018.06.09-11.33.01:344][354]MaterialEditorStats: Base pass shader: 57 instructions
[2018.06.09-11.33.01:344][354]MaterialEditorStats: Base pass shader with Volumetric Lightmap: 84 instructions
[2018.06.09-11.33.01:344][354]MaterialEditorStats: Vertex shader: 124 instructions
[2018.06.09-11.33.01:344][354]MaterialEditorStats: Texture samplers: 5/16
[2018.06.09-11.33.01:344][354]MaterialEditorStats: User interpolators: 2/4 Scalars (1/4 Vectors) (TexCoords: 2, Custom: 0)
[2018.06.09-11.33.04:151][611]LogTemp: Repeating last play command: Selected Viewport
[2018.06.09-11.33.04:188][611]LogBlueprintUserMessages: Early PlayInEditor Detection: Level '/Game/Scenes/roadSideScene.roadSideScene:PersistentLevel' has LevelScriptBlueprint '/Game/Scenes/roadSideScene.roadSideScene:PersistentLevel.roadSideScene' with GeneratedClass '/Game/Scenes/roadSideScene.roadSideScene_C' with ClassGeneratedBy '/Game/Scenes/roadSideScene.roadSideScene:PersistentLevel.roadSideScene'
[2018.06.09-11.33.04:188][611]LogPlayLevel: PlayLevel: No blueprints needed recompiling
[2018.06.09-11.33.04:188][611]PIE: New page: PIE session: roadSideScene (Jun 9, 2018, 3:33:04 PM)
[2018.06.09-11.33.04:188][611]LogPlayLevel: Creating play world package: /Game/Scenes/UEDPIE_0_roadSideScene
[2018.06.09-11.33.04:313][611]LogPlayLevel: PIE: StaticDuplicateObject took: (0.124786s)
[2018.06.09-11.33.04:314][611]LogAIModule: Creating AISystem for world roadSideScene
[2018.06.09-11.33.04:314][611]LogPlayLevel: PIE: World Init took: (0.000979s)
[2018.06.09-11.33.04:314][611]LogPlayLevel: PIE: Created PIE world by copying editor world from /Game/Scenes/roadSideScene.roadSideScene to /Game/Scenes/UEDPIE_0_roadSideScene.roadSideScene (0.126211s)
[2018.06.09-11.33.04:363][611]LogInit: XAudio2 using 'Högtalare (Realtek High Definition Audio)' : 2 channels at 48 kHz using 32 bits per sample (channel mask 0x3)
[2018.06.09-11.33.04:375][611]LogInit: FAudioDevice initialized.
[2018.06.09-11.33.04:408][611]LogLoad: Game class is 'NewGameMOde_C'
[2018.06.09-11.33.04:441][611]LogWorld: Bringing World /Game/Scenes/UEDPIE_0_roadSideScene.roadSideScene up for play (max tick rate 0) at 2018.06.09-13.33.04
[2018.06.09-11.33.04:444][611]LogWorld: Bringing up level for play took: 0.034457
[2018.06.09-11.33.04:446][611]PIE: Play in editor start time for /Game/Scenes/UEDPIE_0_roadSideScene 0.204
[2018.06.09-11.33.04:446][611]LogBlueprintUserMessages: Late PlayInEditor Detection: Level '/Game/Scenes/roadSideScene.roadSideScene:PersistentLevel' has LevelScriptBlueprint '/Game/Scenes/roadSideScene.roadSideScene:PersistentLevel.roadSideScene' with GeneratedClass '/Game/Scenes/roadSideScene.roadSideScene_C' with ClassGeneratedBy '/Game/Scenes/roadSideScene.roadSideScene:PersistentLevel.roadSideScene'
[2018.06.09-11.33.05:318][676]LogSkinnedMeshComp: Warning: GetSocketByName(middle_01_l): No SkeletalMesh for Component(CharacterMesh0) Actor(FirstPersonCharacter)
[2018.06.09-11.33.05:755][725]LogSkinnedMeshComp: Warning: GetSocketByName(middle_01_r): No SkeletalMesh for Component(CharacterMesh0) Actor(FirstPersonCharacter)
[2018.06.09-11.33.06:152][769]LogSkinnedMeshComp: Warning: GetSocketByName(middle_01_l): No SkeletalMesh for Component(CharacterMesh0) Actor(FirstPersonCharacter)
[2018.06.09-11.33.06:589][818]LogSkinnedMeshComp: Warning: GetSocketByName(middle_01_r): No SkeletalMesh for Component(CharacterMesh0) Actor(FirstPersonCharacter)
[2018.06.09-11.33.06:985][862]LogSkinnedMeshComp: Warning: GetSocketByName(middle_01_l): No SkeletalMesh for Component(CharacterMesh0) Actor(FirstPersonCharacter)
[2018.06.09-11.33.07:418][910]LogSkinnedMeshComp: Warning: GetSocketByName(middle_01_r): No SkeletalMesh for Component(CharacterMesh0) Actor(FirstPersonCharacter)
[2018.06.09-11.33.07:821][956]LogSkinnedMeshComp: Warning: GetSocketByName(middle_01_l): No SkeletalMesh for Component(CharacterMesh0) Actor(FirstPersonCharacter)
[2018.06.09-11.33.08:248][  1]LogSkinnedMeshComp: Warning: GetSocketByName(middle_01_r): No SkeletalMesh for Component(CharacterMesh0) Actor(FirstPersonCharacter)
[2018.06.09-11.33.08:651][ 42]LogSkinnedMeshComp: Warning: GetSocketByName(middle_01_l): No SkeletalMesh for Component(CharacterMesh0) Actor(FirstPersonCharacter)
[2018.06.09-11.33.09:084][ 87]LogSkinnedMeshComp: Warning: GetSocketByName(middle_01_r): No SkeletalMesh for Component(CharacterMesh0) Actor(FirstPersonCharacter)
[2018.06.09-11.33.09:484][128]LogSkinnedMeshComp: Warning: GetSocketByName(middle_01_l): No SkeletalMesh for Component(CharacterMesh0) Actor(FirstPersonCharacter)
[2018.06.09-11.33.09:922][176]LogSkinnedMeshComp: Warning: GetSocketByName(middle_01_r): No SkeletalMesh for Component(CharacterMesh0) Actor(FirstPersonCharacter)
[2018.06.09-11.33.10:438][235]LogSkinnedMeshComp: Warning: GetSocketByName(middle_01_l): No SkeletalMesh for Component(CharacterMesh0) Actor(FirstPersonCharacter)
[2018.06.09-11.33.11:222][323]LogSkinnedMeshComp: Warning: GetSocketByName(middle_01_l): No SkeletalMesh for Component(CharacterMesh0) Actor(FirstPersonCharacter)
[2018.06.09-11.33.11:655][365]LogSkinnedMeshComp: Warning: GetSocketByName(middle_01_r): No SkeletalMesh for Component(CharacterMesh0) Actor(FirstPersonCharacter)
[2018.06.09-11.33.15:389][787]LogBlueprintUserMessages: Early EndPlayMap Detection: Level '/Game/Scenes/roadSideScene.roadSideScene:PersistentLevel' has LevelScriptBlueprint '/Game/Scenes/roadSideScene.roadSideScene:PersistentLevel.roadSideScene' with GeneratedClass '/Game/Scenes/roadSideScene.roadSideScene_C' with ClassGeneratedBy '/Game/Scenes/roadSideScene.roadSideScene:PersistentLevel.roadSideScene'
[2018.06.09-11.33.15:440][787]LogBlueprintUserMessages: Late EndPlayMap Detection: Level '/Game/Scenes/roadSideScene.roadSideScene:PersistentLevel' has LevelScriptBlueprint '/Game/Scenes/roadSideScene.roadSideScene:PersistentLevel.roadSideScene' with GeneratedClass '/Game/Scenes/roadSideScene.roadSideScene_C' with ClassGeneratedBy '/Game/Scenes/roadSideScene.roadSideScene:PersistentLevel.roadSideScene'
[2018.06.09-11.33.47:696][478]LogTemp: Repeating last play command: Selected Viewport
[2018.06.09-11.33.47:729][478]LogBlueprintUserMessages: Early PlayInEditor Detection: Level '/Game/Scenes/roadSideScene.roadSideScene:PersistentLevel' has LevelScriptBlueprint '/Game/Scenes/roadSideScene.roadSideScene:PersistentLevel.roadSideScene' with GeneratedClass '/Game/Scenes/roadSideScene.roadSideScene_C' with ClassGeneratedBy '/Game/Scenes/roadSideScene.roadSideScene:PersistentLevel.roadSideScene'
[2018.06.09-11.33.47:729][478]LogPlayLevel: PlayLevel: No blueprints needed recompiling
[2018.06.09-11.33.47:730][478]PIE: New page: PIE session: roadSideScene (Jun 9, 2018, 3:33:47 PM)
[2018.06.09-11.33.47:730][478]LogPlayLevel: Creating play world package: /Game/Scenes/UEDPIE_0_roadSideScene
[2018.06.09-11.33.47:844][478]LogPlayLevel: PIE: StaticDuplicateObject took: (0.114533s)
[2018.06.09-11.33.47:845][478]LogAIModule: Creating AISystem for world roadSideScene
[2018.06.09-11.33.47:846][478]LogPlayLevel: PIE: World Init took: (0.001109s)
[2018.06.09-11.33.47:846][478]LogPlayLevel: PIE: Created PIE world by copying editor world from /Game/Scenes/roadSideScene.roadSideScene to /Game/Scenes/UEDPIE_0_roadSideScene.roadSideScene (0.116104s)
[2018.06.09-11.33.47:894][478]LogInit: XAudio2 using 'Högtalare (Realtek High Definition Audio)' : 2 channels at 48 kHz using 32 bits per sample (channel mask 0x3)
[2018.06.09-11.33.47:904][478]LogInit: FAudioDevice initialized.
[2018.06.09-11.33.47:941][478]LogLoad: Game class is 'NewGameMOde_C'
[2018.06.09-11.33.47:971][478]LogWorld: Bringing World /Game/Scenes/UEDPIE_0_roadSideScene.roadSideScene up for play (max tick rate 0) at 2018.06.09-13.33.47
[2018.06.09-11.33.47:973][478]LogWorld: Bringing up level for play took: 0.030736
[2018.06.09-11.33.47:975][478]PIE: Play in editor start time for /Game/Scenes/UEDPIE_0_roadSideScene -0.267
[2018.06.09-11.33.47:975][478]LogBlueprintUserMessages: Late PlayInEditor Detection: Level '/Game/Scenes/roadSideScene.roadSideScene:PersistentLevel' has LevelScriptBlueprint '/Game/Scenes/roadSideScene.roadSideScene:PersistentLevel.roadSideScene' with GeneratedClass '/Game/Scenes/roadSideScene.roadSideScene_C' with ClassGeneratedBy '/Game/Scenes/roadSideScene.roadSideScene:PersistentLevel.roadSideScene'
[2018.06.09-11.33.48:604][530]LogSkinnedMeshComp: Warning: GetSocketByName(middle_01_l): No SkeletalMesh for Component(CharacterMesh0) Actor(FirstPersonCharacter)
[2018.06.09-11.33.49:037][579]LogSkinnedMeshComp: Warning: GetSocketByName(middle_01_r): No SkeletalMesh for Component(CharacterMesh0) Actor(FirstPersonCharacter)
[2018.06.09-11.33.49:444][624]LogSkinnedMeshComp: Warning: GetSocketByName(middle_01_l): No SkeletalMesh for Component(CharacterMesh0) Actor(FirstPersonCharacter)
[2018.06.09-11.33.49:870][673]LogSkinnedMeshComp: Warning: GetSocketByName(middle_01_r): No SkeletalMesh for Component(CharacterMesh0) Actor(FirstPersonCharacter)
[2018.06.09-11.33.50:276][718]LogSkinnedMeshComp: Warning: GetSocketByName(middle_01_l): No SkeletalMesh for Component(CharacterMesh0) Actor(FirstPersonCharacter)
[2018.06.09-11.33.50:704][767]LogSkinnedMeshComp: Warning: GetSocketByName(middle_01_r): No SkeletalMesh for Component(CharacterMesh0) Actor(FirstPersonCharacter)
[2018.06.09-11.33.51:107][812]LogSkinnedMeshComp: Warning: GetSocketByName(middle_01_l): No SkeletalMesh for Component(CharacterMesh0) Actor(FirstPersonCharacter)
[2018.06.09-11.33.51:538][862]LogSkinnedMeshComp: Warning: GetSocketByName(middle_01_r): No SkeletalMesh for Component(CharacterMesh0) Actor(FirstPersonCharacter)
[2018.06.09-11.33.51:938][908]LogSkinnedMeshComp: Warning: GetSocketByName(middle_01_l): No SkeletalMesh for Component(CharacterMesh0) Actor(FirstPersonCharacter)
[2018.06.09-11.33.52:369][957]LogSkinnedMeshComp: Warning: GetSocketByName(middle_01_r): No SkeletalMesh for Component(CharacterMesh0) Actor(FirstPersonCharacter)
[2018.06.09-11.33.52:769][  3]LogSkinnedMeshComp: Warning: GetSocketByName(middle_01_l): No SkeletalMesh for Component(CharacterMesh0) Actor(FirstPersonCharacter)
[2018.06.09-11.33.53:337][ 65]LogSkinnedMeshComp: Warning: GetSocketByName(middle_01_l): No SkeletalMesh for Component(CharacterMesh0) Actor(FirstPersonCharacter)
[2018.06.09-11.33.53:764][111]LogSkinnedMeshComp: Warning: GetSocketByName(middle_01_r): No SkeletalMesh for Component(CharacterMesh0) Actor(FirstPersonCharacter)
[2018.06.09-11.33.54:188][159]LogSkinnedMeshComp: Warning: GetSocketByName(middle_01_l): No SkeletalMesh for Component(CharacterMesh0) Actor(FirstPersonCharacter)
[2018.06.09-11.33.54:963][242]LogSkinnedMeshComp: Warning: GetSocketByName(middle_01_l): No SkeletalMesh for Component(CharacterMesh0) Actor(FirstPersonCharacter)
[2018.06.09-11.33.55:397][287]LogSkinnedMeshComp: Warning: GetSocketByName(middle_01_r): No SkeletalMesh for Component(CharacterMesh0) Actor(FirstPersonCharacter)
[2018.06.09-11.33.55:797][330]LogSkinnedMeshComp: Warning: GetSocketByName(middle_01_l): No SkeletalMesh for Component(CharacterMesh0) Actor(FirstPersonCharacter)
[2018.06.09-11.33.56:131][366]LogSkinnedMeshComp: Warning: GetSocketByName(middle_01_l): No SkeletalMesh for Component(CharacterMesh0) Actor(FirstPersonCharacter)
[2018.06.09-11.33.56:568][414]LogSkinnedMeshComp: Warning: GetSocketByName(middle_01_r): No SkeletalMesh for Component(CharacterMesh0) Actor(FirstPersonCharacter)
[2018.06.09-11.33.57:412][502]LogSkinnedMeshComp: Warning: GetSocketByName(middle_01_l): No SkeletalMesh for Component(CharacterMesh0) Actor(FirstPersonCharacter)
[2018.06.09-11.33.57:840][550]LogSkinnedMeshComp: Warning: GetSocketByName(middle_01_r): No SkeletalMesh for Component(CharacterMesh0) Actor(FirstPersonCharacter)
[2018.06.09-11.33.59:336][718]LogSkinnedMeshComp: Warning: GetSocketByName(middle_01_l): No SkeletalMesh for Component(CharacterMesh0) Actor(FirstPersonCharacter)
[2018.06.09-11.33.59:775][767]LogSkinnedMeshComp: Warning: GetSocketByName(middle_01_r): No SkeletalMesh for Component(CharacterMesh0) Actor(FirstPersonCharacter)
[2018.06.09-11.34.00:178][809]LogSkinnedMeshComp: Warning: GetSocketByName(middle_01_l): No SkeletalMesh for Component(CharacterMesh0) Actor(FirstPersonCharacter)
[2018.06.09-11.34.00:607][854]LogSkinnedMeshComp: Warning: GetSocketByName(middle_01_r): No SkeletalMesh for Component(CharacterMesh0) Actor(FirstPersonCharacter)
[2018.06.09-11.34.01:012][896]LogSkinnedMeshComp: Warning: GetSocketByName(middle_01_l): No SkeletalMesh for Component(CharacterMesh0) Actor(FirstPersonCharacter)
[2018.06.09-11.34.01:438][940]LogSkinnedMeshComp: Warning: GetSocketByName(middle_01_r): No SkeletalMesh for Component(CharacterMesh0) Actor(FirstPersonCharacter)
[2018.06.09-11.34.01:837][983]LogSkinnedMeshComp: Warning: GetSocketByName(middle_01_l): No SkeletalMesh for Component(CharacterMesh0) Actor(FirstPersonCharacter)
[2018.06.09-11.34.02:271][ 33]LogSkinnedMeshComp: Warning: GetSocketByName(middle_01_r): No SkeletalMesh for Component(CharacterMesh0) Actor(FirstPersonCharacter)
[2018.06.09-11.34.02:672][ 78]LogSkinnedMeshComp: Warning: GetSocketByName(middle_01_l): No SkeletalMesh for Component(CharacterMesh0) Actor(FirstPersonCharacter)
[2018.06.09-11.34.03:107][125]LogSkinnedMeshComp: Warning: GetSocketByName(middle_01_r): No SkeletalMesh for Component(CharacterMesh0) Actor(FirstPersonCharacter)
[2018.06.09-11.34.03:505][167]LogSkinnedMeshComp: Warning: GetSocketByName(middle_01_l): No SkeletalMesh for Component(CharacterMesh0) Actor(FirstPersonCharacter)
[2018.06.09-11.34.03:941][216]LogSkinnedMeshComp: Warning: GetSocketByName(middle_01_r): No SkeletalMesh for Component(CharacterMesh0) Actor(FirstPersonCharacter)
[2018.06.09-11.34.04:343][259]LogSkinnedMeshComp: Warning: GetSocketByName(middle_01_l): No SkeletalMesh for Component(CharacterMesh0) Actor(FirstPersonCharacter)
[2018.06.09-11.34.04:770][303]LogSkinnedMeshComp: Warning: GetSocketByName(middle_01_r): No SkeletalMesh for Component(CharacterMesh0) Actor(FirstPersonCharacter)
[2018.06.09-11.34.05:171][344]LogSkinnedMeshComp: Warning: GetSocketByName(middle_01_l): No SkeletalMesh for Component(CharacterMesh0) Actor(FirstPersonCharacter)
[2018.06.09-11.34.09:147][790]LogBlueprintUserMessages: Early EndPlayMap Detection: Level '/Game/Scenes/roadSideScene.roadSideScene:PersistentLevel' has LevelScriptBlueprint '/Game/Scenes/roadSideScene.roadSideScene:PersistentLevel.roadSideScene' with GeneratedClass '/Game/Scenes/roadSideScene.roadSideScene_C' with ClassGeneratedBy '/Game/Scenes/roadSideScene.roadSideScene:PersistentLevel.roadSideScene'
[2018.06.09-11.34.09:191][790]LogBlueprintUserMessages: Late EndPlayMap Detection: Level '/Game/Scenes/roadSideScene.roadSideScene:PersistentLevel' has LevelScriptBlueprint '/Game/Scenes/roadSideScene.roadSideScene:PersistentLevel.roadSideScene' with GeneratedClass '/Game/Scenes/roadSideScene.roadSideScene_C' with ClassGeneratedBy '/Game/Scenes/roadSideScene.roadSideScene:PersistentLevel.roadSideScene'
[2018.06.09-11.39.53:828][853]LogEditorViewport: Clicking on Actor (LMB): StaticMeshActor (BushComplete33)
[2018.06.09-11.39.55:886][ 17]LogEditorViewport: Clicking on Actor (LMB): DecalActor (DecalActor26)
[2018.06.09-11.40.26:453][814]LogSlate: Took 0.018772 seconds to synchronously load lazily loaded font '../../../Engine/Content/Editor/Slate/Fonts/Roboto-Italic.ttf' (157K)
[2018.06.09-11.54.14:272][459]LogSavePackage: Save=38.38ms
[2018.06.09-11.54.14:272][459]LogSavePackage: Moving '../../../../../Projects/AdventureP/Adventure-UE4-Project-3/AdventureUE4Project/Adventure/Saved/GroundMoss_0153F0C56D4D97149030820186508C40A6.tmp' to '../../../../../Projects/AdventureP/Adventure-UE4-Project-3/AdventureUE4Project/Adventure/Content/Linda_Models/Ground/GroundMoss_01.uasset'
[2018.06.09-11.54.14:277][459]LogSavePackage: Display: Finished SavePackage ../../../../../Projects/AdventureP/Adventure-UE4-Project-3/AdventureUE4Project/Adventure/Content/Linda_Models/Ground/GroundMoss_01.uasset
