Log file open, 03/15/18 19:49:15
LogWindows: Failed to load 'aqProf.dll' (GetLastError=126)
LogWindows: File 'aqProf.dll' does not exist
LogWindows: Failed to load 'VtuneApi.dll' (GetLastError=126)
LogWindows: File 'VtuneApi.dll' does not exist
LogWindows: Failed to load 'VtuneApi32e.dll' (GetLastError=126)
LogWindows: File 'VtuneApi32e.dll' does not exist
LogInit: Display: Running engine for game: Adventure
LogPlatformFile: Not using cached read wrapper
LogInit: Display: RandInit(-558883276) SRandInit(-558883276).
LogInit: Read version file with build ID '3709383'
LogInit: Overriding engine version to CL 3832480, compatible CL 3709383
LogInit: Registered custom module enumerator with build ID '3709383'
LogTaskGraph: Started task graph with 5 named threads and 14 total threads with 3 sets of task threads.
LogStats: Stats thread started at 0.195040
LogD3D11RHI: Aftermath initialized
LogModuleManager: Display: Found up-to-date module file ../../../Engine/Plugins/2D/Paper2D/Binaries/Win64/UE4Editor-Paper2D.dll (API version 3709383).
LogModuleManager: Display: Found up-to-date module file ../../../Engine/Plugins/2D/Paper2D/Binaries/Win64/UE4Editor-Paper2DEditor.dll (API version 3709383).
LogModuleManager: Display: Found up-to-date module file ../../../Engine/Plugins/2D/Paper2D/Binaries/Win64/UE4Editor-PaperSpriteSheetImporter.dll (API version 3709383).
LogModuleManager: Display: Found up-to-date module file ../../../Engine/Plugins/2D/Paper2D/Binaries/Win64/UE4Editor-PaperTiledImporter.dll (API version 3709383).
LogModuleManager: Display: Found up-to-date module file ../../../Engine/Plugins/2D/Paper2D/Binaries/Win64/UE4Editor-SmartSnapping.dll (API version 3709383).
LogModuleManager: Display: Found up-to-date module file ../../../Engine/Plugins/Blendables/LightPropagationVolume/Binaries/Win64/UE4Editor-LightPropagationVolumeRuntime.dll (API version 3709383).
LogModuleManager: Display: Found up-to-date module file ../../../Engine/Plugins/Blendables/LightPropagationVolume/Binaries/Win64/UE4Editor-LightPropagationVolumeEditor.dll (API version 3709383).
LogModuleManager: Display: Found up-to-date module file ../../../Engine/Plugins/Developer/GitSourceControl/Binaries/Win64/UE4Editor-GitSourceControl.dll (API version 3709383).
LogModuleManager: Display: Found up-to-date module file ../../../Engine/Plugins/Developer/PerforceSourceControl/Binaries/Win64/UE4Editor-PerforceSourceControl.dll (API version 3709383).
LogModuleManager: Display: Found up-to-date module file ../../../Engine/Plugins/Developer/SubversionSourceControl/Binaries/Win64/UE4Editor-SubversionSourceControl.dll (API version 3709383).
LogModuleManager: Display: Found up-to-date module file ../../../Engine/Plugins/Developer/UObjectPlugin/Binaries/Win64/UE4Editor-UObjectPlugin.dll (API version 3709383).
LogModuleManager: Display: Found up-to-date module file ../../../Engine/Plugins/Developer/VisualStudioCodeSourceCodeAccess/Binaries/Win64/UE4Editor-VisualStudioCodeSourceCodeAccess.dll (API version 3709383).
LogModuleManager: Display: Found up-to-date module file ../../../Engine/Plugins/Developer/VisualStudioSourceCodeAccess/Binaries/Win64/UE4Editor-VisualStudioSourceCodeAccess.dll (API version 3709383).
LogModuleManager: Display: Found up-to-date module file ../../../Engine/Plugins/Editor/AssetManagerEditor/Binaries/Win64/UE4Editor-AssetManagerEditor.dll (API version 3709383).
LogModuleManager: Display: Found up-to-date module file ../../../Engine/Plugins/Editor/AudioCapture/Binaries/Win64/UE4Editor-AudioCapture.dll (API version 3709383).
LogModuleManager: Display: Found up-to-date module file ../../../Engine/Plugins/Editor/FacialAnimation/Binaries/Win64/UE4Editor-FacialAnimation.dll (API version 3709383).
LogModuleManager: Display: Found up-to-date module file ../../../Engine/Plugins/Editor/FacialAnimation/Binaries/Win64/UE4Editor-FacialAnimationEditor.dll (API version 3709383).
LogModuleManager: Display: Found up-to-date module file ../../../Engine/Plugins/Editor/GameplayTagsEditor/Binaries/Win64/UE4Editor-GameplayTagsEditor.dll (API version 3709383).
LogModuleManager: Display: Found up-to-date module file ../../../Engine/Plugins/Editor/MobileLauncherProfileWizard/Binaries/Win64/UE4Editor-MobileLauncherProfileWizard.dll (API version 3709383).
LogModuleManager: Display: Found up-to-date module file ../../../Engine/Plugins/Editor/PluginBrowser/Binaries/Win64/UE4Editor-PluginBrowser.dll (API version 3709383).
LogModuleManager: Display: Found up-to-date module file ../../../Engine/Plugins/Editor/SpeedTreeImporter/Binaries/Win64/UE4Editor-SpeedTreeImporter.dll (API version 3709383).
LogModuleManager: Display: Found up-to-date module file ../../../Engine/Plugins/Experimental/AlembicImporter/Binaries/Win64/UE4Editor-AlembicImporter.dll (API version 3709383).
LogModuleManager: Display: Found up-to-date module file ../../../Engine/Plugins/Experimental/AlembicImporter/Binaries/Win64/UE4Editor-AlembicLibrary.dll (API version 3709383).
LogModuleManager: Display: Found up-to-date module file ../../../Engine/Plugins/Experimental/CharacterAI/Binaries/Win64/UE4Editor-CharacterAI.dll (API version 3709383).
LogModuleManager: Display: Found up-to-date module file ../../../Engine/Plugins/Experimental/HTML5Networking/Binaries/Win64/UE4Editor-HTML5Networking.dll (API version 3709383).
LogModuleManager: Display: Found up-to-date module file ../../../Engine/Plugins/Media/AndroidMedia/Binaries/Win64/UE4Editor-AndroidMediaEditor.dll (API version 3709383).
LogModuleManager: Display: Found up-to-date module file ../../../Engine/Plugins/Media/AndroidMedia/Binaries/Win64/UE4Editor-AndroidMediaFactory.dll (API version 3709383).
LogModuleManager: Display: Found up-to-date module file ../../../Engine/Plugins/Media/AvfMedia/Binaries/Win64/UE4Editor-AvfMediaEditor.dll (API version 3709383).
LogModuleManager: Display: Found up-to-date module file ../../../Engine/Plugins/Media/AvfMedia/Binaries/Win64/UE4Editor-AvfMediaFactory.dll (API version 3709383).
LogModuleManager: Display: Found up-to-date module file ../../../Engine/Plugins/Media/AvfMedia/Binaries/Win64/UE4Editor-AvfMediaFactory.dll (API version 3709383).
LogModuleManager: Display: Found up-to-date module file ../../../Engine/Plugins/Media/ImgMedia/Binaries/Win64/UE4Editor-ImgMedia.dll (API version 3709383).
LogModuleManager: Display: Found up-to-date module file ../../../Engine/Plugins/Media/ImgMedia/Binaries/Win64/UE4Editor-ImgMediaEditor.dll (API version 3709383).
LogModuleManager: Display: Found up-to-date module file ../../../Engine/Plugins/Media/ImgMedia/Binaries/Win64/UE4Editor-ImgMediaFactory.dll (API version 3709383).
LogModuleManager: Display: Found up-to-date module file ../../../Engine/Plugins/Media/ImgMedia/Binaries/Win64/UE4Editor-ImgMediaFactory.dll (API version 3709383).
LogModuleManager: Display: Found up-to-date module file ../../../Engine/Plugins/Media/ImgMedia/Binaries/Win64/UE4Editor-OpenExrWrapper.dll (API version 3709383).
LogModuleManager: Display: Found up-to-date module file ../../../Engine/Plugins/Media/MediaCompositing/Binaries/Win64/UE4Editor-MediaCompositing.dll (API version 3709383).
LogModuleManager: Display: Found up-to-date module file ../../../Engine/Plugins/Media/MediaCompositing/Binaries/Win64/UE4Editor-MediaCompositingEditor.dll (API version 3709383).
LogModuleManager: Display: Found up-to-date module file ../../../Engine/Plugins/Media/MediaPlayerEditor/Binaries/Win64/UE4Editor-MediaPlayerEditor.dll (API version 3709383).
LogModuleManager: Display: Found up-to-date module file ../../../Engine/Plugins/Media/WmfMedia/Binaries/Win64/UE4Editor-WmfMedia.dll (API version 3709383).
LogModuleManager: Display: Found up-to-date module file ../../../Engine/Plugins/Media/WmfMedia/Binaries/Win64/UE4Editor-WmfMediaEditor.dll (API version 3709383).
LogModuleManager: Display: Found up-to-date module file ../../../Engine/Plugins/Media/WmfMedia/Binaries/Win64/UE4Editor-WmfMediaFactory.dll (API version 3709383).
LogModuleManager: Display: Found up-to-date module file ../../../Engine/Plugins/Media/WmfMedia/Binaries/Win64/UE4Editor-WmfMediaFactory.dll (API version 3709383).
LogModuleManager: Display: Found up-to-date module file ../../../Engine/Plugins/Messaging/TcpMessaging/Binaries/Win64/UE4Editor-TcpMessaging.dll (API version 3709383).
LogModuleManager: Display: Found up-to-date module file ../../../Engine/Plugins/Messaging/UdpMessaging/Binaries/Win64/UE4Editor-UdpMessaging.dll (API version 3709383).
LogModuleManager: Display: Found up-to-date module file ../../../Engine/Plugins/MovieScene/ActorSequence/Binaries/Win64/UE4Editor-ActorSequence.dll (API version 3709383).
LogModuleManager: Display: Found up-to-date module file ../../../Engine/Plugins/MovieScene/LevelSequenceEditor/Binaries/Win64/UE4Editor-LevelSequenceEditor.dll (API version 3709383).
LogModuleManager: Display: Found up-to-date module file ../../../Engine/Plugins/MovieScene/MatineeToLevelSequence/Binaries/Win64/UE4Editor-MatineeToLevelSequence.dll (API version 3709383).
LogModuleManager: Display: Found up-to-date module file ../../../Engine/Plugins/Online/OnlineSubsystem/Binaries/Win64/UE4Editor-OnlineSubsystem.dll (API version 3709383).
LogModuleManager: Display: Found up-to-date module file ../../../Engine/Plugins/Runtime/AndroidPermission/Binaries/Win64/UE4Editor-AndroidPermission.dll (API version 3709383).
LogModuleManager: Display: Found up-to-date module file ../../../Engine/Plugins/Online/OnlineSubsystemNull/Binaries/Win64/UE4Editor-OnlineSubsystemNull.dll (API version 3709383).
LogModuleManager: Display: Found up-to-date module file ../../../Engine/Plugins/Online/OnlineSubsystemUtils/Binaries/Win64/UE4Editor-OnlineSubsystemUtils.dll (API version 3709383).
LogModuleManager: Display: Found up-to-date module file ../../../Engine/Plugins/Online/OnlineSubsystemUtils/Binaries/Win64/UE4Editor-OnlineBlueprintSupport.dll (API version 3709383).
LogModuleManager: Display: Found up-to-date module file ../../../Engine/Plugins/Runtime/AndroidDeviceProfileSelector/Binaries/Win64/UE4Editor-AndroidDeviceProfileSelector.dll (API version 3709383).
LogModuleManager: Display: Found up-to-date module file ../../../Engine/Plugins/Runtime/AppleARKit/Binaries/Win64/UE4Editor-AppleARKit.dll (API version 3709383).
LogModuleManager: Display: Found up-to-date module file ../../../Engine/Plugins/Runtime/ArchVisCharacter/Binaries/Win64/UE4Editor-ArchVisCharacter.dll (API version 3709383).
LogModuleManager: Display: Found up-to-date module file ../../../Engine/Plugins/Runtime/CableComponent/Binaries/Win64/UE4Editor-CableComponent.dll (API version 3709383).
LogModuleManager: Display: Found up-to-date module file ../../../Engine/Plugins/Runtime/CustomMeshComponent/Binaries/Win64/UE4Editor-CustomMeshComponent.dll (API version 3709383).
LogModuleManager: Display: Found up-to-date module file ../../../Engine/Plugins/Runtime/ExampleDeviceProfileSelector/Binaries/Win64/UE4Editor-ExampleDeviceProfileSelector.dll (API version 3709383).
LogModuleManager: Display: Found up-to-date module file ../../../Engine/Plugins/Runtime/ImmediatePhysics/Binaries/Win64/UE4Editor-ImmediatePhysics.dll (API version 3709383).
LogModuleManager: Display: Found up-to-date module file ../../../Engine/Plugins/Runtime/ImmediatePhysics/Binaries/Win64/UE4Editor-ImmediatePhysicsEditor.dll (API version 3709383).
LogModuleManager: Display: Found up-to-date module file ../../../Engine/Plugins/Runtime/LocationServicesBPLibrary/Binaries/Win64/UE4Editor-LocationServicesBPLibrary.dll (API version 3709383).
LogModuleManager: Display: Found up-to-date module file ../../../Engine/Plugins/Runtime/MobilePatchingUtils/Binaries/Win64/UE4Editor-MobilePatchingUtils.dll (API version 3709383).
LogModuleManager: Display: Found up-to-date module file ../../../Engine/Plugins/Runtime/Oculus/OculusVR/Binaries/Win64/UE4Editor-OculusHMD.dll (API version 3709383).
LogModuleManager: Display: Found up-to-date module file ../../../Engine/Plugins/Runtime/Oculus/OculusVR/Binaries/Win64/UE4Editor-OculusInput.dll (API version 3709383).
LogModuleManager: Display: Found up-to-date module file ../../../Engine/Plugins/Runtime/Oculus/OculusVR/Binaries/Win64/UE4Editor-OculusEditor.dll (API version 3709383).
LogModuleManager: Display: Found up-to-date module file ../../../Engine/Plugins/Runtime/PhysXVehicles/Binaries/Win64/UE4Editor-PhysXVehicles.dll (API version 3709383).
LogModuleManager: Display: Found up-to-date module file ../../../Engine/Plugins/Runtime/PhysXVehicles/Binaries/Win64/UE4Editor-PhysXVehiclesEditor.dll (API version 3709383).
LogModuleManager: Display: Found up-to-date module file ../../../Engine/Plugins/Runtime/ProceduralMeshComponent/Binaries/Win64/UE4Editor-ProceduralMeshComponent.dll (API version 3709383).
LogModuleManager: Display: Found up-to-date module file ../../../Engine/Plugins/Runtime/ProceduralMeshComponent/Binaries/Win64/UE4Editor-ProceduralMeshComponentEditor.dll (API version 3709383).
LogModuleManager: Display: Found up-to-date module file ../../../Engine/Plugins/Runtime/RuntimePhysXCooking/Binaries/Win64/UE4Editor-RuntimePhysXCooking.dll (API version 3709383).
LogModuleManager: Display: Found up-to-date module file ../../../Engine/Plugins/Runtime/Steam/SteamVR/Binaries/Win64/UE4Editor-SteamVR.dll (API version 3709383).
LogModuleManager: Display: Found up-to-date module file ../../../Engine/Plugins/Runtime/Steam/SteamVR/Binaries/Win64/UE4Editor-SteamVRController.dll (API version 3709383).
LogModuleManager: Display: Found up-to-date module file ../../../Engine/Plugins/Runtime/WindowsMoviePlayer/Binaries/Win64/UE4Editor-WindowsMoviePlayer.dll (API version 3709383).
LogPluginManager: Mounting plugin Paper2D
LogPluginManager: Mounting plugin LightPropagationVolume
LogPluginManager: Mounting plugin CodeLiteSourceCodeAccess
LogPluginManager: Mounting plugin GitSourceControl
LogPluginManager: Mounting plugin KDevelopSourceCodeAccess
LogPluginManager: Mounting plugin NullSourceCodeAccess
LogPluginManager: Mounting plugin PerforceSourceControl
LogPluginManager: Mounting plugin SubversionSourceControl
LogPluginManager: Mounting plugin UObjectPlugin
LogPluginManager: Mounting plugin VisualStudioCodeSourceCodeAccess
LogPluginManager: Mounting plugin VisualStudioSourceCodeAccess
LogPluginManager: Mounting plugin XCodeSourceCodeAccess
LogPluginManager: Mounting plugin AssetManagerEditor
LogPluginManager: Mounting plugin AudioCapture
LogPluginManager: Mounting plugin FacialAnimation
LogPluginManager: Mounting plugin GameplayTagsEditor
LogPluginManager: Mounting plugin MobileLauncherProfileWizard
LogPluginManager: Mounting plugin PluginBrowser
LogPluginManager: Mounting plugin SpeedTreeImporter
LogPluginManager: Mounting plugin AlembicImporter
LogPluginManager: Mounting plugin CharacterAI
LogPluginManager: Mounting plugin HTML5Networking
LogPluginManager: Mounting plugin AndroidMedia
LogPluginManager: Mounting plugin AvfMedia
LogPluginManager: Mounting plugin ImgMedia
LogPluginManager: Mounting plugin MediaCompositing
LogPluginManager: Mounting plugin MediaPlayerEditor
LogPluginManager: Mounting plugin WmfMedia
LogPluginManager: Mounting plugin TcpMessaging
LogPluginManager: Mounting plugin UdpMessaging
LogPluginManager: Mounting plugin ActorSequence
LogPluginManager: Mounting plugin LevelSequenceEditor
LogPluginManager: Mounting plugin MatineeToLevelSequence
LogPluginManager: Mounting plugin OnlineSubsystemGooglePlay
LogPluginManager: Mounting plugin OnlineSubsystemIOS
LogPluginManager: Mounting plugin OnlineSubsystem
LogPluginManager: Mounting plugin OnlineSubsystemNull
LogPluginManager: Mounting plugin OnlineSubsystemUtils
LogPluginManager: Mounting plugin AndroidDeviceProfileSelector
LogPluginManager: Mounting plugin AndroidMoviePlayer
LogPluginManager: Mounting plugin AndroidPermission
LogPluginManager: Mounting plugin AppleARKit
LogPluginManager: Mounting plugin AppleMoviePlayer
LogPluginManager: Mounting plugin ArchVisCharacter
LogPluginManager: Mounting plugin CableComponent
LogPluginManager: Mounting plugin CustomMeshComponent
LogPluginManager: Mounting plugin ExampleDeviceProfileSelector
LogPluginManager: Mounting plugin GoogleCloudMessaging
LogPluginManager: Mounting plugin ImmediatePhysics
LogPluginManager: Mounting plugin IOSDeviceProfileSelector
LogPluginManager: Mounting plugin LinuxDeviceProfileSelector
LogPluginManager: Mounting plugin LocationServicesBPLibrary
LogPluginManager: Mounting plugin MobilePatchingUtils
LogPluginManager: Mounting plugin OculusVR
LogPluginManager: Plugin shader directory ../../../Engine/Plugins/Runtime/Oculus/OculusVR/Shaders found
LogPluginManager: Mapping shader source directory ../../../Engine/Plugins/Runtime/Oculus/OculusVR/Shaders to virtual directory /Plugin/OculusVR
LogPluginManager: Mounting plugin PhysXVehicles
LogPluginManager: Mounting plugin ProceduralMeshComponent
LogPluginManager: Mounting plugin RuntimePhysXCooking
LogPluginManager: Mounting plugin SteamVR
LogPluginManager: Mounting plugin WindowsMoviePlayer
LogInit: Using libcurl 7.47.1
LogInit:  - built for x86_64-pc-win32
LogInit:  - supports SSL with OpenSSL/1.0.2g
LogInit:  - supports HTTP deflate (compression) using libz 1.2.8
LogInit:  - other features:
LogInit:      CURL_VERSION_SSL
LogInit:      CURL_VERSION_LIBZ
LogInit:      CURL_VERSION_IPV6
LogInit:      CURL_VERSION_ASYNCHDNS
LogInit:      CURL_VERSION_LARGEFILE
LogInit:      CURL_VERSION_IDN
LogInit:  CurlRequestOptions (configurable via config and command line):
LogInit:  - bVerifyPeer = false  - Libcurl will NOT verify peer certificate
LogInit:  - bUseHttpProxy = false  - Libcurl will NOT use HTTP proxy
LogInit:  - bDontReuseConnections = false  - Libcurl will reuse connections
LogInit:  - CertBundlePath = nullptr  - Libcurl will use whatever was configured at build time.
LogInit: Build: ++UE4+Release-4.18-CL-3832480
LogInit: Engine Version: 4.18.3-3832480+++UE4+Release-4.18
LogInit: Compatible Engine Version: 4.18.0-3709383+++UE4+Release-4.18
LogInit: Net CL: 3709383
LogDevObjectVersion: Number of dev versions registered: 16
LogDevObjectVersion:   Dev-Blueprints (B0D832E4-1F89-4F0D-ACCF-7EB736FD4AA2): 10
LogDevObjectVersion:   Dev-Build (E1C64328-A22C-4D53-A36C-8E866417BD8C): 0
LogDevObjectVersion:   Dev-Core (375EC13C-06E4-48FB-B500-84F0262A717E): 2
LogDevObjectVersion:   Dev-Editor (E4B068ED-F494-42E9-A231-DA0B2E46BB41): 20
LogDevObjectVersion:   Dev-Framework (CFFC743F-43B0-4480-9391-14DF171D2073): 30
LogDevObjectVersion:   Dev-Mobile (B02B49B5-BB20-44E9-A304-32B752E40360): 0
LogDevObjectVersion:   Dev-Networking (A4E4105C-59A1-49B5-A7C5-40C4547EDFEE): 0
LogDevObjectVersion:   Dev-Online (39C831C9-5AE6-47DC-9A44-9C173E1C8E7C): 0
LogDevObjectVersion:   Dev-Physics (78F01B33-EBEA-4F98-B9B4-84EACCB95AA2): 0
LogDevObjectVersion:   Dev-Platform (6631380F-2D4D-43E0-8009-CF276956A95A): 0
LogDevObjectVersion:   Dev-Rendering (12F88B9F-8875-4AFC-A67C-D90C383ABD29): 20
LogDevObjectVersion:   Dev-Sequencer (7B5AE74C-D270-4C10-A958-57980B212A5A): 4
LogDevObjectVersion:   Dev-VR (D7296918-1DD6-4BDD-9DE2-64A83CC13884): 0
LogDevObjectVersion:   Dev-LoadTimes (C2A15278-BFE7-4AFE-6C17-90FF531DF755): 1
LogDevObjectVersion:   Private-Geometry (6EACA3D4-40EC-4CC1-B786-8BED09428FC5): 1
LogDevObjectVersion:   Dev-AnimPhys (29E575DD-E0A3-4627-9D10-D276232CDCEA): 12
LogInit: Compiled (64-bit): Jan 12 2018 02:04:55
LogInit: Compiled with Visual C++: 19.00.24215.01
LogInit: Build Configuration: Development
LogInit: Branch Name: ++UE4+Release-4.18
LogInit: Command line: -EpicPortal 
LogInit: Base directory: F:/Unreal 4.18/UE_4.18/Engine/Binaries/Win64/
LogInit: Installed Engine Build: 1
LogInit: Presizing for max 8388607 objects, including 0 objects not considered by GC, pre-allocating 0 bytes for permanent pool.
LogInit: Object subsystem initialized
[2018.03.15-18.49.17:663][  0]LogInit: Selected Device Profile: [Windows]
[2018.03.15-18.49.17:664][  0]LogInit: Applying CVar settings loaded from the selected device profile: [Windows]
[2018.03.15-18.49.17:680][  0]LogInit: Computer: MR_E-DATOR
[2018.03.15-18.49.17:680][  0]LogInit: User: MrE
[2018.03.15-18.49.17:680][  0]LogInit: CPU Page size=4096, Cores=4
[2018.03.15-18.49.17:680][  0]LogInit: High frequency timer resolution =3.233220 MHz
[2018.03.15-18.49.17:680][  0]LogMemory: Memory total: Physical=8.0GB (8GB approx)
[2018.03.15-18.49.17:680][  0]LogMemory: Platform Memory Stats for Windows
[2018.03.15-18.49.17:680][  0]LogMemory: Process Physical Memory: 275.25 MB used, 275.25 MB peak
[2018.03.15-18.49.17:680][  0]LogMemory: Process Virtual Memory: 271.71 MB used, 271.71 MB peak
[2018.03.15-18.49.17:680][  0]LogMemory: Physical Memory: 5172.89 MB used,  2986.24 MB free, 8159.14 MB total
[2018.03.15-18.49.17:680][  0]LogMemory: Virtual Memory: 679.39 MB used,  2986.24 MB free, 134217728.00 MB total
[2018.03.15-18.49.17:976][  0]LogInit: Using OS detected language (sv-SE).
[2018.03.15-18.49.17:976][  0]LogInit: Using OS detected locale (sv-SE).
[2018.03.15-18.49.17:980][  0]LogTextLocalizationManager: No localization for 'sv-SE' exists, so 'en' will be used for the language.
[2018.03.15-18.49.17:980][  0]LogTextLocalizationManager: No localization for 'sv-SE' exists, so 'en' will be used for the locale.
[2018.03.15-18.49.18:448][  0]LogInit: Setting process to per monitor DPI aware
[2018.03.15-18.49.18:771][  0]LogD3D11RHI: D3D11 adapters:
[2018.03.15-18.49.18:846][  0]LogD3D11RHI:    0. 'NVIDIA GeForce GTX 1070' (Feature Level 11_0)
[2018.03.15-18.49.18:846][  0]LogD3D11RHI:       8088/0/4079 MB DedicatedVideo/DedicatedSystem/SharedSystem, Outputs:2, VendorId:0x10de
[2018.03.15-18.49.18:850][  0]LogD3D11RHI:    1. 'Microsoft Basic Render Driver' (Feature Level 11_0)
[2018.03.15-18.49.18:850][  0]LogD3D11RHI:       0/0/4079 MB DedicatedVideo/DedicatedSystem/SharedSystem, Outputs:0, VendorId:0x1414
[2018.03.15-18.49.18:850][  0]LogD3D11RHI: Chosen D3D11 Adapter: 0
[2018.03.15-18.49.18:856][  0]LogD3D11RHI: Creating new Direct3DDevice
[2018.03.15-18.49.18:856][  0]LogD3D11RHI:     GPU DeviceId: 0x1b81 (for the marketing name, search the web for "GPU Device Id")
[2018.03.15-18.49.18:856][  0]LogWindows: EnumDisplayDevices:
[2018.03.15-18.49.18:856][  0]LogWindows:    0. 'NVIDIA GeForce GTX 1070' (P:1 D:1)
[2018.03.15-18.49.18:857][  0]LogWindows:    1. 'NVIDIA GeForce GTX 1070' (P:0 D:1)
[2018.03.15-18.49.18:857][  0]LogWindows:    2. 'NVIDIA GeForce GTX 1070' (P:0 D:0)
[2018.03.15-18.49.18:857][  0]LogWindows:    3. 'NVIDIA GeForce GTX 1070' (P:0 D:0)
[2018.03.15-18.49.18:857][  0]LogWindows: DebugString: GetVideoDriverDetailsInvalid PrimaryIsNotTheChoosenAdapter GetVideoDriverDetailsInvalid PrimaryIsNotTheChoosenAdapter GetVideoDriverDetailsInvalid PrimaryIsNotTheChoosenAdapter GetVideoDriverDetailsInvalid PrimaryIsNotTheChoosenAdapter FoundDriverCount:0 
[2018.03.15-18.49.18:857][  0]LogD3D11RHI:     Adapter Name: NVIDIA GeForce GTX 1070
[2018.03.15-18.49.18:857][  0]LogD3D11RHI:   Driver Version: Unknown (internal:Unknown, unified:Unknown)
[2018.03.15-18.49.18:857][  0]LogD3D11RHI:      Driver Date: Unknown
[2018.03.15-18.49.18:857][  0]LogRHI: Texture pool is 5661 MB (70% of 8088 MB)
[2018.03.15-18.49.18:901][  0]LogD3D11RHI: Async texture creation enabled
[2018.03.15-18.49.18:918][  0]LogD3D11RHI: GPU Timing Frequency: 1000.000000 (Debug: 2 2)
[2018.03.15-18.49.18:967][  0]LogShaderCompilers: Guid format shader working directory is -19 characters bigger than the processId version (../../../../../Projects/AdventureP/AdventureUE4Project/Adventure/Intermediate/Shaders/WorkingDirectory/7208/).
[2018.03.15-18.49.18:967][  0]LogShaderCompilers: Cleaned the shader compiler working directory 'C:/Users/Mr_E/AppData/Local/Temp/UnrealShaderWorkingDir/5EB2077446A886CECC66D88A99CDB02B/'.
[2018.03.15-18.49.18:967][  0]LogShaderCompilers: Display: Using Local Shader Compiler.
[2018.03.15-18.49.20:138][  0]LogTemp: Display: Loaded TP AllDesktopTargetPlatform
[2018.03.15-18.49.20:190][  0]LogTemp: Display: Loaded TP MacClientTargetPlatform
[2018.03.15-18.49.20:244][  0]LogTemp: Display: Loaded TP MacNoEditorTargetPlatform
[2018.03.15-18.49.20:296][  0]LogTemp: Display: Loaded TP MacServerTargetPlatform
[2018.03.15-18.49.20:349][  0]LogTemp: Display: Loaded TP MacTargetPlatform
[2018.03.15-18.49.20:402][  0]LogTemp: Display: Loaded TP WindowsClientTargetPlatform
[2018.03.15-18.49.20:455][  0]LogTemp: Display: Loaded TP WindowsNoEditorTargetPlatform
[2018.03.15-18.49.20:508][  0]LogTemp: Display: Loaded TP WindowsServerTargetPlatform
[2018.03.15-18.49.20:553][  0]LogTemp: Display: Loaded TP WindowsTargetPlatform
[2018.03.15-18.49.20:606][  0]LogTemp: Display: Loaded TP Android_ASTCTargetPlatform
[2018.03.15-18.49.20:658][  0]LogTemp: Display: Loaded TP Android_ATCTargetPlatform
[2018.03.15-18.49.20:712][  0]LogTemp: Display: Loaded TP Android_DXTTargetPlatform
[2018.03.15-18.49.20:764][  0]LogTemp: Display: Loaded TP Android_ETC1TargetPlatform
[2018.03.15-18.49.20:817][  0]LogTemp: Display: Loaded TP Android_ETC2TargetPlatform
[2018.03.15-18.49.20:922][  0]LogTemp: Display: Loaded TP Android_MultiTargetPlatform
[2018.03.15-18.49.20:923][  0]LogTemp: Display: Loaded TP Android_PVRTCTargetPlatform
[2018.03.15-18.49.20:975][  0]LogTemp: Display: Loaded TP AndroidTargetPlatform
[2018.03.15-18.49.21:014][  0]LogTemp: Display: Loaded TP HTML5TargetPlatform
[2018.03.15-18.49.21:106][  0]LogTemp: Display: Loaded TP IOSTargetPlatform
[2018.03.15-18.49.21:135][  0]LogTemp: Display: Loaded TP TVOSTargetPlatform
[2018.03.15-18.49.21:187][  0]LogTemp: Display: Loaded TP LinuxClientTargetPlatform
[2018.03.15-18.49.21:240][  0]LogTemp: Display: Loaded TP LinuxNoEditorTargetPlatform
[2018.03.15-18.49.21:292][  0]LogTemp: Display: Loaded TP LinuxServerTargetPlatform
[2018.03.15-18.49.21:344][  0]LogTemp: Display: Loaded TP LinuxTargetPlatform
[2018.03.15-18.49.21:344][  0]LogTargetPlatformManager: Display: Building Assets For Windows
[2018.03.15-18.49.21:791][  0]LogDerivedDataCache: Display: Max Cache Size: 512 MB
[2018.03.15-18.49.21:883][  0]LogDerivedDataCache: Loaded boot cache 0.09s 79MB C:/Users/Mr_E/AppData/Local/UnrealEngine/4.18/DerivedDataCache/Boot.ddc.
[2018.03.15-18.49.21:883][  0]LogDerivedDataCache: Display: Loaded Boot cache: C:/Users/Mr_E/AppData/Local/UnrealEngine/4.18/DerivedDataCache/Boot.ddc
[2018.03.15-18.49.21:883][  0]LogDerivedDataCache: FDerivedDataBackendGraph:  Pak pak cache file ../../../../../Projects/AdventureP/AdventureUE4Project/Adventure/DerivedDataCache/DDC.ddp not found, will not use a pak cache.
[2018.03.15-18.49.21:883][  0]LogDerivedDataCache: Unable to find inner node Pak for hierarchical cache Hierarchy.
[2018.03.15-18.49.21:883][  0]LogDerivedDataCache: FDerivedDataBackendGraph:  CompressedPak pak cache file ../../../../../Projects/AdventureP/AdventureUE4Project/Adventure/DerivedDataCache/Compressed.ddp not found, will not use a pak cache.
[2018.03.15-18.49.21:884][  0]LogDerivedDataCache: Unable to find inner node CompressedPak for hierarchical cache Hierarchy.
[2018.03.15-18.49.21:902][  0]LogDerivedDataCache: Display: Pak cache opened for reading ../../../Engine/DerivedDataCache/Compressed.ddp.
[2018.03.15-18.49.21:915][  0]LogDerivedDataCache: Using Local data cache path C:/Users/Mr_E/AppData/Local/UnrealEngine/Common/DerivedDataCache: Writable
[2018.03.15-18.49.21:929][  0]LogMaterial: Verifying Global Shaders for PCD3D_SM5
[2018.03.15-18.49.21:930][  0]LogSlate: Using Freetype 2.6.0
[2018.03.15-18.49.21:931][  0]LogSlate: SlateFontCache - WITH_FREETYPE: 1, WITH_HARFBUZZ: 1
[2018.03.15-18.49.21:931][  0]LogSlate: SlateFontCache - WITH_FREETYPE: 1, WITH_HARFBUZZ: 1
[2018.03.15-18.49.22:415][  0]LogInit: Selected Device Profile: [Windows]
[2018.03.15-18.49.22:761][  0]LogSimplygon: Simplygon DLL not present - disabling.
[2018.03.15-18.49.22:800][  0]LogMeshReduction: Using SimplygonSwarm for distributed automatic mesh merging
[2018.03.15-18.49.22:800][  0]LogMeshReduction: Using QuadricMeshReduction for automatic static mesh reduction
[2018.03.15-18.49.22:800][  0]LogMeshReduction: No automatic skeletal mesh reduction module available
[2018.03.15-18.49.22:800][  0]LogMeshReduction: No automatic mesh merging module available
[2018.03.15-18.49.22:800][  0]LogMeshMerging: No automatic mesh merging module available
[2018.03.15-18.49.22:832][  0]LogNetVersion: Adventure , NetCL: 3709383, EngineNetVer: 2, GameNetVer: 0 (Checksum: 1750621016)
[2018.03.15-18.49.23:001][  0]LogAssetRegistry: FAssetRegistry took 0.0275 seconds to start up
[2018.03.15-18.49.23:502][  0]LogPackageLocalizationCache: Processed 7 localized package path(s) for 1 prioritized culture(s) in 0.038408 seconds
[2018.03.15-18.49.23:508][  0]LogUObjectArray: 35870 objects as part of root set at end of initial load.
[2018.03.15-18.49.23:508][  0]LogUObjectAllocator: 7363696 out of 0 bytes used by permanent object pool.
[2018.03.15-18.49.23:508][  0]LogUObjectArray: CloseDisregardForGC: 0/0 objects in disregard for GC pool
[2018.03.15-18.49.23:554][  0]LogInit: WinSock: version 1.1 (2.2), MaxSocks=32767, MaxUdp=65467
[2018.03.15-18.49.26:539][  0]LogTcpMessaging: Initializing TcpMessaging bridge
[2018.03.15-18.49.26:581][  0]LogUdpMessaging: Initializing bridge on interface 0.0.0.0:0 to multicast group 230.0.0.1:6666.
[2018.03.15-18.49.27:266][  0]LogMaterial: Uniform references updated for custom material expression Custom.
[2018.03.15-18.49.27:708][  0]SourceControl: Source control is disabled
[2018.03.15-18.49.28:661][  0]LogAndroidPermission: UAndroidPermissionCallbackProxy::GetInstance
[2018.03.15-18.49.28:949][  0]LogOcInput: OculusInput pre-init called
[2018.03.15-18.49.29:250][  0]LogEngine: Initializing Engine...
[2018.03.15-18.49.29:257][  0]LogHMD: Failed to initialize OpenVR with code 105
[2018.03.15-18.49.29:715][  0]LogStats: UGameplayTagsManager::ConstructGameplayTagTree: Construct from data asset -  0.000 s
[2018.03.15-18.49.29:715][  0]LogStats: UGameplayTagsManager::ConstructGameplayTagTree: GameplayTagTreeChangedEvent.Broadcast -  0.000 s
[2018.03.15-18.49.29:970][  0]LogAIModule: Creating AISystem for world Untitled
[2018.03.15-18.49.30:016][  0]LogInit: XAudio2 using 'Hörlurar på headset (2- SteelSeries Arctis 7 Chat)' : 1 channels at 48 kHz using 16 bits per sample (channel mask 0x0)
[2018.03.15-18.49.30:060][  0]LogInit: FAudioDevice initialized.
[2018.03.15-18.49.30:188][  0]LogDerivedDataCache: Saved boot cache 0.13s 79MB C:/Users/Mr_E/AppData/Local/UnrealEngine/4.18/DerivedDataCache/Boot.ddc.
[2018.03.15-18.49.30:208][  0]LogInit: Texture streaming: Enabled
[2018.03.15-18.49.30:448][  0]LogEngineSessionManager: EngineSessionManager initialized
[2018.03.15-18.49.30:734][  0]LogInit: Transaction tracking system initialized
[2018.03.15-18.49.31:157][  0]BlueprintLog: New page: Editor Load
[2018.03.15-18.49.32:322][  0]LocalizationService: Localization service is disabled
[2018.03.15-18.49.33:235][  0]LogConsoleResponse: Display: 
[2018.03.15-18.49.33:462][  0]LogCook: Display: Max memory allowance for cook 16384mb min free memory 0mb
[2018.03.15-18.49.33:462][  0]LogCook: Display: Mobile HDR setting 1
[2018.03.15-18.49.33:463][  0]LogGameplayTags: Display: UGameplayTagsManager::DoneAddingNativeTags. DelegateIsBound: 0
[2018.03.15-18.49.34:199][  0]LogFileCache: Scanning file cache for directory 'F:/Projects/AdventureP/AdventureUE4Project/Adventure/Content/' took 0.04s
[2018.03.15-18.49.34:817][  0]Cmd: MAP LOAD FILE="../../../../../Projects/AdventureP/AdventureUE4Project/Adventure/Content/FirstPersonBP/Maps/FirstPersonExampleMap.umap" TEMPLATE=0 SHOWPROGRESS=1 FEATURELEVEL=3
[2018.03.15-18.49.34:817][  0]LightingResults: New page: Lighting Build
[2018.03.15-18.49.34:861][  0]MapCheck: New page: Map Check
[2018.03.15-18.49.34:861][  0]LightingResults: New page: Lighting Build
[2018.03.15-18.49.37:261][  0]LogAIModule: Creating AISystem for world FirstPersonExampleMap
[2018.03.15-18.49.38:427][  0]LogEditorServer: Finished looking for orphan Actors (0.000 secs)
[2018.03.15-18.49.38:449][  0]Cmd: MAP CHECKDEP NOCLEARLOG
[2018.03.15-18.49.38:539][  0]MapCheck: Map check complete: 0 Error(s), 0 Warning(s), took 89.727ms to complete.
[2018.03.15-18.49.38:539][  0]LogFileHelpers: Loading map 'FirstPersonExampleMap' took 3.723
[2018.03.15-18.49.38:603][  0]LogWindowsTextInputMethodSystem: Display: IME system now deactivated.
[2018.03.15-18.49.38:767][  0]LogCollectionManager: Loaded 0 collections in 0.001245 seconds
[2018.03.15-18.49.38:853][  0]LogFileCache: Scanning file cache for directory 'F:/Projects/AdventureP/AdventureUE4Project/Adventure/Saved/Collections/' took 0.01s
[2018.03.15-18.49.38:853][  0]LogFileCache: Scanning file cache for directory 'F:/Projects/AdventureP/AdventureUE4Project/Adventure/Content/Developers/MrE/Collections/' took 0.01s
[2018.03.15-18.49.38:853][  0]LogFileCache: Scanning file cache for directory 'F:/Projects/AdventureP/AdventureUE4Project/Adventure/Content/Collections/' took 0.01s
[2018.03.15-18.49.38:853][  0]LogCollectionManager: Rebuilt the GUID cache for 0 collections in 0.000001 seconds
[2018.03.15-18.49.38:864][  0]LogContentBrowser: Native class hierarchy populated in 0.0110 seconds. Added 2363 classes and 519 folders.
[2018.03.15-18.49.38:941][  0]LogContentBrowser: Native class hierarchy updated for 'WidgetCarousel' in 0.0003 seconds. Added 0 classes and 0 folders.
[2018.03.15-18.49.39:427][  0]LogContentBrowser: Native class hierarchy updated for 'AddContentDialog' in 0.0003 seconds. Added 0 classes and 0 folders.
[2018.03.15-18.49.39:474][  0]LogContentBrowser: Native class hierarchy updated for 'SceneOutliner' in 0.0003 seconds. Added 1 classes and 2 folders.
[2018.03.15-18.49.39:608][  0]LogSlate: Took 0.000288 seconds to synchronously load lazily loaded font '../../../Engine/Content/Slate/Fonts/Roboto-Regular.ttf' (155K)
[2018.03.15-18.49.39:610][  0]LogSlate: Took 0.000215 seconds to synchronously load lazily loaded font '../../../Engine/Content/Slate/Fonts/Roboto-Bold.ttf' (160K)
[2018.03.15-18.49.39:625][  0]LogSlate: Took 0.008657 seconds to synchronously load lazily loaded font '../../../Engine/Content/Editor/Slate/Fonts/FontAwesome.ttf' (139K)
[2018.03.15-18.49.39:755][  0]LogRenderer: Reallocating scene render targets to support 1180x616 Format 10 NumSamples 1 (Frame:1).
[2018.03.15-18.49.39:953][  0]LogContentBrowser: Native class hierarchy updated for 'HierarchicalLODOutliner' in 0.0003 seconds. Added 1 classes and 2 folders.
[2018.03.15-18.49.39:953][  0]LogLoad: (Engine Initialization) Total time: 25.92 seconds
[2018.03.15-18.49.39:953][  0]LogLoad: (Engine Initialization) Total Blueprint compile time: 0.00 seconds
[2018.03.15-18.49.39:953][  0]LogExternalProfiler: Found external profiler: VSPerf
[2018.03.15-18.49.39:953][  0]LogExternalProfiler: Using external profiler: VSPerf
[2018.03.15-18.49.39:984][  0]LogContentStreaming: Texture pool size now 1000 MB
[2018.03.15-18.49.40:098][  2]LogAssetRegistry: Asset discovery search completed in 17.1187 seconds
[2018.03.15-18.49.40:101][  2]LogCollectionManager: Rebuilt the object cache for 0 collections in 0.000001 seconds (found 0 objects)
[2018.03.15-18.49.40:101][  2]LogCollectionManager: Fixed up redirectors for 0 collections in 0.000096 seconds (updated 0 objects)
[2018.03.15-18.49.41:004][ 72]LogSlate: Took 0.000298 seconds to synchronously load lazily loaded font '../../../Engine/Content/Slate/Fonts/Roboto-Light.ttf' (159K)
[2018.03.15-18.49.44:029][382]LogSlate: Took 0.000274 seconds to synchronously load lazily loaded font '../../../Engine/Content/Slate/Fonts/Roboto-Light.ttf' (159K)
[2018.03.15-18.54.33:913][ 20]LogSlate: Took 0.000231 seconds to synchronously load lazily loaded font '../../../Engine/Content/Slate/Fonts/Roboto-Light.ttf' (159K)
[2018.03.15-18.54.34:180][ 20]LogTexture: Display: Building textures: HQ_Lightmap0_1 (AutoDXT, 1024X1024)
[2018.03.15-18.54.34:180][ 20]LogTexture: Display: Building textures: HQ_Lightmap0_11 (AutoDXT, 1024X1024)
[2018.03.15-18.54.34:883][ 20]LogTexture: Display: Building textures: HQ_Lightmap0_14 (AutoDXT, 128X128)
[2018.03.15-18.54.34:883][ 20]LogTexture: Display: Building textures: HQ_Lightmap0_15 (AutoDXT, 64X64)
[2018.03.15-18.54.34:883][ 20]LogTexture: Display: Building textures: HQ_Lightmap0_16 (AutoDXT, 64X64)
[2018.03.15-18.54.34:883][ 20]LogTexture: Display: Building textures: HQ_Lightmap0_2 (AutoDXT, 1024X1024)
[2018.03.15-18.54.35:412][ 20]LogTexture: Display: Building textures: HQ_Lightmap0_5 (AutoDXT, 1024X1024)
[2018.03.15-18.54.35:414][ 20]LogSlate: Took 0.000307 seconds to synchronously load lazily loaded font '../../../Engine/Content/Slate/Fonts/Roboto-Regular.ttf' (155K)
[2018.03.15-18.54.35:775][ 20]LogTexture: Display: Building textures: HQ_Lightmap0_6 (AutoDXT, 1024X1024)
[2018.03.15-18.54.36:318][ 20]LogTexture: Display: Building textures: HQ_Lightmap0_8 (AutoDXT, 1024X1024)
[2018.03.15-18.54.36:677][ 20]LogTexture: Display: Building textures: HQ_Lightmap0_9 (AutoDXT, 1024X1024)
[2018.03.15-18.54.37:390][ 20]LogTexture: Display: Building textures: HQ_Lightmap1_10 (AutoDXT, 512X512)
[2018.03.15-18.54.37:390][ 20]LogTexture: Display: Building textures: HQ_Lightmap1_12 (AutoDXT, 256X256)
[2018.03.15-18.54.37:390][ 20]LogTexture: Display: Building textures: HQ_Lightmap1_13 (AutoDXT, 128X128)
[2018.03.15-18.54.37:390][ 20]LogTexture: Display: Building textures: HQ_Lightmap1_3 (AutoDXT, 512X512)
[2018.03.15-18.54.37:687][ 20]LogTexture: Display: Building textures: HQ_Lightmap1_4 (AutoDXT, 512X512)
[2018.03.15-18.54.37:687][ 20]LogTexture: Display: Building textures: HQ_Lightmap1_7 (AutoDXT, 1024X1024)
[2018.03.15-18.54.38:284][ 20]LogTexture: Display: Building textures: LQ_Lightmap_0_1 (DXT1, 1024X1024)
[2018.03.15-18.54.38:284][ 20]LogTexture: Display: Building textures: LQ_Lightmap_0_11 (DXT1, 1024X1024)
[2018.03.15-18.54.39:049][ 20]LogTexture: Display: Building textures: LQ_Lightmap_0_14 (DXT1, 128X128)
[2018.03.15-18.54.39:049][ 20]LogTexture: Display: Building textures: LQ_Lightmap_0_15 (DXT1, 64X64)
[2018.03.15-18.54.39:049][ 20]LogTexture: Display: Building textures: LQ_Lightmap_0_16 (DXT1, 64X64)
[2018.03.15-18.54.39:049][ 20]LogTexture: Display: Building textures: LQ_Lightmap_0_2 (DXT1, 1024X1024)
[2018.03.15-18.54.39:049][ 20]LogTexture: Display: Building textures: LQ_Lightmap_0_5 (DXT1, 1024X1024)
[2018.03.15-18.54.39:767][ 20]LogTexture: Display: Building textures: LQ_Lightmap_0_6 (DXT1, 1024X1024)
[2018.03.15-18.54.39:767][ 20]LogTexture: Display: Building textures: LQ_Lightmap_0_8 (DXT1, 1024X1024)
[2018.03.15-18.54.40:664][ 20]LogTexture: Display: Building textures: LQ_Lightmap_0_9 (DXT1, 1024X1024)
[2018.03.15-18.54.40:664][ 20]LogTexture: Display: Building textures: LQ_Lightmap_1_10 (DXT1, 512X512)
[2018.03.15-18.54.40:664][ 20]LogTexture: Display: Building textures: LQ_Lightmap_1_12 (DXT1, 256X256)
[2018.03.15-18.54.40:664][ 20]LogTexture: Display: Building textures: LQ_Lightmap_1_13 (DXT1, 128X128)
[2018.03.15-18.54.40:664][ 20]LogTexture: Display: Building textures: LQ_Lightmap_1_3 (DXT1, 512X512)
[2018.03.15-18.54.40:664][ 20]LogTexture: Display: Building textures: LQ_Lightmap_1_4 (DXT1, 512X512)
[2018.03.15-18.54.40:933][ 20]LogTexture: Display: Building textures: LQ_Lightmap_1_7 (DXT1, 1024X1024)
[2018.03.15-18.54.41:186][ 20]LogAIModule: Creating AISystem for world roadSideScene
[2018.03.15-18.54.41:232][ 20]Cmd: MAP LOAD FILE="../../../../../Projects/AdventureP/AdventureUE4Project/Adventure/Content/Scenes/roadSideScene.umap" TEMPLATE=0 SHOWPROGRESS=1 FEATURELEVEL=3
[2018.03.15-18.54.41:232][ 20]LightingResults: New page: Lighting Build
[2018.03.15-18.54.41:233][ 20]LoadErrors: New page: Loading map: roadSideScene.umap
[2018.03.15-18.54.41:235][ 20]MapCheck: New page: Map Check
[2018.03.15-18.54.41:236][ 20]LightingResults: New page: Lighting Build
[2018.03.15-18.54.41:388][ 20]LogEditorServer: Finished looking for orphan Actors (0.000 secs)
[2018.03.15-18.54.41:443][ 20]Cmd: MAP CHECKDEP NOCLEARLOG
[2018.03.15-18.54.41:531][ 20]MapCheck: Map check complete: 0 Error(s), 0 Warning(s), took 88.46ms to complete.
[2018.03.15-18.54.41:531][ 20]LogFileHelpers: Loading map 'roadSideScene' took 0.300
[2018.03.15-18.54.41:633][ 21]LogStaticMesh: Allocated 507x176x64 distance field atlas = 10.9Mb, with 64 objects containing 5.8Mb backing data
[2018.03.15-18.54.52:099][221]LogSlate: Took 0.000281 seconds to synchronously load lazily loaded font '../../../Engine/Content/Editor/Slate/Fonts/Roboto-Italic.ttf' (157K)
[2018.03.15-18.54.58:313][854]LogEditorViewport: Clicking on Actor (LMB): DirectionalLight (DirectionalLight)
[2018.03.15-18.58.27:024][707]LogEditorViewport: Clicking on Actor (LMB): Landscape (Landscape)
[2018.03.15-18.58.31:821][107]LogMaterial: Missing cached shader map for material Grass_Terrain_Mat, compiling. 
[2018.03.15-18.58.31:938][107]LogTexture: Display: Building textures: Texture2D_2 (G8, 128X128)
[2018.03.15-18.59.07:035][511]Cmd: SELECT NONE
[2018.03.15-18.59.13:383][191]LogEditorViewport: Clicking on Actor (LMB): StaticMeshActor (SM_Cave_Rock_Ceiling32)
[2018.03.15-19.01.59:089][699]LogEditorViewport: Clicking on Actor (LMB): BP_Sky_Sphere_C (BP_Sky_Sphere)
[2018.03.15-19.02.03:156][ 89]LogEditorViewport: Clicking on Actor (LMB): Landscape (Landscape7)
[2018.03.15-19.02.29:453][564]Cmd: TRANSACTION UNDO
[2018.03.15-19.02.29:453][564]LogEditorTransaction: Undo Move Actors
[2018.03.15-19.02.29:481][564]LogActorComponent: ~FComponentReregisterContext: (/Game/Scenes/roadSideScene.roadSideScene:PersistentLevel.Landscape_7.LandscapeHeightfieldCollisionComponent_1967) Component already registered.
[2018.03.15-19.02.29:490][564]LogActorComponent: ~FComponentReregisterContext: (/Game/Scenes/roadSideScene.roadSideScene:PersistentLevel.Landscape_7.LandscapeHeightfieldCollisionComponent_1964) Component already registered.
[2018.03.15-19.02.29:499][564]LogActorComponent: ~FComponentReregisterContext: (/Game/Scenes/roadSideScene.roadSideScene:PersistentLevel.Landscape_7.LandscapeHeightfieldCollisionComponent_1965) Component already registered.
[2018.03.15-19.02.29:508][564]LogActorComponent: ~FComponentReregisterContext: (/Game/Scenes/roadSideScene.roadSideScene:PersistentLevel.Landscape_7.LandscapeHeightfieldCollisionComponent_1966) Component already registered.
[2018.03.15-19.02.29:922][580]Cmd: TRANSACTION UNDO
[2018.03.15-19.02.29:922][580]LogEditorTransaction: Undo Set Scale
[2018.03.15-19.03.09:806][240]Cmd: EDIT COPY
[2018.03.15-19.03.22:287][440]LogActorComponent: UnregisterComponent: (/Engine/Transient.SphereBrushComponent) Not registered. Aborting.
[2018.03.15-19.04.26:492][ 36]LogTexture: Display: Building textures: Texture2D_9 (BGRA8, 512X512)
[2018.03.15-19.04.26:514][ 36]LogMaterial: Missing cached shader map for material Grass_Terrain_Mat, compiling. 
[2018.03.15-19.05.40:525][675]Cmd: TRANSACTION UNDO
[2018.03.15-19.05.40:525][675]LogEditorTransaction: Undo Set Location
[2018.03.15-19.09.52:685][366]Cmd: CAMERA ALIGN ACTIVEVIEWPORTONLY
[2018.03.15-19.10.30:871][ 69]LogEditorViewport: Clicking on Actor (LMB): StaticMeshActor (SM_Cave_Rock_Ceiling33)
[2018.03.15-19.10.31:077][ 82]Cmd: CAMERA ALIGN ACTIVEVIEWPORTONLY
[2018.03.15-19.10.54:315][350]Cmd: MODE ROTGRID=0
[2018.03.15-19.11.40:629][584]LogEditorViewport: Clicking on Actor (LMB): BP_Sky_Sphere_C (BP_Sky_Sphere)
