Log file open, 09/17/18 21:57:56
LogWindows: Failed to load 'aqProf.dll' (GetLastError=126)
LogWindows: File 'aqProf.dll' does not exist
LogWindows: Failed to load 'VtuneApi.dll' (GetLastError=126)
LogWindows: File 'VtuneApi.dll' does not exist
LogWindows: Failed to load 'VtuneApi32e.dll' (GetLastError=126)
LogWindows: File 'VtuneApi32e.dll' does not exist
LogInit: Display: Running engine for game: Adventure
LogPlatformFile: Not using cached read wrapper
LogInit: Display: RandInit(1785373206) SRandInit(1785373206).
LogInit: Read version file with build ID '3709383'
LogInit: Overriding engine version to CL 3832480, compatible CL 3709383
LogInit: Registered custom module enumerator with build ID '3709383'
LogTaskGraph: Started task graph with 5 named threads and 14 total threads with 3 sets of task threads.
LogStats: Stats thread started at 0.185700
LogD3D11RHI: Aftermath initialized
LogModuleManager: Display: Found up-to-date module file ../../../Engine/Plugins/2D/Paper2D/Binaries/Win64/UE4Editor-Paper2D.dll (API version 3709383).
LogModuleManager: Display: Found up-to-date module file ../../../Engine/Plugins/2D/Paper2D/Binaries/Win64/UE4Editor-Paper2DEditor.dll (API version 3709383).
LogModuleManager: Display: Found up-to-date module file ../../../Engine/Plugins/2D/Paper2D/Binaries/Win64/UE4Editor-PaperSpriteSheetImporter.dll (API version 3709383).
LogModuleManager: Display: Found up-to-date module file ../../../Engine/Plugins/2D/Paper2D/Binaries/Win64/UE4Editor-PaperTiledImporter.dll (API version 3709383).
LogModuleManager: Display: Found up-to-date module file ../../../Engine/Plugins/2D/Paper2D/Binaries/Win64/UE4Editor-SmartSnapping.dll (API version 3709383).
LogModuleManager: Display: Found up-to-date module file ../../../Engine/Plugins/Blendables/LightPropagationVolume/Binaries/Win64/UE4Editor-LightPropagationVolumeRuntime.dll (API version 3709383).
LogModuleManager: Display: Found up-to-date module file ../../../Engine/Plugins/Blendables/LightPropagationVolume/Binaries/Win64/UE4Editor-LightPropagationVolumeEditor.dll (API version 3709383).
LogModuleManager: Display: Found up-to-date module file ../../../Engine/Plugins/Developer/GitSourceControl/Binaries/Win64/UE4Editor-GitSourceControl.dll (API version 3709383).
LogModuleManager: Display: Found up-to-date module file ../../../Engine/Plugins/Developer/PerforceSourceControl/Binaries/Win64/UE4Editor-PerforceSourceControl.dll (API version 3709383).
LogModuleManager: Display: Found up-to-date module file ../../../Engine/Plugins/Developer/SubversionSourceControl/Binaries/Win64/UE4Editor-SubversionSourceControl.dll (API version 3709383).
LogModuleManager: Display: Found up-to-date module file ../../../Engine/Plugins/Developer/UObjectPlugin/Binaries/Win64/UE4Editor-UObjectPlugin.dll (API version 3709383).
LogModuleManager: Display: Found up-to-date module file ../../../Engine/Plugins/Developer/VisualStudioCodeSourceCodeAccess/Binaries/Win64/UE4Editor-VisualStudioCodeSourceCodeAccess.dll (API version 3709383).
LogModuleManager: Display: Found up-to-date module file ../../../Engine/Plugins/Developer/VisualStudioSourceCodeAccess/Binaries/Win64/UE4Editor-VisualStudioSourceCodeAccess.dll (API version 3709383).
LogModuleManager: Display: Found up-to-date module file ../../../Engine/Plugins/Editor/AssetManagerEditor/Binaries/Win64/UE4Editor-AssetManagerEditor.dll (API version 3709383).
LogModuleManager: Display: Found up-to-date module file ../../../Engine/Plugins/Editor/AudioCapture/Binaries/Win64/UE4Editor-AudioCapture.dll (API version 3709383).
LogModuleManager: Display: Found up-to-date module file ../../../Engine/Plugins/Editor/FacialAnimation/Binaries/Win64/UE4Editor-FacialAnimation.dll (API version 3709383).
LogModuleManager: Display: Found up-to-date module file ../../../Engine/Plugins/Editor/FacialAnimation/Binaries/Win64/UE4Editor-FacialAnimationEditor.dll (API version 3709383).
LogModuleManager: Display: Found up-to-date module file ../../../Engine/Plugins/Editor/GameplayTagsEditor/Binaries/Win64/UE4Editor-GameplayTagsEditor.dll (API version 3709383).
LogModuleManager: Display: Found up-to-date module file ../../../Engine/Plugins/Editor/MobileLauncherProfileWizard/Binaries/Win64/UE4Editor-MobileLauncherProfileWizard.dll (API version 3709383).
LogModuleManager: Display: Found up-to-date module file ../../../Engine/Plugins/Editor/PluginBrowser/Binaries/Win64/UE4Editor-PluginBrowser.dll (API version 3709383).
LogModuleManager: Display: Found up-to-date module file ../../../Engine/Plugins/Editor/SpeedTreeImporter/Binaries/Win64/UE4Editor-SpeedTreeImporter.dll (API version 3709383).
LogModuleManager: Display: Found up-to-date module file ../../../Engine/Plugins/Experimental/AlembicImporter/Binaries/Win64/UE4Editor-AlembicImporter.dll (API version 3709383).
LogModuleManager: Display: Found up-to-date module file ../../../Engine/Plugins/Experimental/AlembicImporter/Binaries/Win64/UE4Editor-AlembicLibrary.dll (API version 3709383).
LogModuleManager: Display: Found up-to-date module file ../../../Engine/Plugins/Experimental/CharacterAI/Binaries/Win64/UE4Editor-CharacterAI.dll (API version 3709383).
LogModuleManager: Display: Found up-to-date module file ../../../Engine/Plugins/Experimental/HTML5Networking/Binaries/Win64/UE4Editor-HTML5Networking.dll (API version 3709383).
LogModuleManager: Display: Found up-to-date module file ../../../Engine/Plugins/Media/AndroidMedia/Binaries/Win64/UE4Editor-AndroidMediaEditor.dll (API version 3709383).
LogModuleManager: Display: Found up-to-date module file ../../../Engine/Plugins/Media/AndroidMedia/Binaries/Win64/UE4Editor-AndroidMediaFactory.dll (API version 3709383).
LogModuleManager: Display: Found up-to-date module file ../../../Engine/Plugins/Media/AvfMedia/Binaries/Win64/UE4Editor-AvfMediaEditor.dll (API version 3709383).
LogModuleManager: Display: Found up-to-date module file ../../../Engine/Plugins/Media/AvfMedia/Binaries/Win64/UE4Editor-AvfMediaFactory.dll (API version 3709383).
LogModuleManager: Display: Found up-to-date module file ../../../Engine/Plugins/Media/AvfMedia/Binaries/Win64/UE4Editor-AvfMediaFactory.dll (API version 3709383).
LogModuleManager: Display: Found up-to-date module file ../../../Engine/Plugins/Media/ImgMedia/Binaries/Win64/UE4Editor-ImgMedia.dll (API version 3709383).
LogModuleManager: Display: Found up-to-date module file ../../../Engine/Plugins/Media/ImgMedia/Binaries/Win64/UE4Editor-ImgMediaEditor.dll (API version 3709383).
LogModuleManager: Display: Found up-to-date module file ../../../Engine/Plugins/Media/ImgMedia/Binaries/Win64/UE4Editor-ImgMediaFactory.dll (API version 3709383).
LogModuleManager: Display: Found up-to-date module file ../../../Engine/Plugins/Media/ImgMedia/Binaries/Win64/UE4Editor-ImgMediaFactory.dll (API version 3709383).
LogModuleManager: Display: Found up-to-date module file ../../../Engine/Plugins/Media/ImgMedia/Binaries/Win64/UE4Editor-OpenExrWrapper.dll (API version 3709383).
LogModuleManager: Display: Found up-to-date module file ../../../Engine/Plugins/Media/MediaCompositing/Binaries/Win64/UE4Editor-MediaCompositing.dll (API version 3709383).
LogModuleManager: Display: Found up-to-date module file ../../../Engine/Plugins/Media/MediaCompositing/Binaries/Win64/UE4Editor-MediaCompositingEditor.dll (API version 3709383).
LogModuleManager: Display: Found up-to-date module file ../../../Engine/Plugins/Media/MediaPlayerEditor/Binaries/Win64/UE4Editor-MediaPlayerEditor.dll (API version 3709383).
LogModuleManager: Display: Found up-to-date module file ../../../Engine/Plugins/Media/WmfMedia/Binaries/Win64/UE4Editor-WmfMedia.dll (API version 3709383).
LogModuleManager: Display: Found up-to-date module file ../../../Engine/Plugins/Media/WmfMedia/Binaries/Win64/UE4Editor-WmfMediaEditor.dll (API version 3709383).
LogModuleManager: Display: Found up-to-date module file ../../../Engine/Plugins/Media/WmfMedia/Binaries/Win64/UE4Editor-WmfMediaFactory.dll (API version 3709383).
LogModuleManager: Display: Found up-to-date module file ../../../Engine/Plugins/Media/WmfMedia/Binaries/Win64/UE4Editor-WmfMediaFactory.dll (API version 3709383).
LogModuleManager: Display: Found up-to-date module file ../../../Engine/Plugins/Messaging/TcpMessaging/Binaries/Win64/UE4Editor-TcpMessaging.dll (API version 3709383).
LogModuleManager: Display: Found up-to-date module file ../../../Engine/Plugins/Messaging/UdpMessaging/Binaries/Win64/UE4Editor-UdpMessaging.dll (API version 3709383).
LogModuleManager: Display: Found up-to-date module file ../../../Engine/Plugins/MovieScene/ActorSequence/Binaries/Win64/UE4Editor-ActorSequence.dll (API version 3709383).
LogModuleManager: Display: Found up-to-date module file ../../../Engine/Plugins/MovieScene/LevelSequenceEditor/Binaries/Win64/UE4Editor-LevelSequenceEditor.dll (API version 3709383).
LogModuleManager: Display: Found up-to-date module file ../../../Engine/Plugins/MovieScene/MatineeToLevelSequence/Binaries/Win64/UE4Editor-MatineeToLevelSequence.dll (API version 3709383).
LogModuleManager: Display: Found up-to-date module file ../../../Engine/Plugins/Online/OnlineSubsystem/Binaries/Win64/UE4Editor-OnlineSubsystem.dll (API version 3709383).
LogModuleManager: Display: Found up-to-date module file ../../../Engine/Plugins/Runtime/AndroidPermission/Binaries/Win64/UE4Editor-AndroidPermission.dll (API version 3709383).
LogModuleManager: Display: Found up-to-date module file ../../../Engine/Plugins/Online/OnlineSubsystemNull/Binaries/Win64/UE4Editor-OnlineSubsystemNull.dll (API version 3709383).
LogModuleManager: Display: Found up-to-date module file ../../../Engine/Plugins/Online/OnlineSubsystemUtils/Binaries/Win64/UE4Editor-OnlineSubsystemUtils.dll (API version 3709383).
LogModuleManager: Display: Found up-to-date module file ../../../Engine/Plugins/Online/OnlineSubsystemUtils/Binaries/Win64/UE4Editor-OnlineBlueprintSupport.dll (API version 3709383).
LogModuleManager: Display: Found up-to-date module file ../../../Engine/Plugins/Runtime/AndroidDeviceProfileSelector/Binaries/Win64/UE4Editor-AndroidDeviceProfileSelector.dll (API version 3709383).
LogModuleManager: Display: Found up-to-date module file ../../../Engine/Plugins/Runtime/AppleARKit/Binaries/Win64/UE4Editor-AppleARKit.dll (API version 3709383).
LogModuleManager: Display: Found up-to-date module file ../../../Engine/Plugins/Runtime/ArchVisCharacter/Binaries/Win64/UE4Editor-ArchVisCharacter.dll (API version 3709383).
LogModuleManager: Display: Found up-to-date module file ../../../Engine/Plugins/Runtime/CableComponent/Binaries/Win64/UE4Editor-CableComponent.dll (API version 3709383).
LogModuleManager: Display: Found up-to-date module file ../../../Engine/Plugins/Runtime/CustomMeshComponent/Binaries/Win64/UE4Editor-CustomMeshComponent.dll (API version 3709383).
LogModuleManager: Display: Found up-to-date module file ../../../Engine/Plugins/Runtime/ExampleDeviceProfileSelector/Binaries/Win64/UE4Editor-ExampleDeviceProfileSelector.dll (API version 3709383).
LogModuleManager: Display: Found up-to-date module file ../../../Engine/Plugins/Runtime/ImmediatePhysics/Binaries/Win64/UE4Editor-ImmediatePhysics.dll (API version 3709383).
LogModuleManager: Display: Found up-to-date module file ../../../Engine/Plugins/Runtime/ImmediatePhysics/Binaries/Win64/UE4Editor-ImmediatePhysicsEditor.dll (API version 3709383).
LogModuleManager: Display: Found up-to-date module file ../../../Engine/Plugins/Runtime/LocationServicesBPLibrary/Binaries/Win64/UE4Editor-LocationServicesBPLibrary.dll (API version 3709383).
LogModuleManager: Display: Found up-to-date module file ../../../Engine/Plugins/Runtime/MobilePatchingUtils/Binaries/Win64/UE4Editor-MobilePatchingUtils.dll (API version 3709383).
LogModuleManager: Display: Found up-to-date module file ../../../Engine/Plugins/Runtime/Oculus/OculusVR/Binaries/Win64/UE4Editor-OculusHMD.dll (API version 3709383).
LogModuleManager: Display: Found up-to-date module file ../../../Engine/Plugins/Runtime/Oculus/OculusVR/Binaries/Win64/UE4Editor-OculusInput.dll (API version 3709383).
LogModuleManager: Display: Found up-to-date module file ../../../Engine/Plugins/Runtime/Oculus/OculusVR/Binaries/Win64/UE4Editor-OculusEditor.dll (API version 3709383).
LogModuleManager: Display: Found up-to-date module file ../../../Engine/Plugins/Runtime/PhysXVehicles/Binaries/Win64/UE4Editor-PhysXVehicles.dll (API version 3709383).
LogModuleManager: Display: Found up-to-date module file ../../../Engine/Plugins/Runtime/PhysXVehicles/Binaries/Win64/UE4Editor-PhysXVehiclesEditor.dll (API version 3709383).
LogModuleManager: Display: Found up-to-date module file ../../../Engine/Plugins/Runtime/ProceduralMeshComponent/Binaries/Win64/UE4Editor-ProceduralMeshComponent.dll (API version 3709383).
LogModuleManager: Display: Found up-to-date module file ../../../Engine/Plugins/Runtime/ProceduralMeshComponent/Binaries/Win64/UE4Editor-ProceduralMeshComponentEditor.dll (API version 3709383).
LogModuleManager: Display: Found up-to-date module file ../../../Engine/Plugins/Runtime/RuntimePhysXCooking/Binaries/Win64/UE4Editor-RuntimePhysXCooking.dll (API version 3709383).
LogModuleManager: Display: Found up-to-date module file ../../../Engine/Plugins/Runtime/Steam/SteamVR/Binaries/Win64/UE4Editor-SteamVR.dll (API version 3709383).
LogModuleManager: Display: Found up-to-date module file ../../../Engine/Plugins/Runtime/Steam/SteamVR/Binaries/Win64/UE4Editor-SteamVRController.dll (API version 3709383).
LogModuleManager: Display: Found up-to-date module file ../../../Engine/Plugins/Runtime/WindowsMoviePlayer/Binaries/Win64/UE4Editor-WindowsMoviePlayer.dll (API version 3709383).
LogPluginManager: Mounting plugin Paper2D
LogPluginManager: Mounting plugin LightPropagationVolume
LogPluginManager: Mounting plugin CodeLiteSourceCodeAccess
LogPluginManager: Mounting plugin GitSourceControl
LogPluginManager: Mounting plugin KDevelopSourceCodeAccess
LogPluginManager: Mounting plugin NullSourceCodeAccess
LogPluginManager: Mounting plugin PerforceSourceControl
LogPluginManager: Mounting plugin SubversionSourceControl
LogPluginManager: Mounting plugin UObjectPlugin
LogPluginManager: Mounting plugin VisualStudioCodeSourceCodeAccess
LogPluginManager: Mounting plugin VisualStudioSourceCodeAccess
LogPluginManager: Mounting plugin XCodeSourceCodeAccess
LogPluginManager: Mounting plugin AssetManagerEditor
LogPluginManager: Mounting plugin AudioCapture
LogPluginManager: Mounting plugin FacialAnimation
LogPluginManager: Mounting plugin GameplayTagsEditor
LogPluginManager: Mounting plugin MobileLauncherProfileWizard
LogPluginManager: Mounting plugin PluginBrowser
LogPluginManager: Mounting plugin SpeedTreeImporter
LogPluginManager: Mounting plugin AlembicImporter
LogPluginManager: Mounting plugin CharacterAI
LogPluginManager: Mounting plugin HTML5Networking
LogPluginManager: Mounting plugin AndroidMedia
LogPluginManager: Mounting plugin AvfMedia
LogPluginManager: Mounting plugin ImgMedia
LogPluginManager: Mounting plugin MediaCompositing
LogPluginManager: Mounting plugin MediaPlayerEditor
LogPluginManager: Mounting plugin WmfMedia
LogPluginManager: Mounting plugin TcpMessaging
LogPluginManager: Mounting plugin UdpMessaging
LogPluginManager: Mounting plugin ActorSequence
LogPluginManager: Mounting plugin LevelSequenceEditor
LogPluginManager: Mounting plugin MatineeToLevelSequence
LogPluginManager: Mounting plugin OnlineSubsystemGooglePlay
LogPluginManager: Mounting plugin OnlineSubsystemIOS
LogPluginManager: Mounting plugin OnlineSubsystem
LogPluginManager: Mounting plugin OnlineSubsystemNull
LogPluginManager: Mounting plugin OnlineSubsystemUtils
LogPluginManager: Mounting plugin AndroidDeviceProfileSelector
LogPluginManager: Mounting plugin AndroidMoviePlayer
LogPluginManager: Mounting plugin AndroidPermission
LogPluginManager: Mounting plugin AppleARKit
LogPluginManager: Mounting plugin AppleMoviePlayer
LogPluginManager: Mounting plugin ArchVisCharacter
LogPluginManager: Mounting plugin CableComponent
LogPluginManager: Mounting plugin CustomMeshComponent
LogPluginManager: Mounting plugin ExampleDeviceProfileSelector
LogPluginManager: Mounting plugin GoogleCloudMessaging
LogPluginManager: Mounting plugin ImmediatePhysics
LogPluginManager: Mounting plugin IOSDeviceProfileSelector
LogPluginManager: Mounting plugin LinuxDeviceProfileSelector
LogPluginManager: Mounting plugin LocationServicesBPLibrary
LogPluginManager: Mounting plugin MobilePatchingUtils
LogPluginManager: Mounting plugin OculusVR
LogPluginManager: Plugin shader directory ../../../Engine/Plugins/Runtime/Oculus/OculusVR/Shaders found
LogPluginManager: Mapping shader source directory ../../../Engine/Plugins/Runtime/Oculus/OculusVR/Shaders to virtual directory /Plugin/OculusVR
LogPluginManager: Mounting plugin PhysXVehicles
LogPluginManager: Mounting plugin ProceduralMeshComponent
LogPluginManager: Mounting plugin RuntimePhysXCooking
LogPluginManager: Mounting plugin SteamVR
LogPluginManager: Mounting plugin WindowsMoviePlayer
LogInit: Using libcurl 7.47.1
LogInit:  - built for x86_64-pc-win32
LogInit:  - supports SSL with OpenSSL/1.0.2g
LogInit:  - supports HTTP deflate (compression) using libz 1.2.8
LogInit:  - other features:
LogInit:      CURL_VERSION_SSL
LogInit:      CURL_VERSION_LIBZ
LogInit:      CURL_VERSION_IPV6
LogInit:      CURL_VERSION_ASYNCHDNS
LogInit:      CURL_VERSION_LARGEFILE
LogInit:      CURL_VERSION_IDN
LogInit:  CurlRequestOptions (configurable via config and command line):
LogInit:  - bVerifyPeer = false  - Libcurl will NOT verify peer certificate
LogInit:  - bUseHttpProxy = false  - Libcurl will NOT use HTTP proxy
LogInit:  - bDontReuseConnections = false  - Libcurl will reuse connections
LogInit:  - CertBundlePath = nullptr  - Libcurl will use whatever was configured at build time.
LogInit: Build: ++UE4+Release-4.18-CL-3832480
LogInit: Engine Version: 4.18.3-3832480+++UE4+Release-4.18
LogInit: Compatible Engine Version: 4.18.0-3709383+++UE4+Release-4.18
LogInit: Net CL: 3709383
LogDevObjectVersion: Number of dev versions registered: 16
LogDevObjectVersion:   Dev-Blueprints (B0D832E4-1F89-4F0D-ACCF-7EB736FD4AA2): 10
LogDevObjectVersion:   Dev-Build (E1C64328-A22C-4D53-A36C-8E866417BD8C): 0
LogDevObjectVersion:   Dev-Core (375EC13C-06E4-48FB-B500-84F0262A717E): 2
LogDevObjectVersion:   Dev-Editor (E4B068ED-F494-42E9-A231-DA0B2E46BB41): 20
LogDevObjectVersion:   Dev-Framework (CFFC743F-43B0-4480-9391-14DF171D2073): 30
LogDevObjectVersion:   Dev-Mobile (B02B49B5-BB20-44E9-A304-32B752E40360): 0
LogDevObjectVersion:   Dev-Networking (A4E4105C-59A1-49B5-A7C5-40C4547EDFEE): 0
LogDevObjectVersion:   Dev-Online (39C831C9-5AE6-47DC-9A44-9C173E1C8E7C): 0
LogDevObjectVersion:   Dev-Physics (78F01B33-EBEA-4F98-B9B4-84EACCB95AA2): 0
LogDevObjectVersion:   Dev-Platform (6631380F-2D4D-43E0-8009-CF276956A95A): 0
LogDevObjectVersion:   Dev-Rendering (12F88B9F-8875-4AFC-A67C-D90C383ABD29): 20
LogDevObjectVersion:   Dev-Sequencer (7B5AE74C-D270-4C10-A958-57980B212A5A): 4
LogDevObjectVersion:   Dev-VR (D7296918-1DD6-4BDD-9DE2-64A83CC13884): 0
LogDevObjectVersion:   Dev-LoadTimes (C2A15278-BFE7-4AFE-6C17-90FF531DF755): 1
LogDevObjectVersion:   Private-Geometry (6EACA3D4-40EC-4CC1-B786-8BED09428FC5): 1
LogDevObjectVersion:   Dev-AnimPhys (29E575DD-E0A3-4627-9D10-D276232CDCEA): 12
LogInit: Compiled (64-bit): Jan 12 2018 02:04:55
LogInit: Compiled with Visual C++: 19.00.24215.01
LogInit: Build Configuration: Development
LogInit: Branch Name: ++UE4+Release-4.18
LogInit: Command line: -EpicPortal
LogInit: Base directory: F:/Unreal 4.18/UE_4.18/Engine/Binaries/Win64/
LogInit: Installed Engine Build: 1
LogInit: Presizing for max 8388607 objects, including 0 objects not considered by GC, pre-allocating 0 bytes for permanent pool.
LogInit: Object subsystem initialized
[2018.09.17-19.57.58:272][  0]LogInit: Selected Device Profile: [Windows]
[2018.09.17-19.57.58:272][  0]LogInit: Applying CVar settings loaded from the selected device profile: [Windows]
[2018.09.17-19.57.58:307][  0]LogInit: Computer: MR_E-DATOR
[2018.09.17-19.57.58:307][  0]LogInit: User: MrE
[2018.09.17-19.57.58:307][  0]LogInit: CPU Page size=4096, Cores=4
[2018.09.17-19.57.58:307][  0]LogInit: High frequency timer resolution =3.233221 MHz
[2018.09.17-19.57.58:307][  0]LogMemory: Memory total: Physical=8.0GB (8GB approx)
[2018.09.17-19.57.58:307][  0]LogMemory: Platform Memory Stats for Windows
[2018.09.17-19.57.58:307][  0]LogMemory: Process Physical Memory: 276.84 MB used, 276.84 MB peak
[2018.09.17-19.57.58:307][  0]LogMemory: Process Virtual Memory: 273.86 MB used, 273.86 MB peak
[2018.09.17-19.57.58:307][  0]LogMemory: Physical Memory: 4655.14 MB used,  3503.99 MB free, 8159.14 MB total
[2018.09.17-19.57.58:307][  0]LogMemory: Virtual Memory: 4779.04 MB used,  3503.99 MB free, 134217728.00 MB total
[2018.09.17-19.57.58:461][  0]LogInit: Using OS detected language (sv-SE).
[2018.09.17-19.57.58:461][  0]LogInit: Using OS detected locale (sv-SE).
[2018.09.17-19.57.58:465][  0]LogTextLocalizationManager: No localization for 'sv-SE' exists, so 'en' will be used for the language.
[2018.09.17-19.57.58:465][  0]LogTextLocalizationManager: No localization for 'sv-SE' exists, so 'en' will be used for the locale.
[2018.09.17-19.57.58:920][  0]LogInit: Setting process to per monitor DPI aware
[2018.09.17-19.57.59:209][  0]LogD3D11RHI: D3D11 adapters:
[2018.09.17-19.57.59:269][  0]LogD3D11RHI:    0. 'NVIDIA GeForce GTX 1070' (Feature Level 11_0)
[2018.09.17-19.57.59:269][  0]LogD3D11RHI:       8088/0/4079 MB DedicatedVideo/DedicatedSystem/SharedSystem, Outputs:2, VendorId:0x10de
[2018.09.17-19.57.59:272][  0]LogD3D11RHI:    1. 'Microsoft Basic Render Driver' (Feature Level 11_0)
[2018.09.17-19.57.59:272][  0]LogD3D11RHI:       0/0/4079 MB DedicatedVideo/DedicatedSystem/SharedSystem, Outputs:0, VendorId:0x1414
[2018.09.17-19.57.59:272][  0]LogD3D11RHI: Chosen D3D11 Adapter: 0
[2018.09.17-19.57.59:278][  0]LogD3D11RHI: Creating new Direct3DDevice
[2018.09.17-19.57.59:278][  0]LogD3D11RHI:     GPU DeviceId: 0x1b81 (for the marketing name, search the web for "GPU Device Id")
[2018.09.17-19.57.59:278][  0]LogWindows: EnumDisplayDevices:
[2018.09.17-19.57.59:278][  0]LogWindows:    0. 'NVIDIA GeForce GTX 1070' (P:1 D:1)
[2018.09.17-19.57.59:279][  0]LogWindows:    1. 'NVIDIA GeForce GTX 1070' (P:0 D:1)
[2018.09.17-19.57.59:279][  0]LogWindows:    2. 'NVIDIA GeForce GTX 1070' (P:0 D:0)
[2018.09.17-19.57.59:279][  0]LogWindows:    3. 'NVIDIA GeForce GTX 1070' (P:0 D:0)
[2018.09.17-19.57.59:279][  0]LogWindows: DebugString: GetVideoDriverDetailsInvalid PrimaryIsNotTheChoosenAdapter GetVideoDriverDetailsInvalid PrimaryIsNotTheChoosenAdapter GetVideoDriverDetailsInvalid PrimaryIsNotTheChoosenAdapter GetVideoDriverDetailsInvalid PrimaryIsNotTheChoosenAdapter FoundDriverCount:0 
[2018.09.17-19.57.59:279][  0]LogD3D11RHI:     Adapter Name: NVIDIA GeForce GTX 1070
[2018.09.17-19.57.59:279][  0]LogD3D11RHI:   Driver Version: Unknown (internal:Unknown, unified:Unknown)
[2018.09.17-19.57.59:279][  0]LogD3D11RHI:      Driver Date: Unknown
[2018.09.17-19.57.59:279][  0]LogRHI: Texture pool is 5661 MB (70% of 8088 MB)
[2018.09.17-19.57.59:321][  0]LogD3D11RHI: Async texture creation enabled
[2018.09.17-19.57.59:338][  0]LogD3D11RHI: GPU Timing Frequency: 1000.000000 (Debug: 2 2)
[2018.09.17-19.57.59:386][  0]LogShaderCompilers: Guid format shader working directory is -43 characters bigger than the processId version (../../../../../Projects/AdventureP/Adventure-UE4-Project-3/AdventureUE4Project/Adventure/Intermediate/Shaders/WorkingDirectory/7900/).
[2018.09.17-19.57.59:387][  0]LogShaderCompilers: Cleaned the shader compiler working directory 'C:/Users/Mr_E/AppData/Local/Temp/UnrealShaderWorkingDir/5B5DE7D944574AFD835AC0B448FEC6E7/'.
[2018.09.17-19.57.59:387][  0]LogShaderCompilers: Display: Using Local Shader Compiler.
[2018.09.17-19.58.00:413][  0]LogTemp: Display: Loaded TP AllDesktopTargetPlatform
[2018.09.17-19.58.00:468][  0]LogTemp: Display: Loaded TP MacClientTargetPlatform
[2018.09.17-19.58.00:524][  0]LogTemp: Display: Loaded TP MacNoEditorTargetPlatform
[2018.09.17-19.58.00:579][  0]LogTemp: Display: Loaded TP MacServerTargetPlatform
[2018.09.17-19.58.00:636][  0]LogTemp: Display: Loaded TP MacTargetPlatform
[2018.09.17-19.58.00:693][  0]LogTemp: Display: Loaded TP WindowsClientTargetPlatform
[2018.09.17-19.58.00:758][  0]LogTemp: Display: Loaded TP WindowsNoEditorTargetPlatform
[2018.09.17-19.58.00:816][  0]LogTemp: Display: Loaded TP WindowsServerTargetPlatform
[2018.09.17-19.58.00:864][  0]LogTemp: Display: Loaded TP WindowsTargetPlatform
[2018.09.17-19.58.00:918][  0]LogTemp: Display: Loaded TP Android_ASTCTargetPlatform
[2018.09.17-19.58.00:972][  0]LogTemp: Display: Loaded TP Android_ATCTargetPlatform
[2018.09.17-19.58.01:039][  0]LogTemp: Display: Loaded TP Android_DXTTargetPlatform
[2018.09.17-19.58.01:096][  0]LogTemp: Display: Loaded TP Android_ETC1TargetPlatform
[2018.09.17-19.58.01:150][  0]LogTemp: Display: Loaded TP Android_ETC2TargetPlatform
[2018.09.17-19.58.01:266][  0]LogTemp: Display: Loaded TP Android_MultiTargetPlatform
[2018.09.17-19.58.01:266][  0]LogTemp: Display: Loaded TP Android_PVRTCTargetPlatform
[2018.09.17-19.58.01:321][  0]LogTemp: Display: Loaded TP AndroidTargetPlatform
[2018.09.17-19.58.01:362][  0]LogTemp: Display: Loaded TP HTML5TargetPlatform
[2018.09.17-19.58.01:457][  0]LogTemp: Display: Loaded TP IOSTargetPlatform
[2018.09.17-19.58.01:487][  0]LogTemp: Display: Loaded TP TVOSTargetPlatform
[2018.09.17-19.58.01:545][  0]LogTemp: Display: Loaded TP LinuxClientTargetPlatform
[2018.09.17-19.58.01:604][  0]LogTemp: Display: Loaded TP LinuxNoEditorTargetPlatform
[2018.09.17-19.58.01:666][  0]LogTemp: Display: Loaded TP LinuxServerTargetPlatform
[2018.09.17-19.58.01:723][  0]LogTemp: Display: Loaded TP LinuxTargetPlatform
[2018.09.17-19.58.01:723][  0]LogTargetPlatformManager: Display: Building Assets For Windows
[2018.09.17-19.58.02:202][  0]LogDerivedDataCache: Display: Max Cache Size: 512 MB
[2018.09.17-19.58.02:304][  0]LogDerivedDataCache: Loaded boot cache 0.10s 79MB C:/Users/Mr_E/AppData/Local/UnrealEngine/4.18/DerivedDataCache/Boot.ddc.
[2018.09.17-19.58.02:304][  0]LogDerivedDataCache: Display: Loaded Boot cache: C:/Users/Mr_E/AppData/Local/UnrealEngine/4.18/DerivedDataCache/Boot.ddc
[2018.09.17-19.58.02:304][  0]LogDerivedDataCache: FDerivedDataBackendGraph:  Pak pak cache file ../../../../../Projects/AdventureP/Adventure-UE4-Project-3/AdventureUE4Project/Adventure/DerivedDataCache/DDC.ddp not found, will not use a pak cache.
[2018.09.17-19.58.02:304][  0]LogDerivedDataCache: Unable to find inner node Pak for hierarchical cache Hierarchy.
[2018.09.17-19.58.02:305][  0]LogDerivedDataCache: FDerivedDataBackendGraph:  CompressedPak pak cache file ../../../../../Projects/AdventureP/Adventure-UE4-Project-3/AdventureUE4Project/Adventure/DerivedDataCache/Compressed.ddp not found, will not use a pak cache.
[2018.09.17-19.58.02:305][  0]LogDerivedDataCache: Unable to find inner node CompressedPak for hierarchical cache Hierarchy.
[2018.09.17-19.58.02:324][  0]LogDerivedDataCache: Display: Pak cache opened for reading ../../../Engine/DerivedDataCache/Compressed.ddp.
[2018.09.17-19.58.02:337][  0]LogDerivedDataCache: Using Local data cache path C:/Users/Mr_E/AppData/Local/UnrealEngine/Common/DerivedDataCache: Writable
[2018.09.17-19.58.02:350][  0]LogMaterial: Verifying Global Shaders for PCD3D_SM5
[2018.09.17-19.58.02:350][  0]LogSlate: Using Freetype 2.6.0
[2018.09.17-19.58.02:351][  0]LogSlate: SlateFontCache - WITH_FREETYPE: 1, WITH_HARFBUZZ: 1
[2018.09.17-19.58.02:351][  0]LogSlate: SlateFontCache - WITH_FREETYPE: 1, WITH_HARFBUZZ: 1
[2018.09.17-19.58.02:813][  0]LogInit: Selected Device Profile: [Windows]
[2018.09.17-19.58.03:207][  0]LogSimplygon: Simplygon DLL not present - disabling.
[2018.09.17-19.58.03:252][  0]LogMeshReduction: Using SimplygonSwarm for distributed automatic mesh merging
[2018.09.17-19.58.03:252][  0]LogMeshReduction: Using QuadricMeshReduction for automatic static mesh reduction
[2018.09.17-19.58.03:252][  0]LogMeshReduction: No automatic skeletal mesh reduction module available
[2018.09.17-19.58.03:252][  0]LogMeshReduction: No automatic mesh merging module available
[2018.09.17-19.58.03:252][  0]LogMeshMerging: No automatic mesh merging module available
[2018.09.17-19.58.03:291][  0]LogNetVersion: Adventure , NetCL: 3709383, EngineNetVer: 2, GameNetVer: 0 (Checksum: 1750621016)
[2018.09.17-19.58.03:470][  0]LogAssetRegistry: FAssetRegistry took 0.0269 seconds to start up
[2018.09.17-19.58.03:999][  0]LogPackageLocalizationCache: Processed 7 localized package path(s) for 1 prioritized culture(s) in 0.030918 seconds
[2018.09.17-19.58.04:006][  0]LogUObjectArray: 35870 objects as part of root set at end of initial load.
[2018.09.17-19.58.04:006][  0]LogUObjectAllocator: 7363704 out of 0 bytes used by permanent object pool.
[2018.09.17-19.58.04:006][  0]LogUObjectArray: CloseDisregardForGC: 0/0 objects in disregard for GC pool
[2018.09.17-19.58.04:081][  0]LogInit: WinSock: version 1.1 (2.2), MaxSocks=32767, MaxUdp=65467
[2018.09.17-19.58.07:309][  0]LogTcpMessaging: Initializing TcpMessaging bridge
[2018.09.17-19.58.07:352][  0]LogUdpMessaging: Initializing bridge on interface 0.0.0.0:0 to multicast group 230.0.0.1:6666.
[2018.09.17-19.58.08:056][  0]LogMaterial: Uniform references updated for custom material expression Custom.
[2018.09.17-19.58.08:543][  0]SourceControl: Source control is disabled
[2018.09.17-19.58.09:509][  0]LogAndroidPermission: UAndroidPermissionCallbackProxy::GetInstance
[2018.09.17-19.58.09:789][  0]LogOcInput: OculusInput pre-init called
[2018.09.17-19.58.10:088][  0]LogEngine: Initializing Engine...
[2018.09.17-19.58.10:094][  0]LogHMD: Failed to initialize OpenVR with code 105
[2018.09.17-19.58.10:416][  0]LogStats: UGameplayTagsManager::ConstructGameplayTagTree: Construct from data asset -  0.000 s
[2018.09.17-19.58.10:416][  0]LogStats: UGameplayTagsManager::ConstructGameplayTagTree: GameplayTagTreeChangedEvent.Broadcast -  0.000 s
[2018.09.17-19.58.10:553][  0]LogAIModule: Creating AISystem for world Untitled
[2018.09.17-19.58.10:602][  0]LogInit: XAudio2 using 'Hörlurar (2- SteelSeries Arctis 7 Game)' : 2 channels at 48 kHz using 16 bits per sample (channel mask 0x3)
[2018.09.17-19.58.10:685][  0]LogInit: FAudioDevice initialized.
[2018.09.17-19.58.10:796][  0]LogDerivedDataCache: Saved boot cache 0.11s 79MB C:/Users/Mr_E/AppData/Local/UnrealEngine/4.18/DerivedDataCache/Boot.ddc.
[2018.09.17-19.58.10:810][  0]LogInit: Texture streaming: Enabled
[2018.09.17-19.58.10:912][  0]LogEngineSessionManager: EngineSessionManager initialized
[2018.09.17-19.58.10:912][  0]LogEngineSessionManager: EngineSessionManager sent abnormal shutdown report. Type=Crashed, SessionId={58DA0764-4DF5-F6A4-4292-3C8D085AED7F}
[2018.09.17-19.58.11:053][  0]LogInit: Transaction tracking system initialized
[2018.09.17-19.58.11:377][  0]BlueprintLog: New page: Editor Load
[2018.09.17-19.58.12:295][  0]LocalizationService: Localization service is disabled
[2018.09.17-19.58.13:396][  0]LogConsoleResponse: Display: 
[2018.09.17-19.58.13:570][  0]LogCook: Display: Max memory allowance for cook 16384mb min free memory 0mb
[2018.09.17-19.58.13:570][  0]LogCook: Display: Mobile HDR setting 1
[2018.09.17-19.58.13:570][  0]LogGameplayTags: Display: UGameplayTagsManager::DoneAddingNativeTags. DelegateIsBound: 0
[2018.09.17-19.58.14:038][  0]LogFileCache: Scanning file cache for directory 'F:/Projects/AdventureP/Adventure-UE4-Project-3/AdventureUE4Project/Adventure/Content/' took 0.03s
[2018.09.17-19.58.14:826][  0]Cmd: MAP LOAD FILE="../../../../../Projects/AdventureP/Adventure-UE4-Project-3/AdventureUE4Project/Adventure/Content/Scenes/roadSideScene.umap" TEMPLATE=0 SHOWPROGRESS=1 FEATURELEVEL=3
[2018.09.17-19.58.14:826][  0]LightingResults: New page: Lighting Build
[2018.09.17-19.58.14:869][  0]MapCheck: New page: Map Check
[2018.09.17-19.58.14:869][  0]LightingResults: New page: Lighting Build
[2018.09.17-19.58.16:703][  0]LogAIModule: Creating AISystem for world roadSideScene
[2018.09.17-19.58.16:848][  0]LogEditorServer: Finished looking for orphan Actors (0.000 secs)
[2018.09.17-19.58.16:872][  0]Cmd: MAP CHECKDEP NOCLEARLOG
[2018.09.17-19.58.16:965][  0]MapCheck: Map check complete: 0 Error(s), 0 Warning(s), took 92.45ms to complete.
[2018.09.17-19.58.16:965][  0]LogFileHelpers: Loading map 'roadSideScene' took 2.139
[2018.09.17-19.58.17:148][  0]LogCollectionManager: Loaded 0 collections in 0.001075 seconds
[2018.09.17-19.58.17:238][  0]LogFileCache: Scanning file cache for directory 'F:/Projects/AdventureP/Adventure-UE4-Project-3/AdventureUE4Project/Adventure/Saved/Collections/' took 0.01s
[2018.09.17-19.58.17:238][  0]LogFileCache: Scanning file cache for directory 'F:/Projects/AdventureP/Adventure-UE4-Project-3/AdventureUE4Project/Adventure/Content/Developers/MrE/Collections/' took 0.01s
[2018.09.17-19.58.17:238][  0]LogFileCache: Scanning file cache for directory 'F:/Projects/AdventureP/Adventure-UE4-Project-3/AdventureUE4Project/Adventure/Content/Collections/' took 0.01s
[2018.09.17-19.58.17:238][  0]LogCollectionManager: Rebuilt the GUID cache for 0 collections in 0.000001 seconds
[2018.09.17-19.58.17:248][  0]LogContentBrowser: Native class hierarchy populated in 0.0103 seconds. Added 2363 classes and 519 folders.
[2018.09.17-19.58.17:316][  0]LogContentBrowser: Native class hierarchy updated for 'WidgetCarousel' in 0.0003 seconds. Added 0 classes and 0 folders.
[2018.09.17-19.58.17:361][  0]LogContentBrowser: Native class hierarchy updated for 'AddContentDialog' in 0.0003 seconds. Added 0 classes and 0 folders.
[2018.09.17-19.58.17:407][  0]LogContentBrowser: Native class hierarchy updated for 'SceneOutliner' in 0.0003 seconds. Added 1 classes and 2 folders.
[2018.09.17-19.58.17:494][  0]LogSlate: Took 0.000209 seconds to synchronously load lazily loaded font '../../../Engine/Content/Slate/Fonts/Roboto-Regular.ttf' (155K)
[2018.09.17-19.58.17:496][  0]LogSlate: Took 0.000217 seconds to synchronously load lazily loaded font '../../../Engine/Content/Slate/Fonts/Roboto-Bold.ttf' (160K)
[2018.09.17-19.58.17:503][  0]LogSlate: Took 0.000197 seconds to synchronously load lazily loaded font '../../../Engine/Content/Editor/Slate/Fonts/FontAwesome.ttf' (139K)
[2018.09.17-19.58.17:628][  0]LogRenderer: Reallocating scene render targets to support 1004x676 Format 9 NumSamples 1 (Frame:1).
[2018.09.17-19.58.17:851][  0]LogContentBrowser: Native class hierarchy updated for 'HierarchicalLODOutliner' in 0.0004 seconds. Added 1 classes and 2 folders.
[2018.09.17-19.58.17:852][  0]LogLoad: (Engine Initialization) Total time: 21.85 seconds
[2018.09.17-19.58.17:852][  0]LogLoad: (Engine Initialization) Total Blueprint compile time: 0.00 seconds
[2018.09.17-19.58.17:852][  0]LogExternalProfiler: Found external profiler: VSPerf
[2018.09.17-19.58.17:852][  0]LogExternalProfiler: Using external profiler: VSPerf
[2018.09.17-19.58.17:861][  0]LogWindowsTextInputMethodSystem: Display: IME system now deactivated.
[2018.09.17-19.58.17:897][  0]LogContentStreaming: Texture pool size now 1000 MB
[2018.09.17-19.58.17:952][  0]LogSlate: Took 0.000311 seconds to synchronously load lazily loaded font '../../../Engine/Content/Slate/Fonts/Roboto-Light.ttf' (159K)
[2018.09.17-19.58.18:045][  2]LogAssetRegistry: Asset discovery search completed in 14.5978 seconds
[2018.09.17-19.58.18:050][  2]LogCollectionManager: Rebuilt the object cache for 0 collections in 0.000000 seconds (found 0 objects)
[2018.09.17-19.58.18:050][  2]LogCollectionManager: Fixed up redirectors for 0 collections in 0.000082 seconds (updated 0 objects)
[2018.09.17-19.58.22:978][521]LogFileCache: Retrieving MD5 hashes for directory 'F:/Projects/AdventureP/Adventure-UE4-Project-3/AdventureUE4Project/Adventure/Content/' took 5.10s
[2018.09.17-20.13.14:067][  3]LogStaticMesh: Allocated 512x215x64 distance field atlas = 13.4Mb, with 75 objects containing 8.6Mb backing data
[2018.09.17-20.13.35:924][148]MapCheck: New page: Map Check
[2018.09.17-20.13.35:972][148]Cmd: MAP REBUILD ALLVISIBLE
[2018.09.17-20.13.35:975][148]LogEditorServer: Rebuildmap Clear paths rebuilt
[2018.09.17-20.13.36:514][148]LogMaterial: Missing cached shader map for material FDebugViewModeMaterialProxy WorldGridMaterial, compiling. Is special engine material.
[2018.09.17-20.13.36:524][148]LogMaterial: Missing cached shader map for material FDebugViewModeMaterialProxy Grass_02_backup, compiling. 
[2018.09.17-20.13.36:533][148]LogMaterial: Missing cached shader map for material FDebugViewModeMaterialProxy Grass_03_mat, compiling. 
[2018.09.17-20.13.36:541][148]LogMaterial: Missing cached shader map for material FDebugViewModeMaterialProxy Stone_01_mat, compiling. 
[2018.09.17-20.13.36:548][148]LogMaterial: Missing cached shader map for material FDebugViewModeMaterialProxy StoneMoss_01_mat, compiling. 
[2018.09.17-20.13.36:555][148]LogMaterial: Missing cached shader map for material FDebugViewModeMaterialProxy ShortGrass_01_mat, compiling. 
[2018.09.17-20.13.36:564][148]LogMaterial: Missing cached shader map for material FDebugViewModeMaterialProxy Grass_01_mat, compiling. 
[2018.09.17-20.13.36:573][148]LogMaterial: Missing cached shader map for material FDebugViewModeMaterialProxy PineLeaves_01_mat, compiling. 
[2018.09.17-20.13.36:581][148]LogMaterial: Missing cached shader map for material FDebugViewModeMaterialProxy Pine_01_mat, compiling. 
[2018.09.17-20.13.36:589][148]LogMaterial: Missing cached shader map for material FDebugViewModeMaterialProxy Fern_01_mat, compiling. 
[2018.09.17-20.13.36:598][148]LogMaterial: Missing cached shader map for material FDebugViewModeMaterialProxy Elm_Tree_01_mat, compiling. 
[2018.09.17-20.13.36:606][148]LogMaterial: Missing cached shader map for material FDebugViewModeMaterialProxy Elm_Tree_Leaves_01_mat, compiling. 
[2018.09.17-20.13.36:614][148]LogMaterial: Missing cached shader map for material FDebugViewModeMaterialProxy LandscapeGizmo_Mat, compiling. 
[2018.09.17-20.13.36:619][148]LogMaterial: Missing cached shader map for material FDebugViewModeMaterialProxy MaterialInstanceDynamic_1, compiling. 
[2018.09.17-20.13.36:627][148]LogMaterial: Missing cached shader map for material FDebugViewModeMaterialProxy M_RippleFoam, compiling. 
[2018.09.17-20.13.36:635][148]LogMaterial: Missing cached shader map for material FDebugViewModeMaterialProxy M_Water_Ocean_Edited_Inst, compiling. 
[2018.09.17-20.13.36:643][148]LogMaterial: Missing cached shader map for material FDebugViewModeMaterialProxy Stone_Moss_mat_Inst, compiling. 
[2018.09.17-20.13.36:650][148]LogMaterial: Missing cached shader map for material FDebugViewModeMaterialProxy Bush_01_mat, compiling. 
[2018.09.17-20.13.36:657][148]LogMaterial: Missing cached shader map for material FDebugViewModeMaterialProxy BushLeaves_01_mat, compiling. 
[2018.09.17-20.13.36:665][148]LogMaterial: Missing cached shader map for material FDebugViewModeMaterialProxy BasicShapeMaterial, compiling. 
[2018.09.17-20.13.36:672][148]LogMaterial: Missing cached shader map for material FDebugViewModeMaterialProxy Edited_Water_Lake_mat, compiling. 
[2018.09.17-20.13.36:679][148]LogMaterial: Missing cached shader map for material FDebugViewModeMaterialProxy cabin_mat, compiling. 
[2018.09.17-20.13.36:685][148]LogMaterial: Missing cached shader map for material FDebugViewModeMaterialProxy cabin_floor_01_mat, compiling. 
[2018.09.17-20.13.36:692][148]LogMaterial: Missing cached shader map for material FDebugViewModeMaterialProxy cabin_wallpaper_01_mat, compiling. 
[2018.09.17-20.13.36:698][148]LogMaterial: Missing cached shader map for material FDebugViewModeMaterialProxy cabin_misc_01_mat, compiling. 
[2018.09.17-20.13.36:705][148]LogMaterial: Missing cached shader map for material FDebugViewModeMaterialProxy cabin_woodplanks_01_mat, compiling. 
[2018.09.17-20.13.36:711][148]LogMaterial: Missing cached shader map for material FDebugViewModeMaterialProxy cabin_woodplanks_02_mat, compiling. 
[2018.09.17-20.13.36:718][148]LogMaterial: Missing cached shader map for material FDebugViewModeMaterialProxy cabin_roof_01_mat, compiling. 
[2018.09.17-20.13.36:724][148]LogMaterial: Missing cached shader map for material FDebugViewModeMaterialProxy DefaultTextMaterialOpaque, compiling. 
[2018.09.17-20.13.36:731][148]LogMaterial: Missing cached shader map for material FDebugViewModeMaterialProxy m_firefly, compiling. 
[2018.09.17-20.13.36:738][148]LogMaterial: Missing cached shader map for material FDebugViewModeMaterialProxy M_Dust_Particle, compiling. 
[2018.09.17-20.13.36:745][148]LogMaterial: Missing cached shader map for material FDebugViewModeMaterialProxy mat_Fog, compiling. 
[2018.09.17-20.13.36:751][148]LogMaterial: Missing cached shader map for material FDebugViewModeMaterialProxy OldOak_01_mat, compiling. 
[2018.09.17-20.13.36:759][148]LogMaterial: Missing cached shader map for material FDebugViewModeMaterialProxy OldOakLeaves_01_mat, compiling. 
[2018.09.17-20.13.36:767][148]LogMaterial: Missing cached shader map for material FDebugViewModeMaterialProxy M_UE4Man_Body, compiling. 
[2018.09.17-20.13.36:777][148]LogMaterial: Missing cached shader map for material FDebugViewModeMaterialProxy M_FPGun, compiling. 
[2018.09.17-20.13.36:787][148]LogMaterial: Missing cached shader map for material FDebugViewModeMaterialProxy MatineeCam_mat, compiling. 
[2018.09.17-20.13.40:248][148]TextureStreamingBuild: Display: Compiling optional shaders took 3.741 seconds.
[2018.09.17-20.13.40:295][148]LogLevel: Display: Export Material TexCoord Scales took 0.047 seconds.
[2018.09.17-20.13.40:414][148]TextureStreamingBuild: Display: Build Texture Streaming took 0.119 seconds.
[2018.09.17-20.13.40:465][148]LightingResults: New page: Lighting Build - Sep 18, 2018, 12:13:40 AM
[2018.09.17-20.13.40:483][148]LightingResults: Warning: InstancedFoliageActor_0 The total lightmap size for this InstancedStaticMeshComponent is large, consider reducing the component's lightmap resolution or number of mesh instances in this component
[2018.09.17-20.13.40:497][148]LightingResults: Warning: InstancedFoliageActor_0 The total lightmap size for this InstancedStaticMeshComponent is large, consider reducing the component's lightmap resolution or number of mesh instances in this component
[2018.09.17-20.13.40:498][148]LightingResults: Warning: InstancedFoliageActor_0 The total lightmap size for this InstancedStaticMeshComponent is large, consider reducing the component's lightmap resolution or number of mesh instances in this component
[2018.09.17-20.13.40:498][148]LightingResults: Warning: InstancedFoliageActor_0 The total lightmap size for this InstancedStaticMeshComponent is large, consider reducing the component's lightmap resolution or number of mesh instances in this component
[2018.09.17-20.13.40:498][148]LightingResults: Warning: InstancedFoliageActor_0 The total lightmap size for this InstancedStaticMeshComponent is large, consider reducing the component's lightmap resolution or number of mesh instances in this component
[2018.09.17-20.13.40:499][148]LightingResults: Warning: InstancedFoliageActor_0 The total lightmap size for this InstancedStaticMeshComponent is large, consider reducing the component's lightmap resolution or number of mesh instances in this component
[2018.09.17-20.13.40:499][148]LightingResults: Warning: InstancedFoliageActor_0 The total lightmap size for this InstancedStaticMeshComponent is large, consider reducing the component's lightmap resolution or number of mesh instances in this component
[2018.09.17-20.13.40:500][148]LightingResults: Warning: InstancedFoliageActor_0 The total lightmap size for this InstancedStaticMeshComponent is large, consider reducing the component's lightmap resolution or number of mesh instances in this component
[2018.09.17-20.13.40:501][148]LightingResults: Warning: InstancedFoliageActor_0 The total lightmap size for this InstancedStaticMeshComponent is large, consider reducing the component's lightmap resolution or number of mesh instances in this component
[2018.09.17-20.13.40:501][148]LightingResults: Warning: InstancedFoliageActor_0 The total lightmap size for this InstancedStaticMeshComponent is large, consider reducing the component's lightmap resolution or number of mesh instances in this component
[2018.09.17-20.13.40:908][148]LogSwarmInterface: [OpenConnection] Registering TCP channel ...
[2018.09.17-20.13.41:241][148]LogSwarmInterface: [OpenConnection] Connecting to agent ...
[2018.09.17-20.13.41:275][148]LogSwarmInterface: [TryOpenConnection] Testing the Agent
[2018.09.17-20.13.42:297][148]LogSwarmInterface: [TryOpenConnection] Opening Connection to Agent
[2018.09.17-20.13.42:297][148]LogSwarmInterface: [TryOpenConnection] Local Process ID is 7900
[2018.09.17-20.13.45:347][148]LogStaticLightingSystem: Running Lightmass w/ ImmediateImport mode ENABLED
[2018.09.17-20.13.45:347][148]LogStaticLightingSystem: Running Lightmass w/ ImmediateProcess mode ENABLED
[2018.09.17-20.13.45:347][148]LogStaticLightingSystem: Running Lightmass w/ Sorting mode ENABLED
[2018.09.17-20.13.45:347][148]LogStaticLightingSystem: Running Lightmass w/ Mapping paddings ENABLED
[2018.09.17-20.13.45:347][148]LogStaticLightingSystem: Running Lightmass w/ Mapping debug paddings DISABLED
[2018.09.17-20.13.45:753][148]Cmd: MAP CHECK DONTDISPLAYDIALOG
[2018.09.17-20.13.45:753][148]MapCheck: New page: roadSideScene - Sep 18, 2018, 12:13:45 AM
[2018.09.17-20.13.45:776][148]MapCheck: Error: WorldSettings_1 Maps need lighting rebuilt 
[2018.09.17-20.13.45:875][148]MapCheck: Map check complete: 1 Error(s), 0 Warning(s), took 122.271ms to complete.
[2018.09.17-20.13.45:898][148]LogEditorBuildUtils: Build time 0:09
[2018.09.17-20.13.45:987][148]LogMaterial: Missing cached shader map for material FLightmassMaterialRenderer LandscapeMaterialInstanceConstant_3, compiling. 
[2018.09.17-20.13.46:000][148]LogMaterial: Missing cached shader map for material FLightmassMaterialRenderer LandscapeMaterialInstanceConstant_3, compiling. 
[2018.09.17-20.13.46:082][149]LogMaterial: Missing cached shader map for material FLightmassMaterialRenderer LandscapeMaterialInstanceConstant_37, compiling. 
[2018.09.17-20.13.46:091][149]LogMaterial: Missing cached shader map for material FLightmassMaterialRenderer LandscapeMaterialInstanceConstant_37, compiling. 
[2018.09.17-20.13.46:135][150]LogMaterial: Missing cached shader map for material FLightmassMaterialRenderer LandscapeMaterialInstanceConstant_39, compiling. 
[2018.09.17-20.13.46:142][150]LogMaterial: Missing cached shader map for material FLightmassMaterialRenderer LandscapeMaterialInstanceConstant_39, compiling. 
[2018.09.17-20.13.46:210][152]LogMaterial: Missing cached shader map for material FLightmassMaterialRenderer LandscapeMaterialInstanceConstant_35, compiling. 
[2018.09.17-20.13.46:218][152]LogMaterial: Missing cached shader map for material FLightmassMaterialRenderer LandscapeMaterialInstanceConstant_35, compiling. 
[2018.09.17-20.37.30:021][121]LogStaticLightingSystem: Warning: Failed to build lighting!!! Lighting build canceled.
[2018.09.17-20.37.30:418][121]Job has failed! Job is closed while Tasks are still PENDING
[2018.09.17-20.37.30:448][121]DumpUnbuiltLightIteractions
[2018.09.17-20.37.30:448][121]Lights with unbuilt interactions: 8
[2018.09.17-20.37.30:448][121]    Light PointLight_1
[2018.09.17-20.37.30:448][121]    Light PointLight4
[2018.09.17-20.37.30:448][121]    Light PointLight3
[2018.09.17-20.37.30:448][121]    Light SpotLight6
[2018.09.17-20.37.30:448][121]    Light SpotLight5
[2018.09.17-20.37.30:448][121]    Light SpotLight4
[2018.09.17-20.37.30:448][121]    Light SpotLight3
[2018.09.17-20.37.30:448][121]    Light SpotLight_1
[2018.09.17-20.37.30:448][121]
[2018.09.17-20.37.30:448][121]Primitives with unbuilt interactions: 93
[2018.09.17-20.37.30:448][121]    Primitive FoliageInstancedStaticMeshComponent /Game/Scenes/roadSideScene.roadSideScene:PersistentLevel.InstancedFoliageActor_0.FoliageInstancedStaticMeshComponent_9
[2018.09.17-20.37.30:448][121]    Primitive FoliageInstancedStaticMeshComponent /Game/Scenes/roadSideScene.roadSideScene:PersistentLevel.InstancedFoliageActor_0.FoliageInstancedStaticMeshComponent_8
[2018.09.17-20.37.30:448][121]    Primitive FoliageInstancedStaticMeshComponent /Game/Scenes/roadSideScene.roadSideScene:PersistentLevel.InstancedFoliageActor_0.FoliageInstancedStaticMeshComponent_7
[2018.09.17-20.37.30:448][121]    Primitive FoliageInstancedStaticMeshComponent /Game/Scenes/roadSideScene.roadSideScene:PersistentLevel.InstancedFoliageActor_0.FoliageInstancedStaticMeshComponent_6
[2018.09.17-20.37.30:449][121]    Primitive FoliageInstancedStaticMeshComponent /Game/Scenes/roadSideScene.roadSideScene:PersistentLevel.InstancedFoliageActor_0.FoliageInstancedStaticMeshComponent_5
[2018.09.17-20.37.30:449][121]    Primitive FoliageInstancedStaticMeshComponent /Game/Scenes/roadSideScene.roadSideScene:PersistentLevel.InstancedFoliageActor_0.FoliageInstancedStaticMeshComponent_3
[2018.09.17-20.37.30:449][121]    Primitive FoliageInstancedStaticMeshComponent /Game/Scenes/roadSideScene.roadSideScene:PersistentLevel.InstancedFoliageActor_0.FoliageInstancedStaticMeshComponent_2
[2018.09.17-20.37.30:449][121]    Primitive FoliageInstancedStaticMeshComponent /Game/Scenes/roadSideScene.roadSideScene:PersistentLevel.InstancedFoliageActor_0.FoliageInstancedStaticMeshComponent_1
[2018.09.17-20.37.30:449][121]    Primitive FoliageInstancedStaticMeshComponent /Game/Scenes/roadSideScene.roadSideScene:PersistentLevel.InstancedFoliageActor_0.FoliageInstancedStaticMeshComponent_0
[2018.09.17-20.37.30:449][121]    Primitive LandscapeComponent /Game/Scenes/roadSideScene.roadSideScene:PersistentLevel.Landscape_0.LandscapeComponent_0
[2018.09.17-20.37.30:449][121]    Primitive StaticMeshComponent /Game/Scenes/roadSideScene.roadSideScene:PersistentLevel.StoneMoss_69.StaticMeshComponent0
[2018.09.17-20.37.30:449][121]    Primitive StaticMeshComponent /Game/Scenes/roadSideScene.roadSideScene:PersistentLevel.Plane10_2.StaticMeshComponent0
[2018.09.17-20.37.30:449][121]    Primitive StaticMeshComponent /Game/Scenes/roadSideScene.roadSideScene:PersistentLevel.StoneMoss_60.StaticMeshComponent0
[2018.09.17-20.37.30:449][121]    Primitive StaticMeshComponent /Game/Scenes/roadSideScene.roadSideScene:PersistentLevel.StoneMoss_36.StaticMeshComponent0
[2018.09.17-20.37.30:449][121]    Primitive LandscapeComponent /Game/Scenes/roadSideScene.roadSideScene:PersistentLevel.Landscape_7.LandscapeComponent_980
[2018.09.17-20.37.30:449][121]    Primitive LandscapeComponent /Game/Scenes/roadSideScene.roadSideScene:PersistentLevel.Landscape_1.LandscapeComponent_31
[2018.09.17-20.37.30:449][121]    Primitive LandscapeComponent /Game/Scenes/roadSideScene.roadSideScene:PersistentLevel.Landscape_1.LandscapeComponent_22
[2018.09.17-20.37.30:449][121]    Primitive StaticMeshComponent /Game/Scenes/roadSideScene.roadSideScene:PersistentLevel.OldOak_01_6.StaticMeshComponent0
[2018.09.17-20.37.30:449][121]    Primitive StaticMeshComponent /Game/Scenes/roadSideScene.roadSideScene:PersistentLevel.Bush_Complete52.StaticMeshComponent0
[2018.09.17-20.37.30:449][121]    Primitive LandscapeComponent /Game/Scenes/roadSideScene.roadSideScene:PersistentLevel.Landscape_0.LandscapeComponent_14
[2018.09.17-20.37.30:449][121]    Primitive StaticMeshComponent /Game/Scenes/roadSideScene.roadSideScene:PersistentLevel.Cabin_Roof_01_31.StaticMeshComponent0
[2018.09.17-20.37.30:449][121]    Primitive StaticMeshComponent /Game/Scenes/roadSideScene.roadSideScene:PersistentLevel.Cabin_Outside_02_28.StaticMeshComponent0
[2018.09.17-20.37.30:449][121]    Primitive StaticMeshComponent /Game/Scenes/roadSideScene.roadSideScene:PersistentLevel.Cabin_Outside_01_25.StaticMeshComponent0
[2018.09.17-20.37.30:449][121]    Primitive StaticMeshComponent /Game/Scenes/roadSideScene.roadSideScene:PersistentLevel.Cabin_Misc_01_22.StaticMeshComponent0
[2018.09.17-20.37.30:449][121]    Primitive StaticMeshComponent /Game/Scenes/roadSideScene.roadSideScene:PersistentLevel.Cabin_Inside_01_19.StaticMeshComponent0
[2018.09.17-20.37.30:449][121]    Primitive StaticMeshComponent /Game/Scenes/roadSideScene.roadSideScene:PersistentLevel.Cabin_Floor_01_16.StaticMeshComponent0
[2018.09.17-20.37.30:449][121]    Primitive StaticMeshComponent /Game/Scenes/roadSideScene.roadSideScene:PersistentLevel.Stone_4.StaticMeshComponent0
[2018.09.17-20.37.30:449][121]    Primitive StaticMeshComponent /Game/Scenes/roadSideScene.roadSideScene:PersistentLevel.Stone_141.StaticMeshComponent0
[2018.09.17-20.37.30:449][121]    Primitive StaticMeshComponent /Game/Scenes/roadSideScene.roadSideScene:PersistentLevel.OldOakLeaves_01_9.StaticMeshComponent0
[2018.09.17-20.37.30:449][121]    Primitive StaticMeshComponent /Game/Scenes/roadSideScene.roadSideScene:PersistentLevel.Bush_Complete53.StaticMeshComponent0
[2018.09.17-20.37.30:449][121]    Primitive StaticMeshComponent /Game/Scenes/roadSideScene.roadSideScene:PersistentLevel.Bush_Complete51.StaticMeshComponent0
[2018.09.17-20.37.30:449][121]    Primitive StaticMeshComponent /Game/Scenes/roadSideScene.roadSideScene:PersistentLevel.Bush_Complete50.StaticMeshComponent0
[2018.09.17-20.37.30:449][121]    Primitive StaticMeshComponent /Game/Scenes/roadSideScene.roadSideScene:PersistentLevel.Bush_Complete48.StaticMeshComponent0
[2018.09.17-20.37.30:449][121]    Primitive StaticMeshComponent /Game/Scenes/roadSideScene.roadSideScene:PersistentLevel.Bush_Complete47.StaticMeshComponent0
[2018.09.17-20.37.30:449][121]    Primitive StaticMeshComponent /Game/Scenes/roadSideScene.roadSideScene:PersistentLevel.Bush_Complete46.StaticMeshComponent0
[2018.09.17-20.37.30:449][121]    Primitive StaticMeshComponent /Game/Scenes/roadSideScene.roadSideScene:PersistentLevel.Plane2.StaticMeshComponent0
[2018.09.17-20.37.30:449][121]    Primitive StaticMeshComponent /Game/Scenes/roadSideScene.roadSideScene:PersistentLevel.Bush_Complete_12.StaticMeshComponent0
[2018.09.17-20.37.30:449][121]    Primitive StaticMeshComponent /Game/Scenes/roadSideScene.roadSideScene:PersistentLevel.Plane_2.StaticMeshComponent0
[2018.09.17-20.37.30:449][121]    Primitive LandscapeComponent /Game/Scenes/roadSideScene.roadSideScene:PersistentLevel.Landscape_0.LandscapeComponent_15
[2018.09.17-20.37.30:449][121]    Primitive StaticMeshComponent /Game/Scenes/roadSideScene.roadSideScene:PersistentLevel.Doormat.StaticMeshComponent0
[2018.09.17-20.37.30:449][121]    Primitive StaticMeshComponent /Game/Scenes/roadSideScene.roadSideScene:PersistentLevel.Stone_38.StaticMeshComponent0
[2018.09.17-20.37.30:449][121]    Primitive StaticMeshComponent /Game/Scenes/roadSideScene.roadSideScene:PersistentLevel.Stone_153.StaticMeshComponent0
[2018.09.17-20.37.30:449][121]    Primitive StaticMeshComponent /Game/Scenes/roadSideScene.roadSideScene:PersistentLevel.Front_Door_37.StaticMeshComponent0
[2018.09.17-20.37.30:449][121]    Primitive StaticMeshComponent /Game/Scenes/roadSideScene.roadSideScene:PersistentLevel.Door_17.StaticMeshComponent0
[2018.09.17-20.37.30:449][121]    Primitive StaticMeshComponent /Game/Scenes/roadSideScene.roadSideScene:PersistentLevel.Door_01_14.StaticMeshComponent0
[2018.09.17-20.37.30:449][121]    Primitive StaticMeshComponent /Game/Scenes/roadSideScene.roadSideScene:PersistentLevel.Stone_143.StaticMeshComponent0
[2018.09.17-20.37.30:449][121]    Primitive StaticMeshComponent /Game/Scenes/roadSideScene.roadSideScene:PersistentLevel.Stone_154.StaticMeshComponent0
[2018.09.17-20.37.30:449][121]    Primitive StaticMeshComponent /Game/Scenes/roadSideScene.roadSideScene:PersistentLevel.Stone_132.StaticMeshComponent0
[2018.09.17-20.37.30:450][121]    Primitive LandscapeComponent /Game/Scenes/roadSideScene.roadSideScene:PersistentLevel.Landscape_0.LandscapeComponent_9
[2018.09.17-20.37.30:450][121]    Primitive LandscapeComponent /Game/Scenes/roadSideScene.roadSideScene:PersistentLevel.Landscape_0.LandscapeComponent_10
[2018.09.17-20.37.30:450][121]    Primitive StaticMeshComponent /Game/Scenes/roadSideScene.roadSideScene:PersistentLevel.Stone_166.StaticMeshComponent0
[2018.09.17-20.37.30:450][121]    Primitive StaticMeshComponent /Game/Scenes/roadSideScene.roadSideScene:PersistentLevel.Stone_165.StaticMeshComponent0
[2018.09.17-20.37.30:450][121]    Primitive StaticMeshComponent /Game/Scenes/roadSideScene.roadSideScene:PersistentLevel.Stone_48.StaticMeshComponent0
[2018.09.17-20.37.30:450][121]    Primitive StaticMeshComponent /Game/Scenes/roadSideScene.roadSideScene:PersistentLevel.Stone_163.StaticMeshComponent0
[2018.09.17-20.37.30:450][121]    Primitive StaticMeshComponent /Game/Scenes/roadSideScene.roadSideScene:PersistentLevel.Stone_35.StaticMeshComponent0
[2018.09.17-20.37.30:450][121]    Primitive StaticMeshComponent /Game/Scenes/roadSideScene.roadSideScene:PersistentLevel.Stone_29.StaticMeshComponent0
[2018.09.17-20.37.30:450][121]    Primitive StaticMeshComponent /Game/Scenes/roadSideScene.roadSideScene:PersistentLevel.Stone_160.StaticMeshComponent0
[2018.09.17-20.37.30:450][121]    Primitive StaticMeshComponent /Game/Scenes/roadSideScene.roadSideScene:PersistentLevel.Stone_26.StaticMeshComponent0
[2018.09.17-20.37.30:450][121]    Primitive StaticMeshComponent /Game/Scenes/roadSideScene.roadSideScene:PersistentLevel.Stone_39.StaticMeshComponent0
[2018.09.17-20.37.30:450][121]    Primitive StaticMeshComponent /Game/Scenes/roadSideScene.roadSideScene:PersistentLevel.Plane13.StaticMeshComponent0
[2018.09.17-20.37.30:450][121]    Primitive StaticMeshComponent /Game/Scenes/roadSideScene.roadSideScene:PersistentLevel.Stone_147.StaticMeshComponent0
[2018.09.17-20.37.30:450][121]    Primitive StaticMeshComponent /Game/Scenes/roadSideScene.roadSideScene:PersistentLevel.Stone_190.StaticMeshComponent0
[2018.09.17-20.37.30:450][121]    Primitive StaticMeshComponent /Game/Scenes/roadSideScene.roadSideScene:PersistentLevel.Stone_184.StaticMeshComponent0
[2018.09.17-20.37.30:450][121]    Primitive StaticMeshComponent /Game/Scenes/roadSideScene.roadSideScene:PersistentLevel.Stone_182.StaticMeshComponent0
[2018.09.17-20.37.30:450][121]    Primitive StaticMeshComponent /Game/Scenes/roadSideScene.roadSideScene:PersistentLevel.Stone_178.StaticMeshComponent0
[2018.09.17-20.37.30:450][121]    Primitive StaticMeshComponent /Game/Scenes/roadSideScene.roadSideScene:PersistentLevel.Stone_175.StaticMeshComponent0
[2018.09.17-20.37.30:450][121]    Primitive StaticMeshComponent /Game/Scenes/roadSideScene.roadSideScene:PersistentLevel.Stone_173.StaticMeshComponent0
[2018.09.17-20.37.30:450][121]    Primitive StaticMeshComponent /Game/Scenes/roadSideScene.roadSideScene:PersistentLevel.Stone_171.StaticMeshComponent0
[2018.09.17-20.37.30:450][121]    Primitive StaticMeshComponent /Game/Scenes/roadSideScene.roadSideScene:PersistentLevel.Stone_164.StaticMeshComponent0
[2018.09.17-20.37.30:450][121]    Primitive StaticMeshComponent /Game/Scenes/roadSideScene.roadSideScene:PersistentLevel.Stone_161.StaticMeshComponent0
[2018.09.17-20.37.30:450][121]    Primitive StaticMeshComponent /Game/Scenes/roadSideScene.roadSideScene:PersistentLevel.Stone_150.StaticMeshComponent0
[2018.09.17-20.37.30:450][121]    Primitive StaticMeshComponent /Game/Scenes/roadSideScene.roadSideScene:PersistentLevel.Stone_64.StaticMeshComponent0
[2018.09.17-20.37.30:450][121]    Primitive StaticMeshComponent /Game/Scenes/roadSideScene.roadSideScene:PersistentLevel.Stone_129.StaticMeshComponent0
[2018.09.17-20.37.30:450][121]    Primitive StaticMeshComponent /Game/Scenes/roadSideScene.roadSideScene:PersistentLevel.Stone_128.StaticMeshComponent0
[2018.09.17-20.37.30:450][121]    Primitive StaticMeshComponent /Game/Scenes/roadSideScene.roadSideScene:PersistentLevel.StoneMoss_8.StaticMeshComponent0
[2018.09.17-20.37.30:450][121]    Primitive StaticMeshComponent /Game/Scenes/roadSideScene.roadSideScene:PersistentLevel.Stone_16.StaticMeshComponent0
[2018.09.17-20.37.30:450][121]    Primitive StaticMeshComponent /Game/Scenes/roadSideScene.roadSideScene:PersistentLevel.Stone_13.StaticMeshComponent0
[2018.09.17-20.37.30:450][121]    Primitive StaticMeshComponent /Game/Scenes/roadSideScene.roadSideScene:PersistentLevel.Stone_59.StaticMeshComponent0
[2018.09.17-20.37.30:450][121]    Primitive StaticMeshComponent /Game/Scenes/roadSideScene.roadSideScene:PersistentLevel.Stone_157.StaticMeshComponent0
[2018.09.17-20.37.30:450][121]    Primitive StaticMeshComponent /Game/Scenes/roadSideScene.roadSideScene:PersistentLevel.Stone_149.StaticMeshComponent0
[2018.09.17-20.37.30:450][121]    Primitive StaticMeshComponent /Game/Scenes/roadSideScene.roadSideScene:PersistentLevel.Stone_88.StaticMeshComponent0
[2018.09.17-20.37.30:450][121]    Primitive StaticMeshComponent /Game/Scenes/roadSideScene.roadSideScene:PersistentLevel.Stone_58.StaticMeshComponent0
[2018.09.17-20.37.30:450][121]    Primitive StaticMeshComponent /Game/Scenes/roadSideScene.roadSideScene:PersistentLevel.Stone_43.StaticMeshComponent0
[2018.09.17-20.37.30:450][121]    Primitive StaticMeshComponent /Game/Scenes/roadSideScene.roadSideScene:PersistentLevel.Stone_42.StaticMeshComponent0
[2018.09.17-20.37.30:450][121]    Primitive StaticMeshComponent /Game/Scenes/roadSideScene.roadSideScene:PersistentLevel.Stone_41.StaticMeshComponent0
[2018.09.17-20.37.30:450][121]    Primitive StaticMeshComponent /Game/Scenes/roadSideScene.roadSideScene:PersistentLevel.Stone_40.StaticMeshComponent0
[2018.09.17-20.37.30:450][121]    Primitive StaticMeshComponent /Game/Scenes/roadSideScene.roadSideScene:PersistentLevel.Stone_34.StaticMeshComponent0
[2018.09.17-20.37.30:450][121]    Primitive StaticMeshComponent /Game/Scenes/roadSideScene.roadSideScene:PersistentLevel.Stone_57.StaticMeshComponent0
[2018.09.17-20.37.30:450][121]    Primitive StaticMeshComponent /Game/Scenes/roadSideScene.roadSideScene:PersistentLevel.Stone_31.StaticMeshComponent0
[2018.09.17-20.37.30:450][121]    Primitive StaticMeshComponent /Game/Scenes/roadSideScene.roadSideScene:PersistentLevel.Stone_53.StaticMeshComponent0
[2018.09.17-20.37.30:450][121]    Primitive StaticMeshComponent /Game/Scenes/roadSideScene.roadSideScene:PersistentLevel.Stone_25.StaticMeshComponent0
[2018.09.17-20.37.30:450][121]    Primitive StaticMeshComponent /Game/Scenes/roadSideScene.roadSideScene:PersistentLevel.Stone_159.StaticMeshComponent0
[2018.09.17-20.37.30:450][121]    Primitive StaticMeshComponent /Game/Scenes/roadSideScene.roadSideScene:PersistentLevel.Stone_5.StaticMeshComponent0
[2018.09.17-20.37.30:938][122]Cmd: MAP CHECK NOTIFYRESULTS
[2018.09.17-20.37.30:938][122]MapCheck: New page: roadSideScene - Sep 18, 2018, 12:37:30 AM
[2018.09.17-20.37.30:947][122]MapCheck: Error: WorldSettings_1 Maps need lighting rebuilt 
[2018.09.17-20.37.31:042][122]MapCheck: Map check complete: 1 Error(s), 0 Warning(s), took 103.362ms to complete.
[2018.09.17-20.37.35:540][382]LogSlate: Took 0.014047 seconds to synchronously load lazily loaded font '../../../Engine/Content/Slate/Fonts/Roboto-Light.ttf' (159K)
[2018.09.17-20.37.38:433][382]LogSlate: Took 0.017805 seconds to synchronously load lazily loaded font '../../../Engine/Content/Slate/Fonts/Roboto-Regular.ttf' (155K)
[2018.09.17-20.37.39:397][382]LogSavePackage: Save=3495.36ms
[2018.09.17-20.37.39:397][382]LogSavePackage: Moving '../../../../../Projects/AdventureP/Adventure-UE4-Project-3/AdventureUE4Project/Adventure/Saved/roadSideScene1C5DA8474B061888469835B45EF72019.tmp' to '../../../../../Projects/AdventureP/Adventure-UE4-Project-3/AdventureUE4Project/Adventure/Content/Scenes/roadSideScene.umap'
[2018.09.17-20.37.39:422][382]LogSavePackage: Display: Finished SavePackage ../../../../../Projects/AdventureP/Adventure-UE4-Project-3/AdventureUE4Project/Adventure/Content/Scenes/roadSideScene.umap
[2018.09.17-20.37.39:489][382]LogFileHelpers: Saving map 'roadSideScene' took 3.938
[2018.09.17-20.37.40:339][383]Cmd: QUIT_EDITOR
[2018.09.17-20.37.40:686][383]LogWindowsTextInputMethodSystem: Display: IME system now deactivated.
[2018.09.17-20.37.40:749][383]LogExit: Preparing to exit.
[2018.09.17-20.37.42:031][383]LogDirectoryWatcher: A directory notification for 'F:/Projects/AdventureP/Adventure-UE4-Project-3/AdventureUE4Project/Adventure/Content/' was aborted.
[2018.09.17-20.37.42:198][383]LogExit: Editor shut down
[2018.09.17-20.37.42:209][383]LogExit: Transaction tracking system shut down
[2018.09.17-20.37.42:713][383]LogDirectoryWatcher: A directory notification for '../../../Engine/Content/' was aborted.
[2018.09.17-20.37.42:713][383]LogDirectoryWatcher: A directory notification for '../../../../../Projects/AdventureP/Adventure-UE4-Project-3/AdventureUE4Project/Adventure/Content/' was aborted.
[2018.09.17-20.37.42:713][383]LogDirectoryWatcher: A directory notification for '../../../Engine/Plugins/2D/Paper2D/Content/' was aborted.
[2018.09.17-20.37.42:713][383]LogDirectoryWatcher: A directory notification for '../../../Engine/Plugins/Media/MediaCompositing/Content/' was aborted.
[2018.09.17-20.37.42:713][383]LogDirectoryWatcher: A directory notification for '../../../Engine/Plugins/Runtime/AppleARKit/Content/' was aborted.
[2018.09.17-20.37.42:713][383]LogDirectoryWatcher: A directory notification for '../../../Engine/Plugins/Runtime/Oculus/OculusVR/Content/' was aborted.
[2018.09.17-20.37.42:713][383]LogDirectoryWatcher: A directory notification for '../../../Engine/Plugins/Runtime/Steam/SteamVR/Content/' was aborted.
[2018.09.17-20.37.43:670][383]LogExit: Object subsystem successfully closed.
[2018.09.17-20.37.43:842][383]LogD3D11RHI: Shutdown
[2018.09.17-20.37.43:854][383]LogD3D11RHI: CleanupD3DDevice
[2018.09.17-20.37.43:879][383]LogD3D11RHI: ~FD3D11DynamicRHI
[2018.09.17-20.37.44:569][383]LogModuleManager: Shutting down and abandoning module HierarchicalLODUtilities (550)
[2018.09.17-20.37.44:580][383]LogModuleManager: Shutting down and abandoning module HierarchicalLODOutliner (548)
[2018.09.17-20.37.44:580][383]LogModuleManager: Shutting down and abandoning module SceneOutliner (546)
[2018.09.17-20.37.44:589][383]LogModuleManager: Shutting down and abandoning module AddContentDialog (544)
[2018.09.17-20.37.44:604][383]LogDirectoryWatcher: A directory notification for 'F:/Unreal 4.18/UE_4.18/FeaturePacks/' was aborted.
[2018.09.17-20.37.44:606][383]LogModuleManager: Shutting down and abandoning module WidgetCarousel (543)
[2018.09.17-20.37.44:606][383]LogModuleManager: Shutting down and abandoning module EditorWidgets (540)
[2018.09.17-20.37.44:606][383]LogModuleManager: Shutting down and abandoning module CollectionManager (538)
[2018.09.17-20.37.44:609][383]LogDirectoryWatcher: A directory notification for 'F:/Projects/AdventureP/Adventure-UE4-Project-3/AdventureUE4Project/Adventure/Content/Collections/' was aborted.
[2018.09.17-20.37.44:609][383]LogDirectoryWatcher: A directory notification for 'F:/Projects/AdventureP/Adventure-UE4-Project-3/AdventureUE4Project/Adventure/Content/Developers/MrE/Collections/' was aborted.
[2018.09.17-20.37.44:609][383]LogDirectoryWatcher: A directory notification for 'F:/Projects/AdventureP/Adventure-UE4-Project-3/AdventureUE4Project/Adventure/Saved/Collections/' was aborted.
[2018.09.17-20.37.44:609][383]LogModuleManager: Shutting down and abandoning module StatsViewer (536)
[2018.09.17-20.37.44:616][383]LogModuleManager: Shutting down and abandoning module FoliageEdit (534)
[2018.09.17-20.37.44:617][383]LogModuleManager: Shutting down and abandoning module LandscapeEditor (532)
[2018.09.17-20.37.44:637][383]LogModuleManager: Shutting down and abandoning module MeshPaintMode (530)
[2018.09.17-20.37.44:641][383]LogModuleManager: Shutting down and abandoning module SceneDepthPickerMode (528)
[2018.09.17-20.37.44:641][383]LogModuleManager: Shutting down and abandoning module ActorPickerMode (526)
[2018.09.17-20.37.44:641][383]LogModuleManager: Shutting down and abandoning module GeometryMode (524)
[2018.09.17-20.37.44:641][383]LogModuleManager: Shutting down and abandoning module TextureAlignMode (522)
[2018.09.17-20.37.44:641][383]LogModuleManager: Shutting down and abandoning module BspMode (520)
[2018.09.17-20.37.44:642][383]LogModuleManager: Shutting down and abandoning module PIEPreviewDeviceProfileSelector (518)
[2018.09.17-20.37.44:647][383]LogModuleManager: Shutting down and abandoning module HardwareSurvey (516)
[2018.09.17-20.37.44:647][383]LogModuleManager: Shutting down and abandoning module SequenceRecorderSections (514)
[2018.09.17-20.37.44:655][383]LogModuleManager: Shutting down and abandoning module AutomationWorker (512)
[2018.09.17-20.37.44:664][383]LogModuleManager: Shutting down and abandoning module MatineeToLevelSequence (510)
[2018.09.17-20.37.44:671][383]LogModuleManager: Shutting down and abandoning module LevelSequenceEditor (508)
[2018.09.17-20.37.44:711][383]LogModuleManager: Shutting down and abandoning module PlacementMode (507)
[2018.09.17-20.37.44:711][383]LogModuleManager: Shutting down and abandoning module WmfMediaFactory (504)
[2018.09.17-20.37.44:711][383]LogModuleManager: Shutting down and abandoning module WmfMediaEditor (502)
[2018.09.17-20.37.44:711][383]LogModuleManager: Shutting down and abandoning module OpenExrWrapper (500)
[2018.09.17-20.37.44:711][383]LogModuleManager: Shutting down and abandoning module ImgMediaFactory (498)
[2018.09.17-20.37.44:711][383]LogModuleManager: Shutting down and abandoning module ImgMediaEditor (496)
[2018.09.17-20.37.44:711][383]LogModuleManager: Shutting down and abandoning module AvfMediaFactory (494)
[2018.09.17-20.37.44:711][383]LogModuleManager: Shutting down and abandoning module AvfMediaEditor (492)
[2018.09.17-20.37.44:711][383]LogModuleManager: Shutting down and abandoning module AndroidMediaFactory (490)
[2018.09.17-20.37.44:711][383]LogModuleManager: Shutting down and abandoning module AndroidMediaEditor (488)
[2018.09.17-20.37.44:711][383]LogModuleManager: Shutting down and abandoning module CharacterAI (486)
[2018.09.17-20.37.44:711][383]LogModuleManager: Shutting down and abandoning module AudioCapture (484)
[2018.09.17-20.37.44:721][383]LogModuleManager: Shutting down and abandoning module SequenceRecorder (483)
[2018.09.17-20.37.44:723][383]LogModuleManager: Shutting down and abandoning module SmartSnapping (480)
[2018.09.17-20.37.44:723][383]LogModuleManager: Shutting down and abandoning module SessionServices (478)
[2018.09.17-20.37.44:723][383]LogModuleManager: Shutting down and abandoning module ViewportSnapping (476)
[2018.09.17-20.37.44:723][383]LogModuleManager: Shutting down and abandoning module ViewportInteraction (474)
[2018.09.17-20.37.44:723][383]LogModuleManager: Shutting down and abandoning module ClothPainter (472)
[2018.09.17-20.37.44:739][383]LogModuleManager: Shutting down and abandoning module SkeletalMeshEditor (471)
[2018.09.17-20.37.44:751][383]LogModuleManager: Shutting down and abandoning module LogVisualizer (468)
[2018.09.17-20.37.44:772][383]LogModuleManager: Shutting down and abandoning module IntroTutorials (466)
[2018.09.17-20.37.44:795][383]LogModuleManager: Shutting down and abandoning module GameProjectGeneration (465)
[2018.09.17-20.37.44:814][383]LogModuleManager: Shutting down and abandoning module IOSPlatformEditor (462)
[2018.09.17-20.37.44:815][383]LogModuleManager: Shutting down and abandoning module HTML5PlatformEditor (460)
[2018.09.17-20.37.44:815][383]LogModuleManager: Shutting down and abandoning module AndroidPlatformEditor (458)
[2018.09.17-20.37.44:815][383]LogModuleManager: Shutting down and abandoning module AndroidDeviceDetection (457)
[2018.09.17-20.37.45:355][383]LogModuleManager: Shutting down and abandoning module WindowsPlatformEditor (454)
[2018.09.17-20.37.45:356][383]LogModuleManager: Shutting down and abandoning module IOSRuntimeSettings (452)
[2018.09.17-20.37.45:356][383]LogModuleManager: Shutting down and abandoning module AndroidRuntimeSettings (450)
[2018.09.17-20.37.45:356][383]LogModuleManager: Shutting down and abandoning module InputBindingEditor (448)
[2018.09.17-20.37.45:366][383]LogModuleManager: Shutting down and abandoning module MergeActors (446)
[2018.09.17-20.37.45:378][383]LogModuleManager: Shutting down and abandoning module SizeMap (444)
[2018.09.17-20.37.45:378][383]LogModuleManager: Shutting down and abandoning module TreeMap (442)
[2018.09.17-20.37.45:400][383]LogModuleManager: Shutting down and abandoning module ReferenceViewer (440)
[2018.09.17-20.37.45:400][383]LogModuleManager: Shutting down and abandoning module LocalizationDashboard (438)
[2018.09.17-20.37.45:402][383]LogModuleManager: Shutting down and abandoning module LocalizationService (437)
[2018.09.17-20.37.45:411][383]LogModuleManager: Shutting down and abandoning module HardwareTargeting (434)
[2018.09.17-20.37.45:411][383]LogModuleManager: Shutting down and abandoning module DeviceProfileEditor (432)
[2018.09.17-20.37.45:411][383]LogModuleManager: Shutting down and abandoning module UndoHistory (430)
[2018.09.17-20.37.45:411][383]LogModuleManager: Shutting down and abandoning module XmlParser (428)
[2018.09.17-20.37.45:422][383]LogModuleManager: Shutting down and abandoning module Blutility (426)
[2018.09.17-20.37.45:422][383]LogModuleManager: Shutting down and abandoning module ProjectSettingsViewer (424)
[2018.09.17-20.37.45:422][383]LogModuleManager: Shutting down and abandoning module ProjectTargetPlatformEditor (423)
[2018.09.17-20.37.45:422][383]LogModuleManager: Shutting down and abandoning module EditorSettingsViewer (420)
[2018.09.17-20.37.45:422][383]LogModuleManager: Shutting down and abandoning module SettingsEditor (418)
[2018.09.17-20.37.45:423][383]LogModuleManager: Shutting down and abandoning module ProjectLauncher (416)
[2018.09.17-20.37.45:432][383]LogModuleManager: Shutting down and abandoning module SessionFrontend (414)
[2018.09.17-20.37.45:445][383]LogModuleManager: Shutting down and abandoning module ProfilerClient (412)
[2018.09.17-20.37.45:454][383]LogModuleManager: Shutting down and abandoning module DeviceManager (410)
[2018.09.17-20.37.45:462][383]LogModuleManager: Shutting down and abandoning module TargetDeviceServices (409)
[2018.09.17-20.37.45:518][383]LogModuleManager: Shutting down and abandoning module AutomationController (406)
[2018.09.17-20.37.45:534][383]LogModuleManager: Shutting down and abandoning module AutomationWindow (404)
[2018.09.17-20.37.45:570][383]LogModuleManager: Shutting down and abandoning module Layers (402)
[2018.09.17-20.37.45:587][383]LogModuleManager: Shutting down and abandoning module ComponentVisualizers (400)
[2018.09.17-20.37.45:587][383]LogModuleManager: Shutting down and abandoning module DetailCustomizations (398)
[2018.09.17-20.37.45:594][383]LogModuleManager: Shutting down and abandoning module PackagesDialog (396)
[2018.09.17-20.37.45:595][383]LogModuleManager: Shutting down and abandoning module Persona (394)
[2018.09.17-20.37.45:619][383]LogModuleManager: Shutting down and abandoning module AdvancedPreviewScene (393)
[2018.09.17-20.37.45:619][383]LogModuleManager: Shutting down and abandoning module AnimGraph (391)
[2018.09.17-20.37.45:619][383]LogModuleManager: Shutting down and abandoning module Kismet (388)
[2018.09.17-20.37.45:633][383]LogModuleManager: Shutting down and abandoning module ClassViewer (386)
[2018.09.17-20.37.45:633][383]LogModuleManager: Shutting down and abandoning module Toolbox (384)
[2018.09.17-20.37.45:633][383]LogModuleManager: Shutting down and abandoning module ModuleUI (382)
[2018.09.17-20.37.45:643][383]LogModuleManager: Shutting down and abandoning module MovieSceneTools (380)
[2018.09.17-20.37.45:666][383]LogModuleManager: Shutting down and abandoning module OutputLog (378)
[2018.09.17-20.37.45:685][383]LogModuleManager: Shutting down and abandoning module GammaUI (376)
[2018.09.17-20.37.45:688][383]LogModuleManager: Shutting down and abandoning module Documentation (374)
[2018.09.17-20.37.45:688][383]LogModuleManager: Shutting down and abandoning module MovieSceneTracks (372)
[2018.09.17-20.37.45:689][383]LogModuleManager: Shutting down and abandoning module MovieScene (370)
[2018.09.17-20.37.45:689][383]LogModuleManager: Shutting down and abandoning module StreamingPauseRendering (368)
[2018.09.17-20.37.45:689][383]LogModuleManager: Shutting down and abandoning module LauncherPlatform (366)
[2018.09.17-20.37.45:689][383]LogModuleManager: Shutting down and abandoning module AnalyticsET (364)
[2018.09.17-20.37.45:689][383]LogModuleManager: Shutting down and abandoning module PortalServices (362)
[2018.09.17-20.37.45:689][383]LogModuleManager: Shutting down and abandoning module PortalRpc (360)
[2018.09.17-20.37.45:689][383]LogModuleManager: Shutting down and abandoning module MessagingRpc (358)
[2018.09.17-20.37.45:689][383]LogModuleManager: Shutting down and abandoning module AIModule (356)
[2018.09.17-20.37.45:699][383]LogModuleManager: Shutting down and abandoning module GameplayDebugger (355)
[2018.09.17-20.37.45:710][383]LogModuleManager: Shutting down and abandoning module AITestSuite (353)
[2018.09.17-20.37.45:724][383]LogModuleManager: Shutting down and abandoning module DesktopPlatform (350)
[2018.09.17-20.37.45:724][383]LogModuleManager: Shutting down and abandoning module ProfilerService (348)
[2018.09.17-20.37.45:915][383]LogModuleManager: Shutting down and abandoning module TaskGraph (346)
[2018.09.17-20.37.45:931][383]LogModuleManager: Shutting down and abandoning module SteamVRController (344)
[2018.09.17-20.37.45:931][383]LogModuleManager: Shutting down and abandoning module ProceduralMeshComponentEditor (342)
[2018.09.17-20.37.45:931][383]LogModuleManager: Shutting down and abandoning module ProceduralMeshComponent (340)
[2018.09.17-20.37.45:938][383]LogModuleManager: Shutting down and abandoning module OculusInput (338)
[2018.09.17-20.37.45:938][383]LogModuleManager: Shutting down and abandoning module MobilePatchingUtils (336)
[2018.09.17-20.37.45:938][383]LogModuleManager: Shutting down and abandoning module CustomMeshComponent (334)
[2018.09.17-20.37.45:938][383]LogModuleManager: Shutting down and abandoning module CableComponent (332)
[2018.09.17-20.37.45:947][383]LogModuleManager: Shutting down and abandoning module ArchVisCharacter (330)
[2018.09.17-20.37.45:947][383]LogModuleManager: Shutting down and abandoning module AndroidPermission (328)
[2018.09.17-20.37.45:948][383]LogModuleManager: Shutting down and abandoning module ActorSequence (324)
[2018.09.17-20.37.45:948][383]LogModuleManager: Shutting down and abandoning module MediaPlayerEditor (322)
[2018.09.17-20.37.45:965][383]LogModuleManager: Shutting down and abandoning module MediaCompositingEditor (320)
[2018.09.17-20.37.45:965][383]LogModuleManager: Shutting down and abandoning module MediaCompositing (318)
[2018.09.17-20.37.45:965][383]LogModuleManager: Shutting down and abandoning module HTML5Networking (316)
[2018.09.17-20.37.45:965][383]LogModuleManager: Shutting down and abandoning module AlembicImporter (314)
[2018.09.17-20.37.45:974][383]LogModuleManager: Shutting down and abandoning module AlembicLibrary (313)
[2018.09.17-20.37.45:974][383]LogModuleManager: Shutting down and abandoning module GeometryCache (312)
[2018.09.17-20.37.45:974][383]LogModuleManager: Shutting down and abandoning module GeometryCacheEd (311)
[2018.09.17-20.37.45:974][383]LogModuleManager: Shutting down and abandoning module SpeedTreeImporter (306)
[2018.09.17-20.37.45:974][383]LogModuleManager: Shutting down and abandoning module PluginBrowser (304)
[2018.09.17-20.37.45:995][383]LogModuleManager: Shutting down and abandoning module MobileLauncherProfileWizard (302)
[2018.09.17-20.37.46:013][383]LogModuleManager: Shutting down and abandoning module VisualStudioSourceCodeAccess (300)
[2018.09.17-20.37.46:013][383]LogModuleManager: Shutting down and abandoning module VisualStudioCodeSourceCodeAccess (298)
[2018.09.17-20.37.46:013][383]LogModuleManager: Shutting down and abandoning module UObjectPlugin (296)
[2018.09.17-20.37.46:013][383]LogModuleManager: Shutting down and abandoning module SubversionSourceControl (294)
[2018.09.17-20.37.46:024][383]LogModuleManager: Shutting down and abandoning module PerforceSourceControl (292)
[2018.09.17-20.37.46:030][383]LogModuleManager: Shutting down and abandoning module GitSourceControl (290)
[2018.09.17-20.37.46:046][383]LogModuleManager: Shutting down and abandoning module SourceControl (289)
[2018.09.17-20.37.46:047][383]LogModuleManager: Shutting down and abandoning module LightPropagationVolumeEditor (286)
[2018.09.17-20.37.46:047][383]LogModuleManager: Shutting down and abandoning module PaperTiledImporter (284)
[2018.09.17-20.37.46:047][383]LogModuleManager: Shutting down and abandoning module PaperSpriteSheetImporter (282)
[2018.09.17-20.37.46:047][383]LogModuleManager: Shutting down and abandoning module Paper2DEditor (280)
[2018.09.17-20.37.46:058][383]LogModuleManager: Shutting down and abandoning module MeshPaint (279)
[2018.09.17-20.37.46:063][383]LogModuleManager: Shutting down and abandoning module LevelEditor (277)
[2018.09.17-20.37.46:072][383]LogModuleManager: Shutting down and abandoning module PixelInspectorModule (276)
[2018.09.17-20.37.46:084][383]LogModuleManager: Shutting down and abandoning module MainFrame (274)
[2018.09.17-20.37.46:098][383]LogModuleManager: Shutting down and abandoning module HotReload (273)
[2018.09.17-20.37.46:123][383]LogModuleManager: Shutting down and abandoning module RuntimePhysXCooking (268)
[2018.09.17-20.37.46:123][383]LogModuleManager: Shutting down and abandoning module PhysXVehiclesEditor (266)
[2018.09.17-20.37.46:123][383]LogModuleManager: Shutting down and abandoning module PhysXVehicles (264)
[2018.09.17-20.37.46:123][383]LogModuleManager: Shutting down and abandoning module OculusEditor (262)
[2018.09.17-20.37.46:123][383]LogModuleManager: Shutting down and abandoning module LocationServicesBPLibrary (260)
[2018.09.17-20.37.46:123][383]LogModuleManager: Shutting down and abandoning module ImmediatePhysicsEditor (258)
[2018.09.17-20.37.46:123][383]LogModuleManager: Shutting down and abandoning module ImmediatePhysics (256)
[2018.09.17-20.37.46:143][383]LogModuleManager: Shutting down and abandoning module UdpMessaging (254)
[2018.09.17-20.37.46:262][383]LogModuleManager: Shutting down and abandoning module TcpMessaging (252)
[2018.09.17-20.37.46:370][383]LogModuleManager: Shutting down and abandoning module GameplayTagsEditor (250)
[2018.09.17-20.37.46:399][383]LogModuleManager: Shutting down and abandoning module FacialAnimationEditor (248)
[2018.09.17-20.37.46:399][383]LogModuleManager: Shutting down and abandoning module FacialAnimation (246)
[2018.09.17-20.37.46:399][383]LogModuleManager: Shutting down and abandoning module AssetManagerEditor (244)
[2018.09.17-20.37.46:409][383]LogModuleManager: Shutting down and abandoning module GraphEditor (243)
[2018.09.17-20.37.46:443][383]LogModuleManager: Shutting down and abandoning module ContentBrowser (241)
[2018.09.17-20.37.46:445][383]LogModuleManager: Shutting down and abandoning module LightPropagationVolumeRuntime (238)
[2018.09.17-20.37.46:445][383]LogModuleManager: Shutting down and abandoning module Paper2D (236)
[2018.09.17-20.37.46:445][383]LogModuleManager: Shutting down and abandoning module WindowsMoviePlayer (234)
[2018.09.17-20.37.46:459][383]LogModuleManager: Shutting down and abandoning module WmfMedia (232)
[2018.09.17-20.37.46:469][383]LogModuleManager: Shutting down and abandoning module ImgMedia (230)
[2018.09.17-20.37.46:469][383]LogModuleManager: Shutting down and abandoning module PacketHandler (228)
[2018.09.17-20.37.46:469][383]LogModuleManager: Shutting down and abandoning module ClothingSystemEditor (226)
[2018.09.17-20.37.46:469][383]LogModuleManager: Shutting down and abandoning module ClothingSystemRuntime (224)
[2018.09.17-20.37.46:484][383]LogModuleManager: Shutting down and abandoning module MediaAssets (222)
[2018.09.17-20.37.46:484][383]LogModuleManager: Shutting down and abandoning module Media (221)
[2018.09.17-20.37.46:490][383]LogModuleManager: Shutting down and abandoning module Overlay (218)
[2018.09.17-20.37.46:490][383]LogModuleManager: Shutting down and abandoning module OverlayEditor (217)
[2018.09.17-20.37.46:490][383]LogModuleManager: Shutting down and abandoning module VREditor (214)
[2018.09.17-20.37.46:507][383]LogModuleManager: Shutting down and abandoning module StringTableEditor (212)
[2018.09.17-20.37.46:516][383]LogModuleManager: Shutting down and abandoning module GameplayTasksEditor (210)
[2018.09.17-20.37.46:516][383]LogModuleManager: Shutting down and abandoning module BehaviorTreeEditor (208)
[2018.09.17-20.37.46:536][383]LogModuleManager: Shutting down and abandoning module FunctionalTesting (206)
[2018.09.17-20.37.46:545][383]LogModuleManager: Shutting down and abandoning module CollisionAnalyzer (204)
[2018.09.17-20.37.46:563][383]LogModuleManager: Shutting down and abandoning module WorkspaceMenuStructure (203)
[2018.09.17-20.37.46:566][383]LogModuleManager: Shutting down and abandoning module UMG (200)
[2018.09.17-20.37.46:570][383]LogModuleManager: Shutting down and abandoning module UMGEditor (199)
[2018.09.17-20.37.46:587][383]LogModuleManager: Shutting down and abandoning module Sequencer (198)
[2018.09.17-20.37.46:625][383]LogModuleManager: Shutting down and abandoning module MessageLog (195)
[2018.09.17-20.37.46:625][383]LogModuleManager: Shutting down and abandoning module SlateReflector (190)
[2018.09.17-20.37.46:654][383]LogModuleManager: Shutting down and abandoning module Slate (188)
[2018.09.17-20.37.46:654][383]LogModuleManager: Shutting down and abandoning module EditorStyle (186)
[2018.09.17-20.37.46:669][383]LogModuleManager: Shutting down and abandoning module MRMesh (184)
[2018.09.17-20.37.46:669][383]LogModuleManager: Shutting down and abandoning module SourceCodeAccess (182)
[2018.09.17-20.37.46:669][383]LogModuleManager: Shutting down and abandoning module HeadMountedDisplay (180)
[2018.09.17-20.37.46:669][383]LogModuleManager: Shutting down and abandoning module XAudio2 (178)
[2018.09.17-20.37.46:669][383]LogModuleManager: Shutting down and abandoning module Networking (176)
[2018.09.17-20.37.46:669][383]LogModuleManager: Shutting down and abandoning module Core (172)
[2018.09.17-20.37.46:669][383]LogModuleManager: Shutting down and abandoning module LevelSequence (168)
[2018.09.17-20.37.46:681][383]LogModuleManager: Shutting down and abandoning module DirectoryWatcher (166)
[2018.09.17-20.37.46:684][383]LogModuleManager: Shutting down and abandoning module KismetCompiler (164)
[2018.09.17-20.37.46:684][383]LogModuleManager: Shutting down and abandoning module MeshUtilities (162)
[2018.09.17-20.37.46:704][383]LogModuleManager: Shutting down and abandoning module MeshMergeUtilities (161)
[2018.09.17-20.37.46:711][383]LogModuleManager: Shutting down and abandoning module MeshReductionInterface (160)
[2018.09.17-20.37.46:711][383]LogModuleManager: Shutting down and abandoning module SimplygonSwarm (159)
[2018.09.17-20.37.46:716][383]LogModuleManager: Shutting down and abandoning module SimplygonMeshReduction (157)
[2018.09.17-20.37.46:716][383]LogModuleManager: Shutting down and abandoning module QuadricMeshReduction (155)
[2018.09.17-20.37.46:723][383]LogModuleManager: Shutting down and abandoning module MaterialBaking (151)
[2018.09.17-20.37.46:731][383]LogModuleManager: Shutting down and abandoning module DerivedDataCache (148)
[2018.09.17-20.37.46:809][383]LogDerivedDataCache: Shutdown
[2018.09.17-20.37.46:809][383]LogModuleManager: Shutting down and abandoning module TargetPlatform (146)
[2018.09.17-20.37.46:810][383]LogModuleManager: Shutting down and abandoning module VulkanShaderFormat (145)
[2018.09.17-20.37.46:814][383]LogModuleManager: Shutting down and abandoning module ShaderFormatVectorVM (143)
[2018.09.17-20.37.46:819][383]LogModuleManager: Shutting down and abandoning module ShaderFormatOpenGL (141)
[2018.09.17-20.37.46:826][383]LogModuleManager: Shutting down and abandoning module ShaderFormatD3D (139)
[2018.09.17-20.37.46:827][383]LogModuleManager: Shutting down and abandoning module MetalShaderFormat (137)
[2018.09.17-20.37.46:834][383]LogModuleManager: Shutting down and abandoning module TextureFormatUncompressed (135)
[2018.09.17-20.37.46:834][383]LogModuleManager: Shutting down and abandoning module TextureFormatPVR (133)
[2018.09.17-20.37.46:834][383]LogModuleManager: Shutting down and abandoning module TextureFormatDXT (131)
[2018.09.17-20.37.46:835][383]LogModuleManager: Shutting down and abandoning module TextureFormatIntelISPCTexComp (129)
[2018.09.17-20.37.46:836][383]LogModuleManager: Shutting down and abandoning module TextureFormatASTC (127)
[2018.09.17-20.37.46:836][383]LogModuleManager: Shutting down and abandoning module ImageWrapper (126)
[2018.09.17-20.37.46:836][383]LogModuleManager: Shutting down and abandoning module TextureFormatAndroid (123)
[2018.09.17-20.37.46:836][383]LogModuleManager: Shutting down and abandoning module AudioFormatOpus (121)
[2018.09.17-20.37.46:836][383]LogModuleManager: Shutting down and abandoning module AudioFormatOgg (119)
[2018.09.17-20.37.46:836][383]LogModuleManager: Shutting down and abandoning module AudioFormatADPCM (117)
[2018.09.17-20.37.46:836][383]LogModuleManager: Shutting down and abandoning module LinuxTargetPlatform (115)
[2018.09.17-20.37.46:836][383]LogModuleManager: Shutting down and abandoning module LinuxServerTargetPlatform (113)
[2018.09.17-20.37.46:837][383]LogModuleManager: Shutting down and abandoning module LinuxNoEditorTargetPlatform (111)
[2018.09.17-20.37.46:837][383]LogModuleManager: Shutting down and abandoning module LinuxClientTargetPlatform (109)
[2018.09.17-20.37.46:837][383]LogModuleManager: Shutting down and abandoning module TVOSTargetPlatform (107)
[2018.09.17-20.37.46:837][383]LogModuleManager: Shutting down and abandoning module Messaging (105)
[2018.09.17-20.37.46:837][383]LogModuleManager: Shutting down and abandoning module IOSTargetPlatform (103)
[2018.09.17-20.37.46:837][383]LogModuleManager: Shutting down and abandoning module HTML5TargetPlatform (101)
[2018.09.17-20.37.46:837][383]LogModuleManager: Shutting down and abandoning module AndroidTargetPlatform (99)
[2018.09.17-20.37.46:837][383]LogModuleManager: Shutting down and abandoning module Android_PVRTCTargetPlatform (97)
[2018.09.17-20.37.46:837][383]LogModuleManager: Shutting down and abandoning module Android_MultiTargetPlatform (95)
[2018.09.17-20.37.46:837][383]LogModuleManager: Shutting down and abandoning module Android_ETC2TargetPlatform (93)
[2018.09.17-20.37.46:837][383]LogModuleManager: Shutting down and abandoning module Android_ETC1TargetPlatform (91)
[2018.09.17-20.37.46:837][383]LogModuleManager: Shutting down and abandoning module Android_DXTTargetPlatform (89)
[2018.09.17-20.37.46:837][383]LogModuleManager: Shutting down and abandoning module Android_ATCTargetPlatform (87)
[2018.09.17-20.37.46:837][383]LogModuleManager: Shutting down and abandoning module Android_ASTCTargetPlatform (85)
[2018.09.17-20.37.46:837][383]LogModuleManager: Shutting down and abandoning module WindowsTargetPlatform (83)
[2018.09.17-20.37.46:837][383]LogModuleManager: Shutting down and abandoning module WindowsServerTargetPlatform (81)
[2018.09.17-20.37.46:837][383]LogModuleManager: Shutting down and abandoning module WindowsNoEditorTargetPlatform (79)
[2018.09.17-20.37.46:837][383]LogModuleManager: Shutting down and abandoning module WindowsClientTargetPlatform (77)
[2018.09.17-20.37.46:837][383]LogModuleManager: Shutting down and abandoning module MacTargetPlatform (75)
[2018.09.17-20.37.46:837][383]LogModuleManager: Shutting down and abandoning module MacServerTargetPlatform (73)
[2018.09.17-20.37.46:837][383]LogModuleManager: Shutting down and abandoning module MacNoEditorTargetPlatform (71)
[2018.09.17-20.37.46:837][383]LogModuleManager: Shutting down and abandoning module MacClientTargetPlatform (69)
[2018.09.17-20.37.46:837][383]LogModuleManager: Shutting down and abandoning module AllDesktopTargetPlatform (67)
[2018.09.17-20.37.46:837][383]LogModuleManager: Shutting down and abandoning module InputCore (64)
[2018.09.17-20.37.46:837][383]LogModuleManager: Shutting down and abandoning module Settings (62)
[2018.09.17-20.37.46:838][383]LogModuleManager: Shutting down and abandoning module PhysXCooking (60)
[2018.09.17-20.37.46:838][383]LogModuleManager: Shutting down and abandoning module SteamVR (58)
[2018.09.17-20.37.46:838][383]LogModuleManager: Shutting down and abandoning module OculusHMD (56)
[2018.09.17-20.37.46:849][383]LogModuleManager: Shutting down and abandoning module ExampleDeviceProfileSelector (54)
[2018.09.17-20.37.46:849][383]LogModuleManager: Shutting down and abandoning module AppleARKit (52)
[2018.09.17-20.37.46:849][383]LogModuleManager: Shutting down and abandoning module AugmentedReality (51)
[2018.09.17-20.37.46:849][383]LogModuleManager: Shutting down and abandoning module OnlineBlueprintSupport (48)
[2018.09.17-20.37.46:849][383]LogModuleManager: Shutting down and abandoning module OnlineSubsystem (44)
[2018.09.17-20.37.46:883][383]LogModuleManager: Shutting down and abandoning module XMPP (43)
[2018.09.17-20.37.46:899][383]LogModuleManager: Shutting down and abandoning module HTTP (41)
[2018.09.17-20.37.46:899][383]LogHttp: Display: Http module shutting down, but needs to wait on 1 outstanding Http requests:
[2018.09.17-20.37.46:908][383]LogHttp: Display: 	verb=[POST] url=[https://datarouter.ol.epicgames.com/datarouter/api/v1/public/data?SessionID=%7B206ECCB1-4304-F179-6F13-5681DA00B29A%7D&AppID=UEEditor.Rocket.Release&AppVersion=4.18.3-3832480%2B%2B%2BUE4%2BRelease-4.18&UserID=10e6b4d1454adc80c402fda4840b45e8%7C2c90cfa805f74c7c8a19ce3131a633e6%7C3792c45f-2c81-433f-9f30-88efbac6f71d&AppEnvironment=datacollector-binary&UploadType=eteventstream] status=Processing
[2018.09.17-20.37.46:915][383]LogModuleManager: Shutting down and abandoning module SSL (40)
[2018.09.17-20.37.46:919][383]LogModuleManager: Shutting down and abandoning module AnimationModifiers (36)
[2018.09.17-20.37.46:931][383]LogModuleManager: Shutting down and abandoning module PropertyEditor (35)
[2018.09.17-20.37.46:932][383]LogModuleManager: Shutting down and abandoning module AudioEditor (32)
[2018.09.17-20.37.46:947][383]LogModuleManager: Shutting down and abandoning module TextureCompressor (30)
[2018.09.17-20.37.46:956][383]LogModuleManager: Shutting down and abandoning module ShaderCore (28)
[2018.09.17-20.37.46:956][383]LogModuleManager: Shutting down and abandoning module Landscape (26)
[2018.09.17-20.37.46:956][383]LogModuleManager: Shutting down and abandoning module SlateRHIRenderer (24)
[2018.09.17-20.37.46:967][383]LogModuleManager: Shutting down and abandoning module OpenGLDrv (22)
[2018.09.17-20.37.46:982][383]LogModuleManager: Shutting down and abandoning module D3D11RHI (20)
[2018.09.17-20.37.46:982][383]LogModuleManager: Shutting down and abandoning module AnimGraphRuntime (18)
[2018.09.17-20.37.47:000][383]LogModuleManager: Shutting down and abandoning module Renderer (16)
[2018.09.17-20.37.47:000][383]LogModuleManager: Shutting down and abandoning module Engine (14)
[2018.09.17-20.37.47:013][383]LogModuleManager: Shutting down and abandoning module CoreUObject (12)
[2018.09.17-20.37.47:014][383]LogModuleManager: Shutting down and abandoning module NetworkFile (10)
[2018.09.17-20.37.47:022][383]LogModuleManager: Shutting down and abandoning module CookedIterativeFile (8)
[2018.09.17-20.37.47:022][383]LogModuleManager: Shutting down and abandoning module StreamingFile (6)
[2018.09.17-20.37.47:029][383]LogModuleManager: Shutting down and abandoning module SandboxFile (4)
[2018.09.17-20.37.47:031][383]LogModuleManager: Shutting down and abandoning module PakFile (2)
[2018.09.17-20.37.47:044][383]LogExit: Exiting.
[2018.09.17-20.37.47:077][383]Log file closed, 09/17/18 22:37:47
