Log file open, 03/20/18 09:23:54
LogWindows: Failed to load 'aqProf.dll' (GetLastError=126)
LogWindows: File 'aqProf.dll' does not exist
LogWindows: Failed to load 'VtuneApi.dll' (GetLastError=126)
LogWindows: File 'VtuneApi.dll' does not exist
LogWindows: Failed to load 'VtuneApi32e.dll' (GetLastError=126)
LogWindows: File 'VtuneApi32e.dll' does not exist
LogInit: Display: Running engine for game: Adventure
LogPlatformFile: Not using cached read wrapper
LogInit: Display: RandInit(-691132626) SRandInit(-691132626).
LogInit: Read version file with build ID '3709383'
LogInit: Overriding engine version to CL 3832480, compatible CL 3709383
LogInit: Registered custom module enumerator with build ID '3709383'
LogTaskGraph: Started task graph with 5 named threads and 14 total threads with 3 sets of task threads.
LogStats: Stats thread started at 0.181100
LogD3D11RHI: Aftermath initialized
LogModuleManager: Display: Found up-to-date module file ../../../Engine/Plugins/2D/Paper2D/Binaries/Win64/UE4Editor-Paper2D.dll (API version 3709383).
LogModuleManager: Display: Found up-to-date module file ../../../Engine/Plugins/2D/Paper2D/Binaries/Win64/UE4Editor-Paper2DEditor.dll (API version 3709383).
LogModuleManager: Display: Found up-to-date module file ../../../Engine/Plugins/2D/Paper2D/Binaries/Win64/UE4Editor-PaperSpriteSheetImporter.dll (API version 3709383).
LogModuleManager: Display: Found up-to-date module file ../../../Engine/Plugins/2D/Paper2D/Binaries/Win64/UE4Editor-PaperTiledImporter.dll (API version 3709383).
LogModuleManager: Display: Found up-to-date module file ../../../Engine/Plugins/2D/Paper2D/Binaries/Win64/UE4Editor-SmartSnapping.dll (API version 3709383).
LogModuleManager: Display: Found up-to-date module file ../../../Engine/Plugins/Blendables/LightPropagationVolume/Binaries/Win64/UE4Editor-LightPropagationVolumeRuntime.dll (API version 3709383).
LogModuleManager: Display: Found up-to-date module file ../../../Engine/Plugins/Blendables/LightPropagationVolume/Binaries/Win64/UE4Editor-LightPropagationVolumeEditor.dll (API version 3709383).
LogModuleManager: Display: Found up-to-date module file ../../../Engine/Plugins/Developer/GitSourceControl/Binaries/Win64/UE4Editor-GitSourceControl.dll (API version 3709383).
LogModuleManager: Display: Found up-to-date module file ../../../Engine/Plugins/Developer/PerforceSourceControl/Binaries/Win64/UE4Editor-PerforceSourceControl.dll (API version 3709383).
LogModuleManager: Display: Found up-to-date module file ../../../Engine/Plugins/Developer/SubversionSourceControl/Binaries/Win64/UE4Editor-SubversionSourceControl.dll (API version 3709383).
LogModuleManager: Display: Found up-to-date module file ../../../Engine/Plugins/Developer/UObjectPlugin/Binaries/Win64/UE4Editor-UObjectPlugin.dll (API version 3709383).
LogModuleManager: Display: Found up-to-date module file ../../../Engine/Plugins/Developer/VisualStudioCodeSourceCodeAccess/Binaries/Win64/UE4Editor-VisualStudioCodeSourceCodeAccess.dll (API version 3709383).
LogModuleManager: Display: Found up-to-date module file ../../../Engine/Plugins/Developer/VisualStudioSourceCodeAccess/Binaries/Win64/UE4Editor-VisualStudioSourceCodeAccess.dll (API version 3709383).
LogModuleManager: Display: Found up-to-date module file ../../../Engine/Plugins/Editor/AssetManagerEditor/Binaries/Win64/UE4Editor-AssetManagerEditor.dll (API version 3709383).
LogModuleManager: Display: Found up-to-date module file ../../../Engine/Plugins/Editor/AudioCapture/Binaries/Win64/UE4Editor-AudioCapture.dll (API version 3709383).
LogModuleManager: Display: Found up-to-date module file ../../../Engine/Plugins/Editor/FacialAnimation/Binaries/Win64/UE4Editor-FacialAnimation.dll (API version 3709383).
LogModuleManager: Display: Found up-to-date module file ../../../Engine/Plugins/Editor/FacialAnimation/Binaries/Win64/UE4Editor-FacialAnimationEditor.dll (API version 3709383).
LogModuleManager: Display: Found up-to-date module file ../../../Engine/Plugins/Editor/GameplayTagsEditor/Binaries/Win64/UE4Editor-GameplayTagsEditor.dll (API version 3709383).
LogModuleManager: Display: Found up-to-date module file ../../../Engine/Plugins/Editor/MobileLauncherProfileWizard/Binaries/Win64/UE4Editor-MobileLauncherProfileWizard.dll (API version 3709383).
LogModuleManager: Display: Found up-to-date module file ../../../Engine/Plugins/Editor/PluginBrowser/Binaries/Win64/UE4Editor-PluginBrowser.dll (API version 3709383).
LogModuleManager: Display: Found up-to-date module file ../../../Engine/Plugins/Editor/SpeedTreeImporter/Binaries/Win64/UE4Editor-SpeedTreeImporter.dll (API version 3709383).
LogModuleManager: Display: Found up-to-date module file ../../../Engine/Plugins/Experimental/AlembicImporter/Binaries/Win64/UE4Editor-AlembicImporter.dll (API version 3709383).
LogModuleManager: Display: Found up-to-date module file ../../../Engine/Plugins/Experimental/AlembicImporter/Binaries/Win64/UE4Editor-AlembicLibrary.dll (API version 3709383).
LogModuleManager: Display: Found up-to-date module file ../../../Engine/Plugins/Experimental/CharacterAI/Binaries/Win64/UE4Editor-CharacterAI.dll (API version 3709383).
LogModuleManager: Display: Found up-to-date module file ../../../Engine/Plugins/Experimental/HTML5Networking/Binaries/Win64/UE4Editor-HTML5Networking.dll (API version 3709383).
LogModuleManager: Display: Found up-to-date module file ../../../Engine/Plugins/Media/AndroidMedia/Binaries/Win64/UE4Editor-AndroidMediaEditor.dll (API version 3709383).
LogModuleManager: Display: Found up-to-date module file ../../../Engine/Plugins/Media/AndroidMedia/Binaries/Win64/UE4Editor-AndroidMediaFactory.dll (API version 3709383).
LogModuleManager: Display: Found up-to-date module file ../../../Engine/Plugins/Media/AvfMedia/Binaries/Win64/UE4Editor-AvfMediaEditor.dll (API version 3709383).
LogModuleManager: Display: Found up-to-date module file ../../../Engine/Plugins/Media/AvfMedia/Binaries/Win64/UE4Editor-AvfMediaFactory.dll (API version 3709383).
LogModuleManager: Display: Found up-to-date module file ../../../Engine/Plugins/Media/AvfMedia/Binaries/Win64/UE4Editor-AvfMediaFactory.dll (API version 3709383).
LogModuleManager: Display: Found up-to-date module file ../../../Engine/Plugins/Media/ImgMedia/Binaries/Win64/UE4Editor-ImgMedia.dll (API version 3709383).
LogModuleManager: Display: Found up-to-date module file ../../../Engine/Plugins/Media/ImgMedia/Binaries/Win64/UE4Editor-ImgMediaEditor.dll (API version 3709383).
LogModuleManager: Display: Found up-to-date module file ../../../Engine/Plugins/Media/ImgMedia/Binaries/Win64/UE4Editor-ImgMediaFactory.dll (API version 3709383).
LogModuleManager: Display: Found up-to-date module file ../../../Engine/Plugins/Media/ImgMedia/Binaries/Win64/UE4Editor-ImgMediaFactory.dll (API version 3709383).
LogModuleManager: Display: Found up-to-date module file ../../../Engine/Plugins/Media/ImgMedia/Binaries/Win64/UE4Editor-OpenExrWrapper.dll (API version 3709383).
LogModuleManager: Display: Found up-to-date module file ../../../Engine/Plugins/Media/MediaCompositing/Binaries/Win64/UE4Editor-MediaCompositing.dll (API version 3709383).
LogModuleManager: Display: Found up-to-date module file ../../../Engine/Plugins/Media/MediaCompositing/Binaries/Win64/UE4Editor-MediaCompositingEditor.dll (API version 3709383).
LogModuleManager: Display: Found up-to-date module file ../../../Engine/Plugins/Media/MediaPlayerEditor/Binaries/Win64/UE4Editor-MediaPlayerEditor.dll (API version 3709383).
LogModuleManager: Display: Found up-to-date module file ../../../Engine/Plugins/Media/WmfMedia/Binaries/Win64/UE4Editor-WmfMedia.dll (API version 3709383).
LogModuleManager: Display: Found up-to-date module file ../../../Engine/Plugins/Media/WmfMedia/Binaries/Win64/UE4Editor-WmfMediaEditor.dll (API version 3709383).
LogModuleManager: Display: Found up-to-date module file ../../../Engine/Plugins/Media/WmfMedia/Binaries/Win64/UE4Editor-WmfMediaFactory.dll (API version 3709383).
LogModuleManager: Display: Found up-to-date module file ../../../Engine/Plugins/Media/WmfMedia/Binaries/Win64/UE4Editor-WmfMediaFactory.dll (API version 3709383).
LogModuleManager: Display: Found up-to-date module file ../../../Engine/Plugins/Messaging/TcpMessaging/Binaries/Win64/UE4Editor-TcpMessaging.dll (API version 3709383).
LogModuleManager: Display: Found up-to-date module file ../../../Engine/Plugins/Messaging/UdpMessaging/Binaries/Win64/UE4Editor-UdpMessaging.dll (API version 3709383).
LogModuleManager: Display: Found up-to-date module file ../../../Engine/Plugins/MovieScene/ActorSequence/Binaries/Win64/UE4Editor-ActorSequence.dll (API version 3709383).
LogModuleManager: Display: Found up-to-date module file ../../../Engine/Plugins/MovieScene/LevelSequenceEditor/Binaries/Win64/UE4Editor-LevelSequenceEditor.dll (API version 3709383).
LogModuleManager: Display: Found up-to-date module file ../../../Engine/Plugins/MovieScene/MatineeToLevelSequence/Binaries/Win64/UE4Editor-MatineeToLevelSequence.dll (API version 3709383).
LogModuleManager: Display: Found up-to-date module file ../../../Engine/Plugins/Online/OnlineSubsystem/Binaries/Win64/UE4Editor-OnlineSubsystem.dll (API version 3709383).
LogModuleManager: Display: Found up-to-date module file ../../../Engine/Plugins/Runtime/AndroidPermission/Binaries/Win64/UE4Editor-AndroidPermission.dll (API version 3709383).
LogModuleManager: Display: Found up-to-date module file ../../../Engine/Plugins/Online/OnlineSubsystemNull/Binaries/Win64/UE4Editor-OnlineSubsystemNull.dll (API version 3709383).
LogModuleManager: Display: Found up-to-date module file ../../../Engine/Plugins/Online/OnlineSubsystemUtils/Binaries/Win64/UE4Editor-OnlineSubsystemUtils.dll (API version 3709383).
LogModuleManager: Display: Found up-to-date module file ../../../Engine/Plugins/Online/OnlineSubsystemUtils/Binaries/Win64/UE4Editor-OnlineBlueprintSupport.dll (API version 3709383).
LogModuleManager: Display: Found up-to-date module file ../../../Engine/Plugins/Runtime/AndroidDeviceProfileSelector/Binaries/Win64/UE4Editor-AndroidDeviceProfileSelector.dll (API version 3709383).
LogModuleManager: Display: Found up-to-date module file ../../../Engine/Plugins/Runtime/AppleARKit/Binaries/Win64/UE4Editor-AppleARKit.dll (API version 3709383).
LogModuleManager: Display: Found up-to-date module file ../../../Engine/Plugins/Runtime/ArchVisCharacter/Binaries/Win64/UE4Editor-ArchVisCharacter.dll (API version 3709383).
LogModuleManager: Display: Found up-to-date module file ../../../Engine/Plugins/Runtime/CableComponent/Binaries/Win64/UE4Editor-CableComponent.dll (API version 3709383).
LogModuleManager: Display: Found up-to-date module file ../../../Engine/Plugins/Runtime/CustomMeshComponent/Binaries/Win64/UE4Editor-CustomMeshComponent.dll (API version 3709383).
LogModuleManager: Display: Found up-to-date module file ../../../Engine/Plugins/Runtime/ExampleDeviceProfileSelector/Binaries/Win64/UE4Editor-ExampleDeviceProfileSelector.dll (API version 3709383).
LogModuleManager: Display: Found up-to-date module file ../../../Engine/Plugins/Runtime/ImmediatePhysics/Binaries/Win64/UE4Editor-ImmediatePhysics.dll (API version 3709383).
LogModuleManager: Display: Found up-to-date module file ../../../Engine/Plugins/Runtime/ImmediatePhysics/Binaries/Win64/UE4Editor-ImmediatePhysicsEditor.dll (API version 3709383).
LogModuleManager: Display: Found up-to-date module file ../../../Engine/Plugins/Runtime/LocationServicesBPLibrary/Binaries/Win64/UE4Editor-LocationServicesBPLibrary.dll (API version 3709383).
LogModuleManager: Display: Found up-to-date module file ../../../Engine/Plugins/Runtime/MobilePatchingUtils/Binaries/Win64/UE4Editor-MobilePatchingUtils.dll (API version 3709383).
LogModuleManager: Display: Found up-to-date module file ../../../Engine/Plugins/Runtime/Oculus/OculusVR/Binaries/Win64/UE4Editor-OculusHMD.dll (API version 3709383).
LogModuleManager: Display: Found up-to-date module file ../../../Engine/Plugins/Runtime/Oculus/OculusVR/Binaries/Win64/UE4Editor-OculusInput.dll (API version 3709383).
LogModuleManager: Display: Found up-to-date module file ../../../Engine/Plugins/Runtime/Oculus/OculusVR/Binaries/Win64/UE4Editor-OculusEditor.dll (API version 3709383).
LogModuleManager: Display: Found up-to-date module file ../../../Engine/Plugins/Runtime/PhysXVehicles/Binaries/Win64/UE4Editor-PhysXVehicles.dll (API version 3709383).
LogModuleManager: Display: Found up-to-date module file ../../../Engine/Plugins/Runtime/PhysXVehicles/Binaries/Win64/UE4Editor-PhysXVehiclesEditor.dll (API version 3709383).
LogModuleManager: Display: Found up-to-date module file ../../../Engine/Plugins/Runtime/ProceduralMeshComponent/Binaries/Win64/UE4Editor-ProceduralMeshComponent.dll (API version 3709383).
LogModuleManager: Display: Found up-to-date module file ../../../Engine/Plugins/Runtime/ProceduralMeshComponent/Binaries/Win64/UE4Editor-ProceduralMeshComponentEditor.dll (API version 3709383).
LogModuleManager: Display: Found up-to-date module file ../../../Engine/Plugins/Runtime/RuntimePhysXCooking/Binaries/Win64/UE4Editor-RuntimePhysXCooking.dll (API version 3709383).
LogModuleManager: Display: Found up-to-date module file ../../../Engine/Plugins/Runtime/Steam/SteamVR/Binaries/Win64/UE4Editor-SteamVR.dll (API version 3709383).
LogModuleManager: Display: Found up-to-date module file ../../../Engine/Plugins/Runtime/Steam/SteamVR/Binaries/Win64/UE4Editor-SteamVRController.dll (API version 3709383).
LogModuleManager: Display: Found up-to-date module file ../../../Engine/Plugins/Runtime/WindowsMoviePlayer/Binaries/Win64/UE4Editor-WindowsMoviePlayer.dll (API version 3709383).
LogPluginManager: Mounting plugin Paper2D
LogPluginManager: Mounting plugin LightPropagationVolume
LogPluginManager: Mounting plugin CodeLiteSourceCodeAccess
LogPluginManager: Mounting plugin GitSourceControl
LogPluginManager: Mounting plugin KDevelopSourceCodeAccess
LogPluginManager: Mounting plugin NullSourceCodeAccess
LogPluginManager: Mounting plugin PerforceSourceControl
LogPluginManager: Mounting plugin SubversionSourceControl
LogPluginManager: Mounting plugin UObjectPlugin
LogPluginManager: Mounting plugin VisualStudioCodeSourceCodeAccess
LogPluginManager: Mounting plugin VisualStudioSourceCodeAccess
LogPluginManager: Mounting plugin XCodeSourceCodeAccess
LogPluginManager: Mounting plugin AssetManagerEditor
LogPluginManager: Mounting plugin AudioCapture
LogPluginManager: Mounting plugin FacialAnimation
LogPluginManager: Mounting plugin GameplayTagsEditor
LogPluginManager: Mounting plugin MobileLauncherProfileWizard
LogPluginManager: Mounting plugin PluginBrowser
LogPluginManager: Mounting plugin SpeedTreeImporter
LogPluginManager: Mounting plugin AlembicImporter
LogPluginManager: Mounting plugin CharacterAI
LogPluginManager: Mounting plugin HTML5Networking
LogPluginManager: Mounting plugin AndroidMedia
LogPluginManager: Mounting plugin AvfMedia
LogPluginManager: Mounting plugin ImgMedia
LogPluginManager: Mounting plugin MediaCompositing
LogPluginManager: Mounting plugin MediaPlayerEditor
LogPluginManager: Mounting plugin WmfMedia
LogPluginManager: Mounting plugin TcpMessaging
LogPluginManager: Mounting plugin UdpMessaging
LogPluginManager: Mounting plugin ActorSequence
LogPluginManager: Mounting plugin LevelSequenceEditor
LogPluginManager: Mounting plugin MatineeToLevelSequence
LogPluginManager: Mounting plugin OnlineSubsystemGooglePlay
LogPluginManager: Mounting plugin OnlineSubsystemIOS
LogPluginManager: Mounting plugin OnlineSubsystem
LogPluginManager: Mounting plugin OnlineSubsystemNull
LogPluginManager: Mounting plugin OnlineSubsystemUtils
LogPluginManager: Mounting plugin AndroidDeviceProfileSelector
LogPluginManager: Mounting plugin AndroidMoviePlayer
LogPluginManager: Mounting plugin AndroidPermission
LogPluginManager: Mounting plugin AppleARKit
LogPluginManager: Mounting plugin AppleMoviePlayer
LogPluginManager: Mounting plugin ArchVisCharacter
LogPluginManager: Mounting plugin CableComponent
LogPluginManager: Mounting plugin CustomMeshComponent
LogPluginManager: Mounting plugin ExampleDeviceProfileSelector
LogPluginManager: Mounting plugin GoogleCloudMessaging
LogPluginManager: Mounting plugin ImmediatePhysics
LogPluginManager: Mounting plugin IOSDeviceProfileSelector
LogPluginManager: Mounting plugin LinuxDeviceProfileSelector
LogPluginManager: Mounting plugin LocationServicesBPLibrary
LogPluginManager: Mounting plugin MobilePatchingUtils
LogPluginManager: Mounting plugin OculusVR
LogPluginManager: Plugin shader directory ../../../Engine/Plugins/Runtime/Oculus/OculusVR/Shaders found
LogPluginManager: Mapping shader source directory ../../../Engine/Plugins/Runtime/Oculus/OculusVR/Shaders to virtual directory /Plugin/OculusVR
LogPluginManager: Mounting plugin PhysXVehicles
LogPluginManager: Mounting plugin ProceduralMeshComponent
LogPluginManager: Mounting plugin RuntimePhysXCooking
LogPluginManager: Mounting plugin SteamVR
LogPluginManager: Mounting plugin WindowsMoviePlayer
LogInit: Using libcurl 7.47.1
LogInit:  - built for x86_64-pc-win32
LogInit:  - supports SSL with OpenSSL/1.0.2g
LogInit:  - supports HTTP deflate (compression) using libz 1.2.8
LogInit:  - other features:
LogInit:      CURL_VERSION_SSL
LogInit:      CURL_VERSION_LIBZ
LogInit:      CURL_VERSION_IPV6
LogInit:      CURL_VERSION_ASYNCHDNS
LogInit:      CURL_VERSION_LARGEFILE
LogInit:      CURL_VERSION_IDN
LogInit:  CurlRequestOptions (configurable via config and command line):
LogInit:  - bVerifyPeer = false  - Libcurl will NOT verify peer certificate
LogInit:  - bUseHttpProxy = false  - Libcurl will NOT use HTTP proxy
LogInit:  - bDontReuseConnections = false  - Libcurl will reuse connections
LogInit:  - CertBundlePath = nullptr  - Libcurl will use whatever was configured at build time.
LogInit: Build: ++UE4+Release-4.18-CL-3832480
LogInit: Engine Version: 4.18.3-3832480+++UE4+Release-4.18
LogInit: Compatible Engine Version: 4.18.0-3709383+++UE4+Release-4.18
LogInit: Net CL: 3709383
LogDevObjectVersion: Number of dev versions registered: 16
LogDevObjectVersion:   Dev-Blueprints (B0D832E4-1F89-4F0D-ACCF-7EB736FD4AA2): 10
LogDevObjectVersion:   Dev-Build (E1C64328-A22C-4D53-A36C-8E866417BD8C): 0
LogDevObjectVersion:   Dev-Core (375EC13C-06E4-48FB-B500-84F0262A717E): 2
LogDevObjectVersion:   Dev-Editor (E4B068ED-F494-42E9-A231-DA0B2E46BB41): 20
LogDevObjectVersion:   Dev-Framework (CFFC743F-43B0-4480-9391-14DF171D2073): 30
LogDevObjectVersion:   Dev-Mobile (B02B49B5-BB20-44E9-A304-32B752E40360): 0
LogDevObjectVersion:   Dev-Networking (A4E4105C-59A1-49B5-A7C5-40C4547EDFEE): 0
LogDevObjectVersion:   Dev-Online (39C831C9-5AE6-47DC-9A44-9C173E1C8E7C): 0
LogDevObjectVersion:   Dev-Physics (78F01B33-EBEA-4F98-B9B4-84EACCB95AA2): 0
LogDevObjectVersion:   Dev-Platform (6631380F-2D4D-43E0-8009-CF276956A95A): 0
LogDevObjectVersion:   Dev-Rendering (12F88B9F-8875-4AFC-A67C-D90C383ABD29): 20
LogDevObjectVersion:   Dev-Sequencer (7B5AE74C-D270-4C10-A958-57980B212A5A): 4
LogDevObjectVersion:   Dev-VR (D7296918-1DD6-4BDD-9DE2-64A83CC13884): 0
LogDevObjectVersion:   Dev-LoadTimes (C2A15278-BFE7-4AFE-6C17-90FF531DF755): 1
LogDevObjectVersion:   Private-Geometry (6EACA3D4-40EC-4CC1-B786-8BED09428FC5): 1
LogDevObjectVersion:   Dev-AnimPhys (29E575DD-E0A3-4627-9D10-D276232CDCEA): 12
LogInit: Compiled (64-bit): Jan 12 2018 02:04:55
LogInit: Compiled with Visual C++: 19.00.24215.01
LogInit: Build Configuration: Development
LogInit: Branch Name: ++UE4+Release-4.18
LogInit: Command line: -EpicPortal 
LogInit: Base directory: F:/Unreal 4.18/UE_4.18/Engine/Binaries/Win64/
LogInit: Installed Engine Build: 1
LogInit: Presizing for max 8388607 objects, including 0 objects not considered by GC, pre-allocating 0 bytes for permanent pool.
LogInit: Object subsystem initialized
[2018.03.20-08.23.56:148][  0]LogInit: Selected Device Profile: [Windows]
[2018.03.20-08.23.56:148][  0]LogInit: Applying CVar settings loaded from the selected device profile: [Windows]
[2018.03.20-08.23.56:198][  0]LogInit: Computer: MR_E-DATOR
[2018.03.20-08.23.56:198][  0]LogInit: User: MrE
[2018.03.20-08.23.56:198][  0]LogInit: CPU Page size=4096, Cores=4
[2018.03.20-08.23.56:198][  0]LogInit: High frequency timer resolution =3.233220 MHz
[2018.03.20-08.23.56:199][  0]LogMemory: Memory total: Physical=8.0GB (8GB approx)
[2018.03.20-08.23.56:199][  0]LogMemory: Platform Memory Stats for Windows
[2018.03.20-08.23.56:199][  0]LogMemory: Process Physical Memory: 275.37 MB used, 275.37 MB peak
[2018.03.20-08.23.56:199][  0]LogMemory: Process Virtual Memory: 271.76 MB used, 271.76 MB peak
[2018.03.20-08.23.56:199][  0]LogMemory: Physical Memory: 4667.77 MB used,  3491.37 MB free, 8159.14 MB total
[2018.03.20-08.23.56:199][  0]LogMemory: Virtual Memory: 679.39 MB used,  3491.37 MB free, 134217728.00 MB total
[2018.03.20-08.23.56:366][  0]LogInit: Using OS detected language (sv-SE).
[2018.03.20-08.23.56:366][  0]LogInit: Using OS detected locale (sv-SE).
[2018.03.20-08.23.56:370][  0]LogTextLocalizationManager: No localization for 'sv-SE' exists, so 'en' will be used for the language.
[2018.03.20-08.23.56:370][  0]LogTextLocalizationManager: No localization for 'sv-SE' exists, so 'en' will be used for the locale.
[2018.03.20-08.23.56:861][  0]LogInit: Setting process to per monitor DPI aware
[2018.03.20-08.23.57:151][  0]LogD3D11RHI: D3D11 adapters:
[2018.03.20-08.23.57:205][  0]LogD3D11RHI:    0. 'NVIDIA GeForce GTX 1070' (Feature Level 11_0)
[2018.03.20-08.23.57:205][  0]LogD3D11RHI:       8088/0/4079 MB DedicatedVideo/DedicatedSystem/SharedSystem, Outputs:2, VendorId:0x10de
[2018.03.20-08.23.57:207][  0]LogD3D11RHI:    1. 'Microsoft Basic Render Driver' (Feature Level 11_0)
[2018.03.20-08.23.57:208][  0]LogD3D11RHI:       0/0/4079 MB DedicatedVideo/DedicatedSystem/SharedSystem, Outputs:0, VendorId:0x1414
[2018.03.20-08.23.57:208][  0]LogD3D11RHI: Chosen D3D11 Adapter: 0
[2018.03.20-08.23.57:213][  0]LogD3D11RHI: Creating new Direct3DDevice
[2018.03.20-08.23.57:214][  0]LogD3D11RHI:     GPU DeviceId: 0x1b81 (for the marketing name, search the web for "GPU Device Id")
[2018.03.20-08.23.57:214][  0]LogWindows: EnumDisplayDevices:
[2018.03.20-08.23.57:214][  0]LogWindows:    0. 'NVIDIA GeForce GTX 1070' (P:1 D:1)
[2018.03.20-08.23.57:214][  0]LogWindows:    1. 'NVIDIA GeForce GTX 1070' (P:0 D:1)
[2018.03.20-08.23.57:214][  0]LogWindows:    2. 'NVIDIA GeForce GTX 1070' (P:0 D:0)
[2018.03.20-08.23.57:214][  0]LogWindows:    3. 'NVIDIA GeForce GTX 1070' (P:0 D:0)
[2018.03.20-08.23.57:214][  0]LogWindows: DebugString: GetVideoDriverDetailsInvalid PrimaryIsNotTheChoosenAdapter GetVideoDriverDetailsInvalid PrimaryIsNotTheChoosenAdapter GetVideoDriverDetailsInvalid PrimaryIsNotTheChoosenAdapter GetVideoDriverDetailsInvalid PrimaryIsNotTheChoosenAdapter FoundDriverCount:0 
[2018.03.20-08.23.57:214][  0]LogD3D11RHI:     Adapter Name: NVIDIA GeForce GTX 1070
[2018.03.20-08.23.57:214][  0]LogD3D11RHI:   Driver Version: Unknown (internal:Unknown, unified:Unknown)
[2018.03.20-08.23.57:214][  0]LogD3D11RHI:      Driver Date: Unknown
[2018.03.20-08.23.57:214][  0]LogRHI: Texture pool is 5661 MB (70% of 8088 MB)
[2018.03.20-08.23.57:261][  0]LogD3D11RHI: Async texture creation enabled
[2018.03.20-08.23.57:280][  0]LogD3D11RHI: GPU Timing Frequency: 1000.000000 (Debug: 2 2)
[2018.03.20-08.23.57:329][  0]LogShaderCompilers: Guid format shader working directory is -19 characters bigger than the processId version (../../../../../Projects/AdventureP/AdventureUE4Project/Adventure/Intermediate/Shaders/WorkingDirectory/8108/).
[2018.03.20-08.23.57:329][  0]LogShaderCompilers: Cleaned the shader compiler working directory 'C:/Users/Mr_E/AppData/Local/Temp/UnrealShaderWorkingDir/352449CC441B89EF95ADB9B3D3CB31D9/'.
[2018.03.20-08.23.57:329][  0]LogShaderCompilers: Display: Using Local Shader Compiler.
[2018.03.20-08.23.59:315][  0]LogTemp: Display: Loaded TP AllDesktopTargetPlatform
[2018.03.20-08.23.59:434][  0]LogTemp: Display: Loaded TP MacClientTargetPlatform
[2018.03.20-08.23.59:543][  0]LogTemp: Display: Loaded TP MacNoEditorTargetPlatform
[2018.03.20-08.23.59:600][  0]LogTemp: Display: Loaded TP MacServerTargetPlatform
[2018.03.20-08.23.59:695][  0]LogTemp: Display: Loaded TP MacTargetPlatform
[2018.03.20-08.23.59:754][  0]LogTemp: Display: Loaded TP WindowsClientTargetPlatform
[2018.03.20-08.23.59:806][  0]LogTemp: Display: Loaded TP WindowsNoEditorTargetPlatform
[2018.03.20-08.23.59:859][  0]LogTemp: Display: Loaded TP WindowsServerTargetPlatform
[2018.03.20-08.23.59:903][  0]LogTemp: Display: Loaded TP WindowsTargetPlatform
[2018.03.20-08.23.59:955][  0]LogTemp: Display: Loaded TP Android_ASTCTargetPlatform
[2018.03.20-08.24.00:007][  0]LogTemp: Display: Loaded TP Android_ATCTargetPlatform
[2018.03.20-08.24.00:060][  0]LogTemp: Display: Loaded TP Android_DXTTargetPlatform
[2018.03.20-08.24.00:121][  0]LogTemp: Display: Loaded TP Android_ETC1TargetPlatform
[2018.03.20-08.24.00:189][  0]LogTemp: Display: Loaded TP Android_ETC2TargetPlatform
[2018.03.20-08.24.00:323][  0]LogTemp: Display: Loaded TP Android_MultiTargetPlatform
[2018.03.20-08.24.00:323][  0]LogTemp: Display: Loaded TP Android_PVRTCTargetPlatform
[2018.03.20-08.24.00:396][  0]LogTemp: Display: Loaded TP AndroidTargetPlatform
[2018.03.20-08.24.00:446][  0]LogTemp: Display: Loaded TP HTML5TargetPlatform
[2018.03.20-08.24.00:556][  0]LogTemp: Display: Loaded TP IOSTargetPlatform
[2018.03.20-08.24.00:584][  0]LogTemp: Display: Loaded TP TVOSTargetPlatform
[2018.03.20-08.24.00:639][  0]LogTemp: Display: Loaded TP LinuxClientTargetPlatform
[2018.03.20-08.24.00:693][  0]LogTemp: Display: Loaded TP LinuxNoEditorTargetPlatform
[2018.03.20-08.24.00:744][  0]LogTemp: Display: Loaded TP LinuxServerTargetPlatform
[2018.03.20-08.24.00:795][  0]LogTemp: Display: Loaded TP LinuxTargetPlatform
[2018.03.20-08.24.00:795][  0]LogTargetPlatformManager: Display: Building Assets For Windows
[2018.03.20-08.24.01:222][  0]LogDerivedDataCache: Display: Max Cache Size: 512 MB
[2018.03.20-08.24.01:309][  0]LogDerivedDataCache: Loaded boot cache 0.09s 79MB C:/Users/Mr_E/AppData/Local/UnrealEngine/4.18/DerivedDataCache/Boot.ddc.
[2018.03.20-08.24.01:309][  0]LogDerivedDataCache: Display: Loaded Boot cache: C:/Users/Mr_E/AppData/Local/UnrealEngine/4.18/DerivedDataCache/Boot.ddc
[2018.03.20-08.24.01:309][  0]LogDerivedDataCache: FDerivedDataBackendGraph:  Pak pak cache file ../../../../../Projects/AdventureP/AdventureUE4Project/Adventure/DerivedDataCache/DDC.ddp not found, will not use a pak cache.
[2018.03.20-08.24.01:310][  0]LogDerivedDataCache: Unable to find inner node Pak for hierarchical cache Hierarchy.
[2018.03.20-08.24.01:310][  0]LogDerivedDataCache: FDerivedDataBackendGraph:  CompressedPak pak cache file ../../../../../Projects/AdventureP/AdventureUE4Project/Adventure/DerivedDataCache/Compressed.ddp not found, will not use a pak cache.
[2018.03.20-08.24.01:310][  0]LogDerivedDataCache: Unable to find inner node CompressedPak for hierarchical cache Hierarchy.
[2018.03.20-08.24.01:328][  0]LogDerivedDataCache: Display: Pak cache opened for reading ../../../Engine/DerivedDataCache/Compressed.ddp.
[2018.03.20-08.24.01:340][  0]LogDerivedDataCache: Using Local data cache path C:/Users/Mr_E/AppData/Local/UnrealEngine/Common/DerivedDataCache: Writable
[2018.03.20-08.24.01:353][  0]LogMaterial: Verifying Global Shaders for PCD3D_SM5
[2018.03.20-08.24.01:353][  0]LogSlate: Using Freetype 2.6.0
[2018.03.20-08.24.01:354][  0]LogSlate: SlateFontCache - WITH_FREETYPE: 1, WITH_HARFBUZZ: 1
[2018.03.20-08.24.01:354][  0]LogSlate: SlateFontCache - WITH_FREETYPE: 1, WITH_HARFBUZZ: 1
[2018.03.20-08.24.01:805][  0]LogInit: Selected Device Profile: [Windows]
[2018.03.20-08.24.02:144][  0]LogSimplygon: Simplygon DLL not present - disabling.
[2018.03.20-08.24.02:180][  0]LogMeshReduction: Using SimplygonSwarm for distributed automatic mesh merging
[2018.03.20-08.24.02:180][  0]LogMeshReduction: Using QuadricMeshReduction for automatic static mesh reduction
[2018.03.20-08.24.02:180][  0]LogMeshReduction: No automatic skeletal mesh reduction module available
[2018.03.20-08.24.02:180][  0]LogMeshReduction: No automatic mesh merging module available
[2018.03.20-08.24.02:180][  0]LogMeshMerging: No automatic mesh merging module available
[2018.03.20-08.24.02:224][  0]LogNetVersion: Adventure , NetCL: 3709383, EngineNetVer: 2, GameNetVer: 0 (Checksum: 1750621016)
[2018.03.20-08.24.02:392][  0]LogAssetRegistry: FAssetRegistry took 0.0276 seconds to start up
[2018.03.20-08.24.02:891][  0]LogPackageLocalizationCache: Processed 7 localized package path(s) for 1 prioritized culture(s) in 0.030335 seconds
[2018.03.20-08.24.02:898][  0]LogUObjectArray: 35870 objects as part of root set at end of initial load.
[2018.03.20-08.24.02:898][  0]LogUObjectAllocator: 7363696 out of 0 bytes used by permanent object pool.
[2018.03.20-08.24.02:898][  0]LogUObjectArray: CloseDisregardForGC: 0/0 objects in disregard for GC pool
[2018.03.20-08.24.02:948][  0]LogInit: WinSock: version 1.1 (2.2), MaxSocks=32767, MaxUdp=65467
[2018.03.20-08.24.05:761][  0]LogTcpMessaging: Initializing TcpMessaging bridge
[2018.03.20-08.24.05:799][  0]LogUdpMessaging: Initializing bridge on interface 0.0.0.0:0 to multicast group 230.0.0.1:6666.
[2018.03.20-08.24.06:459][  0]LogMaterial: Uniform references updated for custom material expression Custom.
[2018.03.20-08.24.06:878][  0]SourceControl: Source control is disabled
[2018.03.20-08.24.07:849][  0]LogAndroidPermission: UAndroidPermissionCallbackProxy::GetInstance
[2018.03.20-08.24.08:112][  0]LogOcInput: OculusInput pre-init called
[2018.03.20-08.24.08:381][  0]LogEngine: Initializing Engine...
[2018.03.20-08.24.08:387][  0]LogHMD: Failed to initialize OpenVR with code 105
[2018.03.20-08.24.08:641][  0]LogStats: UGameplayTagsManager::ConstructGameplayTagTree: Construct from data asset -  0.000 s
[2018.03.20-08.24.08:641][  0]LogStats: UGameplayTagsManager::ConstructGameplayTagTree: GameplayTagTreeChangedEvent.Broadcast -  0.000 s
[2018.03.20-08.24.08:782][  0]LogAIModule: Creating AISystem for world Untitled
[2018.03.20-08.24.08:800][  0]LogInit: XAudio2 using 'Hörlurar på headset (2- SteelSeries Arctis 7 Chat)' : 1 channels at 48 kHz using 16 bits per sample (channel mask 0x0)
[2018.03.20-08.24.08:841][  0]LogInit: FAudioDevice initialized.
[2018.03.20-08.24.08:950][  0]LogDerivedDataCache: Saved boot cache 0.11s 79MB C:/Users/Mr_E/AppData/Local/UnrealEngine/4.18/DerivedDataCache/Boot.ddc.
[2018.03.20-08.24.08:971][  0]LogInit: Texture streaming: Enabled
[2018.03.20-08.24.09:079][  0]LogEngineSessionManager: EngineSessionManager initialized
[2018.03.20-08.24.09:293][  0]LogInit: Transaction tracking system initialized
[2018.03.20-08.24.09:673][  0]BlueprintLog: New page: Editor Load
[2018.03.20-08.24.10:720][  0]LocalizationService: Localization service is disabled
[2018.03.20-08.24.11:529][  0]LogConsoleResponse: Display: 
[2018.03.20-08.24.11:757][  0]LogCook: Display: Max memory allowance for cook 16384mb min free memory 0mb
[2018.03.20-08.24.11:757][  0]LogCook: Display: Mobile HDR setting 1
[2018.03.20-08.24.11:757][  0]LogGameplayTags: Display: UGameplayTagsManager::DoneAddingNativeTags. DelegateIsBound: 0
[2018.03.20-08.24.12:428][  0]LogFileCache: Scanning file cache for directory 'F:/Projects/AdventureP/AdventureUE4Project/Adventure/Content/' took 0.08s
[2018.03.20-08.24.12:925][  0]Cmd: MAP LOAD FILE="../../../../../Projects/AdventureP/AdventureUE4Project/Adventure/Content/FirstPersonBP/Maps/FirstPersonExampleMap.umap" TEMPLATE=0 SHOWPROGRESS=1 FEATURELEVEL=3
[2018.03.20-08.24.13:066][  0]LightingResults: New page: Lighting Build
[2018.03.20-08.24.13:105][  0]MapCheck: New page: Map Check
[2018.03.20-08.24.13:105][  0]LightingResults: New page: Lighting Build
[2018.03.20-08.24.29:599][  0]LogAIModule: Creating AISystem for world FirstPersonExampleMap
[2018.03.20-08.24.30:747][  0]LogEditorServer: Finished looking for orphan Actors (0.000 secs)
[2018.03.20-08.24.30:762][  0]Cmd: MAP CHECKDEP NOCLEARLOG
[2018.03.20-08.24.30:830][  0]MapCheck: Map check complete: 0 Error(s), 0 Warning(s), took 68.368ms to complete.
[2018.03.20-08.24.30:831][  0]LogFileHelpers: Loading map 'FirstPersonExampleMap' took 17.905
[2018.03.20-08.24.31:153][  0]LogCollectionManager: Loaded 0 collections in 0.001006 seconds
[2018.03.20-08.24.31:234][  0]LogFileCache: Scanning file cache for directory 'F:/Projects/AdventureP/AdventureUE4Project/Adventure/Saved/Collections/' took 0.01s
[2018.03.20-08.24.31:234][  0]LogFileCache: Scanning file cache for directory 'F:/Projects/AdventureP/AdventureUE4Project/Adventure/Content/Developers/MrE/Collections/' took 0.01s
[2018.03.20-08.24.31:234][  0]LogFileCache: Scanning file cache for directory 'F:/Projects/AdventureP/AdventureUE4Project/Adventure/Content/Collections/' took 0.01s
[2018.03.20-08.24.31:234][  0]LogCollectionManager: Rebuilt the GUID cache for 0 collections in 0.000000 seconds
[2018.03.20-08.24.31:245][  0]LogContentBrowser: Native class hierarchy populated in 0.0107 seconds. Added 2363 classes and 519 folders.
[2018.03.20-08.24.31:307][  0]LogContentBrowser: Native class hierarchy updated for 'WidgetCarousel' in 0.0003 seconds. Added 0 classes and 0 folders.
[2018.03.20-08.24.33:064][  0]LogContentBrowser: Native class hierarchy updated for 'AddContentDialog' in 0.0003 seconds. Added 0 classes and 0 folders.
[2018.03.20-08.24.33:328][  0]LogContentBrowser: Native class hierarchy updated for 'SceneOutliner' in 0.0003 seconds. Added 1 classes and 2 folders.
[2018.03.20-08.24.34:157][  0]LogSlate: Took 0.000279 seconds to synchronously load lazily loaded font '../../../Engine/Content/Slate/Fonts/Roboto-Regular.ttf' (155K)
[2018.03.20-08.24.34:160][  0]LogSlate: Took 0.000284 seconds to synchronously load lazily loaded font '../../../Engine/Content/Slate/Fonts/Roboto-Bold.ttf' (160K)
[2018.03.20-08.24.34:227][  0]LogSlate: Took 0.010316 seconds to synchronously load lazily loaded font '../../../Engine/Content/Editor/Slate/Fonts/FontAwesome.ttf' (139K)
[2018.03.20-08.24.34:980][  0]LogRenderer: Reallocating scene render targets to support 1180x484 Format 10 NumSamples 1 (Frame:1).
[2018.03.20-08.24.36:078][  0]LogContentBrowser: Native class hierarchy updated for 'HierarchicalLODOutliner' in 0.0005 seconds. Added 1 classes and 2 folders.
[2018.03.20-08.24.36:079][  0]LogLoad: (Engine Initialization) Total time: 43.85 seconds
[2018.03.20-08.24.36:079][  0]LogLoad: (Engine Initialization) Total Blueprint compile time: 0.00 seconds
[2018.03.20-08.24.36:079][  0]LogExternalProfiler: Found external profiler: VSPerf
[2018.03.20-08.24.36:079][  0]LogExternalProfiler: Using external profiler: VSPerf
[2018.03.20-08.24.36:570][  0]LogContentStreaming: Texture pool size now 1000 MB
[2018.03.20-08.24.36:874][  0]LogSlate: Took 0.018581 seconds to synchronously load lazily loaded font '../../../Engine/Content/Slate/Fonts/Roboto-Light.ttf' (159K)
[2018.03.20-08.24.37:910][  3]LogAssetRegistry: Asset discovery search completed in 35.5402 seconds
[2018.03.20-08.24.37:913][  3]LogCollectionManager: Rebuilt the object cache for 0 collections in 0.000000 seconds (found 0 objects)
[2018.03.20-08.24.37:913][  3]LogCollectionManager: Fixed up redirectors for 0 collections in 0.000095 seconds (updated 0 objects)
[2018.03.20-08.24.37:984][  3]LogSlate: Took 0.000179 seconds to synchronously load lazily loaded font '../../../Engine/Content/Slate/Fonts/Roboto-Light.ttf' (159K)
[2018.03.20-08.50.08:067][ 78]LogSlate: Took 0.000187 seconds to synchronously load lazily loaded font '../../../Engine/Content/Slate/Fonts/Roboto-Light.ttf' (159K)
[2018.03.20-08.50.08:170][ 78]LogContentBrowser: Native class hierarchy updated for 'MaterialEditor' in 0.0083 seconds. Added 1 classes and 0 folders.
[2018.03.20-08.50.09:488][ 78]LogMaterial: Missing cached shader map for material Grass_Terrain_Mat, compiling. 
[2018.03.20-08.50.10:216][ 78]LogMaterial: Missing cached shader map for material FMatExpressionPreview MaterialExpressionTextureSampleParameter2D_0, compiling. 
[2018.03.20-08.50.10:222][ 78]LogMaterial: Missing cached shader map for material FMatExpressionPreview MaterialExpressionTextureSampleParameter2D_1, compiling. 
[2018.03.20-08.50.10:228][ 78]LogMaterial: Missing cached shader map for material FMatExpressionPreview MaterialExpressionTextureSampleParameter2D_2, compiling. 
[2018.03.20-08.50.10:234][ 78]LogMaterial: Missing cached shader map for material FMatExpressionPreview MaterialExpressionTextureSampleParameter2D_3, compiling. 
[2018.03.20-08.50.10:239][ 78]LogMaterial: Missing cached shader map for material FMatExpressionPreview MaterialExpressionTextureSampleParameter2D_4, compiling. 
[2018.03.20-08.50.10:246][ 78]LogMaterial: Missing cached shader map for material FMatExpressionPreview MaterialExpressionTextureSampleParameter2D_5, compiling. 
[2018.03.20-08.50.10:251][ 78]LogMaterial: Missing cached shader map for material FMatExpressionPreview MaterialExpressionTextureSampleParameter2D_6, compiling. 
[2018.03.20-08.50.10:258][ 78]LogMaterial: Missing cached shader map for material FMatExpressionPreview MaterialExpressionTextureSampleParameter2D_7, compiling. 
[2018.03.20-08.50.10:265][ 78]LogMaterial: Missing cached shader map for material FMatExpressionPreview MaterialExpressionLandscapeLayerCoords_0, compiling. 
[2018.03.20-08.50.10:271][ 78]LogMaterial: Missing cached shader map for material FMatExpressionPreview MaterialExpressionLandscapeLayerCoords_1, compiling. 
[2018.03.20-08.50.10:277][ 78]LogMaterial: Missing cached shader map for material FMatExpressionPreview MaterialExpressionLandscapeLayerCoords_2, compiling. 
[2018.03.20-08.50.10:283][ 78]LogMaterial: Missing cached shader map for material FMatExpressionPreview MaterialExpressionTextureSampleParameter2D_8, compiling. 
[2018.03.20-08.50.10:290][ 78]LogMaterial: Missing cached shader map for material FMatExpressionPreview MaterialExpressionTextureSampleParameter2D_10, compiling. 
[2018.03.20-08.50.10:295][ 78]LogMaterial: Missing cached shader map for material FMatExpressionPreview MaterialExpressionTextureSampleParameter2D_11, compiling. 
[2018.03.20-08.50.10:301][ 78]LogMaterial: Missing cached shader map for material FMatExpressionPreview MaterialExpressionTextureSampleParameter2D_12, compiling. 
[2018.03.20-08.50.10:307][ 78]LogMaterial: Missing cached shader map for material FMatExpressionPreview MaterialExpressionLandscapeLayerCoords_3, compiling. 
[2018.03.20-08.50.10:313][ 78]LogMaterial: Missing cached shader map for material FMatExpressionPreview MaterialExpressionTextureSampleParameter2D_9, compiling. 
[2018.03.20-08.50.10:319][ 78]LogMaterial: Missing cached shader map for material FMatExpressionPreview MaterialExpressionTextureSampleParameter2D_13, compiling. 
[2018.03.20-08.50.10:325][ 78]LogMaterial: Missing cached shader map for material FMatExpressionPreview MaterialExpressionTextureSampleParameter2D_14, compiling. 
[2018.03.20-08.50.10:331][ 78]LogMaterial: Missing cached shader map for material FMatExpressionPreview MaterialExpressionTextureSampleParameter2D_15, compiling. 
[2018.03.20-08.50.10:339][ 78]LogMaterial: Missing cached shader map for material Grass_Terrain_Mat, compiling. 
[2018.03.20-08.50.10:400][ 78]LogMaterial: Missing cached shader map for material Grass_Terrain_Mat, compiling. 
[2018.03.20-08.50.10:460][ 78]LogMaterial: Missing cached shader map for material FMatExpressionPreview MaterialExpressionTextureSampleParameter2D_0, compiling. 
[2018.03.20-08.50.10:466][ 78]LogMaterial: Missing cached shader map for material FMatExpressionPreview MaterialExpressionTextureSampleParameter2D_1, compiling. 
[2018.03.20-08.50.10:472][ 78]LogMaterial: Missing cached shader map for material FMatExpressionPreview MaterialExpressionTextureSampleParameter2D_2, compiling. 
[2018.03.20-08.50.10:477][ 78]LogMaterial: Missing cached shader map for material FMatExpressionPreview MaterialExpressionTextureSampleParameter2D_3, compiling. 
[2018.03.20-08.50.10:484][ 78]LogMaterial: Missing cached shader map for material FMatExpressionPreview MaterialExpressionTextureSampleParameter2D_4, compiling. 
[2018.03.20-08.50.10:490][ 78]LogMaterial: Missing cached shader map for material FMatExpressionPreview MaterialExpressionTextureSampleParameter2D_5, compiling. 
[2018.03.20-08.50.10:495][ 78]LogMaterial: Missing cached shader map for material FMatExpressionPreview MaterialExpressionTextureSampleParameter2D_6, compiling. 
[2018.03.20-08.50.10:501][ 78]LogMaterial: Missing cached shader map for material FMatExpressionPreview MaterialExpressionTextureSampleParameter2D_7, compiling. 
[2018.03.20-08.50.10:508][ 78]LogMaterial: Missing cached shader map for material FMatExpressionPreview MaterialExpressionLandscapeLayerCoords_0, compiling. 
[2018.03.20-08.50.10:513][ 78]LogMaterial: Missing cached shader map for material FMatExpressionPreview MaterialExpressionLandscapeLayerCoords_1, compiling. 
[2018.03.20-08.50.10:519][ 78]LogMaterial: Missing cached shader map for material FMatExpressionPreview MaterialExpressionLandscapeLayerCoords_2, compiling. 
[2018.03.20-08.50.10:525][ 78]LogMaterial: Missing cached shader map for material FMatExpressionPreview MaterialExpressionTextureSampleParameter2D_8, compiling. 
[2018.03.20-08.50.10:532][ 78]LogMaterial: Missing cached shader map for material FMatExpressionPreview MaterialExpressionTextureSampleParameter2D_10, compiling. 
[2018.03.20-08.50.10:538][ 78]LogMaterial: Missing cached shader map for material FMatExpressionPreview MaterialExpressionTextureSampleParameter2D_11, compiling. 
[2018.03.20-08.50.10:544][ 78]LogMaterial: Missing cached shader map for material FMatExpressionPreview MaterialExpressionTextureSampleParameter2D_12, compiling. 
[2018.03.20-08.50.10:550][ 78]LogMaterial: Missing cached shader map for material FMatExpressionPreview MaterialExpressionLandscapeLayerCoords_3, compiling. 
[2018.03.20-08.50.10:556][ 78]LogMaterial: Missing cached shader map for material FMatExpressionPreview MaterialExpressionTextureSampleParameter2D_9, compiling. 
[2018.03.20-08.50.10:562][ 78]LogMaterial: Missing cached shader map for material FMatExpressionPreview MaterialExpressionTextureSampleParameter2D_13, compiling. 
[2018.03.20-08.50.10:568][ 78]LogMaterial: Missing cached shader map for material FMatExpressionPreview MaterialExpressionTextureSampleParameter2D_14, compiling. 
[2018.03.20-08.50.10:574][ 78]LogMaterial: Missing cached shader map for material FMatExpressionPreview MaterialExpressionTextureSampleParameter2D_15, compiling. 
[2018.03.20-08.50.10:721][ 78]LogContentBrowser: Native class hierarchy updated for 'TextureEditor' in 0.0003 seconds. Added 1 classes and 2 folders.
[2018.03.20-08.50.11:386][ 78]LogRenderer: Reallocating scene render targets to support 1392x924 Format 10 NumSamples 1 (Frame:1).
[2018.03.20-08.50.11:451][ 78]LogStaticMesh: Allocated 507x207x64 distance field atlas = 12.8Mb, with 63 objects containing 5.4Mb backing data
[2018.03.20-08.50.14:834][338]LogSlate: Took 0.016512 seconds to synchronously load lazily loaded font '../../../Engine/Content/Editor/Slate/Fonts/Roboto-BoldCondensed.ttf' (158K)
[2018.03.20-08.50.15:858][379]MaterialEditorStats: Base pass shader: 162 instructions
[2018.03.20-08.50.15:858][379]MaterialEditorStats: Base pass shader with Surface Lightmap: 205 instructions
[2018.03.20-08.50.15:858][379]MaterialEditorStats: Base pass shader with Volumetric Lightmap: 261 instructions
[2018.03.20-08.50.15:858][379]MaterialEditorStats: Vertex shader: 31 instructions
[2018.03.20-08.50.15:858][379]MaterialEditorStats: Texture samplers: 15/16
[2018.03.20-08.50.15:859][379]MaterialEditorStats: User interpolators: 2/4 Scalars (1/4 Vectors) (TexCoords: 2, Custom: 0)
[2018.03.20-08.50.29:901][761]LogSlate: Took 0.000185 seconds to synchronously load lazily loaded font '../../../Engine/Content/Slate/Fonts/Roboto-Regular.ttf' (155K)
[2018.03.20-08.50.30:679][761]LogMaterial: Missing cached shader map for material Grass_Terrain_Mat, compiling. 
[2018.03.20-08.50.30:854][761]LogAIModule: Creating AISystem for world roadSideScene
[2018.03.20-08.50.31:089][761]Cmd: MAP LOAD FILE="../../../../../Projects/AdventureP/AdventureUE4Project/Adventure/Content/Scenes/roadSideScene.umap" TEMPLATE=0 SHOWPROGRESS=1 FEATURELEVEL=3
[2018.03.20-08.50.31:090][761]LightingResults: New page: Lighting Build
[2018.03.20-08.50.31:091][761]LoadErrors: New page: Loading map: roadSideScene.umap
[2018.03.20-08.50.31:118][761]MapCheck: New page: Map Check
[2018.03.20-08.50.31:119][761]LightingResults: New page: Lighting Build
[2018.03.20-08.50.33:283][761]LogEditorServer: Finished looking for orphan Actors (0.000 secs)
[2018.03.20-08.50.33:350][761]Cmd: MAP CHECKDEP NOCLEARLOG
[2018.03.20-08.50.33:431][761]MapCheck: Map check complete: 0 Error(s), 0 Warning(s), took 80.253ms to complete.
[2018.03.20-08.50.33:431][761]LogFileHelpers: Loading map 'roadSideScene' took 2.397
[2018.03.20-08.50.44:276][624]LogShaderCompilers: Warning: F:\Projects\AdventureP\AdventureUE4Project\Adventure\Content\Materials\Grass_Terrain_Mat.uasset: Failed to compile Material for platform PCD3D_SM5, Default Material will be used in game.
[2018.03.20-08.50.44:276][624]LogShaderCompilers: 	/Engine/Generated/Material.ush(1917,2-48):  warning X3206: implicit truncation of vector type
[2018.03.20-08.50.44:276][624]LogShaderCompilers: 	/Engine/Private/DeferredShadingCommon.ush(673,14-35):  err0r X4510: maximum ps_5_0 sampler register index (16) exceeded
[2018.03.20-09.07.54:092][312]AssetReimport: New page: Outstanding source content changes 11:07:54 AM
[2018.03.20-09.07.54:288][313]LogFactory: FactoryCreateFile: StaticMesh with FbxFactory (0 0 F:/Projects/AdventureP/AdventureUE4Project/Adventure/Content/Linda_Models/Fern/Fern_01.fbx)
[2018.03.20-09.07.54:430][313]LogFbx: ItemName: GlobalSettings, ItemCount : 1
[2018.03.20-09.07.54:430][313]LogFbx: ItemName: AnimationStack, ItemCount : 1
[2018.03.20-09.07.54:430][313]LogFbx: ItemName: AnimationLayer, ItemCount : 1
[2018.03.20-09.07.54:436][313]LogFbx: ItemName: Material, ItemCount : 1
[2018.03.20-09.07.54:436][313]LogFbx: ItemName: Texture, ItemCount : 1
[2018.03.20-09.07.54:452][313]LogFbx: ItemName: Model, ItemCount : 1
[2018.03.20-09.07.54:452][313]LogFbx: ItemName: Geometry, ItemCount : 1
[2018.03.20-09.07.54:452][313]LogFbx: ItemName: Video, ItemCount : 1
[2018.03.20-09.07.54:474][313]LogFbx: Loading FBX Scene from F:/Projects/AdventureP/AdventureUE4Project/Adventure/Content/Linda_Models/Fern/Fern_01.fbx
[2018.03.20-09.07.54:503][313]LogFbx: FBX Scene Loaded Succesfully
[2018.03.20-09.08.37:221][313]LogFbx: Loading FBX Scene from F:/Projects/AdventureP/AdventureUE4Project/Adventure/Content/Linda_Models/Fern/Fern_01.fbx
[2018.03.20-09.08.37:235][313]LogFbx: FBX Scene Loaded Succesfully
[2018.03.20-09.08.37:299][313]LogLinker: Can't find file '/Game/Linda_Models/Fern/Fern_01_mat'
[2018.03.20-09.08.37:314][313]LogLinker: Can't find file '/Game/Linda_Models/Fern/Fern_01_mat'
[2018.03.20-09.08.37:504][313]LogLinker: Can't find file '/Game/Linda_Models/Fern/Fern_01_BaseColor'
[2018.03.20-09.08.37:504][313]LogLinker: Can't find file '/Game/Linda_Models/Fern/Fern_01_BaseColor'
[2018.03.20-09.08.40:841][313]LogMaterial: Missing cached shader map for material Fern_01_mat, compiling. 
[2018.03.20-09.08.41:061][313]LogStaticMesh: Building static mesh Fern_01...
[2018.03.20-09.08.41:357][313]LogStaticMesh: Built static mesh [0.30s] /Game/Linda_Models/Fern/Fern_01.Fern_01
[2018.03.20-09.08.42:274][313]LogMeshUtilities: Finished distance field build in 0.7s - 8x8x8 distance field, 320 triangles, Range [1.0, 1.0], Fern_01
[2018.03.20-09.08.42:724][314]LogFactory: FactoryCreateFile: Texture with ReimportTextureFactory (0 0 F:/Projects/AdventureP/AdventureUE4Project/Adventure/Content/Linda_Models/Fern/Fern_01_Mask.png)
[2018.03.20-09.08.43:477][315]LogFactory: FactoryCreateFile: StaticMesh with FbxFactory (0 0 F:/Projects/AdventureP/AdventureUE4Project/Adventure/Content/Linda_Models/Fern/Fern_02.fbx)
[2018.03.20-09.08.43:480][315]LogFbx: ItemName: GlobalSettings, ItemCount : 1
[2018.03.20-09.08.43:481][315]LogFbx: ItemName: AnimationStack, ItemCount : 1
[2018.03.20-09.08.43:481][315]LogFbx: ItemName: AnimationLayer, ItemCount : 1
[2018.03.20-09.08.43:481][315]LogFbx: ItemName: Material, ItemCount : 1
[2018.03.20-09.08.43:481][315]LogFbx: ItemName: Texture, ItemCount : 1
[2018.03.20-09.08.43:492][315]LogFbx: ItemName: Model, ItemCount : 1
[2018.03.20-09.08.43:492][315]LogFbx: ItemName: Geometry, ItemCount : 1
[2018.03.20-09.08.43:492][315]LogFbx: ItemName: Video, ItemCount : 1
[2018.03.20-09.08.43:515][315]LogFbx: Loading FBX Scene from F:/Projects/AdventureP/AdventureUE4Project/Adventure/Content/Linda_Models/Fern/Fern_02.fbx
[2018.03.20-09.08.43:540][315]LogFbx: FBX Scene Loaded Succesfully
[2018.03.20-09.08.50:671][315]LogFbx: Loading FBX Scene from F:/Projects/AdventureP/AdventureUE4Project/Adventure/Content/Linda_Models/Fern/Fern_02.fbx
[2018.03.20-09.08.50:686][315]LogFbx: FBX Scene Loaded Succesfully
[2018.03.20-09.08.50:688][315]LogStaticMesh: Building static mesh Fern_02...
[2018.03.20-09.08.50:700][315]LogStaticMesh: Built static mesh [0.01s] /Game/Linda_Models/Fern/Fern_02.Fern_02
[2018.03.20-09.08.50:739][315]LogMeshUtilities: Finished distance field build in 0.0s - 8x8x8 distance field, 260 triangles, Range [1.0, 1.0], Fern_02
[2018.03.20-09.08.50:793][316]LogFactory: FactoryCreateFile: StaticMesh with FbxFactory (0 0 F:/Projects/AdventureP/AdventureUE4Project/Adventure/Content/Linda_Models/Fern/Fern_03.fbx)
[2018.03.20-09.08.50:796][316]LogFbx: ItemName: GlobalSettings, ItemCount : 1
[2018.03.20-09.08.50:796][316]LogFbx: ItemName: AnimationStack, ItemCount : 1
[2018.03.20-09.08.50:796][316]LogFbx: ItemName: AnimationLayer, ItemCount : 1
[2018.03.20-09.08.50:796][316]LogFbx: ItemName: Material, ItemCount : 1
[2018.03.20-09.08.50:796][316]LogFbx: ItemName: Texture, ItemCount : 1
[2018.03.20-09.08.50:796][316]LogFbx: ItemName: Model, ItemCount : 1
[2018.03.20-09.08.50:796][316]LogFbx: ItemName: Geometry, ItemCount : 1
[2018.03.20-09.08.50:796][316]LogFbx: ItemName: Video, ItemCount : 1
[2018.03.20-09.08.50:801][316]LogFbx: Loading FBX Scene from F:/Projects/AdventureP/AdventureUE4Project/Adventure/Content/Linda_Models/Fern/Fern_03.fbx
[2018.03.20-09.08.50:816][316]LogFbx: FBX Scene Loaded Succesfully
[2018.03.20-09.09.20:073][316]LogFbx: Loading FBX Scene from F:/Projects/AdventureP/AdventureUE4Project/Adventure/Content/Linda_Models/Fern/Fern_03.fbx
[2018.03.20-09.09.20:088][316]LogFbx: FBX Scene Loaded Succesfully
[2018.03.20-09.09.20:091][316]LogStaticMesh: Building static mesh Fern_03...
[2018.03.20-09.09.20:108][316]LogStaticMesh: Built static mesh [0.02s] /Game/Linda_Models/Fern/Fern_03.Fern_03
[2018.03.20-09.09.20:142][316]LogMeshUtilities: Finished distance field build in 0.0s - 8x8x8 distance field, 380 triangles, Range [1.0, 1.0], Fern_03
[2018.03.20-09.09.20:248][317]LogEditorFactories: Performing atomic reimport of [F:/Projects/AdventureP/AdventureUE4Project/Adventure/Content/Linda_Models/Fern/Fern_01_BaseColor.png]
[2018.03.20-09.09.20:253][317]LogFactory: FactoryCreateFile: Texture2D with ReimportTextureFactory (0 0 F:/Projects/AdventureP/AdventureUE4Project/Adventure/Content/Linda_Models/Fern/Fern_01_BaseColor.png)
[2018.03.20-09.09.21:703][317]LogEditorFactories: -- imported successfully
[2018.03.20-09.09.22:130][318]Cmd: OBJ SAVEPACKAGE PACKAGE="/Game/Linda_Models/Fern/Fern_01" FILE="../../../../../Projects/AdventureP/AdventureUE4Project/Adventure/Content/Linda_Models/Fern/Fern_01.uasset" SILENT=true
[2018.03.20-09.09.22:271][318]LogSavePackage: Save=107.97ms
[2018.03.20-09.09.22:271][318]LogSavePackage: Moving '../../../../../Projects/AdventureP/AdventureUE4Project/Adventure/Saved/Fern_010D5BD9D040A619080152F2B7B220F70B.tmp' to '../../../../../Projects/AdventureP/AdventureUE4Project/Adventure/Content/Linda_Models/Fern/Fern_01.uasset'
[2018.03.20-09.09.22:302][318]LogSavePackage: Display: Finished SavePackage ../../../../../Projects/AdventureP/AdventureUE4Project/Adventure/Content/Linda_Models/Fern/Fern_01.uasset
[2018.03.20-09.09.22:322][318]Cmd: OBJ SAVEPACKAGE PACKAGE="/Game/Linda_Models/Fern/Fern_01_Mask" FILE="../../../../../Projects/AdventureP/AdventureUE4Project/Adventure/Content/Linda_Models/Fern/Fern_01_Mask.uasset" SILENT=true
[2018.03.20-09.09.22:486][318]LogSavePackage: Save=162.45ms
[2018.03.20-09.09.22:486][318]LogSavePackage: Moving '../../../../../Projects/AdventureP/AdventureUE4Project/Adventure/Saved/Fern_01_MaskA5D78E23404F43CA4232158EFA31DE79.tmp' to '../../../../../Projects/AdventureP/AdventureUE4Project/Adventure/Content/Linda_Models/Fern/Fern_01_Mask.uasset'
[2018.03.20-09.09.22:488][318]LogSavePackage: Display: Finished SavePackage ../../../../../Projects/AdventureP/AdventureUE4Project/Adventure/Content/Linda_Models/Fern/Fern_01_Mask.uasset
[2018.03.20-09.09.22:510][318]Cmd: OBJ SAVEPACKAGE PACKAGE="/Game/Linda_Models/Fern/Fern_02" FILE="../../../../../Projects/AdventureP/AdventureUE4Project/Adventure/Content/Linda_Models/Fern/Fern_02.uasset" SILENT=true
[2018.03.20-09.09.22:526][318]LogSavePackage: Save=14.11ms
[2018.03.20-09.09.22:526][318]LogSavePackage: Moving '../../../../../Projects/AdventureP/AdventureUE4Project/Adventure/Saved/Fern_02566A88CB47A6AB0849589D8C1DE98A6E.tmp' to '../../../../../Projects/AdventureP/AdventureUE4Project/Adventure/Content/Linda_Models/Fern/Fern_02.uasset'
[2018.03.20-09.09.22:528][318]LogSavePackage: Display: Finished SavePackage ../../../../../Projects/AdventureP/AdventureUE4Project/Adventure/Content/Linda_Models/Fern/Fern_02.uasset
[2018.03.20-09.09.22:552][318]Cmd: OBJ SAVEPACKAGE PACKAGE="/Game/Linda_Models/Fern/Fern_03" FILE="../../../../../Projects/AdventureP/AdventureUE4Project/Adventure/Content/Linda_Models/Fern/Fern_03.uasset" SILENT=true
[2018.03.20-09.09.22:568][318]LogSavePackage: Save=14.16ms
[2018.03.20-09.09.22:568][318]LogSavePackage: Moving '../../../../../Projects/AdventureP/AdventureUE4Project/Adventure/Saved/Fern_03BD0A37AC4101409775CA61A2FA51FC48.tmp' to '../../../../../Projects/AdventureP/AdventureUE4Project/Adventure/Content/Linda_Models/Fern/Fern_03.uasset'
[2018.03.20-09.09.22:569][318]LogSavePackage: Display: Finished SavePackage ../../../../../Projects/AdventureP/AdventureUE4Project/Adventure/Content/Linda_Models/Fern/Fern_03.uasset
[2018.03.20-09.09.25:597][632]AssetReimport: Importing new asset /Game/Linda_Models/Fern/Fern_01.
[2018.03.20-09.09.25:597][632]AssetReimport: Importing new asset /Game/Linda_Models/Fern/Fern_01_Mask.
[2018.03.20-09.09.25:597][632]AssetReimport: Importing new asset /Game/Linda_Models/Fern/Fern_02.
[2018.03.20-09.09.25:597][632]AssetReimport: Importing new asset /Game/Linda_Models/Fern/Fern_03.
[2018.03.20-09.09.25:597][632]AssetReimport: Reimported asset Fern_01_BaseColor from F:/Projects/AdventureP/AdventureUE4Project/Adventure/Content/Linda_Models/Fern/Fern_01_BaseColor.png.
[2018.03.20-09.09.55:044][  9]LogActorFactory: Actor Factory created Fern_01
[2018.03.20-09.09.55:766][ 13]LogActorFactory: Actor Factory created Fern_01
[2018.03.20-09.10.38:711][693]LogRenderer: Reallocating scene render targets to support 1432x924 Format 10 NumSamples 1 (Frame:1).
[2018.03.20-09.11.36:612][563]LogEditorFactories: Performing atomic reimport of [F:/Projects/AdventureP/AdventureUE4Project/Adventure/Content/Linda_Models/Fern/Fern_01.fbx]
[2018.03.20-09.11.36:639][563]LogFbx: Loading FBX Scene from F:/Projects/AdventureP/AdventureUE4Project/Adventure/Content/Linda_Models/Fern/Fern_01.fbx
[2018.03.20-09.11.36:653][563]LogFbx: FBX Scene Loaded Succesfully
[2018.03.20-09.11.36:707][563]LogStaticMesh: Building static mesh Fern_01...
[2018.03.20-09.11.36:722][563]LogStaticMesh: Built static mesh [0.02s] /Game/Linda_Models/Fern/Fern_01.Fern_01
[2018.03.20-09.11.36:744][563]LogEditorFactories: -- imported successfully
[2018.03.20-09.11.36:747][563]FBXImport: Warning: Warning: The imported mesh is very small. This is most likely an issue with the units used when exporting to FBX. 
[2018.03.20-09.11.36:758][563]LogMeshUtilities: Finished distance field build in 0.0s - 8x8x8 distance field, 320 triangles, Range [1.0, 1.0], Fern_01
[2018.03.20-09.11.36:758][563]LogStaticMesh: Warning: Main thread blocked for 0.010s for async distance field build of Fern_01 to complete!  This can happen if the mesh is rebuilt excessively.
[2018.03.20-09.12.03:619][214]LogActorFactory: Actor Factory created Fern_02
[2018.03.20-09.12.04:036][245]LogActorFactory: Actor Factory created Fern_02
[2018.03.20-09.12.12:661][955]LogActorFactory: Actor Factory created Fern_03
[2018.03.20-09.12.13:153][997]LogActorFactory: Actor Factory created Fern_03
[2018.03.20-09.12.48:074][885]LogSlate: Took 0.064890 seconds to synchronously load lazily loaded font '../../../Engine/Content/Editor/Slate/Fonts/Roboto-Italic.ttf' (157K)
[2018.03.20-09.16.02:398][ 47]LogStaticMesh: Building static mesh Fern_01...
[2018.03.20-09.16.02:412][ 47]LogStaticMesh: Built static mesh [0.01s] /Game/Linda_Models/Fern/Fern_Perfabs/Fern_01.Fern_01
[2018.03.20-09.16.02:452][ 47]LogMeshUtilities: Finished distance field build in 0.0s - 8x8x8 distance field, 320 triangles, Range [1.0, 1.0], Fern_01
[2018.03.20-09.16.02:452][ 47]LogStaticMesh: Warning: Main thread blocked for 0.020s for async distance field build of Fern_01 to complete!  This can happen if the mesh is rebuilt excessively.
[2018.03.20-09.16.11:013][796]LogActorFactory: Actor Factory created Fern_01
[2018.03.20-09.16.11:312][823]LogActorFactory: Actor Factory created Fern_01
[2018.03.20-09.16.26:331][354]LogEditorViewport: Clicking on Actor (LMB): StaticMeshActor (Fern_03)
[2018.03.20-09.16.29:262][667]LogEditorViewport: Clicking on Actor (CTRL LMB): StaticMeshActor (Fern_01)
[2018.03.20-09.16.29:932][729]LogEditorViewport: Clicking on Actor (CTRL LMB): StaticMeshActor (Fern_02)
[2018.03.20-09.16.35:871][359]Cmd: CAMERA ALIGN ACTIVEVIEWPORTONLY
[2018.03.20-09.17.09:861][  3]LogStaticMesh: Building static mesh Fern_01...
[2018.03.20-09.17.09:875][  3]LogStaticMesh: Built static mesh [0.01s] /Game/Linda_Models/Fern/Fern_Perfabs/Fern_01.Fern_01
[2018.03.20-09.17.09:914][  3]LogMeshUtilities: Finished distance field build in 0.0s - 8x8x8 distance field, 320 triangles, Range [1.0, 1.0], Fern_01
[2018.03.20-09.17.09:914][  3]LogStaticMesh: Warning: Main thread blocked for 0.021s for async distance field build of Fern_01 to complete!  This can happen if the mesh is rebuilt excessively.
[2018.03.20-09.17.12:057][210]LogActorFactory: Actor Factory created Fern_01
[2018.03.20-09.17.12:587][253]LogActorFactory: Actor Factory created Fern_01
[2018.03.20-09.17.13:866][379]Cmd: CAMERA ALIGN ACTIVEVIEWPORTONLY
[2018.03.20-09.17.19:574][963]Cmd: DELETE
[2018.03.20-09.17.19:574][963]Cmd: ACTOR DELETE
[2018.03.20-09.17.20:041][963]LogEditorActor: Deleted Actor: StaticMeshActor
[2018.03.20-09.17.20:055][963]LogEditorActor: Deleted 1 Actors (0.093 secs)
[2018.03.20-09.17.21:446][107]LogEditorViewport: Clicking on Actor (LMB): StaticMeshActor (Fern_02)
[2018.03.20-09.18.03:551][ 18]Cmd: QUIT_EDITOR
[2018.03.20-09.18.04:026][ 18]LogWindowsTextInputMethodSystem: Display: IME system now deactivated.
[2018.03.20-09.18.04:130][ 18]LogExit: Preparing to exit.
[2018.03.20-09.18.05:310][ 18]LogDirectoryWatcher: A directory notification for 'F:/Projects/AdventureP/AdventureUE4Project/Adventure/Content/' was aborted.
[2018.03.20-09.18.05:644][ 18]LogExit: Editor shut down
[2018.03.20-09.18.05:654][ 18]LogExit: Transaction tracking system shut down
[2018.03.20-09.18.06:381][ 18]LogDirectoryWatcher: A directory notification for '../../../Engine/Content/' was aborted.
[2018.03.20-09.18.06:381][ 18]LogDirectoryWatcher: A directory notification for '../../../../../Projects/AdventureP/AdventureUE4Project/Adventure/Content/' was aborted.
[2018.03.20-09.18.06:381][ 18]LogDirectoryWatcher: A directory notification for '../../../Engine/Plugins/2D/Paper2D/Content/' was aborted.
[2018.03.20-09.18.06:381][ 18]LogDirectoryWatcher: A directory notification for '../../../Engine/Plugins/Media/MediaCompositing/Content/' was aborted.
[2018.03.20-09.18.06:381][ 18]LogDirectoryWatcher: A directory notification for '../../../Engine/Plugins/Runtime/AppleARKit/Content/' was aborted.
[2018.03.20-09.18.06:381][ 18]LogDirectoryWatcher: A directory notification for '../../../Engine/Plugins/Runtime/Oculus/OculusVR/Content/' was aborted.
[2018.03.20-09.18.06:381][ 18]LogDirectoryWatcher: A directory notification for '../../../Engine/Plugins/Runtime/Steam/SteamVR/Content/' was aborted.
[2018.03.20-09.18.08:158][ 18]LogExit: Object subsystem successfully closed.
[2018.03.20-09.18.08:371][ 18]LogD3D11RHI: Shutdown
[2018.03.20-09.18.08:371][ 18]LogD3D11RHI: CleanupD3DDevice
[2018.03.20-09.18.08:565][ 18]LogD3D11RHI: ~FD3D11DynamicRHI
[2018.03.20-09.18.09:919][ 18]LogModuleManager: Shutting down and abandoning module HierarchicalLODUtilities (556)
[2018.03.20-09.18.09:919][ 18]LogModuleManager: Shutting down and abandoning module StaticMeshEditor (554)
[2018.03.20-09.18.09:919][ 18]LogModuleManager: Shutting down and abandoning module TextureEditor (552)
[2018.03.20-09.18.09:938][ 18]LogModuleManager: Shutting down and abandoning module MaterialEditor (550)
[2018.03.20-09.18.09:938][ 18]LogModuleManager: Shutting down and abandoning module HierarchicalLODOutliner (548)
[2018.03.20-09.18.09:938][ 18]LogModuleManager: Shutting down and abandoning module SceneOutliner (546)
[2018.03.20-09.18.09:938][ 18]LogModuleManager: Shutting down and abandoning module AddContentDialog (544)
[2018.03.20-09.18.09:981][ 18]LogDirectoryWatcher: A directory notification for 'F:/Unreal 4.18/UE_4.18/FeaturePacks/' was aborted.
[2018.03.20-09.18.10:069][ 18]LogModuleManager: Shutting down and abandoning module WidgetCarousel (543)
[2018.03.20-09.18.10:069][ 18]LogModuleManager: Shutting down and abandoning module EditorWidgets (540)
[2018.03.20-09.18.10:069][ 18]LogModuleManager: Shutting down and abandoning module CollectionManager (538)
[2018.03.20-09.18.10:102][ 18]LogDirectoryWatcher: A directory notification for 'F:/Projects/AdventureP/AdventureUE4Project/Adventure/Content/Collections/' was aborted.
[2018.03.20-09.18.10:102][ 18]LogDirectoryWatcher: A directory notification for 'F:/Projects/AdventureP/AdventureUE4Project/Adventure/Content/Developers/MrE/Collections/' was aborted.
[2018.03.20-09.18.10:102][ 18]LogDirectoryWatcher: A directory notification for 'F:/Projects/AdventureP/AdventureUE4Project/Adventure/Saved/Collections/' was aborted.
[2018.03.20-09.18.10:102][ 18]LogModuleManager: Shutting down and abandoning module StatsViewer (536)
[2018.03.20-09.18.10:111][ 18]LogModuleManager: Shutting down and abandoning module FoliageEdit (534)
[2018.03.20-09.18.10:111][ 18]LogModuleManager: Shutting down and abandoning module LandscapeEditor (532)
[2018.03.20-09.18.10:127][ 18]LogModuleManager: Shutting down and abandoning module MeshPaintMode (530)
[2018.03.20-09.18.10:136][ 18]LogModuleManager: Shutting down and abandoning module SceneDepthPickerMode (528)
[2018.03.20-09.18.10:136][ 18]LogModuleManager: Shutting down and abandoning module ActorPickerMode (526)
[2018.03.20-09.18.10:136][ 18]LogModuleManager: Shutting down and abandoning module GeometryMode (524)
[2018.03.20-09.18.10:139][ 18]LogModuleManager: Shutting down and abandoning module TextureAlignMode (522)
[2018.03.20-09.18.10:139][ 18]LogModuleManager: Shutting down and abandoning module BspMode (520)
[2018.03.20-09.18.10:156][ 18]LogModuleManager: Shutting down and abandoning module PIEPreviewDeviceProfileSelector (518)
[2018.03.20-09.18.10:156][ 18]LogModuleManager: Shutting down and abandoning module HardwareSurvey (516)
[2018.03.20-09.18.10:168][ 18]LogModuleManager: Shutting down and abandoning module SequenceRecorderSections (514)
[2018.03.20-09.18.10:168][ 18]LogModuleManager: Shutting down and abandoning module AutomationWorker (512)
[2018.03.20-09.18.10:190][ 18]LogModuleManager: Shutting down and abandoning module MatineeToLevelSequence (510)
[2018.03.20-09.18.10:190][ 18]LogModuleManager: Shutting down and abandoning module LevelSequenceEditor (508)
[2018.03.20-09.18.10:245][ 18]LogModuleManager: Shutting down and abandoning module PlacementMode (507)
[2018.03.20-09.18.10:245][ 18]LogModuleManager: Shutting down and abandoning module WmfMediaFactory (504)
[2018.03.20-09.18.10:245][ 18]LogModuleManager: Shutting down and abandoning module WmfMediaEditor (502)
[2018.03.20-09.18.10:245][ 18]LogModuleManager: Shutting down and abandoning module OpenExrWrapper (500)
[2018.03.20-09.18.10:245][ 18]LogModuleManager: Shutting down and abandoning module ImgMediaFactory (498)
[2018.03.20-09.18.10:245][ 18]LogModuleManager: Shutting down and abandoning module ImgMediaEditor (496)
[2018.03.20-09.18.10:260][ 18]LogModuleManager: Shutting down and abandoning module AvfMediaFactory (494)
[2018.03.20-09.18.10:260][ 18]LogModuleManager: Shutting down and abandoning module AvfMediaEditor (492)
[2018.03.20-09.18.10:260][ 18]LogModuleManager: Shutting down and abandoning module AndroidMediaFactory (490)
[2018.03.20-09.18.10:260][ 18]LogModuleManager: Shutting down and abandoning module AndroidMediaEditor (488)
[2018.03.20-09.18.10:260][ 18]LogModuleManager: Shutting down and abandoning module CharacterAI (486)
[2018.03.20-09.18.10:260][ 18]LogModuleManager: Shutting down and abandoning module AudioCapture (484)
[2018.03.20-09.18.10:285][ 18]LogModuleManager: Shutting down and abandoning module SequenceRecorder (483)
[2018.03.20-09.18.10:292][ 18]LogModuleManager: Shutting down and abandoning module SmartSnapping (480)
[2018.03.20-09.18.10:292][ 18]LogModuleManager: Shutting down and abandoning module SessionServices (478)
[2018.03.20-09.18.10:292][ 18]LogModuleManager: Shutting down and abandoning module ViewportSnapping (476)
[2018.03.20-09.18.10:292][ 18]LogModuleManager: Shutting down and abandoning module ViewportInteraction (474)
[2018.03.20-09.18.10:292][ 18]LogModuleManager: Shutting down and abandoning module ClothPainter (472)
[2018.03.20-09.18.10:328][ 18]LogModuleManager: Shutting down and abandoning module SkeletalMeshEditor (471)
[2018.03.20-09.18.10:331][ 18]LogModuleManager: Shutting down and abandoning module LogVisualizer (468)
[2018.03.20-09.18.10:357][ 18]LogModuleManager: Shutting down and abandoning module IntroTutorials (466)
[2018.03.20-09.18.10:395][ 18]LogModuleManager: Shutting down and abandoning module GameProjectGeneration (465)
[2018.03.20-09.18.10:434][ 18]LogModuleManager: Shutting down and abandoning module IOSPlatformEditor (462)
[2018.03.20-09.18.10:438][ 18]LogModuleManager: Shutting down and abandoning module HTML5PlatformEditor (460)
[2018.03.20-09.18.10:438][ 18]LogModuleManager: Shutting down and abandoning module AndroidPlatformEditor (458)
[2018.03.20-09.18.10:438][ 18]LogModuleManager: Shutting down and abandoning module AndroidDeviceDetection (457)
[2018.03.20-09.18.11:343][ 18]LogModuleManager: Shutting down and abandoning module WindowsPlatformEditor (454)
[2018.03.20-09.18.11:343][ 18]LogModuleManager: Shutting down and abandoning module IOSRuntimeSettings (452)
[2018.03.20-09.18.11:343][ 18]LogModuleManager: Shutting down and abandoning module AndroidRuntimeSettings (450)
[2018.03.20-09.18.11:343][ 18]LogModuleManager: Shutting down and abandoning module InputBindingEditor (448)
[2018.03.20-09.18.11:352][ 18]LogModuleManager: Shutting down and abandoning module MergeActors (446)
[2018.03.20-09.18.11:364][ 18]LogModuleManager: Shutting down and abandoning module SizeMap (444)
[2018.03.20-09.18.11:373][ 18]LogModuleManager: Shutting down and abandoning module TreeMap (442)
[2018.03.20-09.18.11:387][ 18]LogModuleManager: Shutting down and abandoning module ReferenceViewer (440)
[2018.03.20-09.18.11:396][ 18]LogModuleManager: Shutting down and abandoning module LocalizationDashboard (438)
[2018.03.20-09.18.11:407][ 18]LogModuleManager: Shutting down and abandoning module LocalizationService (437)
[2018.03.20-09.18.11:414][ 18]LogModuleManager: Shutting down and abandoning module HardwareTargeting (434)
[2018.03.20-09.18.11:414][ 18]LogModuleManager: Shutting down and abandoning module DeviceProfileEditor (432)
[2018.03.20-09.18.11:425][ 18]LogModuleManager: Shutting down and abandoning module UndoHistory (430)
[2018.03.20-09.18.11:434][ 18]LogModuleManager: Shutting down and abandoning module XmlParser (428)
[2018.03.20-09.18.11:440][ 18]LogModuleManager: Shutting down and abandoning module Blutility (426)
[2018.03.20-09.18.11:441][ 18]LogModuleManager: Shutting down and abandoning module ProjectSettingsViewer (424)
[2018.03.20-09.18.11:449][ 18]LogModuleManager: Shutting down and abandoning module ProjectTargetPlatformEditor (423)
[2018.03.20-09.18.11:460][ 18]LogModuleManager: Shutting down and abandoning module EditorSettingsViewer (420)
[2018.03.20-09.18.11:464][ 18]LogModuleManager: Shutting down and abandoning module SettingsEditor (418)
[2018.03.20-09.18.11:473][ 18]LogModuleManager: Shutting down and abandoning module ProjectLauncher (416)
[2018.03.20-09.18.11:492][ 18]LogModuleManager: Shutting down and abandoning module SessionFrontend (414)
[2018.03.20-09.18.11:500][ 18]LogModuleManager: Shutting down and abandoning module ProfilerClient (412)
[2018.03.20-09.18.11:514][ 18]LogModuleManager: Shutting down and abandoning module DeviceManager (410)
[2018.03.20-09.18.11:522][ 18]LogModuleManager: Shutting down and abandoning module TargetDeviceServices (409)
[2018.03.20-09.18.11:599][ 18]LogModuleManager: Shutting down and abandoning module AutomationController (406)
[2018.03.20-09.18.11:613][ 18]LogModuleManager: Shutting down and abandoning module AutomationWindow (404)
[2018.03.20-09.18.11:623][ 18]LogModuleManager: Shutting down and abandoning module Layers (402)
[2018.03.20-09.18.11:640][ 18]LogModuleManager: Shutting down and abandoning module ComponentVisualizers (400)
[2018.03.20-09.18.11:640][ 18]LogModuleManager: Shutting down and abandoning module DetailCustomizations (398)
[2018.03.20-09.18.11:640][ 18]LogModuleManager: Shutting down and abandoning module PackagesDialog (396)
[2018.03.20-09.18.11:641][ 18]LogModuleManager: Shutting down and abandoning module Persona (394)
[2018.03.20-09.18.11:679][ 18]LogModuleManager: Shutting down and abandoning module AdvancedPreviewScene (393)
[2018.03.20-09.18.11:679][ 18]LogModuleManager: Shutting down and abandoning module AnimGraph (391)
[2018.03.20-09.18.11:679][ 18]LogModuleManager: Shutting down and abandoning module Kismet (388)
[2018.03.20-09.18.11:689][ 18]LogModuleManager: Shutting down and abandoning module ClassViewer (386)
[2018.03.20-09.18.11:697][ 18]LogModuleManager: Shutting down and abandoning module Toolbox (384)
[2018.03.20-09.18.11:706][ 18]LogModuleManager: Shutting down and abandoning module ModuleUI (382)
[2018.03.20-09.18.11:712][ 18]LogModuleManager: Shutting down and abandoning module MovieSceneTools (380)
[2018.03.20-09.18.11:752][ 18]LogModuleManager: Shutting down and abandoning module OutputLog (378)
[2018.03.20-09.18.11:762][ 18]LogModuleManager: Shutting down and abandoning module GammaUI (376)
[2018.03.20-09.18.11:765][ 18]LogModuleManager: Shutting down and abandoning module Documentation (374)
[2018.03.20-09.18.11:765][ 18]LogModuleManager: Shutting down and abandoning module MovieSceneTracks (372)
[2018.03.20-09.18.11:765][ 18]LogModuleManager: Shutting down and abandoning module MovieScene (370)
[2018.03.20-09.18.11:765][ 18]LogModuleManager: Shutting down and abandoning module StreamingPauseRendering (368)
[2018.03.20-09.18.11:772][ 18]LogModuleManager: Shutting down and abandoning module LauncherPlatform (366)
[2018.03.20-09.18.11:772][ 18]LogModuleManager: Shutting down and abandoning module AnalyticsET (364)
[2018.03.20-09.18.11:772][ 18]LogModuleManager: Shutting down and abandoning module PortalServices (362)
[2018.03.20-09.18.11:772][ 18]LogModuleManager: Shutting down and abandoning module PortalRpc (360)
[2018.03.20-09.18.11:772][ 18]LogModuleManager: Shutting down and abandoning module MessagingRpc (358)
[2018.03.20-09.18.11:772][ 18]LogModuleManager: Shutting down and abandoning module AIModule (356)
[2018.03.20-09.18.11:786][ 18]LogModuleManager: Shutting down and abandoning module GameplayDebugger (355)
[2018.03.20-09.18.11:788][ 18]LogModuleManager: Shutting down and abandoning module AITestSuite (353)
[2018.03.20-09.18.11:801][ 18]LogModuleManager: Shutting down and abandoning module DesktopPlatform (350)
[2018.03.20-09.18.11:806][ 18]LogModuleManager: Shutting down and abandoning module ProfilerService (348)
[2018.03.20-09.18.11:840][ 18]LogModuleManager: Shutting down and abandoning module TaskGraph (346)
[2018.03.20-09.18.11:859][ 18]LogModuleManager: Shutting down and abandoning module SteamVRController (344)
[2018.03.20-09.18.11:859][ 18]LogModuleManager: Shutting down and abandoning module ProceduralMeshComponentEditor (342)
[2018.03.20-09.18.11:859][ 18]LogModuleManager: Shutting down and abandoning module ProceduralMeshComponent (340)
[2018.03.20-09.18.11:859][ 18]LogModuleManager: Shutting down and abandoning module OculusInput (338)
[2018.03.20-09.18.11:859][ 18]LogModuleManager: Shutting down and abandoning module MobilePatchingUtils (336)
[2018.03.20-09.18.11:859][ 18]LogModuleManager: Shutting down and abandoning module CustomMeshComponent (334)
[2018.03.20-09.18.11:859][ 18]LogModuleManager: Shutting down and abandoning module CableComponent (332)
[2018.03.20-09.18.11:859][ 18]LogModuleManager: Shutting down and abandoning module ArchVisCharacter (330)
[2018.03.20-09.18.11:859][ 18]LogModuleManager: Shutting down and abandoning module AndroidPermission (328)
[2018.03.20-09.18.11:859][ 18]LogModuleManager: Shutting down and abandoning module ActorSequence (324)
[2018.03.20-09.18.11:859][ 18]LogModuleManager: Shutting down and abandoning module MediaPlayerEditor (322)
[2018.03.20-09.18.11:869][ 18]LogModuleManager: Shutting down and abandoning module MediaCompositingEditor (320)
[2018.03.20-09.18.11:872][ 18]LogModuleManager: Shutting down and abandoning module MediaCompositing (318)
[2018.03.20-09.18.11:872][ 18]LogModuleManager: Shutting down and abandoning module HTML5Networking (316)
[2018.03.20-09.18.11:872][ 18]LogModuleManager: Shutting down and abandoning module AlembicImporter (314)
[2018.03.20-09.18.11:872][ 18]LogModuleManager: Shutting down and abandoning module AlembicLibrary (313)
[2018.03.20-09.18.11:872][ 18]LogModuleManager: Shutting down and abandoning module GeometryCache (312)
[2018.03.20-09.18.11:872][ 18]LogModuleManager: Shutting down and abandoning module GeometryCacheEd (311)
[2018.03.20-09.18.11:872][ 18]LogModuleManager: Shutting down and abandoning module SpeedTreeImporter (306)
[2018.03.20-09.18.11:872][ 18]LogModuleManager: Shutting down and abandoning module PluginBrowser (304)
[2018.03.20-09.18.11:897][ 18]LogModuleManager: Shutting down and abandoning module MobileLauncherProfileWizard (302)
[2018.03.20-09.18.11:915][ 18]LogModuleManager: Shutting down and abandoning module VisualStudioSourceCodeAccess (300)
[2018.03.20-09.18.11:915][ 18]LogModuleManager: Shutting down and abandoning module VisualStudioCodeSourceCodeAccess (298)
[2018.03.20-09.18.11:915][ 18]LogModuleManager: Shutting down and abandoning module UObjectPlugin (296)
[2018.03.20-09.18.11:915][ 18]LogModuleManager: Shutting down and abandoning module SubversionSourceControl (294)
[2018.03.20-09.18.11:927][ 18]LogModuleManager: Shutting down and abandoning module PerforceSourceControl (292)
[2018.03.20-09.18.11:941][ 18]LogModuleManager: Shutting down and abandoning module GitSourceControl (290)
[2018.03.20-09.18.11:956][ 18]LogModuleManager: Shutting down and abandoning module SourceControl (289)
[2018.03.20-09.18.11:957][ 18]LogModuleManager: Shutting down and abandoning module LightPropagationVolumeEditor (286)
[2018.03.20-09.18.11:957][ 18]LogModuleManager: Shutting down and abandoning module PaperTiledImporter (284)
[2018.03.20-09.18.11:957][ 18]LogModuleManager: Shutting down and abandoning module PaperSpriteSheetImporter (282)
[2018.03.20-09.18.11:957][ 18]LogModuleManager: Shutting down and abandoning module Paper2DEditor (280)
[2018.03.20-09.18.11:964][ 18]LogModuleManager: Shutting down and abandoning module MeshPaint (279)
[2018.03.20-09.18.11:973][ 18]LogModuleManager: Shutting down and abandoning module LevelEditor (277)
[2018.03.20-09.18.11:981][ 18]LogModuleManager: Shutting down and abandoning module PixelInspectorModule (276)
[2018.03.20-09.18.11:995][ 18]LogModuleManager: Shutting down and abandoning module MainFrame (274)
[2018.03.20-09.18.11:995][ 18]LogModuleManager: Shutting down and abandoning module HotReload (273)
[2018.03.20-09.18.12:011][ 18]LogModuleManager: Shutting down and abandoning module RuntimePhysXCooking (268)
[2018.03.20-09.18.12:011][ 18]LogModuleManager: Shutting down and abandoning module PhysXVehiclesEditor (266)
[2018.03.20-09.18.12:011][ 18]LogModuleManager: Shutting down and abandoning module PhysXVehicles (264)
[2018.03.20-09.18.12:011][ 18]LogModuleManager: Shutting down and abandoning module OculusEditor (262)
[2018.03.20-09.18.12:011][ 18]LogModuleManager: Shutting down and abandoning module LocationServicesBPLibrary (260)
[2018.03.20-09.18.12:011][ 18]LogModuleManager: Shutting down and abandoning module ImmediatePhysicsEditor (258)
[2018.03.20-09.18.12:011][ 18]LogModuleManager: Shutting down and abandoning module ImmediatePhysics (256)
[2018.03.20-09.18.12:011][ 18]LogModuleManager: Shutting down and abandoning module UdpMessaging (254)
[2018.03.20-09.18.12:111][ 18]LogModuleManager: Shutting down and abandoning module TcpMessaging (252)
[2018.03.20-09.18.12:212][ 18]LogModuleManager: Shutting down and abandoning module GameplayTagsEditor (250)
[2018.03.20-09.18.12:239][ 18]LogModuleManager: Shutting down and abandoning module FacialAnimationEditor (248)
[2018.03.20-09.18.12:248][ 18]LogModuleManager: Shutting down and abandoning module FacialAnimation (246)
[2018.03.20-09.18.12:248][ 18]LogModuleManager: Shutting down and abandoning module AssetManagerEditor (244)
[2018.03.20-09.18.12:262][ 18]LogModuleManager: Shutting down and abandoning module GraphEditor (243)
[2018.03.20-09.18.12:262][ 18]LogModuleManager: Shutting down and abandoning module ContentBrowser (241)
[2018.03.20-09.18.12:264][ 18]LogModuleManager: Shutting down and abandoning module LightPropagationVolumeRuntime (238)
[2018.03.20-09.18.12:264][ 18]LogModuleManager: Shutting down and abandoning module Paper2D (236)
[2018.03.20-09.18.12:264][ 18]LogModuleManager: Shutting down and abandoning module WindowsMoviePlayer (234)
[2018.03.20-09.18.12:272][ 18]LogModuleManager: Shutting down and abandoning module WmfMedia (232)
[2018.03.20-09.18.12:283][ 18]LogModuleManager: Shutting down and abandoning module ImgMedia (230)
[2018.03.20-09.18.12:283][ 18]LogModuleManager: Shutting down and abandoning module PacketHandler (228)
[2018.03.20-09.18.12:284][ 18]LogModuleManager: Shutting down and abandoning module ClothingSystemEditor (226)
[2018.03.20-09.18.12:284][ 18]LogModuleManager: Shutting down and abandoning module ClothingSystemRuntime (224)
[2018.03.20-09.18.12:320][ 18]LogModuleManager: Shutting down and abandoning module MediaAssets (222)
[2018.03.20-09.18.12:320][ 18]LogModuleManager: Shutting down and abandoning module Media (221)
[2018.03.20-09.18.12:326][ 18]LogModuleManager: Shutting down and abandoning module Overlay (218)
[2018.03.20-09.18.12:326][ 18]LogModuleManager: Shutting down and abandoning module OverlayEditor (217)
[2018.03.20-09.18.12:326][ 18]LogModuleManager: Shutting down and abandoning module VREditor (214)
[2018.03.20-09.18.12:342][ 18]LogModuleManager: Shutting down and abandoning module StringTableEditor (212)
[2018.03.20-09.18.12:350][ 18]LogModuleManager: Shutting down and abandoning module GameplayTasksEditor (210)
[2018.03.20-09.18.12:350][ 18]LogModuleManager: Shutting down and abandoning module BehaviorTreeEditor (208)
[2018.03.20-09.18.12:371][ 18]LogModuleManager: Shutting down and abandoning module FunctionalTesting (206)
[2018.03.20-09.18.12:371][ 18]LogModuleManager: Shutting down and abandoning module CollisionAnalyzer (204)
[2018.03.20-09.18.12:399][ 18]LogModuleManager: Shutting down and abandoning module WorkspaceMenuStructure (203)
[2018.03.20-09.18.12:430][ 18]LogModuleManager: Shutting down and abandoning module UMG (200)
[2018.03.20-09.18.12:438][ 18]LogModuleManager: Shutting down and abandoning module UMGEditor (199)
[2018.03.20-09.18.12:465][ 18]LogModuleManager: Shutting down and abandoning module Sequencer (198)
[2018.03.20-09.18.12:500][ 18]LogModuleManager: Shutting down and abandoning module MessageLog (195)
[2018.03.20-09.18.12:507][ 18]LogModuleManager: Shutting down and abandoning module SlateReflector (190)
[2018.03.20-09.18.12:531][ 18]LogModuleManager: Shutting down and abandoning module Slate (188)
[2018.03.20-09.18.12:531][ 18]LogModuleManager: Shutting down and abandoning module EditorStyle (186)
[2018.03.20-09.18.12:575][ 18]LogModuleManager: Shutting down and abandoning module MRMesh (184)
[2018.03.20-09.18.12:575][ 18]LogModuleManager: Shutting down and abandoning module SourceCodeAccess (182)
[2018.03.20-09.18.12:581][ 18]LogModuleManager: Shutting down and abandoning module HeadMountedDisplay (180)
[2018.03.20-09.18.12:581][ 18]LogModuleManager: Shutting down and abandoning module XAudio2 (178)
[2018.03.20-09.18.12:581][ 18]LogModuleManager: Shutting down and abandoning module Networking (176)
[2018.03.20-09.18.12:581][ 18]LogModuleManager: Shutting down and abandoning module Core (172)
[2018.03.20-09.18.12:581][ 18]LogModuleManager: Shutting down and abandoning module LevelSequence (168)
[2018.03.20-09.18.12:581][ 18]LogModuleManager: Shutting down and abandoning module DirectoryWatcher (166)
[2018.03.20-09.18.12:588][ 18]LogModuleManager: Shutting down and abandoning module KismetCompiler (164)
[2018.03.20-09.18.12:588][ 18]LogModuleManager: Shutting down and abandoning module MeshUtilities (162)
[2018.03.20-09.18.12:588][ 18]LogModuleManager: Shutting down and abandoning module MeshMergeUtilities (161)
[2018.03.20-09.18.12:595][ 18]LogModuleManager: Shutting down and abandoning module MeshReductionInterface (160)
[2018.03.20-09.18.12:595][ 18]LogModuleManager: Shutting down and abandoning module SimplygonSwarm (159)
[2018.03.20-09.18.12:604][ 18]LogModuleManager: Shutting down and abandoning module SimplygonMeshReduction (157)
[2018.03.20-09.18.12:604][ 18]LogModuleManager: Shutting down and abandoning module QuadricMeshReduction (155)
[2018.03.20-09.18.12:609][ 18]LogModuleManager: Shutting down and abandoning module MaterialBaking (151)
[2018.03.20-09.18.12:624][ 18]LogModuleManager: Shutting down and abandoning module DerivedDataCache (148)
[2018.03.20-09.18.12:648][ 18]LogDerivedDataCache: Shutdown
[2018.03.20-09.18.12:648][ 18]LogModuleManager: Shutting down and abandoning module TargetPlatform (146)
[2018.03.20-09.18.12:649][ 18]LogModuleManager: Shutting down and abandoning module VulkanShaderFormat (145)
[2018.03.20-09.18.12:662][ 18]LogModuleManager: Shutting down and abandoning module ShaderFormatVectorVM (143)
[2018.03.20-09.18.12:670][ 18]LogModuleManager: Shutting down and abandoning module ShaderFormatOpenGL (141)
[2018.03.20-09.18.12:677][ 18]LogModuleManager: Shutting down and abandoning module ShaderFormatD3D (139)
[2018.03.20-09.18.12:679][ 18]LogModuleManager: Shutting down and abandoning module MetalShaderFormat (137)
[2018.03.20-09.18.12:685][ 18]LogModuleManager: Shutting down and abandoning module TextureFormatUncompressed (135)
[2018.03.20-09.18.12:689][ 18]LogModuleManager: Shutting down and abandoning module TextureFormatPVR (133)
[2018.03.20-09.18.12:690][ 18]LogModuleManager: Shutting down and abandoning module TextureFormatDXT (131)
[2018.03.20-09.18.12:690][ 18]LogModuleManager: Shutting down and abandoning module TextureFormatIntelISPCTexComp (129)
[2018.03.20-09.18.12:709][ 18]LogModuleManager: Shutting down and abandoning module TextureFormatASTC (127)
[2018.03.20-09.18.12:709][ 18]LogModuleManager: Shutting down and abandoning module ImageWrapper (126)
[2018.03.20-09.18.12:709][ 18]LogModuleManager: Shutting down and abandoning module TextureFormatAndroid (123)
[2018.03.20-09.18.12:719][ 18]LogModuleManager: Shutting down and abandoning module AudioFormatOpus (121)
[2018.03.20-09.18.12:719][ 18]LogModuleManager: Shutting down and abandoning module AudioFormatOgg (119)
[2018.03.20-09.18.12:723][ 18]LogModuleManager: Shutting down and abandoning module AudioFormatADPCM (117)
[2018.03.20-09.18.12:724][ 18]LogModuleManager: Shutting down and abandoning module LinuxTargetPlatform (115)
[2018.03.20-09.18.12:724][ 18]LogModuleManager: Shutting down and abandoning module LinuxServerTargetPlatform (113)
[2018.03.20-09.18.12:731][ 18]LogModuleManager: Shutting down and abandoning module LinuxNoEditorTargetPlatform (111)
[2018.03.20-09.18.12:731][ 18]LogModuleManager: Shutting down and abandoning module LinuxClientTargetPlatform (109)
[2018.03.20-09.18.12:731][ 18]LogModuleManager: Shutting down and abandoning module TVOSTargetPlatform (107)
[2018.03.20-09.18.12:731][ 18]LogModuleManager: Shutting down and abandoning module Messaging (105)
[2018.03.20-09.18.12:731][ 18]LogModuleManager: Shutting down and abandoning module IOSTargetPlatform (103)
[2018.03.20-09.18.12:731][ 18]LogModuleManager: Shutting down and abandoning module HTML5TargetPlatform (101)
[2018.03.20-09.18.12:731][ 18]LogModuleManager: Shutting down and abandoning module AndroidTargetPlatform (99)
[2018.03.20-09.18.12:731][ 18]LogModuleManager: Shutting down and abandoning module Android_PVRTCTargetPlatform (97)
[2018.03.20-09.18.12:731][ 18]LogModuleManager: Shutting down and abandoning module Android_MultiTargetPlatform (95)
[2018.03.20-09.18.12:731][ 18]LogModuleManager: Shutting down and abandoning module Android_ETC2TargetPlatform (93)
[2018.03.20-09.18.12:731][ 18]LogModuleManager: Shutting down and abandoning module Android_ETC1TargetPlatform (91)
[2018.03.20-09.18.12:732][ 18]LogModuleManager: Shutting down and abandoning module Android_DXTTargetPlatform (89)
[2018.03.20-09.18.12:732][ 18]LogModuleManager: Shutting down and abandoning module Android_ATCTargetPlatform (87)
[2018.03.20-09.18.12:732][ 18]LogModuleManager: Shutting down and abandoning module Android_ASTCTargetPlatform (85)
[2018.03.20-09.18.12:732][ 18]LogModuleManager: Shutting down and abandoning module WindowsTargetPlatform (83)
[2018.03.20-09.18.12:732][ 18]LogModuleManager: Shutting down and abandoning module WindowsServerTargetPlatform (81)
[2018.03.20-09.18.12:738][ 18]LogModuleManager: Shutting down and abandoning module WindowsNoEditorTargetPlatform (79)
[2018.03.20-09.18.12:748][ 18]LogModuleManager: Shutting down and abandoning module WindowsClientTargetPlatform (77)
[2018.03.20-09.18.12:754][ 18]LogModuleManager: Shutting down and abandoning module MacTargetPlatform (75)
[2018.03.20-09.18.12:754][ 18]LogModuleManager: Shutting down and abandoning module MacServerTargetPlatform (73)
[2018.03.20-09.18.12:762][ 18]LogModuleManager: Shutting down and abandoning module MacNoEditorTargetPlatform (71)
[2018.03.20-09.18.12:768][ 18]LogModuleManager: Shutting down and abandoning module MacClientTargetPlatform (69)
[2018.03.20-09.18.12:768][ 18]LogModuleManager: Shutting down and abandoning module AllDesktopTargetPlatform (67)
[2018.03.20-09.18.12:768][ 18]LogModuleManager: Shutting down and abandoning module InputCore (64)
[2018.03.20-09.18.12:768][ 18]LogModuleManager: Shutting down and abandoning module Settings (62)
[2018.03.20-09.18.12:768][ 18]LogModuleManager: Shutting down and abandoning module PhysXCooking (60)
[2018.03.20-09.18.12:768][ 18]LogModuleManager: Shutting down and abandoning module SteamVR (58)
[2018.03.20-09.18.12:768][ 18]LogModuleManager: Shutting down and abandoning module OculusHMD (56)
[2018.03.20-09.18.12:775][ 18]LogModuleManager: Shutting down and abandoning module ExampleDeviceProfileSelector (54)
[2018.03.20-09.18.12:775][ 18]LogModuleManager: Shutting down and abandoning module AppleARKit (52)
[2018.03.20-09.18.12:775][ 18]LogModuleManager: Shutting down and abandoning module AugmentedReality (51)
[2018.03.20-09.18.12:775][ 18]LogModuleManager: Shutting down and abandoning module OnlineBlueprintSupport (48)
[2018.03.20-09.18.12:775][ 18]LogModuleManager: Shutting down and abandoning module OnlineSubsystem (44)
[2018.03.20-09.18.12:811][ 18]LogModuleManager: Shutting down and abandoning module XMPP (43)
[2018.03.20-09.18.12:829][ 18]LogModuleManager: Shutting down and abandoning module HTTP (41)
[2018.03.20-09.18.12:830][ 18]LogHttp: Display: Http module shutting down, but needs to wait on 1 outstanding Http requests:
[2018.03.20-09.18.12:835][ 18]LogHttp: Display: 	verb=[POST] url=[https://datarouter.ol.epicgames.com/datarouter/api/v1/public/data?SessionID=%7BBD32032D-491C-B072-4C85-CB8E52B29A91%7D&AppID=UEEditor.Rocket.Release&AppVersion=4.18.3-3832480%2B%2B%2BUE4%2BRelease-4.18&UserID=10e6b4d1454adc80c402fda4840b45e8%7C2c90cfa805f74c7c8a19ce3131a633e6%7C3792c45f-2c81-433f-9f30-88efbac6f71d&AppEnvironment=datacollector-binary&UploadType=eteventstream] status=Processing
[2018.03.20-09.18.12:869][ 18]LogModuleManager: Shutting down and abandoning module SSL (40)
[2018.03.20-09.18.12:899][ 18]LogModuleManager: Shutting down and abandoning module AnimationModifiers (36)
[2018.03.20-09.18.12:908][ 18]LogModuleManager: Shutting down and abandoning module PropertyEditor (35)
[2018.03.20-09.18.12:938][ 18]LogModuleManager: Shutting down and abandoning module AudioEditor (32)
[2018.03.20-09.18.12:957][ 18]LogModuleManager: Shutting down and abandoning module TextureCompressor (30)
[2018.03.20-09.18.12:957][ 18]LogModuleManager: Shutting down and abandoning module ShaderCore (28)
[2018.03.20-09.18.12:957][ 18]LogModuleManager: Shutting down and abandoning module Landscape (26)
[2018.03.20-09.18.12:957][ 18]LogModuleManager: Shutting down and abandoning module SlateRHIRenderer (24)
[2018.03.20-09.18.12:967][ 18]LogModuleManager: Shutting down and abandoning module OpenGLDrv (22)
[2018.03.20-09.18.12:981][ 18]LogModuleManager: Shutting down and abandoning module D3D11RHI (20)
[2018.03.20-09.18.12:981][ 18]LogModuleManager: Shutting down and abandoning module AnimGraphRuntime (18)
[2018.03.20-09.18.12:993][ 18]LogModuleManager: Shutting down and abandoning module Renderer (16)
[2018.03.20-09.18.12:993][ 18]LogModuleManager: Shutting down and abandoning module Engine (14)
[2018.03.20-09.18.12:993][ 18]LogModuleManager: Shutting down and abandoning module CoreUObject (12)
[2018.03.20-09.18.12:993][ 18]LogModuleManager: Shutting down and abandoning module NetworkFile (10)
[2018.03.20-09.18.12:999][ 18]LogModuleManager: Shutting down and abandoning module CookedIterativeFile (8)
[2018.03.20-09.18.13:009][ 18]LogModuleManager: Shutting down and abandoning module StreamingFile (6)
[2018.03.20-09.18.13:013][ 18]LogModuleManager: Shutting down and abandoning module SandboxFile (4)
[2018.03.20-09.18.13:013][ 18]LogModuleManager: Shutting down and abandoning module PakFile (2)
[2018.03.20-09.18.13:057][ 18]LogExit: Exiting.
[2018.03.20-09.18.13:100][ 18]Log file closed, 03/20/18 10:18:13
