Log file open, 03/08/18 08:59:25
LogWindows: Failed to load 'aqProf.dll' (GetLastError=126)
LogWindows: File 'aqProf.dll' does not exist
LogWindows: Failed to load 'VtuneApi.dll' (GetLastError=126)
LogWindows: File 'VtuneApi.dll' does not exist
LogWindows: Failed to load 'VtuneApi32e.dll' (GetLastError=126)
LogWindows: File 'VtuneApi32e.dll' does not exist
LogInit: Display: Running engine for game: Adventure
LogPlatformFile: Not using cached read wrapper
LogInit: Display: RandInit(-82935350) SRandInit(-82935350).
LogInit: Read version file with build ID '3709383'
LogInit: Overriding engine version to CL 3832480, compatible CL 3709383
LogInit: Registered custom module enumerator with build ID '3709383'
LogTaskGraph: Started task graph with 5 named threads and 14 total threads with 3 sets of task threads.
LogStats: Stats thread started at 0.186539
LogD3D11RHI: Aftermath initialized
LogModuleManager: Display: Found up-to-date module file ../../../Engine/Plugins/2D/Paper2D/Binaries/Win64/UE4Editor-Paper2D.dll (API version 3709383).
LogModuleManager: Display: Found up-to-date module file ../../../Engine/Plugins/2D/Paper2D/Binaries/Win64/UE4Editor-Paper2DEditor.dll (API version 3709383).
LogModuleManager: Display: Found up-to-date module file ../../../Engine/Plugins/2D/Paper2D/Binaries/Win64/UE4Editor-PaperSpriteSheetImporter.dll (API version 3709383).
LogModuleManager: Display: Found up-to-date module file ../../../Engine/Plugins/2D/Paper2D/Binaries/Win64/UE4Editor-PaperTiledImporter.dll (API version 3709383).
LogModuleManager: Display: Found up-to-date module file ../../../Engine/Plugins/2D/Paper2D/Binaries/Win64/UE4Editor-SmartSnapping.dll (API version 3709383).
LogModuleManager: Display: Found up-to-date module file ../../../Engine/Plugins/Blendables/LightPropagationVolume/Binaries/Win64/UE4Editor-LightPropagationVolumeRuntime.dll (API version 3709383).
LogModuleManager: Display: Found up-to-date module file ../../../Engine/Plugins/Blendables/LightPropagationVolume/Binaries/Win64/UE4Editor-LightPropagationVolumeEditor.dll (API version 3709383).
LogModuleManager: Display: Found up-to-date module file ../../../Engine/Plugins/Developer/GitSourceControl/Binaries/Win64/UE4Editor-GitSourceControl.dll (API version 3709383).
LogModuleManager: Display: Found up-to-date module file ../../../Engine/Plugins/Developer/PerforceSourceControl/Binaries/Win64/UE4Editor-PerforceSourceControl.dll (API version 3709383).
LogModuleManager: Display: Found up-to-date module file ../../../Engine/Plugins/Developer/SubversionSourceControl/Binaries/Win64/UE4Editor-SubversionSourceControl.dll (API version 3709383).
LogModuleManager: Display: Found up-to-date module file ../../../Engine/Plugins/Developer/UObjectPlugin/Binaries/Win64/UE4Editor-UObjectPlugin.dll (API version 3709383).
LogModuleManager: Display: Found up-to-date module file ../../../Engine/Plugins/Developer/VisualStudioCodeSourceCodeAccess/Binaries/Win64/UE4Editor-VisualStudioCodeSourceCodeAccess.dll (API version 3709383).
LogModuleManager: Display: Found up-to-date module file ../../../Engine/Plugins/Developer/VisualStudioSourceCodeAccess/Binaries/Win64/UE4Editor-VisualStudioSourceCodeAccess.dll (API version 3709383).
LogModuleManager: Display: Found up-to-date module file ../../../Engine/Plugins/Editor/AssetManagerEditor/Binaries/Win64/UE4Editor-AssetManagerEditor.dll (API version 3709383).
LogModuleManager: Display: Found up-to-date module file ../../../Engine/Plugins/Editor/AudioCapture/Binaries/Win64/UE4Editor-AudioCapture.dll (API version 3709383).
LogModuleManager: Display: Found up-to-date module file ../../../Engine/Plugins/Editor/FacialAnimation/Binaries/Win64/UE4Editor-FacialAnimation.dll (API version 3709383).
LogModuleManager: Display: Found up-to-date module file ../../../Engine/Plugins/Editor/FacialAnimation/Binaries/Win64/UE4Editor-FacialAnimationEditor.dll (API version 3709383).
LogModuleManager: Display: Found up-to-date module file ../../../Engine/Plugins/Editor/GameplayTagsEditor/Binaries/Win64/UE4Editor-GameplayTagsEditor.dll (API version 3709383).
LogModuleManager: Display: Found up-to-date module file ../../../Engine/Plugins/Editor/MobileLauncherProfileWizard/Binaries/Win64/UE4Editor-MobileLauncherProfileWizard.dll (API version 3709383).
LogModuleManager: Display: Found up-to-date module file ../../../Engine/Plugins/Editor/PluginBrowser/Binaries/Win64/UE4Editor-PluginBrowser.dll (API version 3709383).
LogModuleManager: Display: Found up-to-date module file ../../../Engine/Plugins/Editor/SpeedTreeImporter/Binaries/Win64/UE4Editor-SpeedTreeImporter.dll (API version 3709383).
LogModuleManager: Display: Found up-to-date module file ../../../Engine/Plugins/Experimental/AlembicImporter/Binaries/Win64/UE4Editor-AlembicImporter.dll (API version 3709383).
LogModuleManager: Display: Found up-to-date module file ../../../Engine/Plugins/Experimental/AlembicImporter/Binaries/Win64/UE4Editor-AlembicLibrary.dll (API version 3709383).
LogModuleManager: Display: Found up-to-date module file ../../../Engine/Plugins/Experimental/CharacterAI/Binaries/Win64/UE4Editor-CharacterAI.dll (API version 3709383).
LogModuleManager: Display: Found up-to-date module file ../../../Engine/Plugins/Experimental/HTML5Networking/Binaries/Win64/UE4Editor-HTML5Networking.dll (API version 3709383).
LogModuleManager: Display: Found up-to-date module file ../../../Engine/Plugins/Media/AndroidMedia/Binaries/Win64/UE4Editor-AndroidMediaEditor.dll (API version 3709383).
LogModuleManager: Display: Found up-to-date module file ../../../Engine/Plugins/Media/AndroidMedia/Binaries/Win64/UE4Editor-AndroidMediaFactory.dll (API version 3709383).
LogModuleManager: Display: Found up-to-date module file ../../../Engine/Plugins/Media/AvfMedia/Binaries/Win64/UE4Editor-AvfMediaEditor.dll (API version 3709383).
LogModuleManager: Display: Found up-to-date module file ../../../Engine/Plugins/Media/AvfMedia/Binaries/Win64/UE4Editor-AvfMediaFactory.dll (API version 3709383).
LogModuleManager: Display: Found up-to-date module file ../../../Engine/Plugins/Media/AvfMedia/Binaries/Win64/UE4Editor-AvfMediaFactory.dll (API version 3709383).
LogModuleManager: Display: Found up-to-date module file ../../../Engine/Plugins/Media/ImgMedia/Binaries/Win64/UE4Editor-ImgMedia.dll (API version 3709383).
LogModuleManager: Display: Found up-to-date module file ../../../Engine/Plugins/Media/ImgMedia/Binaries/Win64/UE4Editor-ImgMediaEditor.dll (API version 3709383).
LogModuleManager: Display: Found up-to-date module file ../../../Engine/Plugins/Media/ImgMedia/Binaries/Win64/UE4Editor-ImgMediaFactory.dll (API version 3709383).
LogModuleManager: Display: Found up-to-date module file ../../../Engine/Plugins/Media/ImgMedia/Binaries/Win64/UE4Editor-ImgMediaFactory.dll (API version 3709383).
LogModuleManager: Display: Found up-to-date module file ../../../Engine/Plugins/Media/ImgMedia/Binaries/Win64/UE4Editor-OpenExrWrapper.dll (API version 3709383).
LogModuleManager: Display: Found up-to-date module file ../../../Engine/Plugins/Media/MediaCompositing/Binaries/Win64/UE4Editor-MediaCompositing.dll (API version 3709383).
LogModuleManager: Display: Found up-to-date module file ../../../Engine/Plugins/Media/MediaCompositing/Binaries/Win64/UE4Editor-MediaCompositingEditor.dll (API version 3709383).
LogModuleManager: Display: Found up-to-date module file ../../../Engine/Plugins/Media/MediaPlayerEditor/Binaries/Win64/UE4Editor-MediaPlayerEditor.dll (API version 3709383).
LogModuleManager: Display: Found up-to-date module file ../../../Engine/Plugins/Media/WmfMedia/Binaries/Win64/UE4Editor-WmfMedia.dll (API version 3709383).
LogModuleManager: Display: Found up-to-date module file ../../../Engine/Plugins/Media/WmfMedia/Binaries/Win64/UE4Editor-WmfMediaEditor.dll (API version 3709383).
LogModuleManager: Display: Found up-to-date module file ../../../Engine/Plugins/Media/WmfMedia/Binaries/Win64/UE4Editor-WmfMediaFactory.dll (API version 3709383).
LogModuleManager: Display: Found up-to-date module file ../../../Engine/Plugins/Media/WmfMedia/Binaries/Win64/UE4Editor-WmfMediaFactory.dll (API version 3709383).
LogModuleManager: Display: Found up-to-date module file ../../../Engine/Plugins/Messaging/TcpMessaging/Binaries/Win64/UE4Editor-TcpMessaging.dll (API version 3709383).
LogModuleManager: Display: Found up-to-date module file ../../../Engine/Plugins/Messaging/UdpMessaging/Binaries/Win64/UE4Editor-UdpMessaging.dll (API version 3709383).
LogModuleManager: Display: Found up-to-date module file ../../../Engine/Plugins/MovieScene/ActorSequence/Binaries/Win64/UE4Editor-ActorSequence.dll (API version 3709383).
LogModuleManager: Display: Found up-to-date module file ../../../Engine/Plugins/MovieScene/LevelSequenceEditor/Binaries/Win64/UE4Editor-LevelSequenceEditor.dll (API version 3709383).
LogModuleManager: Display: Found up-to-date module file ../../../Engine/Plugins/MovieScene/MatineeToLevelSequence/Binaries/Win64/UE4Editor-MatineeToLevelSequence.dll (API version 3709383).
LogModuleManager: Display: Found up-to-date module file ../../../Engine/Plugins/Online/OnlineSubsystem/Binaries/Win64/UE4Editor-OnlineSubsystem.dll (API version 3709383).
LogModuleManager: Display: Found up-to-date module file ../../../Engine/Plugins/Runtime/AndroidPermission/Binaries/Win64/UE4Editor-AndroidPermission.dll (API version 3709383).
LogModuleManager: Display: Found up-to-date module file ../../../Engine/Plugins/Online/OnlineSubsystemNull/Binaries/Win64/UE4Editor-OnlineSubsystemNull.dll (API version 3709383).
LogModuleManager: Display: Found up-to-date module file ../../../Engine/Plugins/Online/OnlineSubsystemUtils/Binaries/Win64/UE4Editor-OnlineSubsystemUtils.dll (API version 3709383).
LogModuleManager: Display: Found up-to-date module file ../../../Engine/Plugins/Online/OnlineSubsystemUtils/Binaries/Win64/UE4Editor-OnlineBlueprintSupport.dll (API version 3709383).
LogModuleManager: Display: Found up-to-date module file ../../../Engine/Plugins/Runtime/AndroidDeviceProfileSelector/Binaries/Win64/UE4Editor-AndroidDeviceProfileSelector.dll (API version 3709383).
LogModuleManager: Display: Found up-to-date module file ../../../Engine/Plugins/Runtime/AppleARKit/Binaries/Win64/UE4Editor-AppleARKit.dll (API version 3709383).
LogModuleManager: Display: Found up-to-date module file ../../../Engine/Plugins/Runtime/ArchVisCharacter/Binaries/Win64/UE4Editor-ArchVisCharacter.dll (API version 3709383).
LogModuleManager: Display: Found up-to-date module file ../../../Engine/Plugins/Runtime/CableComponent/Binaries/Win64/UE4Editor-CableComponent.dll (API version 3709383).
LogModuleManager: Display: Found up-to-date module file ../../../Engine/Plugins/Runtime/CustomMeshComponent/Binaries/Win64/UE4Editor-CustomMeshComponent.dll (API version 3709383).
LogModuleManager: Display: Found up-to-date module file ../../../Engine/Plugins/Runtime/ExampleDeviceProfileSelector/Binaries/Win64/UE4Editor-ExampleDeviceProfileSelector.dll (API version 3709383).
LogModuleManager: Display: Found up-to-date module file ../../../Engine/Plugins/Runtime/ImmediatePhysics/Binaries/Win64/UE4Editor-ImmediatePhysics.dll (API version 3709383).
LogModuleManager: Display: Found up-to-date module file ../../../Engine/Plugins/Runtime/ImmediatePhysics/Binaries/Win64/UE4Editor-ImmediatePhysicsEditor.dll (API version 3709383).
LogModuleManager: Display: Found up-to-date module file ../../../Engine/Plugins/Runtime/LocationServicesBPLibrary/Binaries/Win64/UE4Editor-LocationServicesBPLibrary.dll (API version 3709383).
LogModuleManager: Display: Found up-to-date module file ../../../Engine/Plugins/Runtime/MobilePatchingUtils/Binaries/Win64/UE4Editor-MobilePatchingUtils.dll (API version 3709383).
LogModuleManager: Display: Found up-to-date module file ../../../Engine/Plugins/Runtime/Oculus/OculusVR/Binaries/Win64/UE4Editor-OculusHMD.dll (API version 3709383).
LogModuleManager: Display: Found up-to-date module file ../../../Engine/Plugins/Runtime/Oculus/OculusVR/Binaries/Win64/UE4Editor-OculusInput.dll (API version 3709383).
LogModuleManager: Display: Found up-to-date module file ../../../Engine/Plugins/Runtime/Oculus/OculusVR/Binaries/Win64/UE4Editor-OculusEditor.dll (API version 3709383).
LogModuleManager: Display: Found up-to-date module file ../../../Engine/Plugins/Runtime/PhysXVehicles/Binaries/Win64/UE4Editor-PhysXVehicles.dll (API version 3709383).
LogModuleManager: Display: Found up-to-date module file ../../../Engine/Plugins/Runtime/PhysXVehicles/Binaries/Win64/UE4Editor-PhysXVehiclesEditor.dll (API version 3709383).
LogModuleManager: Display: Found up-to-date module file ../../../Engine/Plugins/Runtime/ProceduralMeshComponent/Binaries/Win64/UE4Editor-ProceduralMeshComponent.dll (API version 3709383).
LogModuleManager: Display: Found up-to-date module file ../../../Engine/Plugins/Runtime/ProceduralMeshComponent/Binaries/Win64/UE4Editor-ProceduralMeshComponentEditor.dll (API version 3709383).
LogModuleManager: Display: Found up-to-date module file ../../../Engine/Plugins/Runtime/RuntimePhysXCooking/Binaries/Win64/UE4Editor-RuntimePhysXCooking.dll (API version 3709383).
LogModuleManager: Display: Found up-to-date module file ../../../Engine/Plugins/Runtime/Steam/SteamVR/Binaries/Win64/UE4Editor-SteamVR.dll (API version 3709383).
LogModuleManager: Display: Found up-to-date module file ../../../Engine/Plugins/Runtime/Steam/SteamVR/Binaries/Win64/UE4Editor-SteamVRController.dll (API version 3709383).
LogModuleManager: Display: Found up-to-date module file ../../../Engine/Plugins/Runtime/WindowsMoviePlayer/Binaries/Win64/UE4Editor-WindowsMoviePlayer.dll (API version 3709383).
LogPluginManager: Mounting plugin Paper2D
LogPluginManager: Mounting plugin LightPropagationVolume
LogPluginManager: Mounting plugin CodeLiteSourceCodeAccess
LogPluginManager: Mounting plugin GitSourceControl
LogPluginManager: Mounting plugin KDevelopSourceCodeAccess
LogPluginManager: Mounting plugin NullSourceCodeAccess
LogPluginManager: Mounting plugin PerforceSourceControl
LogPluginManager: Mounting plugin SubversionSourceControl
LogPluginManager: Mounting plugin UObjectPlugin
LogPluginManager: Mounting plugin VisualStudioCodeSourceCodeAccess
LogPluginManager: Mounting plugin VisualStudioSourceCodeAccess
LogPluginManager: Mounting plugin XCodeSourceCodeAccess
LogPluginManager: Mounting plugin AssetManagerEditor
LogPluginManager: Mounting plugin AudioCapture
LogPluginManager: Mounting plugin FacialAnimation
LogPluginManager: Mounting plugin GameplayTagsEditor
LogPluginManager: Mounting plugin MobileLauncherProfileWizard
LogPluginManager: Mounting plugin PluginBrowser
LogPluginManager: Mounting plugin SpeedTreeImporter
LogPluginManager: Mounting plugin AlembicImporter
LogPluginManager: Mounting plugin CharacterAI
LogPluginManager: Mounting plugin HTML5Networking
LogPluginManager: Mounting plugin AndroidMedia
LogPluginManager: Mounting plugin AvfMedia
LogPluginManager: Mounting plugin ImgMedia
LogPluginManager: Mounting plugin MediaCompositing
LogPluginManager: Mounting plugin MediaPlayerEditor
LogPluginManager: Mounting plugin WmfMedia
LogPluginManager: Mounting plugin TcpMessaging
LogPluginManager: Mounting plugin UdpMessaging
LogPluginManager: Mounting plugin ActorSequence
LogPluginManager: Mounting plugin LevelSequenceEditor
LogPluginManager: Mounting plugin MatineeToLevelSequence
LogPluginManager: Mounting plugin OnlineSubsystemGooglePlay
LogPluginManager: Mounting plugin OnlineSubsystemIOS
LogPluginManager: Mounting plugin OnlineSubsystem
LogPluginManager: Mounting plugin OnlineSubsystemNull
LogPluginManager: Mounting plugin OnlineSubsystemUtils
LogPluginManager: Mounting plugin AndroidDeviceProfileSelector
LogPluginManager: Mounting plugin AndroidMoviePlayer
LogPluginManager: Mounting plugin AndroidPermission
LogPluginManager: Mounting plugin AppleARKit
LogPluginManager: Mounting plugin AppleMoviePlayer
LogPluginManager: Mounting plugin ArchVisCharacter
LogPluginManager: Mounting plugin CableComponent
LogPluginManager: Mounting plugin CustomMeshComponent
LogPluginManager: Mounting plugin ExampleDeviceProfileSelector
LogPluginManager: Mounting plugin GoogleCloudMessaging
LogPluginManager: Mounting plugin ImmediatePhysics
LogPluginManager: Mounting plugin IOSDeviceProfileSelector
LogPluginManager: Mounting plugin LinuxDeviceProfileSelector
LogPluginManager: Mounting plugin LocationServicesBPLibrary
LogPluginManager: Mounting plugin MobilePatchingUtils
LogPluginManager: Mounting plugin OculusVR
LogPluginManager: Plugin shader directory ../../../Engine/Plugins/Runtime/Oculus/OculusVR/Shaders found
LogPluginManager: Mapping shader source directory ../../../Engine/Plugins/Runtime/Oculus/OculusVR/Shaders to virtual directory /Plugin/OculusVR
LogPluginManager: Mounting plugin PhysXVehicles
LogPluginManager: Mounting plugin ProceduralMeshComponent
LogPluginManager: Mounting plugin RuntimePhysXCooking
LogPluginManager: Mounting plugin SteamVR
LogPluginManager: Mounting plugin WindowsMoviePlayer
LogInit: Using libcurl 7.47.1
LogInit:  - built for x86_64-pc-win32
LogInit:  - supports SSL with OpenSSL/1.0.2g
LogInit:  - supports HTTP deflate (compression) using libz 1.2.8
LogInit:  - other features:
LogInit:      CURL_VERSION_SSL
LogInit:      CURL_VERSION_LIBZ
LogInit:      CURL_VERSION_IPV6
LogInit:      CURL_VERSION_ASYNCHDNS
LogInit:      CURL_VERSION_LARGEFILE
LogInit:      CURL_VERSION_IDN
LogInit:  CurlRequestOptions (configurable via config and command line):
LogInit:  - bVerifyPeer = false  - Libcurl will NOT verify peer certificate
LogInit:  - bUseHttpProxy = false  - Libcurl will NOT use HTTP proxy
LogInit:  - bDontReuseConnections = false  - Libcurl will reuse connections
LogInit:  - CertBundlePath = nullptr  - Libcurl will use whatever was configured at build time.
LogInit: Build: ++UE4+Release-4.18-CL-3832480
LogInit: Engine Version: 4.18.3-3832480+++UE4+Release-4.18
LogInit: Compatible Engine Version: 4.18.0-3709383+++UE4+Release-4.18
LogInit: Net CL: 3709383
LogDevObjectVersion: Number of dev versions registered: 16
LogDevObjectVersion:   Dev-Blueprints (B0D832E4-1F89-4F0D-ACCF-7EB736FD4AA2): 10
LogDevObjectVersion:   Dev-Build (E1C64328-A22C-4D53-A36C-8E866417BD8C): 0
LogDevObjectVersion:   Dev-Core (375EC13C-06E4-48FB-B500-84F0262A717E): 2
LogDevObjectVersion:   Dev-Editor (E4B068ED-F494-42E9-A231-DA0B2E46BB41): 20
LogDevObjectVersion:   Dev-Framework (CFFC743F-43B0-4480-9391-14DF171D2073): 30
LogDevObjectVersion:   Dev-Mobile (B02B49B5-BB20-44E9-A304-32B752E40360): 0
LogDevObjectVersion:   Dev-Networking (A4E4105C-59A1-49B5-A7C5-40C4547EDFEE): 0
LogDevObjectVersion:   Dev-Online (39C831C9-5AE6-47DC-9A44-9C173E1C8E7C): 0
LogDevObjectVersion:   Dev-Physics (78F01B33-EBEA-4F98-B9B4-84EACCB95AA2): 0
LogDevObjectVersion:   Dev-Platform (6631380F-2D4D-43E0-8009-CF276956A95A): 0
LogDevObjectVersion:   Dev-Rendering (12F88B9F-8875-4AFC-A67C-D90C383ABD29): 20
LogDevObjectVersion:   Dev-Sequencer (7B5AE74C-D270-4C10-A958-57980B212A5A): 4
LogDevObjectVersion:   Dev-VR (D7296918-1DD6-4BDD-9DE2-64A83CC13884): 0
LogDevObjectVersion:   Dev-LoadTimes (C2A15278-BFE7-4AFE-6C17-90FF531DF755): 1
LogDevObjectVersion:   Private-Geometry (6EACA3D4-40EC-4CC1-B786-8BED09428FC5): 1
LogDevObjectVersion:   Dev-AnimPhys (29E575DD-E0A3-4627-9D10-D276232CDCEA): 12
LogInit: Compiled (64-bit): Jan 12 2018 02:04:55
LogInit: Compiled with Visual C++: 19.00.24215.01
LogInit: Build Configuration: Development
LogInit: Branch Name: ++UE4+Release-4.18
LogInit: Command line: -EpicPortal 
LogInit: Base directory: F:/Unreal 4.18/UE_4.18/Engine/Binaries/Win64/
LogInit: Installed Engine Build: 1
LogInit: Presizing for max 8388607 objects, including 0 objects not considered by GC, pre-allocating 0 bytes for permanent pool.
LogInit: Object subsystem initialized
[2018.03.08-07.59.26:579][  0]LogInit: Selected Device Profile: [Windows]
[2018.03.08-07.59.26:580][  0]LogInit: Applying CVar settings loaded from the selected device profile: [Windows]
[2018.03.08-07.59.26:611][  0]LogInit: Computer: MR_E-DATOR
[2018.03.08-07.59.26:611][  0]LogInit: User: MrE
[2018.03.08-07.59.26:611][  0]LogInit: CPU Page size=4096, Cores=4
[2018.03.08-07.59.26:611][  0]LogInit: High frequency timer resolution =3.233215 MHz
[2018.03.08-07.59.26:611][  0]LogMemory: Memory total: Physical=8.0GB (8GB approx)
[2018.03.08-07.59.26:611][  0]LogMemory: Platform Memory Stats for Windows
[2018.03.08-07.59.26:611][  0]LogMemory: Process Physical Memory: 274.68 MB used, 274.68 MB peak
[2018.03.08-07.59.26:611][  0]LogMemory: Process Virtual Memory: 273.75 MB used, 273.75 MB peak
[2018.03.08-07.59.26:611][  0]LogMemory: Physical Memory: 5328.69 MB used,  2830.45 MB free, 8159.14 MB total
[2018.03.08-07.59.26:611][  0]LogMemory: Virtual Memory: 681.32 MB used,  2830.45 MB free, 134217728.00 MB total
[2018.03.08-07.59.26:737][  0]LogInit: Using OS detected language (sv-SE).
[2018.03.08-07.59.26:737][  0]LogInit: Using OS detected locale (sv-SE).
[2018.03.08-07.59.26:740][  0]LogTextLocalizationManager: No localization for 'sv-SE' exists, so 'en' will be used for the language.
[2018.03.08-07.59.26:740][  0]LogTextLocalizationManager: No localization for 'sv-SE' exists, so 'en' will be used for the locale.
[2018.03.08-07.59.27:202][  0]LogInit: Setting process to per monitor DPI aware
[2018.03.08-07.59.27:500][  0]LogD3D11RHI: D3D11 adapters:
[2018.03.08-07.59.27:555][  0]LogD3D11RHI:    0. 'NVIDIA GeForce GTX 1070' (Feature Level 11_0)
[2018.03.08-07.59.27:555][  0]LogD3D11RHI:       8096/0/4079 MB DedicatedVideo/DedicatedSystem/SharedSystem, Outputs:2, VendorId:0x10de
[2018.03.08-07.59.27:557][  0]LogD3D11RHI:    1. 'Microsoft Basic Render Driver' (Feature Level 11_0)
[2018.03.08-07.59.27:557][  0]LogD3D11RHI:       0/0/4079 MB DedicatedVideo/DedicatedSystem/SharedSystem, Outputs:0, VendorId:0x1414
[2018.03.08-07.59.27:557][  0]LogD3D11RHI: Chosen D3D11 Adapter: 0
[2018.03.08-07.59.27:563][  0]LogD3D11RHI: Creating new Direct3DDevice
[2018.03.08-07.59.27:563][  0]LogD3D11RHI:     GPU DeviceId: 0x1b81 (for the marketing name, search the web for "GPU Device Id")
[2018.03.08-07.59.27:563][  0]LogWindows: EnumDisplayDevices:
[2018.03.08-07.59.27:563][  0]LogWindows:    0. 'NVIDIA GeForce GTX 1070' (P:1 D:1)
[2018.03.08-07.59.27:563][  0]LogWindows:    1. 'NVIDIA GeForce GTX 1070' (P:0 D:0)
[2018.03.08-07.59.27:563][  0]LogWindows:    2. 'NVIDIA GeForce GTX 1070' (P:0 D:1)
[2018.03.08-07.59.27:563][  0]LogWindows:    3. 'NVIDIA GeForce GTX 1070' (P:0 D:0)
[2018.03.08-07.59.27:563][  0]LogWindows: DebugString: GetVideoDriverDetailsInvalid PrimaryIsNotTheChoosenAdapter GetVideoDriverDetailsInvalid PrimaryIsNotTheChoosenAdapter GetVideoDriverDetailsInvalid PrimaryIsNotTheChoosenAdapter GetVideoDriverDetailsInvalid PrimaryIsNotTheChoosenAdapter FoundDriverCount:0 
[2018.03.08-07.59.27:563][  0]LogD3D11RHI:     Adapter Name: NVIDIA GeForce GTX 1070
[2018.03.08-07.59.27:563][  0]LogD3D11RHI:   Driver Version: Unknown (internal:Unknown, unified:Unknown)
[2018.03.08-07.59.27:563][  0]LogD3D11RHI:      Driver Date: Unknown
[2018.03.08-07.59.27:563][  0]LogRHI: Texture pool is 5667 MB (70% of 8096 MB)
[2018.03.08-07.59.27:587][  0]LogD3D11RHI: Async texture creation enabled
[2018.03.08-07.59.27:610][  0]LogD3D11RHI: GPU Timing Frequency: 1000.000000 (Debug: 2 1)
[2018.03.08-07.59.27:658][  0]LogShaderCompilers: Guid format shader working directory is -19 characters bigger than the processId version (../../../../../Projects/AdventureP/AdventureUE4Project/Adventure/Intermediate/Shaders/WorkingDirectory/1544/).
[2018.03.08-07.59.27:658][  0]LogShaderCompilers: Cleaned the shader compiler working directory 'C:/Users/Mr_E/AppData/Local/Temp/UnrealShaderWorkingDir/119774B34BBEE0988CC65C91691A175D/'.
[2018.03.08-07.59.27:658][  0]LogShaderCompilers: Display: Using Local Shader Compiler.
[2018.03.08-07.59.28:915][  0]LogTemp: Display: Loaded TP AllDesktopTargetPlatform
[2018.03.08-07.59.29:004][  0]LogTemp: Display: Loaded TP MacClientTargetPlatform
[2018.03.08-07.59.29:053][  0]LogTemp: Display: Loaded TP MacNoEditorTargetPlatform
[2018.03.08-07.59.29:101][  0]LogTemp: Display: Loaded TP MacServerTargetPlatform
[2018.03.08-07.59.29:150][  0]LogTemp: Display: Loaded TP MacTargetPlatform
[2018.03.08-07.59.29:197][  0]LogTemp: Display: Loaded TP WindowsClientTargetPlatform
[2018.03.08-07.59.29:249][  0]LogTemp: Display: Loaded TP WindowsNoEditorTargetPlatform
[2018.03.08-07.59.29:499][  0]LogTemp: Display: Loaded TP WindowsServerTargetPlatform
[2018.03.08-07.59.29:709][  0]LogTemp: Display: Loaded TP WindowsTargetPlatform
[2018.03.08-07.59.29:757][  0]LogTemp: Display: Loaded TP Android_ASTCTargetPlatform
[2018.03.08-07.59.29:814][  0]LogTemp: Display: Loaded TP Android_ATCTargetPlatform
[2018.03.08-07.59.29:861][  0]LogTemp: Display: Loaded TP Android_DXTTargetPlatform
[2018.03.08-07.59.29:916][  0]LogTemp: Display: Loaded TP Android_ETC1TargetPlatform
[2018.03.08-07.59.29:964][  0]LogTemp: Display: Loaded TP Android_ETC2TargetPlatform
[2018.03.08-07.59.30:064][  0]LogTemp: Display: Loaded TP Android_MultiTargetPlatform
[2018.03.08-07.59.30:064][  0]LogTemp: Display: Loaded TP Android_PVRTCTargetPlatform
[2018.03.08-07.59.30:112][  0]LogTemp: Display: Loaded TP AndroidTargetPlatform
[2018.03.08-07.59.30:147][  0]LogTemp: Display: Loaded TP HTML5TargetPlatform
[2018.03.08-07.59.30:231][  0]LogTemp: Display: Loaded TP IOSTargetPlatform
[2018.03.08-07.59.30:257][  0]LogTemp: Display: Loaded TP TVOSTargetPlatform
[2018.03.08-07.59.30:303][  0]LogTemp: Display: Loaded TP LinuxClientTargetPlatform
[2018.03.08-07.59.30:350][  0]LogTemp: Display: Loaded TP LinuxNoEditorTargetPlatform
[2018.03.08-07.59.30:397][  0]LogTemp: Display: Loaded TP LinuxServerTargetPlatform
[2018.03.08-07.59.30:446][  0]LogTemp: Display: Loaded TP LinuxTargetPlatform
[2018.03.08-07.59.30:446][  0]LogTargetPlatformManager: Display: Building Assets For Windows
[2018.03.08-07.59.30:844][  0]LogDerivedDataCache: Display: Max Cache Size: 512 MB
[2018.03.08-07.59.30:929][  0]LogDerivedDataCache: Loaded boot cache 0.08s 79MB C:/Users/Mr_E/AppData/Local/UnrealEngine/4.18/DerivedDataCache/Boot.ddc.
[2018.03.08-07.59.30:929][  0]LogDerivedDataCache: Display: Loaded Boot cache: C:/Users/Mr_E/AppData/Local/UnrealEngine/4.18/DerivedDataCache/Boot.ddc
[2018.03.08-07.59.30:929][  0]LogDerivedDataCache: FDerivedDataBackendGraph:  Pak pak cache file ../../../../../Projects/AdventureP/AdventureUE4Project/Adventure/DerivedDataCache/DDC.ddp not found, will not use a pak cache.
[2018.03.08-07.59.30:929][  0]LogDerivedDataCache: Unable to find inner node Pak for hierarchical cache Hierarchy.
[2018.03.08-07.59.30:929][  0]LogDerivedDataCache: FDerivedDataBackendGraph:  CompressedPak pak cache file ../../../../../Projects/AdventureP/AdventureUE4Project/Adventure/DerivedDataCache/Compressed.ddp not found, will not use a pak cache.
[2018.03.08-07.59.30:929][  0]LogDerivedDataCache: Unable to find inner node CompressedPak for hierarchical cache Hierarchy.
[2018.03.08-07.59.30:947][  0]LogDerivedDataCache: Display: Pak cache opened for reading ../../../Engine/DerivedDataCache/Compressed.ddp.
[2018.03.08-07.59.30:959][  0]LogDerivedDataCache: Using Local data cache path C:/Users/Mr_E/AppData/Local/UnrealEngine/Common/DerivedDataCache: Writable
[2018.03.08-07.59.30:972][  0]LogMaterial: Verifying Global Shaders for PCD3D_SM5
[2018.03.08-07.59.30:972][  0]LogSlate: Using Freetype 2.6.0
[2018.03.08-07.59.30:973][  0]LogSlate: SlateFontCache - WITH_FREETYPE: 1, WITH_HARFBUZZ: 1
[2018.03.08-07.59.30:973][  0]LogSlate: SlateFontCache - WITH_FREETYPE: 1, WITH_HARFBUZZ: 1
[2018.03.08-07.59.31:418][  0]LogInit: Selected Device Profile: [Windows]
[2018.03.08-07.59.31:732][  0]LogSimplygon: Simplygon DLL not present - disabling.
[2018.03.08-07.59.31:766][  0]LogMeshReduction: Using SimplygonSwarm for distributed automatic mesh merging
[2018.03.08-07.59.31:766][  0]LogMeshReduction: Using QuadricMeshReduction for automatic static mesh reduction
[2018.03.08-07.59.31:766][  0]LogMeshReduction: No automatic skeletal mesh reduction module available
[2018.03.08-07.59.31:766][  0]LogMeshReduction: No automatic mesh merging module available
[2018.03.08-07.59.31:766][  0]LogMeshMerging: No automatic mesh merging module available
[2018.03.08-07.59.31:823][  0]LogNetVersion: Adventure , NetCL: 3709383, EngineNetVer: 2, GameNetVer: 0 (Checksum: 1750621016)
[2018.03.08-07.59.31:984][  0]LogAssetRegistry: FAssetRegistry took 0.0268 seconds to start up
[2018.03.08-07.59.32:501][  0]LogPackageLocalizationCache: Processed 7 localized package path(s) for 1 prioritized culture(s) in 0.033138 seconds
[2018.03.08-07.59.32:507][  0]LogUObjectArray: 35870 objects as part of root set at end of initial load.
[2018.03.08-07.59.32:507][  0]LogUObjectAllocator: 7363696 out of 0 bytes used by permanent object pool.
[2018.03.08-07.59.32:507][  0]LogUObjectArray: CloseDisregardForGC: 0/0 objects in disregard for GC pool
[2018.03.08-07.59.32:551][  0]LogInit: WinSock: version 1.1 (2.2), MaxSocks=32767, MaxUdp=65467
[2018.03.08-07.59.35:228][  0]LogTcpMessaging: Initializing TcpMessaging bridge
[2018.03.08-07.59.35:266][  0]LogUdpMessaging: Initializing bridge on interface 0.0.0.0:0 to multicast group 230.0.0.1:6666.
[2018.03.08-07.59.35:881][  0]LogMaterial: Uniform references updated for custom material expression Custom.
[2018.03.08-07.59.36:290][  0]SourceControl: Source control is disabled
[2018.03.08-07.59.36:291][  0]SourceControl: Source control is disabled
[2018.03.08-07.59.36:338][  0]SourceControl: Source control is disabled
[2018.03.08-07.59.36:383][  0]SourceControl: Source control is disabled
[2018.03.08-07.59.37:111][  0]LogAndroidPermission: UAndroidPermissionCallbackProxy::GetInstance
[2018.03.08-07.59.37:347][  0]LogOcInput: OculusInput pre-init called
[2018.03.08-07.59.37:606][  0]LogEngine: Initializing Engine...
[2018.03.08-07.59.37:611][  0]LogHMD: Failed to initialize OpenVR with code 105
[2018.03.08-07.59.37:857][  0]LogStats: UGameplayTagsManager::ConstructGameplayTagTree: Construct from data asset -  0.000 s
[2018.03.08-07.59.37:857][  0]LogStats: UGameplayTagsManager::ConstructGameplayTagTree: GameplayTagTreeChangedEvent.Broadcast -  0.000 s
[2018.03.08-07.59.37:994][  0]LogAIModule: Creating AISystem for world Untitled
[2018.03.08-07.59.38:013][  0]LogInit: XAudio2 using 'Högtalare (Realtek High Definition Audio)' : 2 channels at 48 kHz using 32 bits per sample (channel mask 0x3)
[2018.03.08-07.59.38:027][  0]LogInit: FAudioDevice initialized.
[2018.03.08-07.59.38:134][  0]LogDerivedDataCache: Saved boot cache 0.11s 79MB C:/Users/Mr_E/AppData/Local/UnrealEngine/4.18/DerivedDataCache/Boot.ddc.
[2018.03.08-07.59.38:155][  0]LogInit: Texture streaming: Enabled
[2018.03.08-07.59.38:239][  0]LogEngineSessionManager: EngineSessionManager initialized
[2018.03.08-07.59.38:362][  0]LogInit: Transaction tracking system initialized
[2018.03.08-07.59.38:629][  0]BlueprintLog: New page: Editor Load
[2018.03.08-07.59.39:388][  0]LocalizationService: Localization service is disabled
[2018.03.08-07.59.40:054][  0]LogConsoleResponse: Display: 
[2018.03.08-07.59.40:247][  0]LogCook: Display: Max memory allowance for cook 16384mb min free memory 0mb
[2018.03.08-07.59.40:247][  0]LogCook: Display: Mobile HDR setting 1
[2018.03.08-07.59.40:247][  0]LogGameplayTags: Display: UGameplayTagsManager::DoneAddingNativeTags. DelegateIsBound: 0
[2018.03.08-07.59.40:701][  0]LogFileCache: Scanning file cache for directory 'F:/Projects/AdventureP/AdventureUE4Project/Adventure/Content/' took 0.03s
[2018.03.08-07.59.41:326][  0]SourceControl: Source control is disabled
[2018.03.08-07.59.41:326][  0]Cmd: MAP LOAD FILE="../../../../../Projects/AdventureP/AdventureUE4Project/Adventure/Content/FirstPersonBP/Maps/FirstPersonExampleMap.umap" TEMPLATE=0 SHOWPROGRESS=1 FEATURELEVEL=3
[2018.03.08-07.59.41:375][  0]LightingResults: New page: Lighting Build
[2018.03.08-07.59.41:412][  0]MapCheck: New page: Map Check
[2018.03.08-07.59.41:412][  0]LightingResults: New page: Lighting Build
[2018.03.08-07.59.45:619][  0]LogLinker: Warning: Can't find file '/Game/Meshes/Door'
[2018.03.08-07.59.45:619][  0]LogLinker: Warning: Can't find file for asset '/Game/Meshes/Door' while loading ../../../../../Projects/AdventureP/AdventureUE4Project/Adventure/Content/FirstPersonBP/Maps/FirstPersonExampleMap.umap.
[2018.03.08-07.59.45:637][  0]LoadErrors: Error: /Game/FirstPersonBP/Maps/FirstPersonExampleMap : Can't find file for asset. /Game/Meshes/Door
[2018.03.08-07.59.45:638][  0]LogLinker: Warning: Can't find file '/Game/Meshes/Player_scale'
[2018.03.08-07.59.45:638][  0]LogLinker: Warning: Can't find file for asset '/Game/Meshes/Player_scale' while loading ../../../../../Projects/AdventureP/AdventureUE4Project/Adventure/Content/FirstPersonBP/Maps/FirstPersonExampleMap.umap.
[2018.03.08-07.59.45:638][  0]LoadErrors: Error: /Game/FirstPersonBP/Maps/FirstPersonExampleMap : Can't find file for asset. /Game/Meshes/Player_scale
[2018.03.08-07.59.48:105][  0]LogLinker: Warning: Can't find file '/Game/Meshes/Door'
[2018.03.08-07.59.48:105][  0]LogLinker: Warning: Can't find file for asset '/Game/Meshes/Door' while loading ../../../../../Projects/AdventureP/AdventureUE4Project/Adventure/Content/FirstPersonBP/Maps/FirstPersonExampleMap.umap.
[2018.03.08-07.59.48:105][  0]LoadErrors: Error: /Game/FirstPersonBP/Maps/FirstPersonExampleMap : Can't find file for asset. /Game/Meshes/Door
[2018.03.08-07.59.48:105][  0]LogLinker: Warning: Can't find file '/Game/Meshes/Player_scale'
[2018.03.08-07.59.48:105][  0]LogLinker: Warning: Can't find file for asset '/Game/Meshes/Player_scale' while loading ../../../../../Projects/AdventureP/AdventureUE4Project/Adventure/Content/FirstPersonBP/Maps/FirstPersonExampleMap.umap.
[2018.03.08-07.59.48:105][  0]LoadErrors: Error: /Game/FirstPersonBP/Maps/FirstPersonExampleMap : Can't find file for asset. /Game/Meshes/Player_scale
[2018.03.08-07.59.48:129][  0]LogLinker: Warning: Can't find file '/Game/Meshes/Door'
[2018.03.08-07.59.48:129][  0]LogLinker: Warning: Can't find file for asset '/Game/Meshes/Door' while loading NULL.
[2018.03.08-07.59.48:129][  0]LogLinker: Warning: Can't find file '/Game/Meshes/Player_scale'
[2018.03.08-07.59.48:129][  0]LogLinker: Warning: Can't find file for asset '/Game/Meshes/Player_scale' while loading NULL.
[2018.03.08-07.59.48:129][  0]LogLinker: Warning: Can't find file '/Game/Meshes/Door'
[2018.03.08-07.59.48:129][  0]LogLinker: Warning: Can't find file for asset '/Game/Meshes/Door' while loading NULL.
[2018.03.08-07.59.48:129][  0]LogLinker: Warning: Can't find file '/Game/Meshes/Player_scale'
[2018.03.08-07.59.48:130][  0]LogLinker: Warning: Can't find file for asset '/Game/Meshes/Player_scale' while loading NULL.
[2018.03.08-07.59.49:170][  0]LogLinker: Warning: Can't find file '/Game/Meshes/Player_scale'
[2018.03.08-07.59.49:170][  0]LoadErrors: Failed to load /Game/Meshes/Player_scale.Player_scale Referenced by StaticMeshComponent0
[2018.03.08-07.59.49:170][  0]LogLinker: Warning: Can't find file for asset '/Game/Meshes/Player_scale' while loading NULL.
[2018.03.08-07.59.49:170][  0]LoadErrors: Failed to load /Game/Meshes/Player_scale.Player_scale Referenced by StaticMeshComponent0
[2018.03.08-07.59.49:171][  0]LogLinker: Warning: Can't find file '/Game/Meshes/Door'
[2018.03.08-07.59.49:171][  0]LoadErrors: Failed to load /Game/Meshes/Door.Door Referenced by StaticMeshComponent0
[2018.03.08-07.59.49:171][  0]LogLinker: Warning: Can't find file for asset '/Game/Meshes/Door' while loading NULL.
[2018.03.08-07.59.49:171][  0]LoadErrors: Failed to load /Game/Meshes/Door.Door Referenced by StaticMeshComponent0
[2018.03.08-07.59.50:663][  0]LogAIModule: Creating AISystem for world FirstPersonExampleMap
[2018.03.08-07.59.51:734][  0]LogEditorServer: Finished looking for orphan Actors (0.000 secs)
[2018.03.08-07.59.51:759][  0]Cmd: MAP CHECKDEP NOCLEARLOG
[2018.03.08-07.59.51:823][  0]MapCheck: Map check complete: 0 Error(s), 0 Warning(s), took 64.119ms to complete.
[2018.03.08-07.59.51:823][  0]LogFileHelpers: Loading map 'FirstPersonExampleMap' took 10.498
[2018.03.08-07.59.51:912][  0]LogWindowsTextInputMethodSystem: Display: IME system now deactivated.
[2018.03.08-07.59.52:461][  0]LogCollectionManager: Loaded 0 collections in 0.001132 seconds
[2018.03.08-07.59.52:611][  0]LogFileCache: Scanning file cache for directory 'F:/Projects/AdventureP/AdventureUE4Project/Adventure/Saved/Collections/' took 0.01s
[2018.03.08-07.59.52:611][  0]LogFileCache: Scanning file cache for directory 'F:/Projects/AdventureP/AdventureUE4Project/Adventure/Content/Developers/MrE/Collections/' took 0.01s
[2018.03.08-07.59.52:611][  0]LogFileCache: Scanning file cache for directory 'F:/Projects/AdventureP/AdventureUE4Project/Adventure/Content/Collections/' took 0.01s
[2018.03.08-07.59.52:611][  0]LogCollectionManager: Rebuilt the GUID cache for 0 collections in 0.000001 seconds
[2018.03.08-07.59.52:648][  0]LogContentBrowser: Native class hierarchy populated in 0.0261 seconds. Added 2363 classes and 519 folders.
[2018.03.08-07.59.52:774][  0]LogContentBrowser: Native class hierarchy updated for 'WidgetCarousel' in 0.0003 seconds. Added 0 classes and 0 folders.
[2018.03.08-07.59.53:937][  0]LogContentBrowser: Native class hierarchy updated for 'AddContentDialog' in 0.0003 seconds. Added 0 classes and 0 folders.
[2018.03.08-07.59.54:015][  0]LogContentBrowser: Native class hierarchy updated for 'SceneOutliner' in 0.0003 seconds. Added 1 classes and 2 folders.
[2018.03.08-07.59.54:837][  0]LogSlate: Took 0.000211 seconds to synchronously load lazily loaded font '../../../Engine/Content/Slate/Fonts/Roboto-Regular.ttf' (155K)
[2018.03.08-07.59.54:840][  0]LogSlate: Took 0.000181 seconds to synchronously load lazily loaded font '../../../Engine/Content/Slate/Fonts/Roboto-Bold.ttf' (160K)
[2018.03.08-07.59.54:876][  0]LogSlate: Took 0.011607 seconds to synchronously load lazily loaded font '../../../Engine/Content/Editor/Slate/Fonts/FontAwesome.ttf' (139K)
[2018.03.08-07.59.55:321][  0]LogRenderer: Reallocating scene render targets to support 1180x616 Format 10 NumSamples 1 (Frame:1).
[2018.03.08-07.59.55:749][  0]LogContentBrowser: Native class hierarchy updated for 'HierarchicalLODOutliner' in 0.0003 seconds. Added 1 classes and 2 folders.
[2018.03.08-07.59.55:749][  0]LogLoad: (Engine Initialization) Total time: 32.12 seconds
[2018.03.08-07.59.55:750][  0]LogLoad: (Engine Initialization) Total Blueprint compile time: 0.00 seconds
[2018.03.08-07.59.55:750][  0]LogExternalProfiler: Found external profiler: VSPerf
[2018.03.08-07.59.55:750][  0]LogExternalProfiler: Using external profiler: VSPerf
[2018.03.08-07.59.55:890][  0]LogContentStreaming: Texture pool size now 1000 MB
[2018.03.08-07.59.56:098][  0]LogSlate: Took 0.030192 seconds to synchronously load lazily loaded font '../../../Engine/Content/Slate/Fonts/Roboto-Light.ttf' (159K)
[2018.03.08-07.59.56:199][  2]LogAssetRegistry: Asset discovery search completed in 24.2364 seconds
[2018.03.08-07.59.56:202][  2]LogCollectionManager: Rebuilt the object cache for 0 collections in 0.000001 seconds (found 0 objects)
[2018.03.08-07.59.56:202][  2]LogCollectionManager: Fixed up redirectors for 0 collections in 0.000075 seconds (updated 0 objects)
[2018.03.08-07.59.56:855][ 39]LogSlate: Took 0.000184 seconds to synchronously load lazily loaded font '../../../Engine/Content/Slate/Fonts/Roboto-Light.ttf' (159K)
[2018.03.08-08.00.07:625][255]LogSlate: Took 0.000183 seconds to synchronously load lazily loaded font '../../../Engine/Content/Slate/Fonts/Roboto-Light.ttf' (159K)
[2018.03.08-08.00.07:714][255]LogContentBrowser: Native class hierarchy updated for 'MaterialEditor' in 0.0003 seconds. Added 1 classes and 0 folders.
[2018.03.08-08.00.07:745][255]LogMaterial: Missing cached shader map for material Mat_Mist, compiling. 
[2018.03.08-08.00.09:880][255]LogMaterial: Missing cached shader map for material FMatExpressionPreview MaterialExpressionDepthFade_0, compiling. 
[2018.03.08-08.00.09:882][255]LogMaterial: Missing cached shader map for material FMatExpressionPreview MaterialExpressionTextureSampleParameter2D_0, compiling. 
[2018.03.08-08.00.09:887][255]LogMaterial: Missing cached shader map for material FMatExpressionPreview MaterialExpressionPanner_0, compiling. 
[2018.03.08-08.00.09:893][255]LogMaterial: Missing cached shader map for material FMatExpressionPreview MaterialExpressionConstant3Vector_0, compiling. 
[2018.03.08-08.00.09:901][255]LogMaterial: Missing cached shader map for material Mat_Mist, compiling. 
[2018.03.08-08.00.09:951][255]LogMaterial: Missing cached shader map for material Mat_Mist, compiling. 
[2018.03.08-08.00.10:013][255]LogMaterial: Missing cached shader map for material FMatExpressionPreview MaterialExpressionDepthFade_0, compiling. 
[2018.03.08-08.00.10:014][255]LogMaterial: Missing cached shader map for material FMatExpressionPreview MaterialExpressionTextureSampleParameter2D_0, compiling. 
[2018.03.08-08.00.10:020][255]LogMaterial: Missing cached shader map for material FMatExpressionPreview MaterialExpressionPanner_0, compiling. 
[2018.03.08-08.00.10:025][255]LogMaterial: Missing cached shader map for material FMatExpressionPreview MaterialExpressionConstant3Vector_0, compiling. 
[2018.03.08-08.00.10:648][255]LogMaterial: Missing cached shader map for material Grass_Terrain_Mat, compiling. 
[2018.03.08-08.00.10:796][255]LogMaterial: Missing cached shader map for material FMatExpressionPreview MaterialExpressionTextureSample_3, compiling. 
[2018.03.08-08.00.10:801][255]LogMaterial: Missing cached shader map for material FMatExpressionPreview MaterialExpressionTextureSample_7, compiling. 
[2018.03.08-08.00.10:806][255]LogMaterial: Missing cached shader map for material FMatExpressionPreview MaterialExpressionTextureSampleParameter2D_0, compiling. 
[2018.03.08-08.00.10:812][255]LogMaterial: Missing cached shader map for material FMatExpressionPreview MaterialExpressionTextureSampleParameter2D_1, compiling. 
[2018.03.08-08.00.10:817][255]LogMaterial: Missing cached shader map for material FMatExpressionPreview MaterialExpressionTextureSampleParameter2D_2, compiling. 
[2018.03.08-08.00.10:822][255]LogMaterial: Missing cached shader map for material FMatExpressionPreview MaterialExpressionTextureSampleParameter2D_3, compiling. 
[2018.03.08-08.00.10:828][255]LogMaterial: Missing cached shader map for material FMatExpressionPreview MaterialExpressionTextureSampleParameter2D_4, compiling. 
[2018.03.08-08.00.10:834][255]LogMaterial: Missing cached shader map for material FMatExpressionPreview MaterialExpressionTextureSampleParameter2D_5, compiling. 
[2018.03.08-08.00.10:839][255]LogMaterial: Missing cached shader map for material FMatExpressionPreview MaterialExpressionTextureSampleParameter2D_6, compiling. 
[2018.03.08-08.00.10:845][255]LogMaterial: Missing cached shader map for material FMatExpressionPreview MaterialExpressionTextureSampleParameter2D_7, compiling. 
[2018.03.08-08.00.10:850][255]LogMaterial: Missing cached shader map for material FMatExpressionPreview MaterialExpressionLandscapeLayerCoords_0, compiling. 
[2018.03.08-08.00.10:855][255]LogMaterial: Missing cached shader map for material FMatExpressionPreview MaterialExpressionLandscapeLayerCoords_1, compiling. 
[2018.03.08-08.00.10:862][255]LogMaterial: Missing cached shader map for material Grass_Terrain_Mat, compiling. 
[2018.03.08-08.00.10:887][255]LogMaterial: Missing cached shader map for material Grass_Terrain_Mat, compiling. 
[2018.03.08-08.00.10:939][255]LogMaterial: Missing cached shader map for material FMatExpressionPreview MaterialExpressionTextureSample_3, compiling. 
[2018.03.08-08.00.10:945][255]LogMaterial: Missing cached shader map for material FMatExpressionPreview MaterialExpressionTextureSample_7, compiling. 
[2018.03.08-08.00.10:950][255]LogMaterial: Missing cached shader map for material FMatExpressionPreview MaterialExpressionTextureSampleParameter2D_0, compiling. 
[2018.03.08-08.00.10:957][255]LogMaterial: Missing cached shader map for material FMatExpressionPreview MaterialExpressionTextureSampleParameter2D_1, compiling. 
[2018.03.08-08.00.10:964][255]LogMaterial: Missing cached shader map for material FMatExpressionPreview MaterialExpressionTextureSampleParameter2D_2, compiling. 
[2018.03.08-08.00.10:969][255]LogMaterial: Missing cached shader map for material FMatExpressionPreview MaterialExpressionTextureSampleParameter2D_3, compiling. 
[2018.03.08-08.00.10:976][255]LogMaterial: Missing cached shader map for material FMatExpressionPreview MaterialExpressionTextureSampleParameter2D_4, compiling. 
[2018.03.08-08.00.10:981][255]LogMaterial: Missing cached shader map for material FMatExpressionPreview MaterialExpressionTextureSampleParameter2D_5, compiling. 
[2018.03.08-08.00.10:987][255]LogMaterial: Missing cached shader map for material FMatExpressionPreview MaterialExpressionTextureSampleParameter2D_6, compiling. 
[2018.03.08-08.00.10:993][255]LogMaterial: Missing cached shader map for material FMatExpressionPreview MaterialExpressionTextureSampleParameter2D_7, compiling. 
[2018.03.08-08.00.10:999][255]LogMaterial: Missing cached shader map for material FMatExpressionPreview MaterialExpressionLandscapeLayerCoords_0, compiling. 
[2018.03.08-08.00.11:005][255]LogMaterial: Missing cached shader map for material FMatExpressionPreview MaterialExpressionLandscapeLayerCoords_1, compiling. 
[2018.03.08-08.00.11:417][255]LogLinker: Warning: Can't resolve asset name
[2018.03.08-08.00.11:524][255]LogMaterial: Missing cached shader map for material Mat_Mist2, compiling. 
[2018.03.08-08.00.11:669][255]LogMaterial: Missing cached shader map for material FMatExpressionPreview MaterialExpressionDepthFade_0, compiling. 
[2018.03.08-08.00.11:671][255]LogMaterial: Missing cached shader map for material FMatExpressionPreview MaterialExpressionTextureSampleParameter2D_0, compiling. 
[2018.03.08-08.00.11:677][255]LogMaterial: Missing cached shader map for material FMatExpressionPreview MaterialExpressionPanner_0, compiling. 
[2018.03.08-08.00.11:683][255]LogMaterial: Missing cached shader map for material FMatExpressionPreview MaterialExpressionConstant3Vector_0, compiling. 
[2018.03.08-08.00.11:691][255]LogMaterial: Missing cached shader map for material Mat_Mist2, compiling. 
[2018.03.08-08.00.11:723][255]LogMaterial: Missing cached shader map for material Mat_Mist2, compiling. 
[2018.03.08-08.00.11:780][255]LogMaterial: Missing cached shader map for material FMatExpressionPreview MaterialExpressionDepthFade_0, compiling. 
[2018.03.08-08.00.11:782][255]LogMaterial: Missing cached shader map for material FMatExpressionPreview MaterialExpressionTextureSampleParameter2D_0, compiling. 
[2018.03.08-08.00.11:787][255]LogMaterial: Missing cached shader map for material FMatExpressionPreview MaterialExpressionPanner_0, compiling. 
[2018.03.08-08.00.11:793][255]LogMaterial: Missing cached shader map for material FMatExpressionPreview MaterialExpressionConstant3Vector_0, compiling. 
[2018.03.08-08.00.11:877][255]LogMaterial: Missing cached shader map for material Mat_Mist3, compiling. 
[2018.03.08-08.00.12:017][255]LogMaterial: Missing cached shader map for material FMatExpressionPreview MaterialExpressionDepthFade_0, compiling. 
[2018.03.08-08.00.12:020][255]LogMaterial: Missing cached shader map for material FMatExpressionPreview MaterialExpressionTextureSampleParameter2D_0, compiling. 
[2018.03.08-08.00.12:026][255]LogMaterial: Missing cached shader map for material FMatExpressionPreview MaterialExpressionPanner_0, compiling. 
[2018.03.08-08.00.12:032][255]LogMaterial: Missing cached shader map for material FMatExpressionPreview MaterialExpressionConstant3Vector_0, compiling. 
[2018.03.08-08.00.12:041][255]LogMaterial: Missing cached shader map for material Mat_Mist3, compiling. 
[2018.03.08-08.00.12:072][255]LogMaterial: Missing cached shader map for material Mat_Mist3, compiling. 
[2018.03.08-08.00.12:129][255]LogMaterial: Missing cached shader map for material FMatExpressionPreview MaterialExpressionDepthFade_0, compiling. 
[2018.03.08-08.00.12:131][255]LogMaterial: Missing cached shader map for material FMatExpressionPreview MaterialExpressionTextureSampleParameter2D_0, compiling. 
[2018.03.08-08.00.12:136][255]LogMaterial: Missing cached shader map for material FMatExpressionPreview MaterialExpressionPanner_0, compiling. 
[2018.03.08-08.00.12:141][255]LogMaterial: Missing cached shader map for material FMatExpressionPreview MaterialExpressionConstant3Vector_0, compiling. 
[2018.03.08-08.00.12:182][255]LogMaterial: Missing cached shader map for material Clouds, compiling. 
[2018.03.08-08.00.12:317][255]LogMaterial: Missing cached shader map for material FMatExpressionPreview MaterialExpressionDepthFade_0, compiling. 
[2018.03.08-08.00.12:319][255]LogMaterial: Missing cached shader map for material FMatExpressionPreview MaterialExpressionTextureSampleParameter2D_0, compiling. 
[2018.03.08-08.00.12:326][255]LogMaterial: Missing cached shader map for material FMatExpressionPreview MaterialExpressionPanner_0, compiling. 
[2018.03.08-08.00.12:332][255]LogMaterial: Missing cached shader map for material FMatExpressionPreview MaterialExpressionConstant3Vector_0, compiling. 
[2018.03.08-08.00.12:339][255]LogMaterial: Missing cached shader map for material Clouds, compiling. 
[2018.03.08-08.00.12:372][255]LogMaterial: Missing cached shader map for material Clouds, compiling. 
[2018.03.08-08.00.12:428][255]LogMaterial: Missing cached shader map for material FMatExpressionPreview MaterialExpressionDepthFade_0, compiling. 
[2018.03.08-08.00.12:430][255]LogMaterial: Missing cached shader map for material FMatExpressionPreview MaterialExpressionTextureSampleParameter2D_0, compiling. 
[2018.03.08-08.00.12:436][255]LogMaterial: Missing cached shader map for material FMatExpressionPreview MaterialExpressionPanner_0, compiling. 
[2018.03.08-08.00.12:441][255]LogMaterial: Missing cached shader map for material FMatExpressionPreview MaterialExpressionConstant3Vector_0, compiling. 
[2018.03.08-08.00.12:567][255]LogMaterial: Missing cached shader map for material Edited_Water_Lake_mat, compiling. 
[2018.03.08-08.00.12:705][255]LogMaterial: Missing cached shader map for material FMatExpressionPreview MaterialExpressionTextureSample_13, compiling. 
[2018.03.08-08.00.12:711][255]LogMaterial: Missing cached shader map for material FMatExpressionPreview MaterialExpressionTextureSample_14, compiling. 
[2018.03.08-08.00.12:717][255]LogMaterial: Missing cached shader map for material FMatExpressionPreview MaterialExpressionVectorParameter_0, compiling. 
[2018.03.08-08.00.12:723][255]LogMaterial: Missing cached shader map for material FMatExpressionPreview MaterialExpressionTextureSample_9, compiling. 
[2018.03.08-08.00.12:729][255]LogMaterial: Missing cached shader map for material FMatExpressionPreview MaterialExpressionTextureSample_10, compiling. 
[2018.03.08-08.00.12:734][255]LogMaterial: Missing cached shader map for material FMatExpressionPreview MaterialExpressionTextureSample_15, compiling. 
[2018.03.08-08.00.12:740][255]LogMaterial: Missing cached shader map for material FMatExpressionPreview MaterialExpressionTextureSample_16, compiling. 
[2018.03.08-08.00.12:746][255]LogMaterial: Missing cached shader map for material FMatExpressionPreview MaterialExpressionTextureSample_19, compiling. 
[2018.03.08-08.00.12:751][255]LogMaterial: Missing cached shader map for material FMatExpressionPreview MaterialExpressionConstant3Vector_2, compiling. 
[2018.03.08-08.00.12:757][255]LogMaterial: Missing cached shader map for material FMatExpressionPreview MaterialExpressionConstant3Vector_3, compiling. 
[2018.03.08-08.00.12:765][255]LogMaterial: Missing cached shader map for material Edited_Water_Lake_mat, compiling. 
[2018.03.08-08.00.12:789][255]LogMaterial: Missing cached shader map for material Edited_Water_Lake_mat, compiling. 
[2018.03.08-08.00.12:835][255]LogMaterial: Missing cached shader map for material FMatExpressionPreview MaterialExpressionTextureSample_13, compiling. 
[2018.03.08-08.00.12:842][255]LogMaterial: Missing cached shader map for material FMatExpressionPreview MaterialExpressionTextureSample_14, compiling. 
[2018.03.08-08.00.12:848][255]LogMaterial: Missing cached shader map for material FMatExpressionPreview MaterialExpressionVectorParameter_0, compiling. 
[2018.03.08-08.00.12:853][255]LogMaterial: Missing cached shader map for material FMatExpressionPreview MaterialExpressionTextureSample_9, compiling. 
[2018.03.08-08.00.12:859][255]LogMaterial: Missing cached shader map for material FMatExpressionPreview MaterialExpressionTextureSample_10, compiling. 
[2018.03.08-08.00.12:865][255]LogMaterial: Missing cached shader map for material FMatExpressionPreview MaterialExpressionTextureSample_15, compiling. 
[2018.03.08-08.00.12:871][255]LogMaterial: Missing cached shader map for material FMatExpressionPreview MaterialExpressionTextureSample_16, compiling. 
[2018.03.08-08.00.12:877][255]LogMaterial: Missing cached shader map for material FMatExpressionPreview MaterialExpressionTextureSample_19, compiling. 
[2018.03.08-08.00.12:884][255]LogMaterial: Missing cached shader map for material FMatExpressionPreview MaterialExpressionConstant3Vector_2, compiling. 
[2018.03.08-08.00.12:889][255]LogMaterial: Missing cached shader map for material FMatExpressionPreview MaterialExpressionConstant3Vector_3, compiling. 
[2018.03.08-08.00.13:049][255]LogSlate: Took 0.031032 seconds to synchronously load lazily loaded font '../../../Engine/Content/Editor/Slate/Fonts/Roboto-BoldCondensed.ttf' (158K)
[2018.03.08-08.00.13:791][255]LogStaticMesh: Allocated 507x207x64 distance field atlas = 12.8Mb, with 63 objects containing 5.4Mb backing data
[2018.03.08-08.00.14:120][258]LogSlate: Took 0.011327 seconds to synchronously load lazily loaded font '../../../Engine/Content/Editor/Slate/Fonts/Roboto-Italic.ttf' (157K)
[2018.03.08-08.00.14:977][317]MaterialEditorStats: Base pass shader: 72 instructions
[2018.03.08-08.00.14:977][317]MaterialEditorStats: Base pass shader with Surface Lightmap: 104 instructions
[2018.03.08-08.00.14:977][317]MaterialEditorStats: Base pass shader with Volumetric Lightmap: 93 instructions
[2018.03.08-08.00.14:977][317]MaterialEditorStats: Vertex shader: 124 instructions
[2018.03.08-08.00.14:977][317]MaterialEditorStats: Texture samplers: 4/16
[2018.03.08-08.00.14:977][317]MaterialEditorStats: User interpolators: 2/4 Scalars (1/4 Vectors) (TexCoords: 2, Custom: 0)
[2018.03.08-08.00.20:015][631]MaterialEditorStats: Base pass shader: 130 instructions
[2018.03.08-08.00.20:015][631]MaterialEditorStats: Base pass shader with Surface Lightmap: 161 instructions
[2018.03.08-08.00.20:015][631]MaterialEditorStats: Base pass shader with Volumetric Lightmap: 217 instructions
[2018.03.08-08.00.20:015][631]MaterialEditorStats: Vertex shader: 31 instructions
[2018.03.08-08.00.20:015][631]MaterialEditorStats: Texture samplers: 9/16
[2018.03.08-08.00.20:015][631]MaterialEditorStats: User interpolators: 2/4 Scalars (1/4 Vectors) (TexCoords: 2, Custom: 0)
[2018.03.08-08.00.43:216][477]MaterialEditorStats: Base pass shader: 158 instructions
[2018.03.08-08.00.43:217][477]MaterialEditorStats: Base pass shader with Surface Lightmap: 175 instructions
[2018.03.08-08.00.43:217][477]MaterialEditorStats: Base pass shader with Volumetric Lightmap: 232 instructions
[2018.03.08-08.00.43:217][477]MaterialEditorStats: Vertex shader: 31 instructions
[2018.03.08-08.00.43:217][477]MaterialEditorStats: Texture samplers: 4/16
[2018.03.08-08.00.43:217][477]MaterialEditorStats: User interpolators: 2/4 Scalars (1/4 Vectors) (TexCoords: 2, Custom: 0)
[2018.03.08-08.00.59:989][205]Cmd: MAP LOAD FILE="../../../Engine/Content/Maps/Templates/Template_Default.umap" TEMPLATE=1 SHOWPROGRESS=1 FEATURELEVEL=3
[2018.03.08-08.01.00:012][205]LightingResults: New page: Lighting Build
[2018.03.08-08.01.00:014][205]LoadErrors: New page: Loading map: Template_Default.umap
[2018.03.08-08.01.00:034][205]MapCheck: New page: Map Check
[2018.03.08-08.01.00:034][205]LightingResults: New page: Lighting Build
[2018.03.08-08.01.00:144][205]LogAIModule: Creating AISystem for world Untitled_1
[2018.03.08-08.01.00:331][205]LogEditorServer: Finished looking for orphan Actors (0.000 secs)
[2018.03.08-08.01.00:348][205]Cmd: MAP CHECKDEP NOCLEARLOG
[2018.03.08-08.01.00:416][205]MapCheck: Map check complete: 0 Error(s), 0 Warning(s), took 68.607ms to complete.
[2018.03.08-08.01.00:416][205]LogFileHelpers: Loading map 'Template_Default' took 0.429
[2018.03.08-08.01.04:646][671]LogMeshUtilities: Finished distance field build in 4.5s - 64x64x25 distance field, 96 triangles, Range [-0.0, 0.5], SM_Template_Map_Floor
[2018.03.08-08.01.32:980][ 64]LogEditorViewport: Clicking on Actor (LMB): StaticMeshActor (Floor)
[2018.03.08-08.01.35:253][245]Cmd: DELETE
[2018.03.08-08.01.35:253][245]Cmd: ACTOR DELETE
[2018.03.08-08.01.35:522][245]LogEditorActor: Deleted Actor: StaticMeshActor
[2018.03.08-08.01.35:570][245]LogEditorActor: Deleted 1 Actors (0.119 secs)
[2018.03.08-08.07.14:808][684]LogTexture: Display: Building textures: Texture2D_2 (G8, 128X128)
[2018.03.08-08.07.24:292][689]LogMaterial: Missing cached shader map for material Grass_Terrain_Mat, compiling. 
[2018.03.08-08.07.24:305][689]LogMaterial: Missing cached shader map for material Grass_Terrain_Mat, compiling. 
[2018.03.08-08.07.24:339][689]LogMaterial: Missing cached shader map for material Grass_Terrain_Mat, compiling. 
[2018.03.08-08.09.14:511][ 67]LogTexture: Display: Building textures: Texture2D_0 (BGRA8, 256X256)
[2018.03.08-08.09.14:523][ 67]LogMaterial: Missing cached shader map for material Grass_Terrain_Mat, compiling. 
[2018.03.08-08.09.37:232][526]MapCheck: New page: Map Check
[2018.03.08-08.09.37:269][526]Cmd: MAP REBUILD ALLVISIBLE
[2018.03.08-08.09.37:270][526]LogEditorServer: Rebuildmap Clear paths rebuilt
[2018.03.08-08.09.37:467][526]LogMaterial: Missing cached shader map for material FDebugViewModeMaterialProxy WorldGridMaterial, compiling. Is special engine material.
[2018.03.08-08.09.37:484][526]LogMaterial: Missing cached shader map for material FDebugViewModeMaterialProxy MaterialInstanceDynamic_1, compiling. 
[2018.03.08-08.09.37:491][526]LogMaterial: Missing cached shader map for material FDebugViewModeMaterialProxy LandscapeGizmo_Mat, compiling. 
[2018.03.08-08.09.37:741][526]TextureStreamingBuild: Display: Compiling optional shaders took 0.290 seconds.
[2018.03.08-08.09.37:772][526]LogLevel: Display: Export Material TexCoord Scales took 0.031 seconds.
[2018.03.08-08.09.37:788][526]TextureStreamingBuild: Display: Build Texture Streaming took 0.016 seconds.
[2018.03.08-08.09.37:867][526]LightingResults: New page: Lighting Build - Mar 8, 2018, 10:09:37 AM
[2018.03.08-08.09.38:058][526]LogSwarmInterface: [OpenConnection] Registering TCP channel ...
[2018.03.08-08.09.38:260][526]LogSwarmInterface: [OpenConnection] Connecting to agent ...
[2018.03.08-08.09.38:285][526]LogSwarmInterface: [TryOpenConnection] Testing the Agent
[2018.03.08-08.09.39:338][526]LogSwarmInterface: [TryOpenConnection] Opening Connection to Agent
[2018.03.08-08.09.39:338][526]LogSwarmInterface: [TryOpenConnection] Local Process ID is 1544
[2018.03.08-08.09.42:433][526]LightingResults: Warning: No importance volume found and the scene is so large that the automatically synthesized volume will not yield good results.  Please add a tightly bounding lightmass importance volume to optimize your scene's quality and lighting build times.
[2018.03.08-08.09.42:434][526]LogStaticLightingSystem: Running Lightmass w/ ImmediateImport mode ENABLED
[2018.03.08-08.09.42:434][526]LogStaticLightingSystem: Running Lightmass w/ ImmediateProcess mode ENABLED
[2018.03.08-08.09.42:434][526]LogStaticLightingSystem: Running Lightmass w/ Sorting mode ENABLED
[2018.03.08-08.09.42:434][526]LogStaticLightingSystem: Running Lightmass w/ Mapping paddings ENABLED
[2018.03.08-08.09.42:434][526]LogStaticLightingSystem: Running Lightmass w/ Mapping debug paddings DISABLED
[2018.03.08-08.09.42:611][526]Cmd: MAP CHECK DONTDISPLAYDIALOG
[2018.03.08-08.09.42:611][526]MapCheck: New page: Untitled_1 - Mar 8, 2018, 10:09:42 AM
[2018.03.08-08.09.42:630][526]MapCheck: Error: WorldSettings_1 Maps need lighting rebuilt 
[2018.03.08-08.09.42:703][526]MapCheck: Map check complete: 1 Error(s), 0 Warning(s), took 91.636ms to complete.
[2018.03.08-08.09.42:725][526]LogEditorBuildUtils: Build time 0:05
[2018.03.08-08.09.42:879][527]LogMaterial: Missing cached shader map for material FLightmassMaterialRenderer LandscapeMaterialInstanceConstant_1, compiling. 
[2018.03.08-08.09.42:888][527]LogMaterial: Missing cached shader map for material FLightmassMaterialRenderer LandscapeMaterialInstanceConstant_1, compiling. 
[2018.03.08-08.10.01:179][114]Job is a success!
[2018.03.08-08.10.01:389][115]LogVolumetricLightmapImport: Imported Volumetric Lightmap in 0.151s
[2018.03.08-08.10.01:389][115]LogVolumetricLightmapImport:      Indirection Texture 32x32x32 = 0.1Mb
[2018.03.08-08.10.01:389][115]LogVolumetricLightmapImport:      BrickData 1280x15x5 = 2.7Mb
[2018.03.08-08.10.01:389][115]LogVolumetricLightmapImport:      Bricks at Level
[2018.03.08-08.10.01:389][115]LogVolumetricLightmapImport:          0: 1.1% covering 100.0% of volume
[2018.03.08-08.10.01:389][115]LogVolumetricLightmapImport:          1: 6.7% covering 9.6% of volume
[2018.03.08-08.10.01:389][115]LogVolumetricLightmapImport:          2: 92.2% covering 2.1% of volume
[2018.03.08-08.10.01:803][115]LogTexture: Display: Building textures: LQ_Lightmap_1_1 (DXT1, 256X256)
[2018.03.08-08.10.01:803][115]LogTexture: Display: Building textures: HQ_Lightmap1_1 (AutoDXT, 256X256)
[2018.03.08-08.10.01:803][115]LogTexture: Display: Building textures: HQ_Lightmap1_2 (AutoDXT, 256X256)
[2018.03.08-08.10.01:803][115]LogTexture: Display: Building textures: LQ_Lightmap_1_2 (DXT1, 256X256)
[2018.03.08-08.10.01:803][115]LogTexture: Display: Building textures: HQ_Lightmap0_3 (AutoDXT, 256X256)
[2018.03.08-08.10.01:803][115]LogTexture: Display: Building textures: LQ_Lightmap_0_3 (DXT1, 256X256)
[2018.03.08-08.10.01:803][115]LogTexture: Display: Building textures: HQ_Lightmap0_4 (AutoDXT, 256X256)
[2018.03.08-08.10.01:803][115]LogTexture: Display: Building textures: LQ_Lightmap_0_4 (DXT1, 256X256)
[2018.03.08-08.10.01:803][115]LogTexture: Display: Building textures: HQ_Lightmap0_5 (AutoDXT, 256X256)
[2018.03.08-08.10.01:803][115]LogTexture: Display: Building textures: LQ_Lightmap_0_5 (DXT1, 256X256)
[2018.03.08-08.10.01:803][115]LogTexture: Display: Building textures: HQ_Lightmap0_6 (AutoDXT, 128X128)
[2018.03.08-08.10.01:803][115]LogTexture: Display: Building textures: LQ_Lightmap_0_6 (DXT1, 128X128)
[2018.03.08-08.10.01:803][115]LogTexture: Display: Building textures: HQ_Lightmap0_7 (AutoDXT, 64X64)
[2018.03.08-08.10.01:804][115]LogTexture: Display: Building textures: LQ_Lightmap_0_7 (DXT1, 64X64)
[2018.03.08-08.10.01:824][115]LogTexture: Display: Building textures: ShadowMapTexture2D_2 (G8, 256X64)
[2018.03.08-08.10.01:824][115]LogTexture: Display: Building textures: ShadowMapTexture2D_4 (G8, 256X64)
[2018.03.08-08.10.01:824][115]LogTexture: Display: Building textures: ShadowMapTexture2D_3 (G8, 256X64)
[2018.03.08-08.10.01:824][115]LogTexture: Display: Building textures: ShadowMapTexture2D_5 (G8, 256X64)
[2018.03.08-08.10.01:824][115]LogTexture: Display: Building textures: ShadowMapTexture2D_7 (G8, 64X64)
[2018.03.08-08.10.01:825][115]LogTexture: Display: Building textures: ShadowMapTexture2D_8 (G8, 32X32)
[2018.03.08-08.10.01:825][115]LogTexture: Display: Building textures: ShadowMapTexture2D_6 (G8, 256X64)
[2018.03.08-08.10.01:889][115]Lightmass on MR_E-DATOR: 17.1 sec total, 256 ms importing, 134 ms setup, 2.73 sec photons, 13.9 sec processing, 0 ms extra exporting [17/17 mappings]. Threads: 55.6 sec total, 9.91 sec processing.
[2018.03.08-08.10.01:926][115]LogStaticLightingSystem: Illumination: 24.0 sec (367 ms encoding lightmaps, 14 ms encoding shadowmaps)
[2018.03.08-08.10.01:926][115]LogStaticLightingSystem: Lightmap texture memory:  0.7 MB (0.7 MB streaming, 0.0 MB non-streaming), 14 textures
[2018.03.08-08.10.01:926][115]LogStaticLightingSystem: Shadowmap texture memory: 0.1 MB (0.1 MB streaming, 0.0 MB non-streaming), 7 textures
[2018.03.08-08.10.02:423][115]DumpUnbuiltLightIteractions
[2018.03.08-08.10.02:423][115]Lights with unbuilt interactions: 0
[2018.03.08-08.10.02:423][115]
[2018.03.08-08.10.02:423][115]Primitives with unbuilt interactions: 0
[2018.03.08-08.10.02:434][116]Cmd: MAP CHECK NOTIFYRESULTS
[2018.03.08-08.10.02:434][116]MapCheck: New page: Untitled_1 - Mar 8, 2018, 10:10:02 AM
[2018.03.08-08.10.02:508][116]MapCheck: Map check complete: 0 Error(s), 0 Warning(s), took 73.967ms to complete.
[2018.03.08-08.10.49:505][279]LogSavePackage: Save=205.82ms
[2018.03.08-08.10.49:505][279]LogSavePackage: Moving '../../../../../Projects/AdventureP/AdventureUE4Project/Adventure/Saved/roadSideSceneE4E53C6945F08E543CFE1BACDFCFCC34.tmp' to '../../../../../Projects/AdventureP/AdventureUE4Project/Adventure/Content/Scenes/roadSideScene.umap'
[2018.03.08-08.10.49:509][279]LogSavePackage: Display: Finished SavePackage ../../../../../Projects/AdventureP/AdventureUE4Project/Adventure/Content/Scenes/roadSideScene.umap
[2018.03.08-08.10.49:554][279]Cmd: OBJ SAVEPACKAGE PACKAGE="/Game/Scenes/roadSideScene_BuiltData" FILE="../../../../../Projects/AdventureP/AdventureUE4Project/Adventure/Content/Scenes/roadSideScene_BuiltData.uasset" SILENT=true
[2018.03.08-08.10.49:612][279]LogSavePackage: Save=48.82ms
[2018.03.08-08.10.49:612][279]LogSavePackage: Moving '../../../../../Projects/AdventureP/AdventureUE4Project/Adventure/Saved/roadSideScene_BuiltData5590BFCF4B1FF807FC4B268ADD06A9BE.tmp' to '../../../../../Projects/AdventureP/AdventureUE4Project/Adventure/Content/Scenes/roadSideScene_BuiltData.uasset'
[2018.03.08-08.10.49:613][279]LogSavePackage: Display: Finished SavePackage ../../../../../Projects/AdventureP/AdventureUE4Project/Adventure/Content/Scenes/roadSideScene_BuiltData.uasset
[2018.03.08-08.10.49:617][279]LogFileHelpers: Saving map 'roadSideScene' took 0.467
[2018.03.08-08.10.56:065][996]LogWindowsTextInputMethodSystem: Display: IME system now deactivated.
[2018.03.08-08.10.56:382][997]Cmd: QUIT_EDITOR
[2018.03.08-08.10.56:412][997]LogExit: Preparing to exit.
[2018.03.08-08.10.57:513][997]LogDirectoryWatcher: A directory notification for 'F:/Projects/AdventureP/AdventureUE4Project/Adventure/Content/' was aborted.
[2018.03.08-08.10.57:552][997]LogExit: Editor shut down
[2018.03.08-08.10.57:558][997]LogExit: Transaction tracking system shut down
[2018.03.08-08.10.57:656][997]LogDirectoryWatcher: A directory notification for '../../../Engine/Content/' was aborted.
[2018.03.08-08.10.57:656][997]LogDirectoryWatcher: A directory notification for '../../../../../Projects/AdventureP/AdventureUE4Project/Adventure/Content/' was aborted.
[2018.03.08-08.10.57:656][997]LogDirectoryWatcher: A directory notification for '../../../Engine/Plugins/2D/Paper2D/Content/' was aborted.
[2018.03.08-08.10.57:656][997]LogDirectoryWatcher: A directory notification for '../../../Engine/Plugins/Media/MediaCompositing/Content/' was aborted.
[2018.03.08-08.10.57:656][997]LogDirectoryWatcher: A directory notification for '../../../Engine/Plugins/Runtime/AppleARKit/Content/' was aborted.
[2018.03.08-08.10.57:656][997]LogDirectoryWatcher: A directory notification for '../../../Engine/Plugins/Runtime/Oculus/OculusVR/Content/' was aborted.
[2018.03.08-08.10.57:656][997]LogDirectoryWatcher: A directory notification for '../../../Engine/Plugins/Runtime/Steam/SteamVR/Content/' was aborted.
[2018.03.08-08.10.57:706][997]LogExit: Object subsystem successfully closed.
[2018.03.08-08.10.57:726][997]LogD3D11RHI: Shutdown
[2018.03.08-08.10.57:726][997]LogD3D11RHI: CleanupD3DDevice
[2018.03.08-08.10.57:730][997]LogD3D11RHI: ~FD3D11DynamicRHI
[2018.03.08-08.10.57:740][997]LogModuleManager: Shutting down and abandoning module HierarchicalLODUtilities (554)
[2018.03.08-08.10.57:740][997]LogModuleManager: Shutting down and abandoning module NewLevelDialog (552)
[2018.03.08-08.10.57:740][997]LogModuleManager: Shutting down and abandoning module MaterialEditor (550)
[2018.03.08-08.10.57:740][997]LogModuleManager: Shutting down and abandoning module HierarchicalLODOutliner (548)
[2018.03.08-08.10.57:740][997]LogModuleManager: Shutting down and abandoning module SceneOutliner (546)
[2018.03.08-08.10.57:740][997]LogModuleManager: Shutting down and abandoning module AddContentDialog (544)
[2018.03.08-08.10.57:746][997]LogDirectoryWatcher: A directory notification for 'F:/Unreal 4.18/UE_4.18/FeaturePacks/' was aborted.
[2018.03.08-08.10.57:747][997]LogModuleManager: Shutting down and abandoning module WidgetCarousel (543)
[2018.03.08-08.10.57:747][997]LogModuleManager: Shutting down and abandoning module EditorWidgets (540)
[2018.03.08-08.10.57:747][997]LogModuleManager: Shutting down and abandoning module CollectionManager (538)
[2018.03.08-08.10.57:747][997]LogDirectoryWatcher: A directory notification for 'F:/Projects/AdventureP/AdventureUE4Project/Adventure/Content/Collections/' was aborted.
[2018.03.08-08.10.57:747][997]LogDirectoryWatcher: A directory notification for 'F:/Projects/AdventureP/AdventureUE4Project/Adventure/Content/Developers/MrE/Collections/' was aborted.
[2018.03.08-08.10.57:747][997]LogDirectoryWatcher: A directory notification for 'F:/Projects/AdventureP/AdventureUE4Project/Adventure/Saved/Collections/' was aborted.
[2018.03.08-08.10.57:748][997]LogModuleManager: Shutting down and abandoning module StatsViewer (536)
[2018.03.08-08.10.57:748][997]LogModuleManager: Shutting down and abandoning module FoliageEdit (534)
[2018.03.08-08.10.57:748][997]LogModuleManager: Shutting down and abandoning module LandscapeEditor (532)
[2018.03.08-08.10.57:748][997]LogModuleManager: Shutting down and abandoning module MeshPaintMode (530)
[2018.03.08-08.10.57:748][997]LogModuleManager: Shutting down and abandoning module SceneDepthPickerMode (528)
[2018.03.08-08.10.57:748][997]LogModuleManager: Shutting down and abandoning module ActorPickerMode (526)
[2018.03.08-08.10.57:748][997]LogModuleManager: Shutting down and abandoning module GeometryMode (524)
[2018.03.08-08.10.57:748][997]LogModuleManager: Shutting down and abandoning module TextureAlignMode (522)
[2018.03.08-08.10.57:748][997]LogModuleManager: Shutting down and abandoning module BspMode (520)
[2018.03.08-08.10.57:748][997]LogModuleManager: Shutting down and abandoning module PIEPreviewDeviceProfileSelector (518)
[2018.03.08-08.10.57:748][997]LogModuleManager: Shutting down and abandoning module HardwareSurvey (516)
[2018.03.08-08.10.57:748][997]LogModuleManager: Shutting down and abandoning module SequenceRecorderSections (514)
[2018.03.08-08.10.57:748][997]LogModuleManager: Shutting down and abandoning module AutomationWorker (512)
[2018.03.08-08.10.57:748][997]LogModuleManager: Shutting down and abandoning module MatineeToLevelSequence (510)
[2018.03.08-08.10.57:748][997]LogModuleManager: Shutting down and abandoning module LevelSequenceEditor (508)
[2018.03.08-08.10.57:748][997]LogModuleManager: Shutting down and abandoning module PlacementMode (507)
[2018.03.08-08.10.57:748][997]LogModuleManager: Shutting down and abandoning module WmfMediaFactory (504)
[2018.03.08-08.10.57:748][997]LogModuleManager: Shutting down and abandoning module WmfMediaEditor (502)
[2018.03.08-08.10.57:748][997]LogModuleManager: Shutting down and abandoning module OpenExrWrapper (500)
[2018.03.08-08.10.57:748][997]LogModuleManager: Shutting down and abandoning module ImgMediaFactory (498)
[2018.03.08-08.10.57:748][997]LogModuleManager: Shutting down and abandoning module ImgMediaEditor (496)
[2018.03.08-08.10.57:748][997]LogModuleManager: Shutting down and abandoning module AvfMediaFactory (494)
[2018.03.08-08.10.57:748][997]LogModuleManager: Shutting down and abandoning module AvfMediaEditor (492)
[2018.03.08-08.10.57:748][997]LogModuleManager: Shutting down and abandoning module AndroidMediaFactory (490)
[2018.03.08-08.10.57:748][997]LogModuleManager: Shutting down and abandoning module AndroidMediaEditor (488)
[2018.03.08-08.10.57:748][997]LogModuleManager: Shutting down and abandoning module CharacterAI (486)
[2018.03.08-08.10.57:748][997]LogModuleManager: Shutting down and abandoning module AudioCapture (484)
[2018.03.08-08.10.57:748][997]LogModuleManager: Shutting down and abandoning module SequenceRecorder (483)
[2018.03.08-08.10.57:748][997]LogModuleManager: Shutting down and abandoning module SmartSnapping (480)
[2018.03.08-08.10.57:748][997]LogModuleManager: Shutting down and abandoning module SessionServices (478)
[2018.03.08-08.10.57:748][997]LogModuleManager: Shutting down and abandoning module ViewportSnapping (476)
[2018.03.08-08.10.57:748][997]LogModuleManager: Shutting down and abandoning module ViewportInteraction (474)
[2018.03.08-08.10.57:748][997]LogModuleManager: Shutting down and abandoning module ClothPainter (472)
[2018.03.08-08.10.57:749][997]LogModuleManager: Shutting down and abandoning module SkeletalMeshEditor (471)
[2018.03.08-08.10.57:749][997]LogModuleManager: Shutting down and abandoning module LogVisualizer (468)
[2018.03.08-08.10.57:749][997]LogModuleManager: Shutting down and abandoning module IntroTutorials (466)
[2018.03.08-08.10.57:757][997]LogModuleManager: Shutting down and abandoning module GameProjectGeneration (465)
[2018.03.08-08.10.57:757][997]LogModuleManager: Shutting down and abandoning module IOSPlatformEditor (462)
[2018.03.08-08.10.57:757][997]LogModuleManager: Shutting down and abandoning module HTML5PlatformEditor (460)
[2018.03.08-08.10.57:757][997]LogModuleManager: Shutting down and abandoning module AndroidPlatformEditor (458)
[2018.03.08-08.10.57:757][997]LogModuleManager: Shutting down and abandoning module AndroidDeviceDetection (457)
[2018.03.08-08.10.57:990][997]LogModuleManager: Shutting down and abandoning module WindowsPlatformEditor (454)
[2018.03.08-08.10.57:990][997]LogModuleManager: Shutting down and abandoning module IOSRuntimeSettings (452)
[2018.03.08-08.10.57:990][997]LogModuleManager: Shutting down and abandoning module AndroidRuntimeSettings (450)
[2018.03.08-08.10.57:990][997]LogModuleManager: Shutting down and abandoning module InputBindingEditor (448)
[2018.03.08-08.10.57:990][997]LogModuleManager: Shutting down and abandoning module MergeActors (446)
[2018.03.08-08.10.57:990][997]LogModuleManager: Shutting down and abandoning module SizeMap (444)
[2018.03.08-08.10.57:990][997]LogModuleManager: Shutting down and abandoning module TreeMap (442)
[2018.03.08-08.10.57:990][997]LogModuleManager: Shutting down and abandoning module ReferenceViewer (440)
[2018.03.08-08.10.57:990][997]LogModuleManager: Shutting down and abandoning module LocalizationDashboard (438)
[2018.03.08-08.10.57:990][997]LogModuleManager: Shutting down and abandoning module LocalizationService (437)
[2018.03.08-08.10.57:990][997]LogModuleManager: Shutting down and abandoning module HardwareTargeting (434)
[2018.03.08-08.10.57:990][997]LogModuleManager: Shutting down and abandoning module DeviceProfileEditor (432)
[2018.03.08-08.10.57:990][997]LogModuleManager: Shutting down and abandoning module UndoHistory (430)
[2018.03.08-08.10.57:990][997]LogModuleManager: Shutting down and abandoning module XmlParser (428)
[2018.03.08-08.10.57:990][997]LogModuleManager: Shutting down and abandoning module Blutility (426)
[2018.03.08-08.10.57:990][997]LogModuleManager: Shutting down and abandoning module ProjectSettingsViewer (424)
[2018.03.08-08.10.57:990][997]LogModuleManager: Shutting down and abandoning module ProjectTargetPlatformEditor (423)
[2018.03.08-08.10.57:990][997]LogModuleManager: Shutting down and abandoning module EditorSettingsViewer (420)
[2018.03.08-08.10.57:990][997]LogModuleManager: Shutting down and abandoning module SettingsEditor (418)
[2018.03.08-08.10.57:990][997]LogModuleManager: Shutting down and abandoning module ProjectLauncher (416)
[2018.03.08-08.10.57:991][997]LogModuleManager: Shutting down and abandoning module SessionFrontend (414)
[2018.03.08-08.10.57:991][997]LogModuleManager: Shutting down and abandoning module ProfilerClient (412)
[2018.03.08-08.10.57:991][997]LogModuleManager: Shutting down and abandoning module DeviceManager (410)
[2018.03.08-08.10.57:991][997]LogModuleManager: Shutting down and abandoning module TargetDeviceServices (409)
[2018.03.08-08.10.58:042][997]LogModuleManager: Shutting down and abandoning module AutomationController (406)
[2018.03.08-08.10.58:042][997]LogModuleManager: Shutting down and abandoning module AutomationWindow (404)
[2018.03.08-08.10.58:042][997]LogModuleManager: Shutting down and abandoning module Layers (402)
[2018.03.08-08.10.58:042][997]LogModuleManager: Shutting down and abandoning module ComponentVisualizers (400)
[2018.03.08-08.10.58:042][997]LogModuleManager: Shutting down and abandoning module DetailCustomizations (398)
[2018.03.08-08.10.58:042][997]LogModuleManager: Shutting down and abandoning module PackagesDialog (396)
[2018.03.08-08.10.58:043][997]LogModuleManager: Shutting down and abandoning module Persona (394)
[2018.03.08-08.10.58:043][997]LogModuleManager: Shutting down and abandoning module AdvancedPreviewScene (393)
[2018.03.08-08.10.58:043][997]LogModuleManager: Shutting down and abandoning module AnimGraph (391)
[2018.03.08-08.10.58:043][997]LogModuleManager: Shutting down and abandoning module Kismet (388)
[2018.03.08-08.10.58:043][997]LogModuleManager: Shutting down and abandoning module ClassViewer (386)
[2018.03.08-08.10.58:043][997]LogModuleManager: Shutting down and abandoning module Toolbox (384)
[2018.03.08-08.10.58:043][997]LogModuleManager: Shutting down and abandoning module ModuleUI (382)
[2018.03.08-08.10.58:043][997]LogModuleManager: Shutting down and abandoning module MovieSceneTools (380)
[2018.03.08-08.10.58:043][997]LogModuleManager: Shutting down and abandoning module OutputLog (378)
[2018.03.08-08.10.58:043][997]LogModuleManager: Shutting down and abandoning module GammaUI (376)
[2018.03.08-08.10.58:044][997]LogModuleManager: Shutting down and abandoning module Documentation (374)
[2018.03.08-08.10.58:044][997]LogModuleManager: Shutting down and abandoning module MovieSceneTracks (372)
[2018.03.08-08.10.58:044][997]LogModuleManager: Shutting down and abandoning module MovieScene (370)
[2018.03.08-08.10.58:044][997]LogModuleManager: Shutting down and abandoning module StreamingPauseRendering (368)
[2018.03.08-08.10.58:044][997]LogModuleManager: Shutting down and abandoning module LauncherPlatform (366)
[2018.03.08-08.10.58:044][997]LogModuleManager: Shutting down and abandoning module AnalyticsET (364)
[2018.03.08-08.10.58:044][997]LogModuleManager: Shutting down and abandoning module PortalServices (362)
[2018.03.08-08.10.58:044][997]LogModuleManager: Shutting down and abandoning module PortalRpc (360)
[2018.03.08-08.10.58:044][997]LogModuleManager: Shutting down and abandoning module MessagingRpc (358)
[2018.03.08-08.10.58:044][997]LogModuleManager: Shutting down and abandoning module AIModule (356)
[2018.03.08-08.10.58:044][997]LogModuleManager: Shutting down and abandoning module GameplayDebugger (355)
[2018.03.08-08.10.58:044][997]LogModuleManager: Shutting down and abandoning module AITestSuite (353)
[2018.03.08-08.10.58:044][997]LogModuleManager: Shutting down and abandoning module DesktopPlatform (350)
[2018.03.08-08.10.58:044][997]LogModuleManager: Shutting down and abandoning module ProfilerService (348)
[2018.03.08-08.10.58:094][997]LogModuleManager: Shutting down and abandoning module TaskGraph (346)
[2018.03.08-08.10.58:094][997]LogModuleManager: Shutting down and abandoning module SteamVRController (344)
[2018.03.08-08.10.58:094][997]LogModuleManager: Shutting down and abandoning module ProceduralMeshComponentEditor (342)
[2018.03.08-08.10.58:095][997]LogModuleManager: Shutting down and abandoning module ProceduralMeshComponent (340)
[2018.03.08-08.10.58:095][997]LogModuleManager: Shutting down and abandoning module OculusInput (338)
[2018.03.08-08.10.58:095][997]LogModuleManager: Shutting down and abandoning module MobilePatchingUtils (336)
[2018.03.08-08.10.58:095][997]LogModuleManager: Shutting down and abandoning module CustomMeshComponent (334)
[2018.03.08-08.10.58:095][997]LogModuleManager: Shutting down and abandoning module CableComponent (332)
[2018.03.08-08.10.58:095][997]LogModuleManager: Shutting down and abandoning module ArchVisCharacter (330)
[2018.03.08-08.10.58:095][997]LogModuleManager: Shutting down and abandoning module AndroidPermission (328)
[2018.03.08-08.10.58:095][997]LogModuleManager: Shutting down and abandoning module ActorSequence (324)
[2018.03.08-08.10.58:095][997]LogModuleManager: Shutting down and abandoning module MediaPlayerEditor (322)
[2018.03.08-08.10.58:095][997]LogModuleManager: Shutting down and abandoning module MediaCompositingEditor (320)
[2018.03.08-08.10.58:095][997]LogModuleManager: Shutting down and abandoning module MediaCompositing (318)
[2018.03.08-08.10.58:095][997]LogModuleManager: Shutting down and abandoning module HTML5Networking (316)
[2018.03.08-08.10.58:095][997]LogModuleManager: Shutting down and abandoning module AlembicImporter (314)
[2018.03.08-08.10.58:095][997]LogModuleManager: Shutting down and abandoning module AlembicLibrary (313)
[2018.03.08-08.10.58:095][997]LogModuleManager: Shutting down and abandoning module GeometryCache (312)
[2018.03.08-08.10.58:095][997]LogModuleManager: Shutting down and abandoning module GeometryCacheEd (311)
[2018.03.08-08.10.58:095][997]LogModuleManager: Shutting down and abandoning module SpeedTreeImporter (306)
[2018.03.08-08.10.58:095][997]LogModuleManager: Shutting down and abandoning module PluginBrowser (304)
[2018.03.08-08.10.58:095][997]LogModuleManager: Shutting down and abandoning module MobileLauncherProfileWizard (302)
[2018.03.08-08.10.58:095][997]LogModuleManager: Shutting down and abandoning module VisualStudioSourceCodeAccess (300)
[2018.03.08-08.10.58:095][997]LogModuleManager: Shutting down and abandoning module VisualStudioCodeSourceCodeAccess (298)
[2018.03.08-08.10.58:095][997]LogModuleManager: Shutting down and abandoning module UObjectPlugin (296)
[2018.03.08-08.10.58:095][997]LogModuleManager: Shutting down and abandoning module SubversionSourceControl (294)
[2018.03.08-08.10.58:095][997]LogModuleManager: Shutting down and abandoning module PerforceSourceControl (292)
[2018.03.08-08.10.58:095][997]LogModuleManager: Shutting down and abandoning module GitSourceControl (290)
[2018.03.08-08.10.58:095][997]LogModuleManager: Shutting down and abandoning module SourceControl (289)
[2018.03.08-08.10.58:095][997]LogModuleManager: Shutting down and abandoning module LightPropagationVolumeEditor (286)
[2018.03.08-08.10.58:095][997]LogModuleManager: Shutting down and abandoning module PaperTiledImporter (284)
[2018.03.08-08.10.58:095][997]LogModuleManager: Shutting down and abandoning module PaperSpriteSheetImporter (282)
[2018.03.08-08.10.58:095][997]LogModuleManager: Shutting down and abandoning module Paper2DEditor (280)
[2018.03.08-08.10.58:095][997]LogModuleManager: Shutting down and abandoning module MeshPaint (279)
[2018.03.08-08.10.58:095][997]LogModuleManager: Shutting down and abandoning module LevelEditor (277)
[2018.03.08-08.10.58:096][997]LogModuleManager: Shutting down and abandoning module PixelInspectorModule (276)
[2018.03.08-08.10.58:096][997]LogModuleManager: Shutting down and abandoning module MainFrame (274)
[2018.03.08-08.10.58:096][997]LogModuleManager: Shutting down and abandoning module HotReload (273)
[2018.03.08-08.10.58:097][997]LogModuleManager: Shutting down and abandoning module RuntimePhysXCooking (268)
[2018.03.08-08.10.58:098][997]LogModuleManager: Shutting down and abandoning module PhysXVehiclesEditor (266)
[2018.03.08-08.10.58:098][997]LogModuleManager: Shutting down and abandoning module PhysXVehicles (264)
[2018.03.08-08.10.58:098][997]LogModuleManager: Shutting down and abandoning module OculusEditor (262)
[2018.03.08-08.10.58:098][997]LogModuleManager: Shutting down and abandoning module LocationServicesBPLibrary (260)
[2018.03.08-08.10.58:098][997]LogModuleManager: Shutting down and abandoning module ImmediatePhysicsEditor (258)
[2018.03.08-08.10.58:098][997]LogModuleManager: Shutting down and abandoning module ImmediatePhysics (256)
[2018.03.08-08.10.58:098][997]LogModuleManager: Shutting down and abandoning module UdpMessaging (254)
[2018.03.08-08.10.58:198][997]LogModuleManager: Shutting down and abandoning module TcpMessaging (252)
[2018.03.08-08.10.58:299][997]LogModuleManager: Shutting down and abandoning module GameplayTagsEditor (250)
[2018.03.08-08.10.58:299][997]LogModuleManager: Shutting down and abandoning module FacialAnimationEditor (248)
[2018.03.08-08.10.58:299][997]LogModuleManager: Shutting down and abandoning module FacialAnimation (246)
[2018.03.08-08.10.58:299][997]LogModuleManager: Shutting down and abandoning module AssetManagerEditor (244)
[2018.03.08-08.10.58:299][997]LogModuleManager: Shutting down and abandoning module GraphEditor (243)
[2018.03.08-08.10.58:299][997]LogModuleManager: Shutting down and abandoning module ContentBrowser (241)
[2018.03.08-08.10.58:300][997]LogModuleManager: Shutting down and abandoning module LightPropagationVolumeRuntime (238)
[2018.03.08-08.10.58:300][997]LogModuleManager: Shutting down and abandoning module Paper2D (236)
[2018.03.08-08.10.58:300][997]LogModuleManager: Shutting down and abandoning module WindowsMoviePlayer (234)
[2018.03.08-08.10.58:300][997]LogModuleManager: Shutting down and abandoning module WmfMedia (232)
[2018.03.08-08.10.58:302][997]LogModuleManager: Shutting down and abandoning module ImgMedia (230)
[2018.03.08-08.10.58:302][997]LogModuleManager: Shutting down and abandoning module PacketHandler (228)
[2018.03.08-08.10.58:302][997]LogModuleManager: Shutting down and abandoning module ClothingSystemEditor (226)
[2018.03.08-08.10.58:302][997]LogModuleManager: Shutting down and abandoning module ClothingSystemRuntime (224)
[2018.03.08-08.10.58:302][997]LogModuleManager: Shutting down and abandoning module MediaAssets (222)
[2018.03.08-08.10.58:302][997]LogModuleManager: Shutting down and abandoning module Media (221)
[2018.03.08-08.10.58:307][997]LogModuleManager: Shutting down and abandoning module Overlay (218)
[2018.03.08-08.10.58:307][997]LogModuleManager: Shutting down and abandoning module OverlayEditor (217)
[2018.03.08-08.10.58:308][997]LogModuleManager: Shutting down and abandoning module VREditor (214)
[2018.03.08-08.10.58:308][997]LogModuleManager: Shutting down and abandoning module StringTableEditor (212)
[2018.03.08-08.10.58:308][997]LogModuleManager: Shutting down and abandoning module GameplayTasksEditor (210)
[2018.03.08-08.10.58:308][997]LogModuleManager: Shutting down and abandoning module BehaviorTreeEditor (208)
[2018.03.08-08.10.58:308][997]LogModuleManager: Shutting down and abandoning module FunctionalTesting (206)
[2018.03.08-08.10.58:308][997]LogModuleManager: Shutting down and abandoning module CollisionAnalyzer (204)
[2018.03.08-08.10.58:308][997]LogModuleManager: Shutting down and abandoning module WorkspaceMenuStructure (203)
[2018.03.08-08.10.58:308][997]LogModuleManager: Shutting down and abandoning module UMG (200)
[2018.03.08-08.10.58:308][997]LogModuleManager: Shutting down and abandoning module UMGEditor (199)
[2018.03.08-08.10.58:308][997]LogModuleManager: Shutting down and abandoning module Sequencer (198)
[2018.03.08-08.10.58:308][997]LogModuleManager: Shutting down and abandoning module MessageLog (195)
[2018.03.08-08.10.58:308][997]LogModuleManager: Shutting down and abandoning module SlateReflector (190)
[2018.03.08-08.10.58:308][997]LogModuleManager: Shutting down and abandoning module Slate (188)
[2018.03.08-08.10.58:308][997]LogModuleManager: Shutting down and abandoning module EditorStyle (186)
[2018.03.08-08.10.58:310][997]LogModuleManager: Shutting down and abandoning module MRMesh (184)
[2018.03.08-08.10.58:310][997]LogModuleManager: Shutting down and abandoning module SourceCodeAccess (182)
[2018.03.08-08.10.58:310][997]LogModuleManager: Shutting down and abandoning module HeadMountedDisplay (180)
[2018.03.08-08.10.58:310][997]LogModuleManager: Shutting down and abandoning module XAudio2 (178)
[2018.03.08-08.10.58:310][997]LogModuleManager: Shutting down and abandoning module Networking (176)
[2018.03.08-08.10.58:310][997]LogModuleManager: Shutting down and abandoning module Core (172)
[2018.03.08-08.10.58:310][997]LogModuleManager: Shutting down and abandoning module LevelSequence (168)
[2018.03.08-08.10.58:310][997]LogModuleManager: Shutting down and abandoning module DirectoryWatcher (166)
[2018.03.08-08.10.58:311][997]LogModuleManager: Shutting down and abandoning module KismetCompiler (164)
[2018.03.08-08.10.58:312][997]LogModuleManager: Shutting down and abandoning module MeshUtilities (162)
[2018.03.08-08.10.58:312][997]LogModuleManager: Shutting down and abandoning module MeshMergeUtilities (161)
[2018.03.08-08.10.58:312][997]LogModuleManager: Shutting down and abandoning module MeshReductionInterface (160)
[2018.03.08-08.10.58:312][997]LogModuleManager: Shutting down and abandoning module SimplygonSwarm (159)
[2018.03.08-08.10.58:312][997]LogModuleManager: Shutting down and abandoning module SimplygonMeshReduction (157)
[2018.03.08-08.10.58:312][997]LogModuleManager: Shutting down and abandoning module QuadricMeshReduction (155)
[2018.03.08-08.10.58:312][997]LogModuleManager: Shutting down and abandoning module MaterialBaking (151)
[2018.03.08-08.10.58:312][997]LogModuleManager: Shutting down and abandoning module DerivedDataCache (148)
[2018.03.08-08.10.58:350][997]LogDerivedDataCache: Shutdown
[2018.03.08-08.10.58:350][997]LogModuleManager: Shutting down and abandoning module TargetPlatform (146)
[2018.03.08-08.10.58:350][997]LogModuleManager: Shutting down and abandoning module VulkanShaderFormat (145)
[2018.03.08-08.10.58:350][997]LogModuleManager: Shutting down and abandoning module ShaderFormatVectorVM (143)
[2018.03.08-08.10.58:350][997]LogModuleManager: Shutting down and abandoning module ShaderFormatOpenGL (141)
[2018.03.08-08.10.58:350][997]LogModuleManager: Shutting down and abandoning module ShaderFormatD3D (139)
[2018.03.08-08.10.58:350][997]LogModuleManager: Shutting down and abandoning module MetalShaderFormat (137)
[2018.03.08-08.10.58:350][997]LogModuleManager: Shutting down and abandoning module TextureFormatUncompressed (135)
[2018.03.08-08.10.58:350][997]LogModuleManager: Shutting down and abandoning module TextureFormatPVR (133)
[2018.03.08-08.10.58:350][997]LogModuleManager: Shutting down and abandoning module TextureFormatDXT (131)
[2018.03.08-08.10.58:350][997]LogModuleManager: Shutting down and abandoning module TextureFormatIntelISPCTexComp (129)
[2018.03.08-08.10.58:350][997]LogModuleManager: Shutting down and abandoning module TextureFormatASTC (127)
[2018.03.08-08.10.58:350][997]LogModuleManager: Shutting down and abandoning module ImageWrapper (126)
[2018.03.08-08.10.58:350][997]LogModuleManager: Shutting down and abandoning module TextureFormatAndroid (123)
[2018.03.08-08.10.58:350][997]LogModuleManager: Shutting down and abandoning module AudioFormatOpus (121)
[2018.03.08-08.10.58:350][997]LogModuleManager: Shutting down and abandoning module AudioFormatOgg (119)
[2018.03.08-08.10.58:350][997]LogModuleManager: Shutting down and abandoning module AudioFormatADPCM (117)
[2018.03.08-08.10.58:350][997]LogModuleManager: Shutting down and abandoning module LinuxTargetPlatform (115)
[2018.03.08-08.10.58:350][997]LogModuleManager: Shutting down and abandoning module LinuxServerTargetPlatform (113)
[2018.03.08-08.10.58:350][997]LogModuleManager: Shutting down and abandoning module LinuxNoEditorTargetPlatform (111)
[2018.03.08-08.10.58:350][997]LogModuleManager: Shutting down and abandoning module LinuxClientTargetPlatform (109)
[2018.03.08-08.10.58:350][997]LogModuleManager: Shutting down and abandoning module TVOSTargetPlatform (107)
[2018.03.08-08.10.58:350][997]LogModuleManager: Shutting down and abandoning module Messaging (105)
[2018.03.08-08.10.58:350][997]LogModuleManager: Shutting down and abandoning module IOSTargetPlatform (103)
[2018.03.08-08.10.58:350][997]LogModuleManager: Shutting down and abandoning module HTML5TargetPlatform (101)
[2018.03.08-08.10.58:350][997]LogModuleManager: Shutting down and abandoning module AndroidTargetPlatform (99)
[2018.03.08-08.10.58:350][997]LogModuleManager: Shutting down and abandoning module Android_PVRTCTargetPlatform (97)
[2018.03.08-08.10.58:350][997]LogModuleManager: Shutting down and abandoning module Android_MultiTargetPlatform (95)
[2018.03.08-08.10.58:350][997]LogModuleManager: Shutting down and abandoning module Android_ETC2TargetPlatform (93)
[2018.03.08-08.10.58:350][997]LogModuleManager: Shutting down and abandoning module Android_ETC1TargetPlatform (91)
[2018.03.08-08.10.58:350][997]LogModuleManager: Shutting down and abandoning module Android_DXTTargetPlatform (89)
[2018.03.08-08.10.58:351][997]LogModuleManager: Shutting down and abandoning module Android_ATCTargetPlatform (87)
[2018.03.08-08.10.58:351][997]LogModuleManager: Shutting down and abandoning module Android_ASTCTargetPlatform (85)
[2018.03.08-08.10.58:351][997]LogModuleManager: Shutting down and abandoning module WindowsTargetPlatform (83)
[2018.03.08-08.10.58:351][997]LogModuleManager: Shutting down and abandoning module WindowsServerTargetPlatform (81)
[2018.03.08-08.10.58:351][997]LogModuleManager: Shutting down and abandoning module WindowsNoEditorTargetPlatform (79)
[2018.03.08-08.10.58:351][997]LogModuleManager: Shutting down and abandoning module WindowsClientTargetPlatform (77)
[2018.03.08-08.10.58:351][997]LogModuleManager: Shutting down and abandoning module MacTargetPlatform (75)
[2018.03.08-08.10.58:351][997]LogModuleManager: Shutting down and abandoning module MacServerTargetPlatform (73)
[2018.03.08-08.10.58:351][997]LogModuleManager: Shutting down and abandoning module MacNoEditorTargetPlatform (71)
[2018.03.08-08.10.58:351][997]LogModuleManager: Shutting down and abandoning module MacClientTargetPlatform (69)
[2018.03.08-08.10.58:351][997]LogModuleManager: Shutting down and abandoning module AllDesktopTargetPlatform (67)
[2018.03.08-08.10.58:351][997]LogModuleManager: Shutting down and abandoning module InputCore (64)
[2018.03.08-08.10.58:351][997]LogModuleManager: Shutting down and abandoning module Settings (62)
[2018.03.08-08.10.58:351][997]LogModuleManager: Shutting down and abandoning module PhysXCooking (60)
[2018.03.08-08.10.58:351][997]LogModuleManager: Shutting down and abandoning module SteamVR (58)
[2018.03.08-08.10.58:351][997]LogModuleManager: Shutting down and abandoning module OculusHMD (56)
[2018.03.08-08.10.58:351][997]LogModuleManager: Shutting down and abandoning module ExampleDeviceProfileSelector (54)
[2018.03.08-08.10.58:351][997]LogModuleManager: Shutting down and abandoning module AppleARKit (52)
[2018.03.08-08.10.58:351][997]LogModuleManager: Shutting down and abandoning module AugmentedReality (51)
[2018.03.08-08.10.58:351][997]LogModuleManager: Shutting down and abandoning module OnlineBlueprintSupport (48)
[2018.03.08-08.10.58:351][997]LogModuleManager: Shutting down and abandoning module OnlineSubsystem (44)
[2018.03.08-08.10.58:351][997]LogModuleManager: Shutting down and abandoning module XMPP (43)
[2018.03.08-08.10.58:351][997]LogModuleManager: Shutting down and abandoning module HTTP (41)
[2018.03.08-08.10.58:351][997]LogHttp: Display: Http module shutting down, but needs to wait on 1 outstanding Http requests:
[2018.03.08-08.10.58:351][997]LogHttp: Display: 	verb=[POST] url=[https://datarouter.ol.epicgames.com/datarouter/api/v1/public/data?SessionID=%7BACEFFA9D-4D7D-1F77-2AEB-56A6AAEBC156%7D&AppID=UEEditor.Rocket.Release&AppVersion=4.18.3-3832480%2B%2B%2BUE4%2BRelease-4.18&UserID=10e6b4d1454adc80c402fda4840b45e8%7C2c90cfa805f74c7c8a19ce3131a633e6%7C3792c45f-2c81-433f-9f30-88efbac6f71d&AppEnvironment=datacollector-binary&UploadType=eteventstream] status=Processing
[2018.03.08-08.10.58:370][997]LogModuleManager: Shutting down and abandoning module SSL (40)
[2018.03.08-08.10.58:372][997]LogModuleManager: Shutting down and abandoning module AnimationModifiers (36)
[2018.03.08-08.10.58:372][997]LogModuleManager: Shutting down and abandoning module PropertyEditor (35)
[2018.03.08-08.10.58:372][997]LogModuleManager: Shutting down and abandoning module AudioEditor (32)
[2018.03.08-08.10.58:372][997]LogModuleManager: Shutting down and abandoning module TextureCompressor (30)
[2018.03.08-08.10.58:372][997]LogModuleManager: Shutting down and abandoning module ShaderCore (28)
[2018.03.08-08.10.58:372][997]LogModuleManager: Shutting down and abandoning module Landscape (26)
[2018.03.08-08.10.58:372][997]LogModuleManager: Shutting down and abandoning module SlateRHIRenderer (24)
[2018.03.08-08.10.58:373][997]LogModuleManager: Shutting down and abandoning module OpenGLDrv (22)
[2018.03.08-08.10.58:373][997]LogModuleManager: Shutting down and abandoning module D3D11RHI (20)
[2018.03.08-08.10.58:373][997]LogModuleManager: Shutting down and abandoning module AnimGraphRuntime (18)
[2018.03.08-08.10.58:373][997]LogModuleManager: Shutting down and abandoning module Renderer (16)
[2018.03.08-08.10.58:373][997]LogModuleManager: Shutting down and abandoning module Engine (14)
[2018.03.08-08.10.58:373][997]LogModuleManager: Shutting down and abandoning module CoreUObject (12)
[2018.03.08-08.10.58:373][997]LogModuleManager: Shutting down and abandoning module NetworkFile (10)
[2018.03.08-08.10.58:373][997]LogModuleManager: Shutting down and abandoning module CookedIterativeFile (8)
[2018.03.08-08.10.58:373][997]LogModuleManager: Shutting down and abandoning module StreamingFile (6)
[2018.03.08-08.10.58:373][997]LogModuleManager: Shutting down and abandoning module SandboxFile (4)
[2018.03.08-08.10.58:373][997]LogModuleManager: Shutting down and abandoning module PakFile (2)
[2018.03.08-08.10.58:377][997]LogExit: Exiting.
[2018.03.08-08.10.58:395][997]Log file closed, 03/08/18 09:10:58
